ARM GAS  /tmp/cc4MrWyI.s 			page 1


   1              		.cpu cortex-m3
   2              		.eabi_attribute 20, 1
   3              		.eabi_attribute 21, 1
   4              		.eabi_attribute 23, 3
   5              		.eabi_attribute 24, 1
   6              		.eabi_attribute 25, 1
   7              		.eabi_attribute 26, 1
   8              		.eabi_attribute 30, 2
   9              		.eabi_attribute 34, 1
  10              		.eabi_attribute 18, 4
  11              		.file	"board.c"
  12              		.section	.gnu.lto_.profile.a19c4daaa548b371,"",%progbits
  13 0000 789C6363 		.ascii	"x\234cc```\001bF\006>f\000\000\227\000\035"
  13      60606001 
  13      6246063E 
  13      66000097 
  13      001D
  14              		.text
  15              		.section	.gnu.lto_.icf.a19c4daaa548b371,"",%progbits
  16 0000 789C6363 		.ascii	"x\234cc``\020a@\000f\206\306\031\023623v-\331\376\235"
  16      60601061 
  16      40006686 
  16      C6191336 
  16      3233762D 
  17 0017 8F69C2BD 		.ascii	"\217i\302\275\237\0079\031\000V>\010\231"
  17      9F073919 
  17      00563E08 
  17      99
  18              		.text
  19              		.section	.gnu.lto_.jmpfuncs.a19c4daaa548b371,"",%progbits
  20 0000 789C6363 		.ascii	"x\234cc``\340d@\000&\020\301\010\304\000\001\202\000"
  20      6060E064 
  20      40002610 
  20      C108C400 
  20      018200
  21 0013 13       		.ascii	"\023"
  22              		.text
  23              		.section	.gnu.lto_.inline.a19c4daaa548b371,"",%progbits
  24 0000 789C6363 		.ascii	"x\234cc``\320f@\000&\006\006\026\036F\020\305\300\266"
  24      6060D066 
  24      40002606 
  24      06161E46 
  24      10C5C0B6 
  25 0014 401E4431 		.ascii	"@\036D10r\201\010\006f&Ta\006\000-\266\001\351"
  25      30728108 
  25      06662654 
  25      6106002D 
  25      B601E9
  26              		.text
  27              		.section	.gnu.lto_.pureconst.a19c4daaa548b371,"",%progbits
  28 0000 789C6363 		.ascii	"x\234cc```\005b&\006\011F\006\000\000\334\000'"
  28      60606005 
  28      62260609 
  28      46060000 
  28      DC0027
  29              		.text
  30              		.section	.gnu.lto___early_init.a19c4daaa548b371,"",%progbits
ARM GAS  /tmp/cc4MrWyI.s 			page 2


  31 0000 789C6363 		.ascii	"x\234cc``X\001\304\372@,\015\304\214\314\014\214L\023"
  31      60605801 
  31      C4FA402C 
  31      0DC48CCC 
  31      0C8C4C13 
  32 0014 CE313034 		.ascii	"\316104r012\202\030\015\034\214\014\365L\214\365\214"
  32      72303132 
  32      82180D1C 
  32      8C0CF54C 
  32      8CF58C
  33 0027 3DCC5398 		.ascii	"=\314S\230\031\017\265?\333\311\244\271\274\001\010"
  33      190FB53F 
  33      DBC9A4B9 
  33      BC0108
  34 0036 0E4CDF20 		.ascii	"\016L\337 \331\260\342\000\343\034f\006\206i@\014\002"
  34      D9B0E200 
  34      E31C6606 
  34      8669400C 
  34      02
  35 0047 8C9B1935 		.ascii	"\214\233\0315\031\200\312\036m\3747\225\227\215\005"
  35      1980CA1E 
  35      6DFC3795 
  35      978D05
  36 0056 22CEB885 		.ascii	"\"\316\270\205\221\215\201\021\310X\177\211\365@\303"
  36      918D8111 
  36      C8587F89 
  36      F540C3
  37 0065 BFFFED0D 		.ascii	"\277\377\355\015\007\316,f\334\316\012\224\353\000b"
  37      07CE2C66 
  37      DCCE0A94 
  37      EB0062
  38 0074 A0250D07 		.ascii	"\240%\015\007\030:\231\231@\254\346\003\014o\030\233"
  38      183A9999 
  38      40ACE603 
  38      0C6F189B 
  39 0084 17BC9602 		.ascii	"\027\274\226\002k\002\232\264s\347\233\333\354\365\177"
  39      6B029AB4 
  39      73E79BDB 
  39      ECF57F
  40 0093 1B38E630 		.ascii	"\0338\34603Nc\006\232\302\270\225\261\236a\016P\365"
  40      334E6306 
  40      9AC2B895 
  40      B19E610E 
  40      50F5
  41 00a5 3BC6A605 		.ascii	";\306\246\005\357\271\300\352@\240\003(\0114\200\211"
  41      EFB9C0EA 
  41      40A00328 
  41      09348089 
  42 00b5 8141573F 		.ascii	"\201AW?#?7U?1\271\\\337%\2658\273$\277@\337\303/X?5"
  42      233F3755 
  42      3F31B95C 
  42      DF25B538 
  42      BB24BF40 
  43 00cf 37293525 		.ascii	"7)5%%5E?)?\261\010J\352%3\000\000H\271Ih"
  43      2535453F 
  43      293FB108 
  43      4AEA2533 
ARM GAS  /tmp/cc4MrWyI.s 			page 3


  43      000048B9 
  44              		.text
  45              		.section	.gnu.lto_boardInit.a19c4daaa548b371,"",%progbits
  46 0000 789C6363 		.ascii	"x\234cc``\250\003b} \226\006bFf\006F\246\011\347\030"
  46      6060A803 
  46      627D2096 
  46      06624666 
  46      0646A609 
  47 0016 181A3998 		.ascii	"\030\0329\230\030\031A\214\006\016F\206z&\306z\306\036"
  47      1819418C 
  47      060E4686 
  47      7A26C67A 
  47      C61E
  48 0028 E629CC8C 		.ascii	"\346)\314\214\207\332\237\355d\322\\\336\000\004\007"
  48      87DA9FED 
  48      64D25CDE 
  48      000407
  49 0037 A65F906C 		.ascii	"\246_\220lXq\200q\0163\003\3034 \006\001\306\315\214"
  49      58718071 
  49      0E3303C3 
  49      34200601 
  49      C6CD8C
  50 004a 9A0C4065 		.ascii	"\232\014@e\2176\376\233\312\313\306\002\021g\334\302"
  50      8F36FE9B 
  50      CACBC602 
  50      1167DCC2 
  51 005a C8C6C008 		.ascii	"\310\306\300\010d\254\277\304z\240\341\337\377\366\206"
  51      64ACBFC4 
  51      7AA0E1DF 
  51      FFF686
  52 0069 035F1631 		.ascii	"\003_\0261^feb`\350\000\312\003-i8\300\320\311\314\004"
  52      5E666562 
  52      60E800CA 
  52      032D6938 
  52      C0D0C9CC 
  53 007e 62351F60 		.ascii	"b5\037`x\307\330\244\000\326\002\002\035\314\214 a\240"
  53      78C7D8A4 
  53      00D60202 
  53      1DCC8C20 
  53      61A0
  54 0090 525DFD8C 		.ascii	"R]\375\214\374\334T\375\304\344r}\227\324\342\354\222"
  54      FCDC54FD 
  54      C4E4727D 
  54      97D4E2EC 
  54      92
  55 00a1 FC027D0F 		.ascii	"\374\002}\017\277`\375\324\334\244\324\224\224\324\024"
  55      BF60FDD4 
  55      DCA4D494 
  55      94D414
  56 00b0 FDA4FCC4 		.ascii	"\375\244\374\304\"(\251\227\314\000\000\306t;i"
  56      2228A997 
  56      CC0000C6 
  56      743B69
  57              		.text
  58              		.section	.gnu.lto_pal_default_config.a19c4daaa548b371,"",%progbits
  59 0000 789C6363 		.ascii	"x\234cc``(fd`\000\"0\230\302\314xp\323\204U\314\335"
  59      60602866 
ARM GAS  /tmp/cc4MrWyI.s 			page 4


  59      64600022 
  59      3098C2CC 
  59      7870D384 
  60 0017 CC739819 		.ascii	"\314s\230\031\030;&.:\302\001\024\272{b\345j\250\320"
  60      183B262E 
  60      3AC20114 
  60      BA7B62E5 
  60      6AA8D0
  61 002a 7F20E007 		.ascii	"\177 \340\007\012}\271\177\355\006\267\305\266\206\216"
  61      0A7DB97F 
  61      ED06B7C5 
  61      B6868E
  62 0039 050D0673 		.ascii	"\005\015\006s\230\031\247\002\245\2660\312Lefd\334\014"
  62      9819A702 
  62      A5B630CA 
  62      4C656664 
  62      DC0C
  63 004b A2984014 		.ascii	"\242\230@\024\310\264?S^o\342\200h=2\001b\332\306\315"
  63      C8B43F53 
  63      5E6FE280 
  63      683D3201 
  63      62DAC6CD 
  64 005f B3FF3362 		.ascii	"\263\3773b\325\272\015E+\261V\354\377p\345\033\023\304"
  64      D5BA0D45 
  64      2BB156EC 
  64      FF70E51B 
  64      13C4
  65 0071 8A1D502B 		.ascii	"\212\035P+f\317Z\326\310\211U\353N\210\326\235\020\255"
  65      66CF5AD6 
  65      C88955EB 
  65      4E88D69D 
  65      10AD
  66 0083 3F9E35BB 		.ascii	"?\2365\273AuvBt\036\372\361\352\003/\324\367\323\027"
  66      41757642 
  66      741EFAF1 
  66      EA032FD4 
  66      F7D317
  67 0096 82858E7E 		.ascii	"\202\205\216~\272\375\024\273{\367@\014\333\0151l\325"
  67      BAFD14BB 
  67      7BF7400C 
  67      DB0D316C 
  67      D5
  68 00a7 C6D9ED50 		.ascii	"\306\331\355PK\003\34603Meff\334\313h1\225\231\205q"
  68      4B03E630 
  68      334D6566 
  68      66DCCB68 
  68      31959985 
  69 00bc 17886265 		.ascii	"\027\210be\334\001\242\330\030\267\203(v\306\255\214"
  69      DC01A2D8 
  69      18B78328 
  69      76C6AD8C 
  70 00cc 160C8CFB 		.ascii	"\026\014\214\373\200\004\000\345Oz\271"
  70      800400E5 
  70      4F7AB9
  71              		.text
  72              		.section	.gnu.lto_.symbol_nodes.a19c4daaa548b371,"",%progbits
  73 0000 789C6363 		.ascii	"x\234cc``\360\000b\006\246\357\214\365\014\014\023\316"
ARM GAS  /tmp/cc4MrWyI.s 			page 5


  73      6060F000 
  73      6206A6EF 
  73      8CF50C0C 
  73      13CE
  74 0012 313000A9 		.ascii	"10\000\251]\015\216@\221\037\214\365\214(\"\254\337"
  74      5D0D8E40 
  74      911F8CF5 
  74      8C2822AC 
  74      DF
  75 0023 18191A95 		.ascii	"\030\031\032\225\200\212\031\1772\3263\201\245\030\030"
  75      808A197F 
  75      32D63381 
  75      A51818
  76 0032 1A1A1C18 		.ascii	"\032\032\034\030\030\230\201p\311\203\177\214\014\000"
  76      18988170 
  76      C9837F8C 
  76      0C00
  77 0040 B20A1235 		.ascii	"\262\012\0225"
  78              		.text
  79              		.section	.gnu.lto_.refs.a19c4daaa548b371,"",%progbits
  80 0000 789C6363 		.ascii	"x\234cc```\004b\006\000\000D\000\010"
  80      60606004 
  80      62060000 
  80      440008
  81              		.text
  82              		.section	.gnu.lto_.decls.a19c4daaa548b371,"",%progbits
  83 0000 789C9555 		.ascii	"x\234\225UkL\223W\030>\357w\240B\333Y\002\313\342\017"
  83      6B4C9357 
  83      183EEF77 
  83      A042DB59 
  83      02CBE20F 
  84 0014 97115363 		.ascii	"\227\021Sc\227L>\321\375\\\2268\231\227\3149\022\267"
  84      974C3ED1 
  84      FD5C9638 
  84      9997CC39 
  84      12B7
  85 0026 3FFBB15A 		.ascii	"?\373\261Z\333*\215\245m\33225\356\362!\030\0153C'Y"
  85      DB2A8DA5 
  85      6DDA3235 
  85      EEF22118 
  85      0D334327 
  86 003b D48D69BC 		.ascii	"\324\215i\274-8\247,\302T\212Rp :\361\302\274\241\005"
  86      2D38A72C 
  86      C2548A52 
  86      70203AF1 
  86      C2BCA105 
  87 004f 3A945A1D 		.ascii	":\224Z\035\027\207F\342%\262\367;\347k\277Z\301\351"
  87      178746E2 
  87      25B2F73B 
  87      E76BBF5A 
  87      C1E9
  88 0061 09EF77CE 		.ascii	"\011\357w\316{\316\363>\3179\357{z\320\020B\214i\204"
  88      7BCEF33E 
  88      CF39EF7B 
  88      7AD01042 
  88      8C6984
  89 0074 0C012121 		.ascii	"\014\001!!\034\217`K\301\276\221\250\215\242\005\320"
ARM GAS  /tmp/cc4MrWyI.s 			page 6


  89      1C8F604B 
  89      C1BE91A8 
  89      8DA205D0 
  90 0084 8EA235A0 		.ascii	"\216\2425\240!\224\014\220\247\333r\340\270Eh\203hu"
  90      21940C90 
  90      A7DB72E0 
  90      B8456883 
  90      6875
  91 0096 CABCA0C4 		.ascii	"\312\274\240\3046\220g\333*\340\\\213\024\037\024\215"
  91      369067DB 
  91      2AE05C8B 
  91      141F148D 
  92 00a6 E4D6A970 		.ascii	"\344\326\251pO!|\217\375h\270er\011\3552\332\025\264"
  92      4F217C8F 
  92      FD68B865 
  92      7209ED32 
  92      DA15B4
  93 00b9 9B68B7D0 		.ascii	"\233h\267\320\256\243\335@\353\035\205Gn\025\024\352"
  93      AEA3DD40 
  93      EB1D8547 
  93      6E1514EA 
  94 00c9 1A8F36E8 		.ascii	"\032\2176\350\272\241\023po\220\301\225\201\177\261"
  94      BAA11370 
  94      6F90C195 
  94      817FB1
  95 00d8 978DF923 		.ascii	"\227\215\371#\261\006|\036g\005\336)P\331\211\205@|"
  95      B1067C1E 
  95      6705DE29 
  95      50D98985 
  95      407C
  96 00ea 46503884 		.ascii	"FP8\204\030/\373S\010 \221\225\257s\271X\343Y\340\203"
  96      182FFB53 
  96      08209195 
  96      AF73B958 
  96      E359E083 
  97 00fe 84383E25 		.ascii	"\2048>%\250b\011!\317\354\225\304\227\343\233R\017\011"
  97      A8620921 
  97      CFEC95C4 
  97      97E39B52 
  97      0F09
  98 0110 4A129ADA 		.ascii	"J\022\232\332\213\243\3320t\341\352\247\204lH+\004y"
  98      8BA3DA30 
  98      74E1EAA7 
  98      846C482B 
  98      0479
  99 0122 F6DFFEF2 		.ascii	"\366\337\376\3623\006*\260\361\376\332\2326=5\260q\350"
  99      33062AB0 
  99      F1FEDA9A 
  99      363D35B0 
  99      71E8
 100 0134 4853B32E 		.ascii	"HS\263.g\237\304[\332\027\004~\007\032\313g\363\310"
 100      679FC45B 
 100      DA17047E 
 100      071ACB67 
 100      F3C8
 101 0146 70D0F00D 		.ascii	"p\320\360\015\205L-\010\350\266\3379]\251C\367U-d\240"
 101      854C2D08 
ARM GAS  /tmp/cc4MrWyI.s 			page 7


 101      E8B6DF39 
 101      5DA943F7 
 101      552D64A0 
 102 015a BB6FFD48 		.ascii	"\273o\375HE\352\204\357\345\270\015%R\206\000\213^\203"
 102      45EA84EF 
 102      E5B80D25 
 102      5286008B 
 102      5E83
 103 016c 2330110E 		.ascii	"#0\021\016\303D\334M\035L\300\257+\2053\365\255\375"
 103      C344DC4D 
 103      1D4CC0AF 
 103      2B8533F5 
 103      ADFD
 104 017e D53969BB 		.ascii	"\3259i\273\264=,\005\0077g\367\326H\322\032\014K\221"
 104      B43D2C05 
 104      073767F7 
 104      D648D21A 
 104      0C4B91
 105 0191 51500B14 		.ascii	"QP\013\024\016A\216|\204ZY\033j \014p\020\272\361\004"
 105      0E418E7C 
 105      845A591B 
 105      6A200C70 
 105      10BAF104 
 106 01a5 019884D1 		.ascii	"\001\230\204\321\247#\235\253\250\217\355\267&\324\021"
 106      A7239DAB 
 106      A88FEDB7 
 106      26D411
 107 01b4 4C45A66A 		.ascii	"LE\246jdj\332C\245\012\244\311`4\365*M}2\315QF#E\003"
 107      646ADA43 
 107      A50AA4C9 
 107      6034F52A 
 107      4D7D32CD 
 108 01cd 2103FD92 		.ascii	"!\003\375\222\361\224\357-;\226\216<aI\012\016W\231"
 108      F194EF2D 
 108      3B968E3C 
 108      61490A0E 
 108      5799
 109 01df 02D55169 		.ascii	"\002\325Qi\235\226\355\032\216\251D\307\224\\@\003#"
 109      9D96ED1A 
 109      8EA944C7 
 109      945C4003 
 109      23
 110 01f0 683DBEFF 		.ascii	"h=\276\377\276\216^\004\316P\322\365\025\317\315;\350"
 110      BE8E5E04 
 110      CE50D2F5 
 110      15CFCD3B 
 110      E8
 111 0201 ADDFFCF3 		.ascii	"\255\337\374\363\006\015\317M\230\242\0378T\337\222"
 111      060DCF4D 
 111      98A21F38 
 111      54DF92
 112 0210 CA97A7A1 		.ascii	"\312\227\247\241\373(Z\321\001\334\325\243\273:\320"
 112      FB285AD1 
 112      01DCD5A3 
 112      BB3AD0
 113 021f B1D1A0A0 		.ascii	"\261\321\240\240Yu\332\266^\037\317\375\354\0047\223"
 113      5975DAB6 
ARM GAS  /tmp/cc4MrWyI.s 			page 8


 113      5E1FCFFD 
 113      EC043793 
 114 022f BBDF961F 		.ascii	"\273\337\226\037\374MK\243\\vk\340\336)\2058\015\335"
 114      FC4D4BA3 
 114      5C766BE0 
 114      DE298538 
 114      0DDD
 115 0241 F3A5D53F 		.ascii	"\363\245\325?R\356\246\240\273\263\271\356\241\216\016"
 115      52EEA6A0 
 115      BBB3B9EE 
 115      A18E0E
 116 0250 7268676B 		.ascii	"rhgk\325/\362\332\024-\3107\310\200S\007\372\216<x\205"
 116      D52FF2DA 
 116      142DC837 
 116      C8805307 
 116      FA8E3C78 
 117 0265 4FC988F6 		.ascii	"O\311\210\366\362\241]\343\350]\006\027\272;\036\205"
 117      F2A15DE3 
 117      E85D0617 
 117      BA3B1E85 
 118 0275 C683D6B4 		.ascii	"\306\203\326\264N\222VK\333K\244\364\271\004Z\260\236"
 118      4E92564B 
 118      DB4BA4F4 
 118      B9045AB0 
 118      9E
 119 0286 A7B09E70 		.ascii	"\247\260\236p\016Lr\220\234\027h\303\311\3238\271G."
 119      0E4C7290 
 119      9C1768C3 
 119      C9D338B9 
 119      472E
 120 0298 7D70B8E1 		.ascii	"}p\270\341\335-C\222\224\015gA\013g\324\334M\321\362"
 120      DD2D4392 
 120      940D6741 
 120      0B67D4DC 
 120      4DD1F2
 121 02ab D257EDDA 		.ascii	"\322W\355\332\270CC\017\262\253'\004~\350m\026\306\322"
 121      B843430F 
 121      B2AB2704 
 121      7EE86D16 
 121      C6D2
 122 02bd F86B4C8D 		.ascii	"\370kL\215\233g'\265\340\205\021\240\0355\316\253\032"
 122      9B6727B5 
 122      E08511A0 
 122      1D35CEAB 
 122      1A
 123 02ce 28C9457A 		.ascii	"(\311Ez\352B\305\002\215\360\373\375\244\254\376\016"
 123      EA42C502 
 123      8DF0FBFD 
 123      A4ACFE0E 
 124 02de A5B79993 		.ascii	"\245\267\231\223\332z\357~\211\036\214Fc\226i\207,\032"
 124      DA7AEF7E 
 124      891E8C46 
 124      63966987 
 124      2C1A
 125 02f0 1CEE3455 		.ascii	"\034\3564U\266G%\351;=c\273\200l\035\220\245\356B\224"
 125      B64725E9 
 125      3B3D63BB 
ARM GAS  /tmp/cc4MrWyI.s 			page 9


 125      806C1D90 
 125      A5EE4294 
 126 0304 6F6F2E7E 		.ascii	"oo.~\010\307\367\274\276U\012\226R\006\376sTp\013\250"
 126      08C7F7BC 
 126      BE550A96 
 126      5206FE73 
 126      54700BA8 
 127 0318 E8A104F4 		.ascii	"\350\241\004\364\305d\364I\210sod?\0334H!\320\214\200"
 127      C564F449 
 127      88736F64 
 127      3F1B3448 
 127      21D08C80 
 128 032c 3FD89A0C 		.ascii	"?\330\232\014\307\263\301UL\305%0\302e\264+`d\227\220"
 128      C7B3C155 
 128      4CC52530 
 128      C265B42B 
 128      60649790 
 129 0340 A7A2A532 		.ascii	"\247\242\2452\263\030\243d$Q\322\240\374Z\033\236\224"
 129      B318A364 
 129      2451D2A0 
 129      FC5A1B9E 
 129      94
 130 0351 9ED3D03A 		.ascii	"\236\323\320:\312\022}\242jo\033@\226iT\035|!M/ \365"
 130      CA127DA2 
 130      6A6F1B40 
 130      9669541D 
 130      7C214D2F 
 131 0367 A452834F 		.ascii	"\244R\203O\002\204\020xM\315\271,\314\364\006J{\303"
 131      02841078 
 131      4DCDB92C 
 131      CCF4064A 
 131      7BC3
 132 0379 3A7EF526 		.ascii	":~\365&\240[\333v\270+\225\266Q\376\254\014]Z\253\243"
 132      A05BDB76 
 132      B82B95B6 
 132      51FEAC0C 
 132      5D5AABA3 
 133 038d 17B873E0 		.ascii	"\027\270s\340q\305\317\032z\215;e\265\233v\032h\017"
 133      71C5CF1A 
 133      7A8D3B65 
 133      B59B761A 
 133      680F
 134 039f 73C6ADF9 		.ascii	"s\306\255\371\351D\3458V\034\243\311\270\203\211\336"
 134      E944E538 
 134      561CA3C9 
 134      B88389DE 
 135 03af DF96B949 		.ascii	"\337\226\271I\222Z\2471\331n\224\215`\037\337x\027$"
 135      925AA731 
 135      D96E948D 
 135      601FDF78 
 135      1724
 136 03c1 5607E14D 		.ascii	"V\007\341M\246b\226o\031\335\232\214>\001O\225\007\341"
 136      A662966F 
 136      19DD9A8C 
 136      3E014F95 
 136      07E1
 137 03d3 5713E03D 		.ascii	"W\023\340=\311\360\343c\224\247\011\001\215l-\242\344"
ARM GAS  /tmp/cc4MrWyI.s 			page 10


 137      C9F0E363 
 137      94A70901 
 137      8D6C2DA2 
 137      E4
 138 03e4 2C8A39BB 		.ascii	",\2129\273\211\371\272\205v\035\355\006Z\257\222;.\324"
 138      89F9BA85 
 138      761DED06 
 138      5AAF923B 
 138      2ED4
 139 03f6 FE862AF4 		.ascii	"\376\206*\364w\262\220z\305\224\232n\3435\215<]S\316"
 139      77B2907A 
 139      C5949A6E 
 139      E3358D3C 
 139      5D53CE
 140 0409 14494C48 		.ascii	"\024ILH8\231\352d\302\0211\273\215\017\372\326\030\350"
 140      3899EA64 
 140      C21131BB 
 140      8D0FFAD6 
 140      18E8
 141 041b 2D7E070E 		.ascii	"-~\007\016\364\337\371\032LY\\c\240\212\025\263\017"
 141      F4DFF91A 
 141      4C595C63 
 141      A08A15B3 
 141      0F
 142 042c 836FABC5 		.ascii	"\203o\253\305\214\260b\216zZ\370\007\017\371\"\007F"
 142      8CB0628E 
 142      7A5AF807 
 142      0FF92207 
 142      46
 143 043d D90B0FEF 		.ascii	"\331\013\017\357^4d)4\353\306\244!\317\343\210\\~\270"
 143      5E346429 
 143      34EBC6A4 
 143      21CFE388 
 143      5C7EB8
 144 0450 5B98BC53 		.ascii	"[\230\274S\252\016\312\377#\214\233v#\027@?F\006\371"
 144      AA0ECAFF 
 144      238C9B76 
 144      2317403F 
 144      4606F9
 145 0463 7E13EA20 		.ascii	"~\023\352 \317|&\020\030\200\311\030\271\355\361\243"
 145      CF7C2610 
 145      1880C918 
 145      B9EDF1A3 
 146 0473 2DE3F565 		.ascii	"-\343\365e\361'\205\275\342\261\037\035\201A\320\263"
 146      F12785BD 
 146      E2B11F1D 
 146      8141D0B3 
 147 0483 375CEEF5 		.ascii	"7\\\356\365f\263\335\342u\2564;\\\016\377[b\201\273"
 147      66B3DDE2 
 147      75AE343B 
 147      5C0EFF5B 
 147      6281BB
 148 0496 D02E5AAC 		.ascii	"\320.Z\254\313\305<\273o\231\337\355\021\347.X(\332"
 148      CBC53CBB 
 148      6F99DFED 
 148      11E72E58 
 148      28DA
ARM GAS  /tmp/cc4MrWyI.s 			page 11


 149 04a8 0B17DB6D 		.ascii	"\013\027\333m6\273M\\\354\266x\225o\2165m\316\202O\262"
 149      36BB4D5C 
 149      ECB67895 
 149      6F8E356D 
 149      CE824FB2 
 150 04bc 67E5E692 		.ascii	"g\345\346\222\251/\023E\322\331`\036\252e\370\374\205"
 150      A92F1345 
 150      D2D9601E 
 150      AA65F8FC 
 150      85
 151 04cd 33A69BAD 		.ascii	"3\246\233\255N\267u\031\223\237\375?Dn\237X`q\212\036"
 151      4EB77519 
 151      939FFD3F 
 151      446E9F58 
 151      60718A1E 
 152 04e1 B7D7EF13 		.ascii	"\267\327\357\023\027~\374\341\214\351\374;;w\305\012"
 152      177EFCE1 
 152      8CE9FC3B 
 152      3B77C50A 
 153 04f1 79C5EC74 		.ascii	"y\305\354t\332r\012H\246\007\2076\373\022K\221\323o"
 153      DA720A48 
 153      A6078736 
 153      FB124B91 
 153      D36F
 154 0503 B6BA5D4B 		.ascii	"\266\272]K\034K5\371yy\026\277\205Z\275N\255\331\\\344"
 154      1C4B35F9 
 154      797916BF 
 154      855ABD4E 
 154      ADD95CE4 
 155 0517 70F951D8 		.ascii	"p\371Q\330\377\266X\344\363\212\026o\341T\227\333e\237"
 155      FFB658E4 
 155      F38A166F 
 155      E15497DB 
 155      659F
 156 0529 6AB72C76 		.ascii	"j\267,v\210\016\227\325Yd\263\213\205\026k\201\303e"
 156      880E97D5 
 156      5964B38B 
 156      85166B81 
 156      C365
 157 053b 17E344FE 		.ascii	"\027\343D\376\225\036\273\017\331\323b\321o>'\332\267"
 157      951EBB0F 
 157      D9D362D1 
 157      6F3E27DA 
 157      B7
 158 054c D2279A7D 		.ascii	"\322'\232}~\033B1\204\272m^\224.\370\340\345\3177\177"
 158      7E1B4231 
 158      84BA6D5E 
 158      942EF8E0 
 158      E5CF377F 
 159 0560 7E9E3827 		.ascii	"~\2368'\177\336G\237\347\262\003z\324C\362\344-\365"
 159      7FDE479F 
 159      E7B2037A 
 159      D443F2E4 
 159      2DF5
 160 0572 38DC669F 		.ascii	"8\334f\237\335_\3441\3735\371\263\344Cj\362\337\343"
 160      DD5FE431 
 160      FB35F9B3 
ARM GAS  /tmp/cc4MrWyI.s 			page 12


 160      E4436AF2 
 160      DFE3
 161 0584 DD4CDEBD 		.ascii	"\335L\336\275/w\351\3713\347\317b\251\370\017R\177\376"
 161      2F77E9F9 
 161      33E7CF62 
 161      A9F80F52 
 161      7FFE
 162 0596 DF       		.ascii	"\337"
 163              		.text
 164              		.section	.gnu.lto_.symtab.a19c4daaa548b371,"",%progbits
 165 0000 5F5F6561 		.ascii	"__early_init\000"
 165      726C795F 
 165      696E6974 
 165      00
 166 000d 00       		.ascii	"\000"
 167 000e 00       		.ascii	"\000"
 168 000f 00       		.ascii	"\000"
 169 0010 00000000 		.ascii	"\000\000\000\000\000\000\000\000"
 169      00000000 
 170 0018 BB000000 		.ascii	"\273\000\000\000"
 171 001c 626F6172 		.ascii	"boardInit\000"
 171      64496E69 
 171      7400
 172 0026 00       		.ascii	"\000"
 173 0027 00       		.ascii	"\000"
 174 0028 00       		.ascii	"\000"
 175 0029 00000000 		.ascii	"\000\000\000\000\000\000\000\000"
 175      00000000 
 176 0031 BD000000 		.ascii	"\275\000\000\000"
 177 0035 70616C5F 		.ascii	"pal_default_config\000"
 177      64656661 
 177      756C745F 
 177      636F6E66 
 177      696700
 178 0048 00       		.ascii	"\000"
 179 0049 00       		.ascii	"\000"
 180 004a 00       		.ascii	"\000"
 181 004b 00000000 		.ascii	"\000\000\000\000\000\000\000\000"
 181      00000000 
 182 0053 EE000000 		.ascii	"\356\000\000\000"
 183 0057 73746D33 		.ascii	"stm32_clock_init\000"
 183      325F636C 
 183      6F636B5F 
 183      696E6974 
 183      00
 184 0068 00       		.ascii	"\000"
 185 0069 02       		.ascii	"\002"
 186 006a 00       		.ascii	"\000"
 187 006b 00000000 		.ascii	"\000\000\000\000\000\000\000\000"
 187      00000000 
 188 0073 BF000000 		.ascii	"\277\000\000\000"
 189              		.text
 190              		.section	.gnu.lto_.opts,"",%progbits
 191 0000 272D666D 		.ascii	"'-fmath-errno' '-fsigned-zeros' '-ftrapping-math' '"
 191      6174682D 
 191      6572726E 
 191      6F272027 
ARM GAS  /tmp/cc4MrWyI.s 			page 13


 191      2D667369 
 192 0033 2D666E6F 		.ascii	"-fno-trapv' '-fno-openmp' '-fno-openacc' '-mcpu=cor"
 192      2D747261 
 192      70762720 
 192      272D666E 
 192      6F2D6F70 
 193 0066 7465782D 		.ascii	"tex-m3' '-mno-thumb-interwork' '-mthumb' '-O2' '-fo"
 193      6D332720 
 193      272D6D6E 
 193      6F2D7468 
 193      756D622D 
 194 0099 6D69742D 		.ascii	"mit-frame-pointer' '-falign-functions=16' '-ffuncti"
 194      6672616D 
 194      652D706F 
 194      696E7465 
 194      72272027 
 195 00cc 6F6E2D73 		.ascii	"on-sections' '-fdata-sections' '-fno-common' '-flto"
 195      65637469 
 195      6F6E7327 
 195      20272D66 
 195      64617461 
 196 00ff 2700     		.ascii	"'\000"
 197              		.text
 198              		.comm	__gnu_lto_v1,1,1
 199              		.comm	__gnu_lto_slim,1,1
 200              		.ident	"GCC: (GNU Tools for Arm Embedded Processors 7-2017-q4-major) 7.2.1 20170904 (release) [ARM
ARM GAS  /tmp/cc4MrWyI.s 			page 14


DEFINED SYMBOLS
                            *ABS*:0000000000000000 board.c
                            *COM*:0000000000000001 __gnu_lto_v1
                            *COM*:0000000000000001 __gnu_lto_slim

NO UNDEFINED SYMBOLS
