ARM GAS  /tmp/ccfpCXSz.s 			page 1


   1              		.cpu cortex-m3
   2              		.eabi_attribute 20, 1
   3              		.eabi_attribute 21, 1
   4              		.eabi_attribute 23, 3
   5              		.eabi_attribute 24, 1
   6              		.eabi_attribute 25, 1
   7              		.eabi_attribute 26, 1
   8              		.eabi_attribute 30, 2
   9              		.eabi_attribute 34, 1
  10              		.eabi_attribute 18, 4
  11              		.file	"chcore_v7m.c"
  12              		.section	.gnu.lto_.profile.f558c914ae4e9f70,"",%progbits
  13 0000 789C6363 		.ascii	"x\234cc```\001bF\006]\011\000\000\352\000Q"
  13      60606001 
  13      6246065D 
  13      090000EA 
  13      0051
  14              		.text
  15              		.section	.gnu.lto_.icf.f558c914ae4e9f70,"",%progbits
  16 0000 789C6363 		.ascii	"x\234cc``\020a@\000f\206gK\272\026\2630\037ih_\314\301"
  16      60601061 
  16      40006686 
  16      674BBA16 
  16      B3301F69 
  17 0018 B27AE287 		.ascii	"\262z\342\207s<\014\000Xz\010\\"
  17      733C0C00 
  17      587A085C 
  18              		.text
  19              		.section	.gnu.lto_.jmpfuncs.f558c914ae4e9f70,"",%progbits
  20 0000 789C6363 		.ascii	"x\234cc``\340e@\000f(\301\002\242\001\002c\000\036"
  20      6060E065 
  20      40006628 
  20      C102A201 
  20      0263001E 
  21              		.text
  22              		.section	.gnu.lto_.inline.f558c914ae4e9f70,"",%progbits
  23 0000 789C6363 		.ascii	"x\234cc``pe@\000f\006\006^\021F\006&\201\015\271\014"
  23      60607065 
  23      40006606 
  23      065E1146 
  23      0626810D 
  24 0016 6C0BE499 		.ascii	"l\013\344\231@bL\334`\011v6\2408\307\001;\2708\013\003"
  24      40624CDC 
  24      60097636 
  24      A038C701 
  24      3BB8380B 
  25 002b 17375088 		.ascii	"\0277P\210\347L\004\\\210\221\013D\002\000\3677\006"
  25      E74C045C 
  25      88910B44 
  25      0200F737 
  25      06
  26 003c 72       		.ascii	"r"
  27              		.text
  28              		.section	.gnu.lto_.pureconst.f558c914ae4e9f70,"",%progbits
  29 0000 789C6363 		.ascii	"x\234cc``\340\002bf\206]\214\314\273\030Yv1\002\000"
  29      6060E002 
  29      6266865D 
ARM GAS  /tmp/ccfpCXSz.s 			page 2


  29      8CCCBB18 
  29      59763102 
  30 0015 0C38024C 		.ascii	"\0148\002L"
  31              		.text
  32              		.section	.gnu.lto__port_irq_epilogue.part.0.f558c914ae4e9f70,"",%progbits
  33 0000 789C9D54 		.ascii	"x\234\235T\335k\024W\024\277g\356\235\331\315\272F\010"
  33      DD6B1457 
  33      14BF67EE 
  33      9DD9CDBA 
  33      4608
  34 0012 3E5410D9 		.ascii	">T\020\331<\004\021\304)\370`_\372PR\244R\266J\366\017"
  34      3C0411C4 
  34      29F8605F 
  34      FA5052A4 
  34      52B64AF6 
  35 0027 103B3B36 		.ascii	"\020;;6E7\273\354\256m\336rM\262fm\254\0241kY&\335\305"
  35      4537BBEC 
  35      AE6DDE72 
  35      4DB2666D 
  35      AC14316B 
  36 003f 80B6485A 		.ascii	"\200\266HZSmkbMb\276\374j\214&U\213\226b\223\030\254"
  36      536D6B62 
  36      4D62BEFC 
  36      6A8C2655 
  36      8B966293 
  37 0055 5FD8904A 		.ascii	"_\330\220J\025Lz\316\235\211\321\226\026\351\300\334"
  37      154C7ACE 
  37      9D89D196 
  37      16E9C0DC 
  38 0065 7BCFB9E7 		.ascii	"{\317\271\347\234\3379\347wf\014\306\330\012\235\261"
  38      9CDF39E7 
  38      77660CC6 
  38      D80A9DB1 
  39 0075 51DCD7E3 		.ascii	"Q\334\327\343\013>\006\306'\027\361`\200\246vM\343\331"
  39      0B3E06C6 
  39      2717F160 
  39      80A6764D 
  39      E3D9
  40 0087 954C0604 		.ascii	"\225L\006\004\255A\016:iw\372\305\374A\007\240\203\364"
  40      AD410E3A 
  40      6977FAC5 
  40      FC4107A0 
  40      83F4
  41 0099 03AB3334 		.ascii	"\003\25334.t\250\203=|?\207\276\246\251Nm\325a\211O"
  41      2E74A883 
  41      3D7C3F87 
  41      BEA6A94E 
  41      6DD56189 
  42 00ae EF8119DF 		.ascii	"\357\201\031\337.\231y\305\341\214\345\360\245\007\216"
  42      2E9979C5 
  42      E18CE5F0 
  42      A5078E
  43 00bd C12A8666 		.ascii	"\301*\206f\343\035\263-\213\015Az8\016\206Z\000\365"
  43      E31DB32D 
  43      8B0D417A 
  43      380E865A 
  43      00F5
ARM GAS  /tmp/ccfpCXSz.s 			page 3


  44 00cf 971B8F3A 		.ascii	"\227\033\217:\274\231;\034@\240\370\373p~\242\224D\015"
  44      BC993B1C 
  44      40A0F8FB 
  44      707EA294 
  44      440D
  45 00e1 42287E74 		.ascii	"B(~tn\362\340\022\276\036(\302\235\236\337\036\007+"
  45      6EF2E012 
  45      BE1E28C2 
  45      9D9EDF1E 
  45      072B
  46 00f3 DAA4AC97 		.ascii	"\332\244\254\227\275\217\012em\015\362\254\024\016\347"
  46      BD8F0A65 
  46      6D0DF2AC 
  46      140EE7
  47 0102 F01D708A 		.ascii	"\360\035p\212\372-,\207o`\271B]\000\204\023P\341\202"
  47      FA2D2C87 
  47      6F60B942 
  47      5D008413 
  47      50E182
  48 0115 7522EA33 		.ascii	"u\"\3523}\243\312\367\321\347K\005\243\213\034W\020"
  48      7DA3CAF7 
  48      D1E74B05 
  48      A38B1C57 
  48      10
  49 0126 53CD83DD 		.ascii	"S\315\203\335>\376\266:\3771\323q\310\360\340\256\345"
  49      3EFEB63A 
  49      FF31D371 
  49      C8F0E0AE 
  49      E5
  50 0137 5FEBBE7E 		.ascii	"_\353\276~[\312}Yp\270\200\223\377\011\370=\001v!\340"
  50      5BCA7D59 
  50      70B88093 
  50      FF09F83D 
  50      017621E0 
  51 014b 292A1317 		.ascii	")*\023\027`\214\223\026m:\356?>\255\202\356S\315:\324"
  51      608C9316 
  51      6D3AEE3F 
  51      3EAD82EE 
  51      53CD3AD4 
  52 015f 905135B8 		.ascii	"\220Q5\270my>\036tC\005\245\376\325\250.\345\354\\\223"
  52      6D793E1E 
  52      744305A5 
  52      FED5A82E 
  52      E5EC5C93 
  53 0173 94D7D796 		.ascii	"\224\327\327\226\005\201Q\034\215\321\015W\253`\016"
  53      0581511C 
  53      8DD10D57 
  53      AB600E
  54 0182 D7755C0C 		.ascii	"\327u\\\014\306\262\330r\342(\213\002\356|7\327\324"
  54      C6B2D872 
  54      E2288B02 
  54      EE7C37D7 
  54      D4
  55 0193 7E17768E 		.ascii	"~\027v\216\037\371\370\341\010\270\0311\326F\215\317"
  55      1FF9F8E1 
  55      08B81931 
  55      D6468DCF 
ARM GAS  /tmp/ccfpCXSz.s 			page 4


  56 01a3 EDCD1544 		.ascii	"\355\315\025D\371Q(\310OC\016\367Q\005O\3073\023%BC"
  56      F95128C8 
  56      4F430EF7 
  56      51054FC7 
  56      33132542 
  57 01b8 F41E2857 		.ascii	"\364\036(W5\015\215\037\3532P\003\275 \362\330#\006"
  57      350D8D1F 
  57      EB325003 
  57      BD20F2D8 
  57      2306
  58 01ca A741B029 		.ascii	"\247A\260)\250\017\251\3020\031\322\242|\263y\357`\031"
  58      A80FA9C2 
  58      3019D2A2 
  58      7CB379EF 
  58      6019
  59 01dc 755295CF 		.ascii	"uR\225\317\356@\375t\323\027\234\024y\256y6!u\177\202"
  59      EE40FD74 
  59      D3179C14 
  59      79AE7936 
  59      21757F82 
  60 01f0 7C34B468 		.ascii	"|4\264hpv\265\217E]\023\216*\204\033\373u \247\273\303"
  60      7076B58F 
  60      455D138E 
  60      2A841BFB 
  60      7520A7BB 
  61 0205 70736E6E 		.ascii	"psnnn\011\364a;^\364\344\024{\346vk&@:\364\231<<\335"
  61      6E09F461 
  61      3B5EF4E4 
  61      147BE676 
  61      6B26403A 
  62 021e 52423EDC 		.ascii	"RB>\334\365A\225\3630\373K\260\010\237!Y~\014\014\375"
  62      F54195F3 
  62      30FB4BB0 
  62      089F2159 
  62      7E0C0CFD 
  63 0232 D454D49F 		.ascii	"\324T\324\237\231\035\032\346f;Q_\334\352\360\022\030"
  63      991D1AE6 
  63      663B515F 
  63      DCEAF012 
  63      18
  64 0243 8022B4A8 		.ascii	"\200\"\264\250A\205A0i\032o=\031Q\301\002\200F~\030"
  64      41854130 
  64      691A6F3D 
  64      1951C102 
  64      80467E18 
  65 0257 424F55CB 		.ascii	"BOU\313\251+K\335L\005\2450\237\022\305\274;\331\352"
  65      A92B4BDD 
  65      4C05A530 
  65      9F12C5BC 
  65      3BD9EA
  66 026a E7C741CD 		.ascii	"\347\307A\315\314\236#\323_rof\256\026\202y\331\333"
  66      CC9E23D3 
  66      5F726F66 
  66      AE168279 
  66      D9DB
  67 027c 18A28139 		.ascii	"\030\242\2019\363\317\201\201\263T\215`.9?\215\302\337"
  67      F3CF8181 
ARM GAS  /tmp/ccfpCXSz.s 			page 5


  67      B3548D60 
  67      2E393F8D 
  67      C2DF
  68 028e 46F3C0D5 		.ascii	"F\363\300\325\200N6\336xj\317\177Cp\016\273q\236\270"
  68      804E36DE 
  68      786ACF7F 
  68      43700EBB 
  68      719EB8
  69 02a1 3CAFA68B 		.ascii	"<\257\246\213\365\223\367\301\302\327\177\006\312/y"
  69      F593F7C1 
  69      C2D77F06 
  69      CA2F79
  70 02b0 842E2287 		.ascii	"\204.\"\207\366\211\223\322\257\010\275\340\021\372"
  70      F68993D2 
  70      AF08BDE0 
  70      11FA
  71 02be 73BE6B7F 		.ascii	"s\276k\177\200\010\375\201\010\025x3<O(\265\230\000"
  71      8008FD81 
  71      08157833 
  71      3C4F28B5 
  71      9800
  72 02d0 D93D6828 		.ascii	"\331=h(\366\264,s\353\325\321\251\263\363\336\015_\335"
  72      F6B42C73 
  72      EBD5D1A9 
  72      B3F3DE0D 
  72      5FDD
  73 02e2 53E97778 		.ascii	"S\351wx0\207\3453\270\010u8s\213\331-h\274\321?\000"
  73      3087E533 
  73      B8087538 
  73      738BD92D 
  73      68BCD13F 
  74 02f7 0BA6B94C 		.ascii	"\013\246\271L\337\210\217\032\210y\301\210W\353n\364"
  74      DF888F1A 
  74      8879C188 
  74      57EB6EF4 
  75 0307 C9AEE4D8 		.ascii	"\311\256\344\330\310'M\255\327\212\340\265\356eh\252"
  75      C8274DAD 
  75      D78AE0B5 
  75      EE6568AA 
  76 0317 219A2E29 		.ascii	"!\232.)\232\250P\270\254h\232O(\213\026\323\350^\232"
  76      9AA850B8 
  76      AC689A4F 
  76      288B16D3 
  76      E85E9A
  77 032a 53A58C62 		.ascii	"S\245\214bV\204&\236\241\335\377\037hc\013h?\376\033"
  77      5684269E 
  77      A1DDFF1F 
  77      68630B68 
  77      3FFE1B
  78 033d 1AFE4AE1 		.ascii	"\032\376J\341\212\207\246\253\217\354\001h\356\017/"
  78      8A87A6AB 
  78      8FEC0168 
  78      EE0F2F
  79 034c 8BAEA840 		.ascii	"\213\256\250@\251\322\254\216\307ls\213\365\241\371"
  79      A9D2AC8E 
  79      C76C738B 
  79      F5A1F9
ARM GAS  /tmp/ccfpCXSz.s 			page 6


  80 035b A69DDA96 		.ascii	"\246\235\332\226\216'\314\267\336\211\230v\354];\032"
  80      8E27CCB7 
  80      DE899876 
  80      EC5D3B1A 
  81 036b B5A3663C 		.ascii	"\265\243f<eZ\361X,^c&\342\311t\312|\243*\\\031\2565"
  81      655AF158 
  81      2C5E6326 
  81      E2C974CA 
  81      7CA32A5C 
  82 0382 AD6A2B9E 		.ascii	"\255j+\236\2647\177\260.\266\306b\302J\327&\214\244"
  82      B4377FB0 
  82      2EB6C662 
  82      C24AD726 
  82      8CA4
  83 0394 9DDAB13D 		.ascii	"\235\332\261=\275\351\245\343\331\265i\212fV\206#\033"
  83      BDE9A5E3 
  83      D9B5698A 
  83      66568623 
  83      1B
  84 03a5 22662586 		.ascii	"\"f%\20637\324X\333wDm\323\212\245\336Om~\317\262\326"
  84      3337D458 
  84      DB77446D 
  84      D38AA5DE 
  84      4F6D7ECF 
  85 03bb 54B360B8 		.ascii	"T\263`\270*\022\252xuu(\221J0\376z\222\225b\314\215"
  85      2A12AA78 
  85      75752891 
  85      4A30FE7A 
  85      929562CC 
  86 03d0 5B3725E3 		.ascii	"[7%\343V$\275\305\332\026\014G\252\350n5\0321-\311\376"
  86      5624BDC5 
  86      DA160C47 
  86      AAE86E35 
  86      1A312DC9 
  87 03e5 02C96CEA 		.ascii	"\002\311l\352*"
  87      2A
  88              		.text
  89              		.section	.gnu.lto_SVC_Handler.f558c914ae4e9f70,"",%progbits
  90 0000 789CA593 		.ascii	"x\234\245\223\337o\024U\024\307\317\231;;\273\322\025"
  90      DF6F1455 
  90      14C7CF99 
  90      3B3BBBD2 
  90      15
  91 0011 896F86C6 		.ascii	"\211o\206\306lC\232HB\030\336\312\213\017\246\304\224"
  91      6C439A48 
  91      4218DECA 
  91      8B0FA6C4 
  91      94
  92 0022 90D5A6FB 		.ascii	"\220\325\246\373\007\2202\035i\003\313lf\027\255\276"
  92      0790321D 
  92      6903CB6C 
  92      6617ADBE 
  93 0032 30EC165B 		.ascii	"0\354\026[(\030\302\217\245\331l\263P\242\3264\326B"
  93      2818C28F 
  93      A5D96CB3 
  93      50A2D634 
  93      D642
ARM GAS  /tmp/ccfpCXSz.s 			page 7


  94 0044 AB480BDB 		.ascii	"\253H\013\333\245\225\026\320\266P4\0321\002mm\240M"
  94      A59516D0 
  94      B650341A 
  94      31026D6D 
  94      A04D
  95 0056 88366A34 		.ascii	"\2106j4\201\3029w\006(\205D\023&\231\311\334{\276\347"
  95      81C23977 
  95      06288544 
  95      132699C9 
  95      DC7BBEE7 
  96 006a 7BCEF9DC 		.ascii	"{\316\371\334\031\015\000>P\001\312\020`9\275\243\000"
  96      190D003E 
  96      5001CA10 
  96      6039BDA3 
  96      00
  97 007b 54F68F02 		.ascii	"T\366\217\002\354\014(\210\374\342\004\020v(\270\003"
  97      EC0C2888 
  97      FCE20410 
  97      7628B803 
  98 008b F78A4302 		.ascii	"\367\212C\002\007\032\247O++?u\350*\034\271\373\212"
  98      071AA74F 
  98      2B2B3F75 
  98      E82A1CB9 
  98      FB8A
  99 009d D35EC0AC 		.ascii	"\323^\300\254\000H\323\315\027v\343J \331\225\206\256"
  99      0048D3CD 
  99      1776E34A 
  99      20D99586 
  99      AE
 100 00ae AC681659 		.ascii	"\254h\026Y\201\250\322\362\217\221\314\344R^*\030\242"
 100      81A8D2F2 
 100      8F91CCE4 
 100      525E2A18 
 100      A2
 101 00bf E59E8B53 		.ascii	"\345\236\213Sm/\2117\221\2253\375\267\377\015\226\036"
 101      6D2F8937 
 101      919533FD 
 101      B7FF0D96 
 101      1E
 102 00d0 779CA453 		.ascii	"w\234\244S\030jy\265-\345\\p\324\254\020\370\025\012"
 102      186A79B5 
 102      2DE55C70 
 102      D4AC10F8 
 102      150A
 103 00e2 72C52FB1 		.ascii	"r\305/\261\030{\260X\272\223|\342\304\374\341\0275\025"
 103      187BB058 
 103      BA937CE2 
 103      C4FCE117 
 103      3515
 104 00f4 4F61A95B 		.ascii	"Oa\251[\024\277F\015\250y\205\267H0\335|>\357\027\033"
 104      14BF460D 
 104      A87985B7 
 104      4830DD7C 
 104      3EEF171B 
 105 0108 A4F75F7F 		.ascii	"\244\367_\177\236\370D\363\274\177\314\254\315\377|"
 105      9EF844F3 
 105      BC7FCCAC 
ARM GAS  /tmp/ccfpCXSz.s 			page 8


 105      CDFF7C
 106 0117 CB710E34 		.ascii	"\313q\0164Q\303*\236~\332\035{\261\364\213q_\301\231"
 106      51C32A9E 
 106      7EDA1D7B 
 106      B1F48B71 
 106      5FC199
 107 012a BFDF48C3 		.ascii	"\277\337H\303\0257\016\377\232Q\374\010Y\341#%\271\253"
 107      15370EFF 
 107      9A51FC08 
 107      59E12325 
 107      B9AB
 108 013c F2E99342 		.ascii	"\362\351\223B\200&\252N|\234\002\354\026\012\277\245"
 108      8026AA4E 
 108      7C9C02EC 
 108      160ABFA5 
 109 014c 0A308B3B 		.ascii	"\0120\213;':\366\375>\206\217:mpIui\025\262\323\264"
 109      273AF6FD 
 109      3E868F3A 
 109      6D704975 
 109      6915B2D3 
 110 0161 C08553B0 		.ascii	"\300\205S\260\021\366\241\206gx\2103\356$\3079;\375"
 110      11F6A186 
 110      67788833 
 110      EE24C739 
 110      3BFD
 111 0173 513AA796 		.ascii	"Q:\247\226ta\316i\011e\205\306I\367&vM\276\240*\324"
 111      7461CE69 
 111      096585C6 
 111      49F72676 
 111      4DBEA02A 
 112 0188 E8592C91 		.ascii	"\350Y,\2210\206&\272{5\332\301<\252\031\341\243H?\252"
 112      308626BA 
 112      7B35DAC1 
 112      3CAA19E1 
 112      A3483FAA 
 113 019c 308DC91B 		.ascii	"0\215\311\033\262\0116\344\022\034\342\315\346\226\324"
 113      B20936E4 
 113      121CE2CD 
 113      E696D4
 114 01ab CBDC84DB 		.ascii	"\313\334\204\333\377\014&\347\032w\013\336\310\010\341"
 114      FF0C26E7 
 114      1A770BDE 
 114      C808E1
 115 01ba 6942327E 		.ascii	"iB2~\212s\004)R\331\017G\272\213]\011U\020\013\217\022"
 115      8A730429 
 115      52D90F47 
 115      BA8B5D09 
 115      55100B8F 
 116 01cf 31840542 		.ascii	"1\204\005B\367d\226\352\372\336\353\016\272Y\310[\017"
 116      F76496EA 
 116      FADEEB0E 
 116      BA59C85B 
 116      0F
 117 01e0 25943E3C 		.ascii	"%\224><;\325\032\020=(1\354\355\230\353\024\336\371"
 117      3BD51A10 
 117      3D2831EC 
 117      ED98EB14 
ARM GAS  /tmp/ccfpCXSz.s 			page 9


 117      DEF9
 118 01f2 FCBD39E3 		.ascii	"\374\2759\343\024\032B|6\347\236q6\003l\216\036\340"
 118      141A427C 
 118      36E79E71 
 118      36036C8E 
 118      1EE0
 119 0204 9FC61703 		.ascii	"\237\306\027\003>\230\327X\3421V\0260\006\034\244\336"
 119      3E98D758 
 119      E2315616 
 119      30061CA4 
 119      DE
 120 0215 BE61B4F4 		.ascii	"\276a\264\364 \2740\310\311m\271\223\377,)\271\354\361"
 120      20BC30C8 
 120      C96DB993 
 120      FF2C29B9 
 120      ECF1
 121 0227 F573C2E7 		.ascii	"\365s\302\347\223}N@\362=\357\361\375%\323{h\011\363"
 121      937D4E40 
 121      F23DEFF1 
 121      FD25D37B 
 121      6809F3
 122 023a 1D62BE94 		.ascii	"\035b\276\224\213\303\370x\032Y\220V\262\332\307\227"
 122      8BC3F878 
 122      1A599056 
 122      B2DAC797 
 123 024a C6FB8BC4 		.ascii	"\306\373\213\304Uw\256\317:\217\265<\374\246\257\367"
 123      5577AECF 
 123      3A8FB53C 
 123      FCA6AFF7 
 124 025a BDD69A6A 		.ascii	"\275\326\232j\336\347\034M.\343\331.<c\266\213\362\303"
 124      DEE71C4D 
 124      2EE3D92E 
 124      3C63B68B 
 124      F2C3
 125 026c 4DEF1A18 		.ascii	"M\357\032\030\3633X\025\001/Ql\026\2234k\317\365\247"
 125      F3335815 
 125      012F516C 
 125      1693346B 
 125      CFF5A7
 126 027f 66FD5EF3 		.ascii	"f\375^\363\346\024\260(t\255om;\271\177\313Auqp\246"
 126      E614B028 
 126      74AD6F6D 
 126      3BB97FCB 
 126      41757170 
 127 0294 557029C0 		.ascii	"Up)\300\3578\354{\202\321\010\2153\312\214F\231\021"
 127      EF38EC7B 
 127      82D1088D 
 127      33CA8C46 
 127      9911
 128 02a6 424EF92F 		.ascii	"BN\371/Fc\036\243\371\334\315|\0213\272\214\252l\033"
 128      46631EA3 
 128      F9DCCD7C 
 128      1133BA8C 
 128      AA6C1B
 129 02b9 F08AFCE7 		.ascii	"\360\212\374\347\333\363\203\277\005K\272\0247;\300"
 129      DBF383BF 
 129      054BBA14 
ARM GAS  /tmp/ccfpCXSz.s 			page 10


 129      373BC0
 130 02c8 DAB9CE93 		.ascii	"\332\271\316\223?\024\311\354q\316\306\253\036M\211"
 130      3F14C9EC 
 130      71CEC6AB 
 130      1E4D89
 131 02d7 00E00E7F 		.ascii	"\000\340\016\177\243\035+\344\037\315W\023!\247\377"
 131      A31D2BE4 
 131      1FCD5713 
 131      21A7FF
 132 02e6 8AF4E57A 		.ascii	"\212\364\345z\255\0255\365j\343=}\235\031\337\222\260"
 132      AD1535F5 
 132      6AE33D7D 
 132      9D19DF92 
 132      B0
 133 02f7 627AC55B 		.ascii	"bz\305[\021\335\214n2kj\314\032\335\212\353\206\025"
 133      11DD8C6E 
 133      326B6ACC 
 133      1ADD8AEB 
 133      8615
 134 0309 8D5ADBF4 		.ascii	"\215Z\333\364\230e'\342\372\033U\341\362p\275n\324\032"
 134      986527E2 
 134      FA1B55E1 
 134      F270BD6E 
 134      D41A
 135 031b 966D6E7C 		.ascii	"\226mn|\267,\272\332\000\325H\324\3074\333\214o\337"
 135      B72CBADA 
 135      00D548D4 
 135      C734DB8C 
 135      6FDF
 136 032d 9AA8FCDF 		.ascii	"\232\250\374\337~f}\202\335\364\362pd}D/';}\3756c\353"
 136      7E667D82 
 136      DDF4F270 
 136      647D442F 
 136      273B7DFD 
 137 0344 F61A5337 		.ascii	"\366\032S7\242\361\272\370\306\315\206\261\272\026\202"
 137      A2F1BAF8 
 137      C6CD86B1 
 137      BA1682
 138 0353 E1AA48A8 		.ascii	"\341\252H\250t\315\252P,\036\003\361\272\015K\311\363"
 138      74CDAA50 
 138      2C1E03F1 
 138      BA0D4BC9 
 138      F3
 139 0364 ED772A6D 		.ascii	"\355w*m\313\210$\252\215-\301p\244\212c\253H\004\212"
 139      CB8824AA 
 139      8D2DC170 
 139      A48A63AB 
 139      48048A
 140 0377 0DFE4DD5 		.ascii	"\015\376M\325q\263\322\256{\376\301ja\031{\263_\314"
 140      71B3D2AE 
 140      7BFEC16A 
 140      61197BB3 
 140      5FCC
 141 0389 AE93FEFE 		.ascii	"\256\223\376\376\250\031\265\354\367\341\001\226\320"
 141      A819B5EC 
 141      F7E10196 
 141      D0
ARM GAS  /tmp/ccfpCXSz.s 			page 11


 142 0396 CE44     		.ascii	"\316D"
 143              		.text
 144              		.section	.gnu.lto__port_irq_epilogue.f558c914ae4e9f70,"",%progbits
 145 0000 789CA553 		.ascii	"x\234\245S\333K\024Q\030?\337\234\231\335\315\325\360"
 145      DB4B1451 
 145      183FDF9C 
 145      99DDCDD5 
 145      F0
 146 0011 31C187F5 		.ascii	"1\301\207\365AH\220\246\007\241^z\210\215H\302\020\375"
 146      414890A6 
 146      07A15E7A 
 146      888D48C2 
 146      10FD
 147 0023 0344C721 		.ascii	"\003D\307!\245\326\225]+{\362\354\256\327,\210RS[[S"
 147      A5D6955D 
 147      2B7BF2EC 
 147      AED72C88 
 147      52535B5B 
 148 0038 22252F65 		.ascii	"\"%/evY\257\233v\365\256\024D>D\336 \263\250\024T\260"
 148      7659AF9B 
 148      76F5AE14 
 148      443E44DE 
 148      20B3A814 
 149 004e B5EFCC6E 		.ascii	"\265\357\314n&+T\320\201\2319\347\273\374\276\357\373"
 149      262B54D0 
 149      819939E7 
 149      BBFCBEEF 
 149      FB
 150 005f 9DDFE808 		.ascii	"\235\337\350\010!\313\224\020?~\017\341\003:\002\302"
 150      21CB9410 
 150      3F7E0FE1 
 150      033A02C2 
 151 006f E531421C 		.ascii	"\3451B\034\006A\240sQ\204\205\211-\011\204\205S\220"
 151      0641A073 
 151      51848589 
 151      2D098485 
 151      5390
 152 0081 B819C4C0 		.ascii	"\270\031\304\300\327a\220\000\370\206\031\200\024\010"
 152      D7619000 
 152      F8861980 
 152      1408
 153 008f 5494A000 		.ascii	"T\224\240\000.\322\012\012\003%\013^!\3566\303\345\273"
 153      2ED20A0A 
 153      03250B5E 
 153      21EE36C3 
 153      E5BB
 154 00a1 B6A22F66 		.ascii	"\266\242/fE{\334X\240\012\037\276\340>\304\021\014\233"
 154      457BDC58 
 154      A00A1FBE 
 154      E03EC411 
 154      0C9B
 155 00b3 B9E7AF8C 		.ascii	"\271\347\257\214\320\211\001;t\362\272\270i\237\222"
 155      D089013B 
 155      74F2BAB8 
 155      699F92
 156 00c2 7CCCBF59 		.ascii	"|\314\277Y\302|\033\215Pw\334 \0207\005\312_\204\224"
 156      C27C1B8D 
ARM GAS  /tmp/ccfpCXSz.s 			page 12


 156      5077DC20 
 156      103705CA 
 156      5F8494
 157 00d5 62245664 		.ascii	"b$Vd>RF\005\276s\371\310\002\010\034l\262\360\256\233"
 157      3E524605 
 157      BE73F9C8 
 157      02081C6C 
 157      B2F0AE9B 
 158 00e9 96533715 		.ascii	"\226S7\025@\304\343\267\321\332\331\335\374H\301\204"
 158      40C4E3B7 
 158      D1DAD9DD 
 158      FC48C184 
 159 00f9 C75B4353 		.ascii	"\307[CS\375Fz\024xds\333\315\352\360\330F\306\234\314"
 159      FD467A14 
 159      786473DB 
 159      CDEAF0D8 
 159      46C69CCC 
 160 010d B75AB3B7 		.ascii	"\267Z\263\267\326U~\211\325;#\335T\204G@\261\031x\010"
 160      D6557E89 
 160      D53B23DD 
 160      54844740 
 160      B1197808 
 161 0121 D1F000A2 		.ascii	"\321\360\000\242\003\315>\206XL*\371\310zE\216'\202"
 161      03CD3E86 
 161      584C2AF9 
 161      C87A458E 
 161      2782
 162 0133 09BCE8FB 		.ascii	"\011\274\350\373\004\316\231;\225\235\357ak\220Bm\336"
 162      04CE993B 
 162      959DEF61 
 162      6B90426D 
 162      DE
 163 0144 AB6B7A6D 		.ascii	"\253kzm\226*\012$\304\265\\\023\357A\364.\356\024B\235"
 163      962A0A24 
 163      C4B55C13 
 163      EF41F42E 
 163      EE14429D 
 164 0158 53D7292F 		.ascii	"S\327)/E\240\233\273\351v~\240\007t\320\313\351\301"
 164      45A09BBB 
 164      E9767EA0 
 164      0774D0CB 
 164      E9C1
 165 016a 172049B3 		.ascii	"\027 I\263\274h\203\247c-,f\005<\254\332\344\246\022"
 165      BC6883A7 
 165      632D2C66 
 165      053CACDA 
 165      E4A612
 166 017d 4F689DED 		.ascii	"Oh\235\355f\006Q\300\246\373 \206p\313\327\245\327\323"
 166      660651C0 
 166      A6FB2086 
 166      70CBD7A5 
 166      D7D3
 167 018f 025AA01F 		.ascii	"\002Z\240\037o\215\267M\300\247\361\323\32478\037\036"
 167      6F8DB74D 
 167      C0A7F1D3 
 167      D437381F 
 167      1E
ARM GAS  /tmp/ccfpCXSz.s 			page 13


 168 01a0 B31ACCD6 		.ascii	"\263\032\314\326\361\330\357m\035o\214Z\366\023\236"
 168      F1D8EF6D 
 168      1D6F8C5A 
 168      F6139E
 169 01af 0D032022 		.ascii	"\015\003 \"\271N\223F\001!\2130\320\265\336\260\371"
 169      B94E9346 
 169      01218B30 
 169      D0B5DEB0 
 169      F9
 170 01c0 16F874B5 		.ascii	"\026\370t\265T\300\214\252\242\201q='E\257\315\352\360"
 170      54C08CAA 
 170      A281713D 
 170      2745AFCD 
 170      EAF0
 171 01d2 F6544881 		.ascii	"\366TH\201#{\347b\273\321\2648\2712!\325\303\015\007"
 171      237BE762 
 171      BBD1B438 
 171      B93221D5 
 171      C30D07
 172 01e5 8E88750C 		.ascii	"\216\210u\014\360\024\251\035\344}\240\363\312\205\346"
 172      F014A91D 
 172      E47DA0F3 
 172      CA85E6
 173 01f4 E630B995 		.ascii	"\3460\271\225\025:\270o\027<\203z\250\3244\002\317A"
 173      153AB86F 
 173      173C837A 
 173      A8D43402 
 173      CF41
 174 0206 C682AE8D 		.ascii	"\306\202\256\215\342f)P\216\006*~\036\231o\320\256\001"
 174      E2662950 
 174      8E062A7E 
 174      1E996FD0 
 174      AE01
 175 0218 8045C20B 		.ascii	"\200E\302\013\004\232\207\302\351\301\204`\020F\264"
 175      049A87C2 
 175      E9C18460 
 175      1046B4
 176 0227 2F79D723 		.ascii	"/y\327#\002\021\004^\006/\261\014\011\235\213B\261,"
 176      0211045E 
 176      062FB10C 
 176      099D8B42 
 176      B12C
 177 0239 01D58486 		.ascii	"\001\325\204\206\201^\357\322\264\276\340\0073\270i"
 177      815EEFD2 
 177      B4BEE007 
 177      33B869
 178 0248 581515B1 		.ascii	"X\025\025\261\350+(@\231\031\265x\221\264$\374\026W"
 178      E82B2840 
 178      9919B578 
 178      91B424FC 
 178      1657
 179 025a 8864EAFE 		.ascii	"\210d\352\376\"\231!M2[\354\210\330\311\360\237$Sk\014"
 179      2299214D 
 179      325BEC88 
 179      D8C9F09F 
 179      24536B0C 
 180 026e 4A46DA29 		.ascii	"JF\332)\231\203M\210>\302\235\272P\347b\035\345\245"
ARM GAS  /tmp/ccfpCXSz.s 			page 14


 180      99834D88 
 180      3EC29DBA 
 180      50E7621D 
 180      E5A5
 181 0280 088CEE94 		.ascii	"\010\214\356\224\314\030*e\234Kf|\233d\374\236\017}"
 181      CC182A65 
 181      9C4B667C 
 181      9B64FC9E 
 181      0F7D
 182 0292 C65F6A18 		.ascii	"\306_j\030\326\3240\241\251!\364\352'\267\256\236\343"
 182      D6D430A1 
 182      A921F4EA 
 182      27B7AE9E 
 182      E3
 183 02a3 6B8448C1 		.ascii	"k\204H\301\337\355\0132\242\255R\0248\232\360d\226\263"
 183      DFED0B32 
 183      A2AD5214 
 183      389AF064 
 183      96B3
 184 02b5 AC16554E 		.ascii	"\254\026UNW\316\311GT\373\251<k\256|\354D\252\254Z2"
 184      57CEC947 
 184      54FBA93C 
 184      6BAE7CEC 
 184      44AAAC5A 
 185 02ca D4CC4C35 		.ascii	"\324\314L5S\266\332e\305j\261Xs\344\\\253-\317.\037"
 185      53B6DA65 
 185      C56AB158 
 185      73E45CAB 
 185      2DCF2E1F 
 186 02de 4E493227 		.ascii	"NI2'\345\313J\226b\265\251ig\017X\366)D\237\221nW\223"
 186      E5CB4A96 
 186      62B5A969 
 186      670F58F6 
 186      29449F91 
 187 02f5 6DD9FF8F 		.ascii	"m\331\377\217\225E\222\377\031C\315\317\343\010\262"
 187      954592FF 
 187      1943CDCF 
 187      E308B2
 188 0304 39293531 		.ascii	"9)51U6#\204\234\230\243\234>\223\251\312\212\305\236"
 188      55362384 
 188      9C98A39C 
 188      3E93A9CA 
 188      8AC59E
 189 0317 6D4F3BA9 		.ascii	"mO;\251(\010\030\231\224\232b\342\015\346\332\262\343"
 189      28081899 
 189      949A62E2 
 189      0DE6DAB2 
 189      E3
 190 0328 4DB1FB89 		.ascii	"M\261\373\211`#z\213j\261\332\316\223\237\263W\235m"
 190      60237A8B 
 190      6AB1DACE 
 190      939FB357 
 190      9D6D
 191              		.text
 192              		.section	.gnu.lto_.symbol_nodes.f558c914ae4e9f70,"",%progbits
 193 0000 789C6363 		.ascii	"x\234cc``\250\001b\006\246{\214\365\014\014\023\316"
 193      6060A801 
ARM GAS  /tmp/ccfpCXSz.s 			page 15


 193      6206A67B 
 193      8CF50C0C 
 193      13CE
 194 0012 3130D433 		.ascii	"10\32430\356l9\330\340\300\300\300x\203\261\236\021"
 194      30EE6C39 
 194      D8E0C0C0 
 194      C07883B1 
 194      9E11
 195 0024 2CC6C0D0 		.ascii	",\306\300\320\260\000$p\223\261\236\011Y\200\351*c="
 195      B0002470 
 195      93B19E09 
 195      5980E92A 
 195      633D
 196 0036 335417C3 		.ascii	"3T\027\303\256\006G\240\3105\306z\026\024\021\306\353"
 196      AE0647A0 
 196      C835C67A 
 196      161411C6 
 196      EB
 197 0047 8CF5AC30 		.ascii	"\214\365\2540M c\231\031X\031\226\264\277\221gfa`x\364"
 197      4D206399 
 197      19581996 
 197      B4BF9167 
 197      66616078 
 198 005c 52870100 		.ascii	"R\207\001\000'\237 N"
 198      279F204E 
 199              		.text
 200              		.section	.gnu.lto_.refs.f558c914ae4e9f70,"",%progbits
 201 0000 789C6363 		.ascii	"x\234cc``\340\004b&\006&F~&&\001\006\000\001\213\000"
 201      6060E004 
 201      62260626 
 201      467E2626 
 201      01060001 
 202 0016 38       		.ascii	"8"
 203              		.text
 204              		.section	.gnu.lto_.decls.f558c914ae4e9f70,"",%progbits
 205 0000 789CBD58 		.ascii	"x\234\275XkP\024W\026\236\333wx\0143\200\205d\327lQ"
 205      6B501457 
 205      169EDB77 
 205      780C3380 
 205      8564D76C 
 206 0015 B5A9842A 		.ascii	"\265\251\204*\331\037q0\246v\363c\2536\210\272\362\303"
 206      D91F7130 
 206      A676F363 
 206      AB3688BA 
 206      F2C3
 207 0027 841A92D4 		.ascii	"\204\032\222\324\356\376\231\220a\"lxef\\\315\217\255"
 207      EEFE9990 
 207      61226C78 
 207      65665CCD 
 207      8FAD
 208 0039 6D021814 		.ascii	"m\002\030\024\037\250D\021\037 \240\242\202\342\003"
 208      1FA84411 
 208      1F20A0A2 
 208      82E203
 209 0048 50509EF2 		.ascii	"PP\236\362\020\005\315\240\274\004AE\336\362RQ\001e"
 209      1005CDA0 
 209      BC044145 
ARM GAS  /tmp/ccfpCXSz.s 			page 16


 209      DEF25251 
 209      0165
 210 005a CFBDB767 		.ascii	"\317\275\267g\272i\300\244*[\333\305\351\236\323}\356"
 210      BA69C0A4 
 210      2A5BDBC5 
 210      E99ED37D 
 210      EE
 211 006b 779EF7DC 		.ascii	"w\236\367\334{qT(\024\374\022\205\302C\251P\304!\205"
 211      7B715428 
 211      14FC1285 
 211      C243A950 
 211      C42185
 212 007e 62062EF8 		.ascii	"b\006.\370\251(W\210\227#P1P\011P\031P\005\320U\240"
 212      A9285788 
 212      97235031 
 212      50095019 
 212      5005D055 
 213 0093 1B8AB9D7 		.ascii	"\033\212\271\327F\300p\207\347\227@\036@\236@\003@c"
 213      46C07087 
 213      E797401E 
 213      409E4003 
 213      4063
 214 00a5 404B816A 		.ascii	"@K\201j\200\246\200z\201\254@z\240W@\257\201\256\003"
 214      80A6807A 
 214      81AC407A 
 214      A05740AF 
 214      81AE03
 215 00b8 CD007140 		.ascii	"\315\000q@=@\367%\272\225\200\253BL\247\315\016\371"
 215      3D40F725 
 215      BA9580AB 
 215      424CA7CD 
 215      0EF9
 216 00ca 154F64DE 		.ascii	"\025Od\336\240{J\320\345\206D\277*$\330\213\200<\200"
 216      A07B4AD0 
 216      E58644BF 
 216      2A24D88B 
 216      803C80
 217 00dd DE4273B1 		.ascii	"\336Bs\261\267\300;\215\200\275T\202?&\301\214\000\372"
 217      B7C03B8D 
 217      80BD5482 
 217      3F26C18C 
 217      00FA
 218 00ef 06683950 		.ascii	"\006h9P$P\021\274'P\177\207\233\223\020\263h\370m\022"
 218      245011BC 
 218      27507F87 
 218      9B9310B3 
 218      68F86D12 
 219 0103 7410BF6C 		.ascii	"t\020\277l:\345W2FE\345WJ\325\235\250\003A<\320\"\372"
 219      3AE55732 
 219      4645E557 
 219      4AD59DA8 
 219      03413CD0 
 220 0119 16217687 		.ascii	"\026!v\207'!\312\317\330.\304\336\303[\216=\004Q\302"
 220      2721CACF 
 220      D82EC4DE 
 220      C35B8E3D 
 220      0451C2
ARM GAS  /tmp/ccfpCXSz.s 			page 17


 221 012c D88620FB 		.ascii	"\330\206 \373\033N\300\340l\270\364O\000@RT\366\235"
 221      1B4EC0E0 
 221      6CB8F44F 
 221      00405254 
 221      F69D
 222 013e A9B35DCC 		.ascii	"\251\263]\3143\366C2\216\275\342De\222!slU\330?\333"
 222      33F64332 
 222      8EBDE244 
 222      65922173 
 222      6C55D83F 
 223 0153 8D129D44 		.ascii	"\215\022\235DB\020*\2541}.]\350\036|\375\207B\221\344"
 223      42102AAC 
 223      317D2E5D 
 223      E81E7CFD 
 223      874291E4 
 224 0167 0C3186B7 		.ascii	"\0141\206\267\323\333K\0124\230\243\277\223\253\017"
 224      D3DB4B0A 
 224      3498A3BF 
 224      93AB0F
 225 0176 BCE4B017 		.ascii	"\274\344\260\027\375\335\360\272p\334mY\016\317.\347"
 225      FDDDF0BA 
 225      70DC6D59 
 225      0ECF2EE7 
 226 0186 52AC4005 		.ascii	"R\254@\005\010\333\002Z5\363\274\314=\021#\017\027\304"
 226      08DB025A 
 226      35F3BCCC 
 226      3D11230F 
 226      17C4
 227 0198 016B1DBD 		.ascii	"\001k\035\275qH\015\254\247\013Z\004l\316\266\231d\207"
 227      71480DAC 
 227      A70B5A04 
 227      6CCEB699 
 227      6487
 228 01aa 257BC9C0 		.ascii	"%{\311\300\244X~\021\207\276\374\015\272\204\274\320"
 228      A4587E11 
 228      87BEFC0D 
 228      BA84BCD0 
 229 01ba 45E405E6 		.ascii	"E\344\005\346\024!\230$(R\311\220bO<\256vy7\235/\353"
 229      14219824 
 229      2852C990 
 229      624F3CAE 
 229      7679379D 
 230 01d0 E2CB6A0E 		.ascii	"\342\313j\016\371\244\335\330\234p\013\306}I\345P>\302"
 230      F9A4DDD8 
 230      9C700BC6 
 230      7D49E550 
 230      3EC2
 231 01e2 A8102D23 		.ascii	"\250\020-#^\344\023\355\350\002\352B\350<\352\004'\212"
 231      5EE413ED 
 231      E802EA42 
 231      E83CEA04 
 231      278A
 232 01f4 D1BB30FE 		.ascii	"\321\2730\376q\375\271s\3568\007Q\243\337\254\370\312"
 232      71FDB973 
 232      EE380751 
 232      A3DFACF8 
 232      CA
ARM GAS  /tmp/ccfpCXSz.s 			page 18


 233 0205 2CC57712 		.ascii	",\305w\022\012\013\234Aq\027\317\2275_\374\360U^\037"
 233      0A0B9C41 
 233      7117CF97 
 233      355FFCF0 
 233      555E1F
 234 0218 9FE04285 		.ascii	"\237\340B\205\320eQ\353e\301gTB\265\335\357::\256\306"
 234      D06551EB 
 234      65C16754 
 234      42B5DDEF 
 234      3A3AAEC6 
 235 022c 9B59B83A 		.ascii	"\233Y\270:\342wO\273\013\010\343\377N\345+8:\272T\034"
 235      E2774FBB 
 235      0B08E3FF 
 235      4EE52B38 
 235      3ABA541C 
 236 0240 5D6A1B5D 		.ascii	"]j\033]FGgW==\212q*\033=X\233\266W\005\243\323\251\343"
 236      46476757 
 236      3D3D8A71 
 236      2A1B3D58 
 236      9BB65705 
 237 0258 1FF55EE0 		.ascii	"\037\365^\340\371x\260[I1\312E\214r\271\337\025\024"
 237      F978B05B 
 237      4931CA45 
 237      8C72B9DF 
 237      1514
 238 026a AB73F449 		.ascii	"\253s\364I\215\032\037cX\373zJ\247]\005,\353\357S\371"
 238      8D1A1F63 
 238      58FB7A4A 
 238      A75D052C 
 238      EBEF53F9 
 239 027e B2EF793E 		.ascii	"\262\357y>\206YS)\"U\312\221\256R\244\364\224\211~G"
 239      86595329 
 239      2255CA91 
 239      AE52A4F4 
 239      94897E47 
 240 0292 7C8921D5 		.ascii	"|\211!\325W5\2468\341F\312(\017\\-\030V#\225\027\202"
 240      5735A638 
 240      E146CA28 
 240      0F5C2D18 
 240      56239517 
 241 02a7 10229F1F 		.ascii	"\020\"\237\037x\036`c\223`\236\241\025^\310\327K\201"
 241      781E6063 
 241      93609EA1 
 241      155EC8D7 
 241      4B81
 242 02b9 EA900FAA 		.ascii	"\352\220\017\252A\320(P-\210\\\203(\247\362\316\364"
 242      41D02850 
 242      2D885C83 
 242      28A7F2CE 
 242      F4
 243 02ca 4D2A9FC0 		.ascii	"M*\237\300\363\213\350\317c\266\032R\020\026U\0131a"
 243      F38BE8CF 
 243      63B61A52 
 243      1016550B 
 243      3161
 244 02dc 5998A91E 		.ascii	"Y\230\251\036\315q\226f\214\210\210)\273>+e\217{\017"
 244      CD719666 
ARM GAS  /tmp/ccfpCXSz.s 			page 19


 244      8C888829 
 244      BB3E2B65 
 244      8F7B0F
 245 02ef 1D550901 		.ascii	"\035U\011\001\277y\367\317\223B\312@\010U\211nV\331"
 245      BF79F7CF 
 245      9342CA40 
 245      0855896E 
 245      56D9
 246 0301 827E83BA 		.ascii	"\202~\203\272\367S\\\336A\314JU\011\354X}\352C7V\252"
 246      F7535CDE 
 246      41CC4A55 
 246      09EC587D 
 246      EA433756 
 247 0316 EF003B1C 		.ascii	"\357\000;\034\367\250K\315\276.\0016&?s\247\006'a\032"
 247      F7A84BCD 
 247      BE2E0136 
 247      263F73A7 
 247      0627611A 
 248 032a 8BB4F6B1 		.ascii	"\213\264\366\261\\'\374#e\270\246\231\276>\027\244\361"
 248      5C27FC23 
 248      65B8A699 
 248      BE3E17A4 
 248      F1
 249 033b D94AA290 		.ascii	"\331J\242\220\036\313\253\326\222\342j\000K\353\301"
 249      1ECBABD6 
 249      92E26A00 
 249      4BEBC1
 250 034a 52D40891 		.ascii	"R\324\010\221\320k\004\023\250\307e\317\007?<X\302\363"
 250      D06B0413 
 250      A8C765CF 
 250      073F3C58 
 250      C2F3
 251 035c EF202BD2 		.ascii	"\357 +\322\240\237D\373\364\032\346\315\336}'[T\370"
 251      A09F44FB 
 251      F41AE6CD 
 251      DE7D275B 
 251      54F8
 252 036e 1ED3659B 		.ascii	"\036\323e\233A\036l\006\015\036lk\323\340\373\354\333"
 252      411E6C06 
 252      0D1E6C6B 
 252      D3E0FBEC 
 252      DB
 253 037f F99AB11A 		.ascii	"\371\232\261\032\025\356cLj\361\323:\007&\350\014l\353"
 253      15EE634C 
 253      6AF1D33A 
 253      0726E80C 
 253      6CEB
 254 0391 ADBC4437 		.ascii	"\255\274D7<\304\276m\316\254|\351\212G\030\223=\320"
 254      3CC4BE6D 
 254      CEAC7CE9 
 254      8A471893 
 254      3DD0
 255 03a3 398DF138 		.ascii	"9\215\3618c\246.U\361\316\370\031c\216\327\264\326\270"
 255      63A62E55 
 255      F1CEF819 
 255      638ED7B4 
 255      D6B8
ARM GAS  /tmp/ccfpCXSz.s 			page 20


 256 03b5 E3178CB1 		.ascii	"\343\027\214\261\305\303\203\305\343t_\351A\027\026"
 256      C5C383C5 
 256      E3745FE9 
 256      411716
 257 03c4 1E1E66B6 		.ascii	"\036\036f\266\313\217\015\0277!or\371x/\366\366\316"
 257      CB8F0D17 
 257      37216F72 
 257      F9782FF6 
 257      F6CE
 258 03d6 20DE93E9 		.ascii	" \336\223\351r\323\332\307\363\2735\324\2676\360\255"
 258      72D3DAC7 
 258      F3BB35D4 
 258      B736F0AD 
 259 03e6 172D1683 		.ascii	"\027-\026\203\321Bs\267\034n\0126\240\356oP\223q\230"
 259      D14273B7 
 259      1C6E0A36 
 259      A0EE6F50 
 259      937198
 260 03f9 4ADF964B 		.ascii	"J\337\226K\337\224K\217\177*J\267\316\217\335\200D\361"
 260      DF944B8F 
 260      7F2A4AB7 
 260      CE8FDD80 
 260      44F1
 261 040b 0712F1BB 		.ascii	"\007\022\361\273rq\255\\\272M\"\335>\2574\265\204\245"
 261      7271AD5C 
 261      BA4D22DD 
 261      3EAF34B5 
 261      84A5
 262 041d B0E9E6A2 		.ascii	"\260\351\346\242\030\236GDH!\244OaGjj\361\310\210\345"
 262      189E4744 
 262      4821A44F 
 262      61476A6A 
 262      F1C888E5 
 263 0431 6B7D29D4 		.ascii	"k})\324\255\371\275b\232w\321\362\006BJ\005L</\350\301"
 263      ADF9BD62 
 263      9A77D1F2 
 263      06424A05 
 263      4C3C2FE8 
 264 0446 20D1210C 		.ascii	" \321!\014\001\\\364\010\312\247\033y\243\207@]@\017"
 264      015CF408 
 264      CAA71B79 
 264      A387405D 
 264      400F
 265 0458 80FA81FA 		.ascii	"\200\372\201\372\200\356\003\365 o\211\346\012I8\233"
 265      80EE03F5 
 265      206F89E6 
 265      0A49389B 
 266 0468 E48AEFCC 		.ascii	"\344\212\357\314\011\320\244\304\345\346\371\305\251"
 266      09D0A4C4 
 266      E5E6F9C5 
 266      A9
 267 0475 CF90FED7 		.ascii	"\317\220\376\327\373\371Wj\215\244\306\245\262\0124"
 267      FBF9576A 
 267      8DA4C6A5 
 267      B20A34
 268 0484 80347466 		.ascii	"\2004tf\301\223\364\277\332\023\247\310\314Z\352\202"
 268      C193F4BF 
ARM GAS  /tmp/ccfpCXSz.s 			page 21


 268      DA13A7C8 
 268      CC5AEA82 
 269 0494 C842E40E 		.ascii	"\310B\344\016\257\316\014]z\351\312^\321\252\3369\236"
 269      AFCE0C5D 
 269      7AE9CA5E 
 269      D1AADE39 
 269      9E
 270 04a5 E584E394 		.ascii	"\345\204\343\224t\006u\266N\265\273!\027\237\004;\272"
 270      740675B6 
 270      4EB5BB21 
 270      179F043B 
 270      BA
 271 04b6 42346304 		.ascii	"B4c\004\002\000\203H\214\321\020\274\034\204\227,\007"
 271      02008348 
 271      8CD110BC 
 271      1C84972C 
 271      07
 272 04c7 335BDE4B 		.ascii	"3[\336K\313\334A\032\3430rA\217\305y\264\324\205\331"
 272      CBDC411A 
 272      E3307241 
 272      8FC579B4 
 272      D485D9
 273 04da 7C226B57 		.ascii	"|\"kW\206#\276\312\224\024\037xT\305-\244d|A%#\373\337"
 273      8623BECA 
 273      94141F78 
 273      54C52DA4 
 273      647C4125 
 274 04f1 EB6B2173 		.ascii	"\353k!su\014t\214\212:@%y\300[P\224\262\271\375\234"
 274      750C748C 
 274      8A3A4025 
 274      79C05B50 
 274      94B2B9FD 
 275 0506 D225810C 		.ascii	"\322%\201\014`\301\2019#\306\346\011\021\205\012\242"
 275      60C18139 
 275      23C6E609 
 275      11850AA2 
 276 0516 9D8B2CB7 		.ascii	"\235\213,\267\343y\3075lbaI\243\361d\215\346\316\213"
 276      E379C735 
 276      6C626149 
 276      A3F1648D 
 276      E6CE8B
 277 0529 2B931AFC 		.ascii	"+\223\032\374\234\032\255\314\211=9\252D>\254\317\272"
 277      9C1AADCC 
 277      893D39AA 
 277      443EACCF 
 277      BA
 278 053a 48FAE524 		.ascii	"H\372\345$X3!\366K\332TG\377C^\323FK\236\324Q>\223\307"
 278      583321F6 
 278      4BDA5447 
 278      FF435ED3 
 278      464B9ED4 
 279 0552 4BEC5DF9 		.ascii	"K\354]\3719\2709I\255y\011\200/\2309\251\275\247\362"
 279      39B83949 
 279      AD790980 
 279      2F9839A9 
 279      BDA7F2
 280 0565 90479250 		.ascii	"\220G\222P\211\037#\212\375\014\276?\245\326O!\017\233"
ARM GAS  /tmp/ccfpCXSz.s 			page 22


 280      891F238A 
 280      FD0CBE3F 
 280      A5D64F21 
 280      0F9B
 281 0577 0F948111 		.ascii	"\017\224\201\021\273F\307\3678.\350\356\264\315]_\012"
 281      BB46C7F7 
 281      382EE8EE 
 281      B4CD5D5F 
 281      0A
 282 0588 FF7DF1F0 		.ascii	"\377}\361\360\224R\016/\366\361W\024~\232\301\277\242"
 282      94520E2F 
 282      F6F15714 
 282      7E9AC1BF 
 282      A2
 283 0599 F08DF5FD 		.ascii	"\360\215\365\375iXZj\244\215\213\370\257\205R{MK-mz"
 283      69585A6A 
 283      A48D8BF8 
 283      AF85527B 
 283      4D4B2D6D 
 284 05ae 6ABF9B54 		.ascii	"j\277\233T\370\312,\341\031Ax\206\0127\265[STx\232\306"
 284      F8CA2CE1 
 284      19417886 
 284      0A37B55B 
 284      5354789A 
 285 05c3 169DCC3D 		.ascii	"\026\235\314=\234\347\2067;P&\261\242\362\240\243\222"
 285      9CE78637 
 285      3B5026B1 
 285      A2F2A0A3 
 285      92
 286 05d4 53A0180E 		.ascii	"S\240\030\016\263\342\351\331\331W\256\224\256?c\263"
 286      B3E2E9D9 
 286      D957AE94 
 286      AE3F63B3 
 287 05e4 EC8EE5A4 		.ascii	"\354\216\345\244\353\317DZY\206\273\260W\351=\211\207"
 287      EBCF445A 
 287      5986BBB0 
 287      57E93D89 
 287      87
 288 05f5 8E1FDECE 		.ascii	"\216\037\336\316\247\307\360\037\327rD\020\032\246P"
 288      A7C7F01F 
 288      D7724410 
 288      1AA650
 289 0604 37E87B4E 		.ascii	"7\350{NI\270\331\253m\034G\226\243\241c\315\213\360"
 289      49B8D9AB 
 289      6D1C4796 
 289      A3A163CD 
 289      8BF0
 290 0616 A385CCA9 		.ascii	"\243\205\314\251\311\316/GJ\216\225\034\321K\026\367"
 290      C9CE2F47 
 290      4A8E951C 
 290      D14B16F7 
 291 0626 C68C22D7 		.ascii	"\306\214\"\327\00575\011\324\302\0378\301\304\356\370"
 291      05373509 
 291      D4C21F38 
 291      C1C4EEF8 
 292 0636 7B994AC1 		.ascii	"{\231J\301\304\246\272\337\035\213\345\263aX\026\"r"
 292      C4A6BADF 
ARM GAS  /tmp/ccfpCXSz.s 			page 23


 292      1D8BE5B3 
 292      61581622 
 292      72
 293 0647 28DE6EE0 		.ascii	"(\336n\340f00^n\340\026j`\367Tn\221\260 8\002[z#\356"
 293      6630305E 
 293      6EE0166A 
 293      60F7546E 
 293      91B02038 
 294 0660 B27AC12A 		.ascii	"\262z\301*H\344\204*\330\312\3212x\2725\376\271\260"
 294      48E4842A 
 294      D8CAD132 
 294      78BA35FE 
 294      B9B0
 295 0672 D83A9135 		.ascii	"\330:\2215\250\347\340\016\015+\372\217\200=\365 \371"
 295      A8E7E00E 
 295      0D2BFA8F 
 295      803DF520 
 295      F9
 296 0683 FA9C1ADC 		.ascii	"\372\234\032\334\316y\241m\034\001\333\301y\330 )\003"
 296      CE79A16D 
 296      1C01DBC1 
 296      79D82029 
 296      03
 297 0694 23AE75E7 		.ascii	"#\256u\347V\270\341\021\026\256\336\333%[\035\005\337"
 297      56B8E111 
 297      16AEDEDB 
 297      255B1D05 
 297      DF
 298 06a5 9A2FFA66 		.ascii	"\232/\372f\307&\262\360\263j\330\311\331g\355N\271g"
 298      C726B2F0 
 298      B36AD8C9 
 298      D967ED4E 
 298      B967
 299 06b7 49D4B3AE 		.ascii	"I\324\263\256\264\336=\2568\316\221\202\215$\264\035"
 299      B4DE3DAE 
 299      38CE9182 
 299      8D24B41D 
 300 06c7 7715C0AC 		.ascii	"w\025\300\254\2070\3333\035a{\246]\"\324.9\324n\012"
 300      8730DB33 
 300      1D617BA6 
 300      5D22D42E 
 300      39D46E0A 
 301 06db D5DC5311 		.ascii	"\325\334S\021\202\223\034\027\310b\331\365\355\267\035"
 301      82931C17 
 301      C862D9F5 
 301      EDB71D
 302 06ea C53A6939 		.ascii	"\305:i9s\300^'$\015{\354iH\2064\354\221k\370\221j\310"
 302      73C05E27 
 302      240D7BEC 
 302      69488634 
 302      EC916BF8 
 303 0701 A9AF6917 		.ascii	"\251\257i\027\"\231\200\310F\251\2775S\305\370Q\272"
 303      229980C8 
 303      46A9BF35 
 303      53C5F851 
 303      BA
 304 0712 6E4F1F2A 		.ascii	"nO\037*\024xO`_u&%9\261H\247\023\361\373\035\275[\335"
ARM GAS  /tmp/ccfpCXSz.s 			page 24


 304      14784F60 
 304      5F752625 
 304      39B148A7 
 304      13F1FB1D 
 305 0729 F06166E1 		.ascii	"\360af\341PJb\254\373\2029<`\313a=\353\024\267;\036"
 305      504A62AC 
 305      FB82393C 
 305      60CB613D 
 305      EB14B73B 
 306 073e EDD58859 		.ascii	"\355\325\210YR\322R\334\017YJ\241Y:H\263D\007\261\211"
 306      52D252DC 
 306      0F594AA1 
 306      593A48B3 
 306      4407B189 
 307 0752 DFBA4B38 		.ascii	"\337\272K8\011t\021>\337\332<\241\302\331Lq\353\336"
 307      0974113E 
 307      DFDA3CA1 
 307      C2D94C71 
 307      EBDE
 308 0764 AD430E44 		.ascii	"\255C\016Dq,(N\370\331^\014#\262z\316\216\250\244\312"
 308      712C284E 
 308      F8D95E0C 
 308      23B27ACE 
 308      8EA8A4CA 
 309 0778 D3B83728 		.ascii	"\323\2707(o\3549\022'\364\330[\204/\350\271Vm\333\275"
 309      6FEC3912 
 309      27F4D85B 
 309      842FE8B9 
 309      566DDBBD 
 310 078c 90281457 		.ascii	"\220(\024W[\257!\234\313\214\351J\252\234Y8\012Y\266"
 310      5BAF219C 
 310      CB8CE94A 
 310      AA9C5938 
 310      0A59B6
 311 079f 283C6586 		.ascii	"(<e\206<K\312[#\017B\006\330\301\326\313\243\324\216"
 311      3C4BCA5B 
 311      230F4206 
 311      D8C1D6CB 
 311      A3D48E
 312 07b2 2C9B1DFB 		.ascii	",\233\035\373\017\015\234\346\344V/(\235X\225_-\244"
 312      0F0D9CE6 
 312      E4562F28 
 312      9D58955F 
 312      2DA4
 313 07c4 B696F6A0 		.ascii	"\266\226\366\240\327\347\353\234\3609f\345"
 313      D7E7EB9C 
 313      F03966E5 
 314 07d0 9EDD2FEA 		.ascii	"\236\335/\352\234q\001c\012\207O\025\2722\3112)\357"
 314      9C710163 
 314      0A874F15 
 314      BA32C932 
 314      29EF
 315 07e2 29F04F4E 		.ascii	")\360ON\215\036u\304E\202p~\346\210\263\334\344S`\004"
 315      8D1E75C4 
 315      4582707E 
 315      E688B3DC 
 315      E4536004 
ARM GAS  /tmp/ccfpCXSz.s 			page 25


 316 07f6 DB32E572 		.ascii	"\3332\345rb\013&\241\211\311\272\203\345&/(m\233\310"
 316      620B26A1 
 316      89C9BA83 
 316      E5262F28 
 316      6D9BC8
 317 0809 1E6C22A7 		.ascii	"\036l\"\247\274<2\340\212K\230\336\024\353\331\325\266"
 317      BC3C32E0 
 317      8A4B98DE 
 317      14EBD9D5 
 317      B6
 318 081a 1CFFFC7A 		.ascii	"\034\377\374zK\266\361\303\323g\334p%\033]\\x\271Z\330"
 318      4BB6F1C3 
 318      D367DC70 
 318      251B5D5C 
 318      78B95AD8 
 319 082e CFFA9216 		.ascii	"\317\372\222\026\221S\336\240\306\265\354\333tR\332"
 319      9153DEA0 
 319      C6B5ECDB 
 319      7452DA
 320 083d 79156E60 		.ascii	"y\025n`\314\201'\035\375B\301\373\220\3455\363\360n"
 320      CC81271D 
 320      FD42C1FB 
 320      90E535F3 
 320      F06E
 321 084f 156E64DF 		.ascii	"\025nd\337f\222\022\366;\341\026\306$7$g\252q\007c\246"
 321      669212F6 
 321      3BE116C6 
 321      24372467 
 321      AA710763 
 322 0864 FA925B11 		.ascii	"\372\222[\021\033\245\221T\253\247P\255\247'v\354S\343"
 322      1BA59154 
 322      ABA750AD 
 322      A72776EC 
 322      53E3
 323 0876 874CB6B9 		.ascii	"\207L\266\2715\356\222 \253&'\323\234\222\002\207\005"
 323      35EE9220 
 323      AB2627D3 
 323      9C920287 
 323      05
 324 0887 EBA5C456 		.ascii	"\353\245\304V/WX\347;\023\337}\302\031\006{\301f\010"
 324      2F5758E7 
 324      3B13DF7D 
 324      C219067B 
 324      C16608
 325 089a 4976425E 		.ascii	"IvB^l't\241\354I\256\022\367RE\334\331\334\356\177\""
 325      6C2774A1 
 325      EC49AE12 
 325      F75245DC 
 325      D9DCEE7F 
 326 08af 1F17FBFE 		.ascii	"\037\027\373\376\346\356(\331zTB\002\312\305\316\343"
 326      E6EE28D9 
 326      7A544202 
 326      CAC5CEE3 
 327 08bf 45423FCF 		.ascii	"EB?\317\352^\301\371\020P\032\3242\310W)\323\177\"-"
 327      EA5EC1F9 
 327      10501AD4 
 327      32C85729 
ARM GAS  /tmp/ccfpCXSz.s 			page 26


 327      D37F222D 
 328 08d3 FBAA2B1E 		.ascii	"\373\252+\036c\012\356\345\2164`\273\006\330\334\\l"
 328      630AEEE5 
 328      8E3460BB 
 328      06D8DC5C 
 328      6C
 329 08e4 221AAA41 		.ascii	"\"\032\252A\303UQC%\267\200\212\252\371Ul?\235U\352"
 329      C3555143 
 329      25B7808A 
 329      AAF9556C 
 329      3F9D55EA 
 330 08f8 286DDF04 		.ascii	"(m\337\004\257\030\276\027\321\271YCK\246\304\336\030"
 330      AF18BE17 
 330      D1B95943 
 330      4BA6C4DE 
 330      18
 331 0909 AE6E1944 		.ascii	"\256n\031D\254.~\021zCO\342M\265\024\275\366M\350W\254"
 331      AC2E7E11 
 331      7A434FE2 
 331      4DB514BD 
 331      F64DE857 
 332 091e ED1FE397 		.ascii	"\355\037\343\227,o\317\032\332\357#\374\2121q\327\257"
 332      2C6FCF1A 
 332      DAEF23FC 
 332      8A3171D7 
 332      AF
 333 092f 1D77C231 		.ascii	"\035w\3021N\254\361\235\250\257u\304?0\246\273g\362"
 333      4EACF19D 
 333      A8AF75C4 
 333      3F30A6BB 
 333      67F2
 334 0941 22C6DB18 		.ascii	"\"\306\333\030sl(c\273\012\357bL\\\367p\203p\370\332"
 334      736C2863 
 334      BB0AEF62 
 334      4C5CF770 
 334      8370F8DA 
 335 0955 46723735 		.ascii	"Fr75Zp\333V%\344\2205\360\354\321\2143\336G\205\177"
 335      5A70DB56 
 335      25E49035 
 335      F0ECD18C 
 335      33DE4785 
 336 096a 7BD67A23 		.ascii	"{\326z#]E\216D\213\275\305\313Gxf\360\3111\020\360A"
 336      5D458E44 
 336      8BBDC5CB 
 336      477866F0 
 336      C93110F0 
 337 097f BCBFBE0E 		.ascii	"\274\277\276\016\312\246\002\241c\234\007\312\204\230"
 337      CAA602A1 
 337      639C07CA 
 337      8498
 338 098d 37718BED 		.ascii	"7q\213\355\035\001\035\341$G\2368\0301\256\207[\014"
 338      1D011DE1 
 338      24479E38 
 338      1831AE87 
 338      5B0C
 339 099f AC77207D 		.ascii	"\254w }Y\220\266\371>\373\200\224\034\013\373\3770\266"
 339      5990B6F9 
ARM GAS  /tmp/ccfpCXSz.s 			page 27


 339      3EFB8094 
 339      1C0BFBFF 
 339      30B6
 340 09b1 A1275336 		.ascii	"\241'S6[\220\266O\272\343\334\002\007\217\237\000\357"
 340      5B90B64F 
 340      BAE3DC02 
 340      078F9F00 
 340      EF
 341 09c2 16FD48E4 		.ascii	"\026\375H\344\311\251\343\001d\342\021\347\215Z\201"
 341      C9A9E301 
 341      64E211E7 
 341      8D5A81
 342 09d1 1E02F501 		.ascii	"\036\002\365\001\335\005j\007\272\015\324\015\324\003"
 342      DD056A07 
 342      BA0DD40D 
 342      D403
 343 09df D409741F 		.ascii	"\324\011t\037\250\013\250\031\250\027\250\037\250\015"
 343      A80BA819 
 343      A817A81F 
 343      A80D
 344 09ed E80E5023 		.ascii	"\350\016P#P\013\320=\240\016\316vR\211\003K\037\204"
 344      500BD03D 
 344      A00ECE76 
 344      5289034B 
 344      1F84
 345 09ff 324BCF82 		.ascii	"2K\317\202\245\347\344\226\236\221F\201\304\315\032"
 345      A5E7E496 
 345      9E914681 
 345      C4CD1A
 346 0a0e 1643A5D3 		.ascii	"\026C\245\323!\012\207\005i[\357G\207f\305\014\260\353"
 346      210A8705 
 346      695BEF47 
 346      8766C50C 
 346      B0EB
 347 0a20 F4227683 		.ascii	"\364\"v\203\034{\326\271\217\304l2T\214\331\211\371"
 347      1C7BD6B9 
 347      8FC46C32 
 347      548CD989 
 347      F9
 348 0a31 6326C17E 		.ascii	"c&\301~ \301\276.\227\276\203d\322\003\022\351\272\371"
 348      20C1BE2E 
 348      97BE8364 
 348      D20312E9 
 348      BAF9
 349 0a43 A56DA650 		.ascii	"\245m\246P\3600Q\334*\027\337+5\205\314\3366!(\260\364"
 349      F03051DC 
 349      2A17DF2B 
 349      3585CCDE 
 349      362128B0 
 350 0a58 A1547950 		.ascii	"\241TyP\366qr\360:I\304\013\345\340\005s\304\333$\342"
 350      F67172F0 
 350      3A49C40B 
 350      E5E00573 
 350      C4DB24E2 
 351 0a6c 17E4E2E7 		.ascii	"\027\344\342\347\347\210[%\342\371\363\213K\216\317"
 351      E7885B25 
 351      E2F9F38B 
ARM GAS  /tmp/ccfpCXSz.s 			page 28


 351      4B8ECF
 352 0a7b 13F73CE8 		.ascii	"\023\367<\350\361\031\244f\037\237\011TS\247';>\023"
 352      F119A466 
 352      1F9F0954 
 352      53A7273B 
 352      3E13
 353 0a8d AC7A3956 		.ascii	"\254z9V\213<\306\223\222\030_\222K\337C\362tW\350\305"
 353      8B3CC693 
 353      92185F92 
 353      4BDF43F2 
 353      7457E8C5 
 354 0aa1 74DF9CB7 		.ascii	"t\337\234\2678$\330\025\022\257.\316\0373i\266%\322"
 354      3824D815 
 354      12AF2ECE 
 354      1F3369B6 
 354      25D2
 355 0ab3 79F3D7F4 		.ascii	"y\363\327\364\254\010K\014\2771\277\233v\303I'\010e"
 355      AC084B0C 
 355      BF31BF9B 
 355      76C34927 
 355      0865
 356 0ac5 E986FD04 		.ascii	"\351\206\375\004\312\021\304m\3132:)\332B:f\347\217"
 356      CA11C46D 
 356      CB323A29 
 356      DA423A66 
 356      E78F
 357 0ad7 0D4AFC98 		.ascii	"\015J\374\230\266%\256\243\377B\242\032-\366\231w\312"
 357      B625AEA3 
 357      FF42A21A 
 357      2DF69977 
 357      CA
 358 0ae8 A32198E9 		.ascii	"\243!\230\351\377\217Y\317\362>\334\357\010\307W4\010"
 358      FF8F59CF 
 358      F23EDCEF 
 358      08C75734 
 358      08
 359 0af9 0A07C4E5 		.ascii	"\012\007\304\345\206T\001\265;\263\347A\245Rz\230\033"
 359      865401B5 
 359      3BB3E741 
 359      A5527A98 
 359      1B
 360 0b0a E4A4FF64 		.ascii	"\344\244\377dx\314\261\303\034<\347;\371\025\315:\371"
 360      78CCB1C3 
 360      1C3CE73B 
 360      F915CD3A 
 360      F9
 361 0b1b 0D0BC2C3 		.ascii	"\015\013\302\303T\270r\242)\327\011O\260\256n\255:p"
 361      54B872A2 
 361      29D7094F 
 361      B0AE6EAD 
 361      3A70
 362 0b2d 46653F2E 		.ascii	"Fe?.x\247\315>.\214\210\206\215\310w\340\243t\007~\354"
 362      78A7CD3E 
 362      2E8C8886 
 362      8DC877E0 
 362      A374077E 
 363 0b42 F98B4437 		.ascii	"\371\213D7\274\305\231\3757\255\341E\251\355\337\324"
ARM GAS  /tmp/ccfpCXSz.s 			page 29


 363      BCC599FD 
 363      37ADE145 
 363      A9EDDFD4 
 364 0b52 D6D4D9C7 		.ascii	"\326\324\331\307\2051\021jL\0165\316\275\253x[\037\035"
 364      8531116A 
 364      4C0E35CE 
 364      BDAB785B 
 364      1F1D
 365 0b64 65B2E8C3 		.ascii	"e\262\350\303L\337\352\215\321a\341Q\3537\030\227E\007"
 365      4CDFEA8D 
 365      D161E151 
 365      EB371897 
 365      4507
 366 0b76 9B2CCB7C 		.ascii	"\233,\313|WjC\243\"\214\332`\303F\355*\243\371\033K"
 366      576A43A3 
 366      228CDA60 
 366      C346ED2A 
 366      A3F91B4B 
 367 0b8a 54B476ED 		.ascii	"T\264v\355'AZc\304W\306\220\020c\2106\312\2545DEDDE"
 367      27415A63 
 367      C457C690 
 367      10638836 
 367      CAAC3544 
 368 0ba2 6A098259 		.ascii	"j\011\202Y\353\247[\347\277n\223\326\020j\2102\031\365"
 368      EBA75BE7 
 368      BF6E93D6 
 368      106A8832 
 368      19F5
 369 0bb4 FFFA53C4 		.ascii	"\377\372S\3042\203\363_?\371\374\035\377\345\313\025"
 369      3283F35F 
 369      3FF9FC1D 
 369      FFE5CB15 
 370 0bc4 FEBF1E4B 		.ascii	"\376\277\036K\361\026\263\324\2741\314b\010\325\177"
 370      F116B3D4 
 370      BC31CC62 
 370      08D57F
 371 0bd3 6D8A8AD0 		.ascii	"m\212\212\320\207\231M\277\0369T\261\230!\0337\205Y"
 371      87994DBF 
 371      1E3954B1 
 371      98211B37 
 371      8559
 372 0be5 ECB8EAA0 		.ascii	"\354\270\352\240/\374\365k\203#C\302\215&\217\2711z"
 372      2FFCF56B 
 372      832343C2 
 372      8D268FB9 
 372      317A
 373 0bf7 DB101A64 		.ascii	"\333\020\032d\010\0150\007\232\214\306\210hKXT\244\316"
 373      080D3007 
 373      9A8CC688 
 373      684B5854 
 373      A4CE
 374 0c09 F8ED8630 		.ascii	"\370\355\2060\2231\304A\2772**\374\217?o\226\311\242"
 374      9331C441 
 374      BF322A2A 
 374      FC8F3F6F 
 374      96C9A2
 375 0c1c 0D8B3484 		.ascii	"\015\2134\204o\0101\2025fCh\010X\242\334\024m69\233"
ARM GAS  /tmp/ccfpCXSz.s 			page 30


 375      6F083182 
 375      35664368 
 375      0858A2DC 
 375      146D3639 
 376 0c31 8CEB834D 		.ascii	"\214\353\203M\021z\313_~\215o\200\306E\033\034\303M"
 376      117ACB5F 
 376      7E8D6F80 
 376      C6451B1C 
 376      C34D
 377 0c43 7A4B6808 		.ascii	"zKh\0106-\377\2003\255\340Lp_\316\231|\325\202\303\026"
 377      362DFF80 
 377      33ADE04C 
 377      705FCE99 
 377      7CD582C3 
 378 0c58 8365938B 		.ascii	"\203e\223\213^\277!,\322\262\342\003\275\345C\355\006"
 378      5EBF212C 
 378      D2B2E203 
 378      BDE543ED 
 378      06
 379 0c69 B3490BBA 		.ascii	"\263I\013\272\337\217\214\2124\276o\014\376*\314ncD"
 379      DF8F8C8A 
 379      34BE6F0C 
 379      FE2ACC6E 
 379      6344
 380 0c7b B021342C 		.ascii	"\260!4,\322\250\325\207\030\277\016\336\020n\321[\276"
 380      D2A8D587 
 380      18BF0EDE 
 380      106ED15B 
 380      BE
 381 0c8c 8B369A41 		.ascii	"\2136\232A\213\263m\364\037\3360\332\374\235Y\2537["
 381      8BB36DF4 
 381      1FDE30DA 
 381      FC9D59AB 
 381      375B
 382 0c9e 424094B8 		.ascii	"B@\224\270i\010\0156\251\364\372\365F\213>0(\32058|"
 382      69080D36 
 382      A9F4FAF5 
 382      468B3E30 
 382      28D03538 
 383 0cb3 63F07766 		.ascii	"c\360wf}Xd8h\010\374\305^\203\375\304g\255\377\272\240"
 383      7D586438 
 383      6808FCC5 
 383      5E83FDC4 
 383      67ADFFBA 
 384 0cc8 8020AD3F 		.ascii	"\200 \255?8\255\015\260E4\302\034f\326\2577\030@\033"
 384      38AD0DB0 
 384      4534C21C 
 384      66D6AF37 
 384      18401B
 385 0cdb 28323345 		.ascii	"(23E\236\324\355\015\221\341Q\206o\304LK^\2722\321\225"
 385      9ED4ED0D 
 385      91E15186 
 385      6FC44C4B 
 385      5EBA32D1 
 386 0cf0 7E41AB03 		.ascii	"~A\253\003u\001*\335\352\240\325\272/V\257\362U\006"
 386      75012ADD 
 386      EAA0D5BA 
ARM GAS  /tmp/ccfpCXSz.s 			page 31


 386      2F56AFF2 
 386      5506
 387 0d02 04F9E994 		.ascii	"\004\371\351\224\353\326\255\321a\277U:\274\012\236"
 387      EBD6ADD1 
 387      61BF553A 
 387      BC0A9E
 388 0d11 816B744A 		.ascii	"\201ktJ\2775A:\345\3125~:\007\370\004\002\253\010\277"
 388      BF35413A 
 388      E5CA357E 
 388      3A07F804 
 388      02AB08BF 
 389 0d25 96DCFCE1 		.ascii	"\226\334\374\341\346\020\264\326?H\207\203\326\006\252"
 389      E610B4D6 
 389      3F488783 
 389      D606AA
 390 0d34 58883FD2 		.ascii	"X\210?\322[\234\204'\366\367\207/\376:\007\277\000\235"
 390      5B9C8427 
 390      F6F7872F 
 390      FE3A07BF 
 390      009D
 391 0d46 BF4EF9C5 		.ascii	"\277N\371\305g\237\352\224\001 \355\340\037\370y\300"
 391      679FEA94 
 391      0120EDE0 
 391      1FF879C0 
 392 0d56 2AB8FBF9 		.ascii	"*\270\373\371\353>\375\237\004\202\224\271!b\005IT\220"
 392      EB3EFD9F 
 392      048294B9 
 392      21620549 
 392      5490
 393 0d68 FF4AFD67 		.ascii	"\377J\375g\2205\017\352\361\254 \250\354\257\376\013"
 393      90350FEA 
 393      F1AC20A8 
 393      ECAFFE0B 
 394 0d78 9D9781F8 		.ascii	"\235\227\201\370"
 395              		.text
 396              		.section	.gnu.lto_.symtab.f558c914ae4e9f70,"",%progbits
 397 0000 5356435F 		.ascii	"SVC_Handler\000"
 397      48616E64 
 397      6C657200 
 398 000c 00       		.ascii	"\000"
 399 000d 00       		.ascii	"\000"
 400 000e 00       		.ascii	"\000"
 401 000f 00000000 		.ascii	"\000\000\000\000\000\000\000\000"
 401      00000000 
 402 0017 C2000000 		.ascii	"\302\000\000\000"
 403 001b 5F706F72 		.ascii	"_port_irq_epilogue\000"
 403      745F6972 
 403      715F6570 
 403      696C6F67 
 403      756500
 404 002e 00       		.ascii	"\000"
 405 002f 00       		.ascii	"\000"
 406 0030 00       		.ascii	"\000"
 407 0031 00000000 		.ascii	"\000\000\000\000\000\000\000\000"
 407      00000000 
 408 0039 C4000000 		.ascii	"\304\000\000\000"
 409 003d 5F706F72 		.ascii	"_port_switch_from_isr\000"
ARM GAS  /tmp/ccfpCXSz.s 			page 32


 409      745F7377 
 409      69746368 
 409      5F66726F 
 409      6D5F6973 
 410 0053 00       		.ascii	"\000"
 411 0054 02       		.ascii	"\002"
 412 0055 00       		.ascii	"\000"
 413 0056 00000000 		.ascii	"\000\000\000\000\000\000\000\000"
 413      00000000 
 414 005e BE000000 		.ascii	"\276\000\000\000"
 415 0062 5F706F72 		.ascii	"_port_exit_from_isr\000"
 415      745F6578 
 415      69745F66 
 415      726F6D5F 
 415      69737200 
 416 0076 00       		.ascii	"\000"
 417 0077 02       		.ascii	"\002"
 418 0078 00       		.ascii	"\000"
 419 0079 00000000 		.ascii	"\000\000\000\000\000\000\000\000"
 419      00000000 
 420 0081 C0000000 		.ascii	"\300\000\000\000"
 421 0085 63685363 		.ascii	"chSchIsPreemptionRequired\000"
 421      68497350 
 421      7265656D 
 421      7074696F 
 421      6E526571 
 422 009f 00       		.ascii	"\000"
 423 00a0 02       		.ascii	"\002"
 424 00a1 00       		.ascii	"\000"
 425 00a2 00000000 		.ascii	"\000\000\000\000\000\000\000\000"
 425      00000000 
 426 00aa CC000000 		.ascii	"\314\000\000\000"
 427              		.text
 428              		.section	.gnu.lto_.opts,"",%progbits
 429 0000 272D666D 		.ascii	"'-fmath-errno' '-fsigned-zeros' '-ftrapping-math' '"
 429      6174682D 
 429      6572726E 
 429      6F272027 
 429      2D667369 
 430 0033 2D666E6F 		.ascii	"-fno-trapv' '-fno-openmp' '-fno-openacc' '-mcpu=cor"
 430      2D747261 
 430      70762720 
 430      272D666E 
 430      6F2D6F70 
 431 0066 7465782D 		.ascii	"tex-m3' '-mno-thumb-interwork' '-mthumb' '-O2' '-fo"
 431      6D332720 
 431      272D6D6E 
 431      6F2D7468 
 431      756D622D 
 432 0099 6D69742D 		.ascii	"mit-frame-pointer' '-falign-functions=16' '-ffuncti"
 432      6672616D 
 432      652D706F 
 432      696E7465 
 432      72272027 
 433 00cc 6F6E2D73 		.ascii	"on-sections' '-fdata-sections' '-fno-common' '-flto"
 433      65637469 
 433      6F6E7327 
ARM GAS  /tmp/ccfpCXSz.s 			page 33


 433      20272D66 
 433      64617461 
 434 00ff 2700     		.ascii	"'\000"
 435              		.text
 436              		.comm	__gnu_lto_v1,1,1
 437              		.comm	__gnu_lto_slim,1,1
 438              		.ident	"GCC: (GNU Tools for Arm Embedded Processors 7-2017-q4-major) 7.2.1 20170904 (release) [ARM
ARM GAS  /tmp/ccfpCXSz.s 			page 34


DEFINED SYMBOLS
                            *ABS*:0000000000000000 chcore_v7m.c
                            *COM*:0000000000000001 __gnu_lto_v1
                            *COM*:0000000000000001 __gnu_lto_slim

NO UNDEFINED SYMBOLS
