ARM GAS  /tmp/cc0pDLc0.s 			page 1


   1              		.cpu cortex-m3
   2              		.eabi_attribute 20, 1
   3              		.eabi_attribute 21, 1
   4              		.eabi_attribute 23, 3
   5              		.eabi_attribute 24, 1
   6              		.eabi_attribute 25, 1
   7              		.eabi_attribute 26, 1
   8              		.eabi_attribute 30, 2
   9              		.eabi_attribute 34, 1
  10              		.eabi_attribute 18, 4
  11              		.file	"chdynamic.c"
  12              		.section	.gnu.lto_.profile.dda4147f3487a60d,"",%progbits
  13 0000 789C6363 		.ascii	"x\234cc```\001bF\206\014\003\000\001x\000\244"
  13      60606001 
  13      6246860C 
  13      03000178 
  13      00A4
  14              		.text
  15              		.section	.gnu.lto_.icf.dda4147f3487a60d,"",%progbits
  16 0000 789C6363 		.ascii	"x\234cc``\340c@\000&\206O}\233\37703\256>5\371\016\037"
  16      6060E063 
  16      40002686 
  16      4F7D9BFF 
  16      3033AE3E 
  17 0018 030030B5 		.ascii	"\003\0000\265\006<"
  17      063C
  18              		.text
  19              		.section	.gnu.lto_.jmpfuncs.dda4147f3487a60d,"",%progbits
  20 0000 789C858F 		.ascii	"x\234\205\217=\012\302P\020\204g\336\313\317S\220\\"
  20      3D0AC250 
  20      108467DE 
  20      CBCF5390 
  20      5C
  21 0011 20E0513C 		.ascii	" \340Q<\207GIe\245\010\266b!\271\203\205\177\210M\020"
  21      87474965 
  21      A508B662 
  21      21B98385 
  21      7F884D10 
  22 0025 45B0F122 		.ascii	"E\260\361\"\226\202\010B\334\215& Q\\\230bavf\277\000"
  22      96820842 
  22      DC8D2620 
  22      515C9862 
  22      617666BF 
  23 003a 4097A8C6 		.ascii	"@\227\250\306 `1\035\246\026\275\324RdDV\344\211|\017"
  23      2060311D 
  23      A616BDD4 
  23      52644456 
  23      E4897C0F 
  24 004e E4D08C2D 		.ascii	"\344\320\214-\027\373\343\300\215lj\365b\316\230\231"
  24      17FBE3C0 
  24      8D6C6AF5 
  24      62CE9899 
  25 005e 47887299 		.ascii	"G\210r\231\010\024\307\354\262\271\267\324\021\022\\"
  25      0814C7EC 
  25      B2B9B7D4 
  25      11125C
  26 006d 304669D1 		.ascii	"0Fi\321\236jy\250\237\2328\351\357\316\241\372\235\370"
ARM GAS  /tmp/cc0pDLc0.s 			page 2


  26      9E6A79A8 
  26      9F9A38E9 
  26      EFCEA1FA 
  26      9DF8
  27 007f 9792280A 		.ascii	"\227\222(\012L\002\3423\333$\004\352u\323\355\365\344"
  27      4C02E233 
  27      DB2404EA 
  27      75D3EDF5 
  27      E4
  28 0090 EB79838E 		.ascii	"\353y\203\216\253w\235+\352\350\027Pm\001h\376\004:"
  28      AB779D2B 
  28      EAE81750 
  28      6D0168FE 
  28      043A
  29 00a2 E4B72C7A 		.ascii	"\344\267,z\001\031\256k@\177\011\312\227\315\227\227"
  29      0119AE6B 
  29      407F09CA 
  29      97CD9797 
  30 00b2 F104A81A 		.ascii	"\361\004\250\032[$"
  30      5B24
  31              		.text
  32              		.section	.gnu.lto_.inline.dda4147f3487a60d,"",%progbits
  33 0000 789C6363 		.ascii	"x\234cc``\010g@\000&\006\011)CF\006&\211\206\365\214"
  33      60600867 
  33      40002606 
  33      09294346 
  33      06268986 
  34 0016 0C6C0BE4 		.ascii	"\014l\013\344\231@\202\314<@\211\011~`\232\221\201\225"
  34      994082CC 
  34      3C408909 
  34      7E609A91 
  34      8195
  35 0028 0F2832C1 		.ascii	"\017(2\301\017\310g\204\250\225>q\204\221\201}\207\032"
  35      0FC86784 
  35      A8953E71 
  35      8491817D 
  35      871A
  36 003a 16B56012 		.ascii	"\026\265`\022\310\003\000\347\203\012\211"
  36      C80300E7 
  36      830A89
  37              		.text
  38              		.section	.gnu.lto_.pureconst.dda4147f3487a60d,"",%progbits
  39 0000 789C6363 		.ascii	"x\234cc```\007b&\206]\214\214\273\030\001\005\342\001"
  39      60606007 
  39      6226865D 
  39      8C8CBB18 
  39      0105E201 
  40 0014 87       		.ascii	"\207"
  41              		.text
  42              		.section	.gnu.lto_chThdCreateFromHeap.dda4147f3487a60d,"",%progbits
  43 0000 789C8D55 		.ascii	"x\234\215U[LTW\024=\373\236;3\027\006|\225Zk\214\305"
  43      5B4C5457 
  43      143DFB9E 
  43      3B331706 
  43      7C955A6B 
  44 0016 B4444DAC 		.ascii	"\264DM\254\267?\246|5i\350\207&\2451\322\244\037mbp"
  44      B73FA67C 
ARM GAS  /tmp/cc0pDLc0.s 			page 3


  44      3569E887 
  44      26A531D2 
  44      A41F6D62 
  45 002b 1885B4E3 		.ascii	"\030\205\264\343Lf\260j\177\270\002>(\305\250\225)\035"
  45      4C66B06A 
  45      7FB8023E 
  45      28C5A895 
  45      291D
  46 003d 46C45A2A 		.ascii	"F\304Z*\015\361YD\221\207#(\340\003E\212V\005\221\207"
  46      0DF15944 
  46      91872328 
  46      E003458A 
  46      56059187 
  47 0051 A0C03055 		.ascii	"\240\3000UK\2145>\272\367\271\227\006\006k\235d&\367"
  47      4B8C353E 
  47      BAF7B997 
  47      06066B9D 
  47      6426F7
  48 0064 9EB3D6DA 		.ascii	"\236\263\326\332\373\354\275\366\0313cl\245\302\330"
  48      FBECBDF6 
  48      1933636C 
  48      A5C2D8
  49 0073 C7C0D822 		.ascii	"\307\300\330\"|\006\023\003i\333E\3066(\222$\027\230"
  49      7C061303 
  49      69DB45C6 
  49      36289224 
  49      1798
  50 0085 9916C91F 		.ascii	"\231\026\311\03752\246Eq\220\365u\031\200\0364\005X"
  50      3532A645 
  50      7190F575 
  50      19801E34 
  50      0558
  51 0097 86C465C8 		.ascii	"\206\304e\310\200\357\370N\016\227\263\017\371y.\367"
  51      80EFF84E 
  51      0E97B30F 
  51      F9792EF7 
  52 00a7 730632BE 		.ascii	"s\0062\276\336o\366\365N\242W\200X|\015\206\032\312"
  52      DE6FF6F5 
  52      4EA25780 
  52      587C0D86 
  52      1ACA
  53 00b9 A3E6EFD3 		.ascii	"\243\346\357\323\264L-\360C\233\271\260\274E\213\360"
  53      B44C2DF0 
  53      439BB9B0 
  53      BC458BF0 
  54 00c9 73897911 		.ascii	"s\211y\021^\016\263\3407\230E\321\217\302|\004\227\207"
  54      5E0EB3E0 
  54      379845D1 
  54      8FC27C04 
  54      9787
  55 00db 0A1E44F0 		.ascii	"\012\036D\360x`\370|\275\271\361\351\244\271%\2028R"
  55      7860F87C 
  55      BDB9F1E9 
  55      A4B92582 
  55      3852
  56 00ed C2B577FC 		.ascii	"\302\265w\374\234C\005\360\261D\\bp\014\346\"\374\247"
  56      9C4305F0 
ARM GAS  /tmp/cc0pDLc0.s 			page 4


  56      B1445C62 
  56      700CE622 
  56      FCA7
  57 00ff 0D57CE47 		.ascii	"\015W\316G\363\017\004\265+g\177\236lPo\357\023T\031"
  57      F30F04B5 
  57      2B677F9E 
  57      6C506FEF 
  57      135419
  58 0112 8E875365 		.ascii	"\216\207Se\006\225\202\232\331Sq\025x\202\240\2369U"
  58      0695829A 
  58      D9537115 
  58      7882A09E 
  58      3955
  59 0124 FA38DAA0 		.ascii	"\3728\332\240v\372\246\227di\213\375\334\004'\302\311"
  59      76FAA697 
  59      64698BFD 
  59      DC0427C2 
  59      C9
  60 0135 58AD2A41 		.ascii	"X\255*A.\313\2743\314\371bA\356i\352\336i2\310\027\364"
  60      2ECBBC33 
  60      CCF96241 
  60      EE69EADE 
  60      6932C817 
  61 014a B866A80E 		.ascii	"\270f\250\016\247\232\031\324\010\352\205\301\252\243"
  61      A79A19D4 
  61      08EA85C1 
  61      AAA3
  62 0158 0A4F14D4 		.ascii	"\012O\024\324'-\265\307\243\014j\277o\366\317\"\256"
  62      272DB5C7 
  62      A30C6ABF 
  62      6FF6CF22 
  62      AE
  63 0169 056AC3C9 		.ascii	"\005j\303\311\026\006'\005yH\313\255\001\276T\220K\266"
  63      16062705 
  63      7948CBAD 
  63      01BE5490 
  63      4BB6
  64 017b 3E3A2C8D 		.ascii	">:,\215\306\375E\304U \020NU\030\234\202\271\204\017"
  64      C6FD45C4 
  64      5520104E 
  64      55189C82 
  64      B9840F
  65 018e 65F77559 		.ascii	"e\367uY\365\216\315\300\327C\325\331\303F\307\002@\225"
  65      F58ECDC0 
  65      D743D5D9 
  65      C346C702 
  65      4095
  66 01a0 EFAE0E45 		.ascii	"\357\256\016E\362O\205\364\376\333\035k\342\366j\001"
  66      F24F85F4 
  66      FEDB1D6B 
  66      E2F66A01 
  67 01b0 4D0B840A 		.ascii	"M\013\204\012g\357\320\264&M\366\363\0108\255\253\327"
  67      67EFD0B4 
  67      264DF6F3 
  67      0838ADAB 
  67      D7
  68 01c1 A37A9DE8 		.ascii	"\243z\235\350 #t`\250\267L\346\237\011\346\257\333w"
ARM GAS  /tmp/cc0pDLc0.s 			page 5


  68      20237460 
  68      A8B74CE6 
  68      9F09E6AF 
  68      DB77
  69 01d3 5598914A 		.ascii	"U\230\221JI=\364M\333\223\245S\025h\030\237\230A=\335"
  69      493DF44D 
  69      DB93A553 
  69      1568189F 
  69      98413DDD 
  70 01e7 F7A4D5CA 		.ascii	"\367\244\325\312?\027\324\241-M\373\024\203\032\362"
  70      3F17D4A1 
  70      2D4DFB14 
  70      831AF2
  71 01f6 CD1CA54A 		.ascii	"\315\034\245J\320\364Bj\317\341g\371\321f\031\316B\034"
  71      D0F4426A 
  71      CFE167F9 
  71      D16619CE 
  71      421C
  72 0208 34E2F70C 		.ascii	"4\342\367\014\304\221\275\320U\347\300\014\377\002\262"
  72      C491BDD0 
  72      55E7C00C 
  72      FF02B2
  73 0217 35FC041A 		.ascii	"5\374\004\032\212\314b\335\313a\014\227\301y\204^\000"
  73      8ACC62DD 
  73      CB610C97 
  73      C179845E 
  73      00
  74 0228 330B83FF 		.ascii	"3\013\203\377U8o9\243\015/z\226J}\256\365\244\225\357"
  74      55386F39 
  74      A30D2F7A 
  74      964A7DAE 
  74      F5A495EF 
  75 023c 04FD8807 		.ascii	"\004\375\210\007\366\024D\031y\336)\233\267++7O+\316"
  75      F6144419 
  75      79DE299B 
  75      B72B2B37 
  75      4F2BCE
  76 024f 9CE2E791 		.ascii	"\234\342\347\221p\361%\231\352\312\241]\350\347K\230"
  76      70F12599 
  76      EACAA15D 
  76      E8E74B98 
  77 025f 2A34933A 		.ascii	"*4\223:\037\227M\013fs\031\263\241\037\034P>\366l\007"
  77      1F974D0B 
  77      667319B3 
  77      A11F1C50 
  77      3EF66C07 
  78 0273 5B4D01ED 		.ascii	"[M\001\355\331\363\3158O3|\035\003Co\317\004\354\256"
  78      D9F3CD38 
  78      4F337C1D 
  78      03436FCF 
  78      04ECAE
  79 0286 55C21FC9 		.ascii	"U\302\037\311\0044\016f gc\277\221\021\001d\324h \317"
  79      04340E66 
  79      206763BF 
  79      91110164 
  79      D46820CF 
  80 029a 4D0632CF 		.ascii	"M\0062\317T \037\3040\322dl\013\026\012\247Z\013\260"
ARM GAS  /tmp/cc0pDLc0.s 			page 6


  80      54201FC4 
  80      30D2646C 
  80      0B160AA7 
  80      5A0BB0
  81 02ad 1C3C213E 		.ascii	"\034<!>e\005X\0206\025\367\346Y\250L>\256`^\225\225"
  81      65055810 
  81      3615F7E6 
  81      59A84C3E 
  81      AE605E95 
  82 02c2 C1764BC6 		.ascii	"\301vK\306SM\361\363(/\016\016\203V\310`>n\362q3n\373"
  82      534DF1F3 
  82      282F0E0E 
  82      8356C860 
  82      3E6EF271 
  83 02d9 AA46CE99 		.ascii	"\252F\316\231\310@\321\240\300\3570\313\317'\261~\310"
  83      C840D1A0 
  83      C0EF30CB 
  83      CF27B17E 
  83      C8
  84 02ea 8C15F5C7 		.ascii	"\214\025\365\307\034P\204\365A\366\215\372\213\205Q"
  84      1C5084F5 
  84      41F68DFA 
  84      8B8551
  85 02f9 86282CD4 		.ascii	"\206(,\324\213\222\203\007\307k\006\203\016B\246o\240"
  85      8B928307 
  85      C76B0683 
  85      0E42A66F 
  85      A0
  86 030a A6D74A00 		.ascii	"\246\327J\000\324\334\346-\312\265\250\357\322\360\341"
  86      D4DCE62D 
  86      CAB5A8EF 
  86      D2F0E1
  87 0319 99F3A99D 		.ascii	"\231\363\251\235\014\332@\365\361\010\202z#\302qV\035"
  87      0CDA40F5 
  87      F108827A 
  87      23C27156 
  87      1D
  88 032a 0784BB42 		.ascii	"\007\204\273B8\005qY\376My\2251zL\300%\314\227\330m"
  88      38057159 
  88      FE4D7995 
  88      317A4CC0 
  88      25CC97D8 
  89 033f DFDE3C56 		.ascii	"\337\336<V\015\377\241 \221\302UR\000\221\324\204Hf"
  89      0DFFA120 
  89      91C25552 
  89      0091D484 
  89      4866
  90 0351 1D271CF6 		.ascii	"\035'\034\366\007\341\242_\214\263\3508\231p\327\010"
  90      07E1A25F 
  90      8CB3E838 
  90      9970D708 
  91 0361 37791C6E 		.ascii	"7y\034n\244\364~;\020N\321q&\302]'\334T\254\236\364"
  91      A4F47E3B 
  91      104ED171 
  91      26C25D27 
  91      DC54AC9E 
  92 0376 0283F95E 		.ascii	"\002\203\371^n0\270\001qH\332<\240\325\310\324\215H"
ARM GAS  /tmp/cc0pDLc0.s 			page 7


  92      6E30B801 
  92      7148DA3C 
  92      A0D5C8D4 
  92      8D48
  93 0388 888576DC 		.ascii	"\210\205v\334\033\302\033noQ\371\255\360Q\370\376\270"
  93      1BC21B6E 
  93      6F51F9AD 
  93      F051F8FE 
  93      B8
  94 0399 C51805D3 		.ascii	"\305\030\005\323D\333/\370\202A\007\355M\030\211\336"
  94      44DB2FF8 
  94      824107ED 
  94      4D1889DE 
  95 03a9 B279859C 		.ascii	"\262y\205\234b1\2709\321\271\235\330\362[\344\334[\344"
  95      6231B839 
  95      D1B99DD8 
  95      F25BE4DC 
  95      5BE4
  96 03bb 5C608725 		.ascii	"\\`\207%\272\234w\037y\0249\247N\332\255\025\304\372"
  96      BA9C771F 
  96      791439A7 
  96      4EDAAD15 
  96      C4FA
  97 03cd B10C74B1 		.ascii	"\261\014t\261\364Vi\212\214\265\206.\230#\206\343^\260"
  97      F456698A 
  97      8CB5862E 
  97      982386E3 
  97      5EB0
  98 03df AD5DC215 		.ascii	"\255]\302\025\350\006Y\344\315\240G\374\243\224\326"
  98      E80659E4 
  98      CDA047FC 
  98      A394D6
  99 03ee D6F745CD 		.ascii	"\326\367E\3159c\260\247\020\366\301\201#W\254\202\335"
  99      3963B0A7 
  99      10F6C181 
  99      2357AC82 
  99      DD
 100 03ff 4B6CB80D 		.ascii	"Kl\270\015\262p\234\250\001C\003gw\345\336\254\007\275"
 100      B2709CA8 
 100      01430367 
 100      77E5DEAC 
 100      07BD
 101 0411 F131E31D 		.ascii	"\3611\343\035<\325\213\267(\203>t0n\364o\337\236\303"
 101      3CD58BB7 
 101      28833E74 
 101      306EF46F 
 101      DF9EC3
 102 0424 71033FC5 		.ascii	"q\003?\305\217\301\317\247Q3\210\307\240\0372\374\374"
 102      8FC1CFA7 
 102      513388C7 
 102      A01F32FC 
 102      FC
 103 0435 35D22D9E 		.ascii	"5\322-\236)\254|\226\254\034CM\034\271\333\271\327b"
 103      29AC7C96 
 103      AC1C434D 
 103      1CB9DBB9 
 103      D762
ARM GAS  /tmp/cc0pDLc0.s 			page 8


 104 0447 F4D1BBB1 		.ascii	"\364\321\273\261\356\222\205\352-\211K\241\272\256\271"
 104      EE9285EA 
 104      2D894BA1 
 104      BAAEB9
 105 0456 C15C0C45 		.ascii	"\301\\\014E\033Hq\272\237\307 \005\356\320qp\263m\363"
 105      1B4871BA 
 105      9FC72005 
 105      EED07170 
 105      B36DF3
 106 0469 B54EABBA 		.ascii	"\265N\253\272\237\242\341Q^\207\273P\014\371Xb\314g"
 106      9FA2E151 
 106      5E87BB50 
 106      0CF95862 
 106      CC67
 107 047b 0054FA07 		.ascii	"\000T\372\007<\335\270I!\261\351\0000\210\254 l,~\276"
 107      3CDDB849 
 107      21B1E900 
 107      3088AC20 
 107      6C2C7EBE 
 108 048f 958B8CC6 		.ascii	"\225\213\214\306\237\343\015/Z\234\301\220\230D:\343"
 108      9FE30D2F 
 108      5A9CC190 
 108      98443AE3 
 109 049f C160E5DF 		.ascii	"\301`\345\337\321\304\235\201\205\017\322\030\276)\214"
 109      D1C49D81 
 109      850FD218 
 109      BE298C
 110 04ae 44B7CCD8 		.ascii	"D\267\314\330<#q{\330\360\305\236\242\362\267\364K\306"
 110      3C23717B 
 110      D8F0C59E 
 110      A2F2B7F4 
 110      4BC6
 111 04c0 68D5B3DD 		.ascii	"h\325\263\335\335\265\326\321.\014\213.\204D\027\302"
 111      DDB5D6D1 
 111      2E0C8B2E 
 111      844417C2 
 112 04d0 4BFEA75E 		.ascii	"K\376\247^\362\256\373\371'V\211\020\3728\313\306\035"
 112      F2AEFBF9 
 112      27568910 
 112      FA38CBC6 
 112      1D
 113 04e1 3208751D 		.ascii	"2\010u\035\242\376TO\244\377\330\025\330a\212\257\320"
 113      A2FE544F 
 113      A4FFD815 
 113      D8618AAF 
 113      D0
 114 04f2 B6608D23 		.ascii	"\266`\215#\030\334\203x\026\302\334|b\334\036\202D%"
 114      18DC8378 
 114      16C2DC7C 
 114      62DC1E82 
 114      4425
 115 0504 923A5B0A 		.ascii	"\222:[\012\343\361,\374\306\343\026\300\233\011H\013"
 115      E3F12CFC 
 115      C6E316C0 
 115      9B09480B 
 116 0514 F717A9A9 		.ascii	"\367\027\251\251N\207]M\266\255U?\262{\276Lw\272\324"
 116      4E875D4D 
ARM GAS  /tmp/cc0pDLc0.s 			page 9


 116      B6AD553F 
 116      B27BBE4C 
 116      77BAD4
 117 0527 C59F24A9 		.ascii	"\305\237$\251v\307\012{J\212=EuzTw\272\352q\333T[j\312"
 117      76C70A7B 
 117      4A8A3D45 
 117      757A5477 
 117      BAEA71DB 
 118 053f FAD5C98E 		.ascii	"\372\325\311\2164\333B\0333\245\332\223].\331\223\366"
 118      34DB421B 
 118      33A5DA93 
 118      5D2ED993 
 118      F6
 119 0550 8D5DC635 		.ascii	"\215]\3065\273\354r\2479%\327J\236\354^%\245\247\360"
 119      BBEC72A7 
 119      3925D74A 
 119      9EEC5E25 
 119      A5A7F0
 120 0563 B51E9794 		.ascii	"\265\036\227\224\356z5\355\264\325\266\257\326\244\330"
 120      EE7A35ED 
 120      B4D5B6AF 
 120      D6A4D8
 121 0572 51DFB3DE 		.ascii	"Q\337\263\336\2630\225YV${\354K\335i\011\377\317\266"
 121      B3309559 
 121      56247BEC 
 121      4BDD6909 
 121      FFCFB6
 122 0585 391D0EE7 		.ascii	"9\035\016\347j\325\345t\247{\324\017\227%&$\256C\031"
 122      6AD5E574 
 122      A77BD40F 
 122      97252624 
 122      AE4319
 123 0598 9BD36D5F 		.ascii	"\233\323m_\376\365\373\016\324Z\372\312\032\366u\351"
 123      FEF5FB0E 
 123      D45AFACA 
 123      1AF675E9 
 124 05a8 A4A02624 		.ascii	"\244\240&$&-IR\023PB]2\232\230\303\223\346Y\276\312"
 124      262D4952 
 124      1350425D 
 124      329A98C3 
 124      93E659BE 
 125 05bd 6643C129 		.ascii	"fC\301)\211I\313b)A<\360\202\330\270\367\230\344f\026"
 125      8949CB62 
 125      29413CF0 
 125      82D8B8F7 
 125      98E46616 
 126 05d1 87DDE174 		.ascii	"\207\335\341t\257g\377\000{?\027["
 126      AF67FF00 
 126      7B3F175B 
 127              		.text
 128              		.section	.gnu.lto_chThdCreateFromMemoryPool.dda4147f3487a60d,"",%progbits
 129 0000 789C8D55 		.ascii	"x\234\215U[L\024W\030>\377\234\331\331\205\005\361B"
 129      5B4C1457 
 129      183EFF9C 
 129      D9D98505 
 129      F142
 130 0012 ADA5A6C5 		.ascii	"\255\245\246\305\244DM\254\323\027S\222\276\264\301"
ARM GAS  /tmp/cc0pDLc0.s 			page 10


 130      A4444DAC 
 130      D3175392 
 130      BEB4C1
 131 0021 269A94D6 		.ascii	"&\232\224\326\310S\223&\006\227\255\222v]\262\213U\237"
 131      C8539326 
 131      0697AD92 
 131      765DB28B 
 131      559F
 132 0033 1801158B 		.ascii	"\030\001\025\213m\324\312j\327A\327\032\252B\274\026"
 132      6DD4CA6A 
 132      D741D71A 
 132      AA42BC16 
 133 0043 2920E08A 		.ascii	") \340\212\212\324\012\"\305+w\020\224\213x\251\261"
 133      8AD40A22 
 133      C52B7710 
 133      948B78A9 
 133      B1
 134 0054 D65AEDFF 		.ascii	"\326Z\355\377\237\031\210,\324v\037&s\346|\337w\376"
 134      9F19882C 
 134      D4761F26 
 134      73E67CDF 
 134      77FE
 135 0066 CBF79F55 		.ascii	"\313\367\237U\030cA\033c\363\201\261y\370\016\026\006"
 135      1863411B 
 135      63F381B1 
 135      79F80E16 
 135      06
 136 0077 D2E67AC6 		.ascii	"\322\346z\306\326\332$I\336\2410-\234?>\307\230\026"
 136      D6DA2449 
 136      DEA1302D 
 136      9C3F3EC7 
 136      9816
 137 0089 C14136BE 		.ascii	"\301A6\276\313\000\364\242\331\200eH\\\206\014\330\304"
 137      CB00F4A2 
 137      D9806548 
 137      5C860CD8 
 137      C4
 138 009a B771B894 		.ascii	"\267q\270\224}D\347\271\\\347\014d\\\336\257\363wO\240"
 138      7D44E7B9 
 138      5CE70C64 
 138      5CDEAFF3 
 138      774FA0
 139 00ad 25402C2E 		.ascii	"%@,.\007\207j\212#f\357\323\264L-\270\2751|gq\203\026"
 139      07876A8A 
 139      2366EFD3 
 139      B44C2DB8 
 139      BD317C67 
 140 00c4 A67389F9 		.ascii	"\246s\211\371\020^\014\323\341'\230N\247\037\207\331"
 140      105E0CD3 
 140      E127984E 
 140      A71F87D9 
 141 00d4 08BE5D5A 		.ascii	"\010\276]Z\223c\343\361\300\360\375\257\265m\007&\314"
 141      9363E3F1 
 141      C0F0FDAF 
 141      B56D0726 
 141      CC
 142 00e5 2C10C49B 		.ascii	",\020\304\233?r\355-\235s(\001\376\"\021?1\370\031f"
ARM GAS  /tmp/cc0pDLc0.s 			page 11


 142      3F72ED2D 
 142      9D732801 
 142      FE22113F 
 142      31F81966 
 143 00f9 223CB3AB 		.ascii	"\"<\263\253\344\012\360\367\004\365\354\251\375O\"\207"
 143      E40AF0F7 
 143      04F5ECA9 
 143      FD4F2287 
 144 0109 A9D3FC5A 		.ascii	"\251\323\374ZP\3261\334\322P\256\314\240Lp\2132o\335"
 144      50D631DC 
 144      D250AECC 
 144      A04C708B 
 144      326FDD
 145 011c E1FC7DC1 		.ascii	"\341\374}\301\355\252\355\334f1\271W\012c\012\262\264"
 145      EDAAEDDC 
 145      6631B957 
 145      0A630AB2 
 145      B4
 146 012d 053AB740 		.ascii	"\005:\267@y(\031\313uB\220/\364\2378n\343\037\012\362"
 146      792819CB 
 146      7542902F 
 146      F49F386E 
 146      E31F0AF2 
 147 0141 D386AAD2 		.ascii	"\323\206\252\322\010\223\334\262O\304\254@E(UaP)\250"
 147      0893DCB2 
 147      4FC4AC40 
 147      45285561 
 147      5029A8
 148 0154 035A6E25 		.ascii	"\003Zn%\360\005\202Z\360\355\343\243\222I\0354c\266"
 148      F005825A 
 148      F0EDE3A3 
 148      92491D34 
 148      63B6
 149 0166 425528D7 		.ascii	"BU(\327\312\340$\314$\302PvO\207\335(\3734\\\036\251"
 149      CAE024CC 
 149      24C25076 
 149      4F87DD28 
 149      FB345C1E 
 150 017b C8BE6396 		.ascii	"\310\276c\226=\010\270\276\336Y1\024\316?\022\332\007"
 150      3D08B8BE 
 150      DE593114 
 150      CE3F12DA 
 150      07
 151 018c 6FB6AC8C 		.ascii	"o\266\254\214\333\253\0055-8T\364\306VM\253\325P\335"
 151      DBAB0535 
 151      2D3854F4 
 151      C6564DAB 
 151      D550DD
 152 019f 06D586FA 		.ascii	"\006\325\206\372)T\017\21260B\007\007\272\213d\376\211"
 152      29540F8A 
 152      36304207 
 152      07BA8B64 
 152      FE89
 153 01b1 601ED892 		.ascii	"`\036\330\222_\242 \225\242\352-\234\274'\313\240Z\341"
 153      5FA22095 
 153      A2EA2D9C 
 153      BC27CBA0 
ARM GAS  /tmp/cc0pDLc0.s 			page 12


 153      5AE1
 154 01c3 CCE8C04C 		.ascii	"\314\350\300L\352\231\236\247\215v\236$\250\0039\265"
 154      EA999EA7 
 154      8D769E24 
 154      A80339B5 
 155 01d3 FB6C26B5 		.ascii	"\373l&\265\2550f\230*A\315\270\324\256\243\317\362\""
 155      AD306698 
 155      2A41CDB8 
 155      D4AEA3CF 
 155      F222
 156 01e5 1519CE41 		.ascii	"\025\031\316A\034\234\205\270\000\"NC\034\331\004\335"
 156      1C9C85B8 
 156      00224E43 
 156      1CD904DD 
 157 01f5 510B0A8C 		.ascii	"Q\013\012\214`\2625\374\005\353\017)\342\273\217\303"
 157      60B235FC 
 157      05EB0F29 
 157      E2BB8FC3 
 158 0205 0B7406BF 		.ascii	"\013t\006\277 \364<(,\004\376\273\177\326\022F\033>"
 158      20F43C28 
 158      2C04FEBB 
 158      7FD61246 
 158      1B3E
 159 0217 F41E95FB 		.ascii	"\364\036\225\373|\343I;\337\004F\226\207\366\354\210"
 159      7CE3493B 
 159      DF044696 
 159      87F6EC88 
 160 0227 3043BD55 		.ascii	"0C\275U8+?+\367\033-\2209Q\347ap\341%\301\032\312C\371"
 160      382B3F2B 
 160      F71B2D90 
 160      3951E761 
 160      70E125C1 
 161 023f E8CB3A0C 		.ascii	"\350\313:\014\025~%u>*\232z\214\346\"FC\017\0344>\234"
 161      157E2575 
 161      3E2A9A7A 
 161      8CE62246 
 161      430F1C34 
 162 0255 1EE576B8 		.ascii	"\036\345v\270\321\022\324\236=\337\200s\021]X\274\276"
 162      D112D49E 
 162      3DDF8073 
 162      115D58BC 
 162      BE
 163 0266 AE557E1D 		.ascii	"\256U~\035\260\303\341\022>\354\034\037\222\002dn\033"
 163      B0C3E112 
 163      3EEC1C1F 
 163      9202646E 
 163      1B
 164 0277 23461890 		.ascii	"#F\030\220Y#\201\\\027\005d\240I@V\210f\244\311X\016"
 164      5923815C 
 164      170564A0 
 164      49405688 
 164      66A4C958 
 165 028c 160AA753 		.ascii	"\026\012\247S\013\262\215\230!\276e\005\331 d\007\272"
 165      0BB28D98 
 165      21BE6505 
 165      D9206407 
 165      BA
ARM GAS  /tmp/cc0pDLc0.s 			page 13


 166 029d F3AC5426 		.ascii	"\363\254T&?\267a\\ee\203\315\326\214\2775\233\316#|"
 166      3FB7615C 
 166      656583CD 
 166      D68CBF35 
 166      9BCE237C 
 167 02b1 E87F060D 		.ascii	"\350\177\006\015\220\301\374\\\321y$\353\205\314XQi"
 167      90C1FC5C 
 167      D17924EB 
 167      85CC5851 
 167      69
 168 02c2 3C0DE1AC 		.ascii	"<\015\341\254\007\262o\234\256/\2120\3510\327H\177#"
 168      07B26F9C 
 168      AE2F8A30 
 168      E930D748 
 168      7F23
 169 02d4 A6881703 		.ascii	"\246\210\027\003\312\367C\246\277\257\262\307N\000\024"
 169      CAF743A6 
 169      BFAFB2C7 
 169      4E0014
 170 02e3 DFECDB95 		.ascii	"\337\354\333\225kU\337\246Q\303\354\362\250q\014.\201"
 170      6B55DFA6 
 170      51C3ECF2 
 170      A8710C2E 
 170      81
 171 02f4 EAE76104 		.ascii	"\352\347a\004\365\205\205\342\354\006\016\010\327H8"
 171      F58585E2 
 171      EC060E08 
 171      D74838
 172 0303 1BE1CAFB 		.ascii	"\033\341\312\373j{\246\030gR\317}\353\252/Z\311\327"
 172      6A7BA618 
 172      6752CF7D 
 172      EBAA2F5A 
 172      C9D7
 173 0315 469F2BAA 		.ascii	"F\237+\252\353j\224\000\354Z\213\245\217\325\371\004"
 173      EB6A9400 
 173      EC5A8BA5 
 173      8FD5F904 
 174 0325 8C1D7EA3 		.ascii	"\214\035~\243\306\340^\323\206kmv\365\240flEA\023\004"
 174      C6E05ED3 
 174      866B6D76 
 174      F5A0666C 
 174      45411304 
 175 0339 200F8B81 		.ascii	" \017\213\201\362\227AE\355,}\375\247\206\262\204\207"
 175      F2974145 
 175      ED2C7DFD 
 175      A786B284 
 175      87
 176 034a A13E9DD7 		.ascii	"\241>\235\327\364u\353\325\012\370\227\330\204\373\256"
 176      F475EBD5 
 176      0AF897D8 
 176      84FBAE
 177 0359 506C9248 		.ascii	"Pl\222HwL\016\026\003'\023\356*\341\"\307\307)\006\316"
 177      774C0E16 
 177      032713EE 
 177      2AE122C7 
 177      C72906CE 
 178 036d 42B86B84 		.ascii	"B\270k\204\213\032\205{\270\377~3\020\316j\340\024\302"
ARM GAS  /tmp/cc0pDLc0.s 			page 14


 178      8B1A857B 
 178      B8FF7E33 
 178      10CE6AE0 
 178      14C2
 179 037f 5D27DC24 		.ascii	"]'\334$\354\2134\216I\375/7)\334\2008$m\350\323*e\252"
 179      EC8B348E 
 179      49FD2F37 
 179      29DC8038 
 179      246DE8D3 
 180 0396 5E18C442 		.ascii	"^\030\304B3\356\015\340E\331\235_\334\036:N\337\225"
 180      33EE0DE0 
 180      45D99D5F 
 180      DC1E3A4E 
 180      DF95
 181 03a8 DACD71B2 		.ascii	"\332\315q\262\214\035\2359\2371h\241\2751c\325]8k'\247"
 181      8C1D9D39 
 181      9F3168A1 
 181      BD3163D5 
 181      5D386B27 
 182 03bd B318B48E 		.ascii	"\263\030\264\216u\177\033\232\251\235\334\337N\356\007"
 182      757F1B9A 
 182      A99DDCDF 
 182      4EEE07
 183 03cc 7640C2DD 		.ascii	"v@\302\335\037v\037{\034>\243\\\332\255\355\300.M\024"
 183      1F761F7B 
 183      1C3EA35C 
 183      DAADEDC0 
 183      2E4D14
 184 03df F753F709 		.ascii	"\367S\367\011\315&c\243\240\003f\210V\336\033lj\226"
 184      CD2663A3 
 184      A0036688 
 184      56DE1B6C 
 184      6A96
 185 03f1 F00B7482 		.ascii	"\360\013t\202,\342f\320%\376]\366W\235\356\211\230Q"
 185      2CE266D0 
 185      25FE5DF6 
 185      579DEE89 
 185      9851
 186 0403 69B22711 		.ascii	"i\262'\021\366\301\241c\227\355\202\335Ml\270\011\262"
 186      F6C1A163 
 186      97ED82DD 
 186      4D6CB809 
 186      B2
 187 0414 F0B2A801 		.ascii	"\360\262\250\001\243!\350\310m=\013F\343\243GO\301d"
 187      A321E8C8 
 187      6D3D0B46 
 187      E3A3474F 
 187      C164
 188 0426 1FDEA80C 		.ascii	"\037\336\250\014zp\012p\243w\313\226\215\0347\360\027"
 188      7A700A70 
 188      A377CB96 
 188      8D1C37F0 
 188      17
 189 0437 78023A9F 		.ascii	"x\002:\237B\315 \036\203^\310\320y4\351\006b\304\220"
 189      42CD201E 
 189      835EC8D0 
 189      7934E906 
ARM GAS  /tmp/cc0pDLc0.s 			page 15


 189      62C490
 190 044a 9CA32189 		.ascii	"\234\243!\211\246&>\274\335V`5\3738\342Vi\214[\003S"
 190      A6263EBC 
 190      DD566035 
 190      FB38E256 
 190      698C5B03 
 191 045f 75FE0A52 		.ascii	"u\376\012R\340\326\270v\235\012\267\205]\255\324\274"
 191      E0D6B876 
 191      9D0AB785 
 191      5DADD4BC 
 192 046f 3E50E96F 		.ascii	">P\351o\354\371\037\301(\022{\025$\350G\226\030\270"
 192      ECF91FC1 
 192      28127B15 
 192      24E84796 
 192      18B8
 193 0481 F691C35E 		.ascii	"\366\221\303^\252^T\365\360\221eD\335\012\003B\335F"
 193      AA5E54F5 
 193      F0916544 
 193      DD0A0342 
 193      DD46
 194 0493 EA83E42B 		.ascii	"\352\203\344+\005\013\263.\260w;\027\371\215\256\312"
 194      050BB32E 
 194      B0773B17 
 194      F98DAECA 
 195 04a3 341F01E1 		.ascii	"4\037\001\341\216\270\033\250b\207\007\313\376\214\244"
 195      8EB81BA8 
 195      628707CB 
 195      FE8CA4
 196 04b2 485EC336 		.ascii	"H^\3036\016\301t\235\307\010[\322\275\367b\326a\270"
 196      0EC1749D 
 196      C7085BD2 
 196      BDF762D6 
 196      61B8
 197 04c4 7DD77459 		.ascii	"}\327tYg~\361\233\306\265g6\376\331\356\316*\373pO\357"
 197      677EF19B 
 197      C6B56736 
 197      FED9EECE 
 197      2AFB704F 
 198 04d9 8A9EDE13 		.ascii	"\212\236\336\023=\015m\340}\243\201\035G\363\312\227"
 198      3D0D6DE0 
 198      7DA3811D 
 198      47F3CA97 
 199 04e9 89238C6B 		.ascii	"\211#\214kG6o\265~\250n\021\335\244\356 \375\373\216"
 199      47366FB5 
 199      7EA86E11 
 199      DDA4EE20 
 199      FDFB8E
 200 04fc E0564B7C 		.ascii	"\340VK|\211\226\203\035\303\273\362\001\304\263!\214"
 200      8996831D 
 200      C3BBF201 
 200      C4B3218C 
 201 050c CD2F86F7 		.ascii	"\315/\206\367\021p*\211\324\326P\024\217\271\360'\345"
 201      11702A89 
 201      D4D65014 
 201      8FB9F027 
 201      E5
 202 051d 9700EF4A 		.ascii	"\227\000\357J -<q\236\272\334\355r\252\311\216U\352"
ARM GAS  /tmp/cc0pDLc0.s 			page 16


 202      202D3C71 
 202      9EBADCED 
 202      72AAC98E 
 202      55EA
 203 052f 7CA7F78B 		.ascii	"|\247\367\213tw\232\272\340\343$\325\351Z\352LIq\246"
 203      74779ABA 
 203      E0E324D5 
 203      E95AEA4C 
 203      4971A6
 204 0542 A86EAFEA 		.ascii	"\250n\257\352IW\275\036\207\352X\236\262fE\262+\325"
 204      4957BD1E 
 204      87EA589E 
 204      B26645B2 
 204      2BD5
 205 0554 31D7C124 		.ascii	"1\327\301$W\232\214\357N9\315\223\352\226\322>\347\311"
 205      579A8CEF 
 205      4E39CD93 
 205      EA96D23E 
 205      E7C9
 206 0566 9E65527A 		.ascii	"\236eRz\012_\345M\223\322\323\376\237f\352\012\307\227"
 206      0A5FE54D 
 206      93D2D3FE 
 206      9F66EA0A 
 206      C797
 207 0578 2B539CA8 		.ascii	"+S\234\250\353]\343\235\273\234Y\227&{\235\213<\251"
 207      EB5DE39D 
 207      BB9C5997 
 207      267B9D8B 
 207      3CA9
 208 058a 09FFCD76 		.ascii	"\011\377\315v\270].\367\0125\315\355I\367\252\037,N"
 208      B85D2EF7 
 208      0A35CDED 
 208      49F7AA1F 
 208      2C4E
 209 059c 4C485C8D 		.ascii	"LH\\\2152\016\267\307\271\344\253w]\250\265\350\177"
 209      320EB7C7 
 209      B9E4AB77 
 209      5DA8B5E8 
 209      7F
 210 05ad 6B3857A7 		.ascii	"k8W\247\223\202\232\220\230\2640IM@\011u\341p`.o\252"
 210      93829A90 
 210      98B43049 
 210      4D400975 
 210      E170602E 
 211 05c3 77C93287 		.ascii	"w\3112\207\003\005'&&-\216\245\0001\3419\261q\3570\311"
 211      03052726 
 211      262D8EA5 
 211      0031E139 
 211      B171EF30 
 212 05d8 C3AC2EA7 		.ascii	"\303\254.\247\313\355Y\303\376\001\200\2734\342"
 212      CBED59C3 
 212      FE0180BB 
 212      34E2
 213              		.text
 214              		.section	.gnu.lto_.symbol_nodes.dda4147f3487a60d,"",%progbits
 215 0000 789C55C9 		.ascii	"x\234U\311+\016\200@\020\003\320v?\034\203\263\300\311"
 215      2B0E8040 
ARM GAS  /tmp/cc0pDLc0.s 			page 17


 215      1003D076 
 215      3F1C83B3 
 215      C0C9
 216 0012 661D090A 		.ascii	"f\035\011\012\215\346\024h4\216_@ \366\034\204\001\014"
 216      8DE61468 
 216      348E5F40 
 216      20F61C84 
 216      010C
 217 0024 2B9A36AF 		.ascii	"+\2326\257\031\200V\0033Q\200f\004\264\372P\252\314"
 217      19805603 
 217      33518066 
 217      04B4FA50 
 217      AACC
 218 0036 1426C28D 		.ascii	"\024&\302\215b^\001B(\024V\212M`\241\270\004v\212\377"
 218      625E0142 
 218      2814568A 
 218      4D60A1B8 
 218      04768AFF 
 219 004a 83854377 		.ascii	"\203\205Cw^\264\272\206\352\310-\014\272Z\233\376s}"
 219      5EB4BA86 
 219      EAC82D0C 
 219      BA5A9BFE 
 219      737D
 220 005c E2E33488 		.ascii	"\342\3434\210\352\270\001\373\244(V"
 220      EAB801FB 
 220      A42856
 221              		.text
 222              		.section	.gnu.lto_.refs.dda4147f3487a60d,"",%progbits
 223 0000 789C6363 		.ascii	"x\234cc```\004b\006\000\000D\000\010"
 223      60606004 
 223      62060000 
 223      440008
 224              		.text
 225              		.section	.gnu.lto_.decls.dda4147f3487a60d,"",%progbits
 226 0000 789CB53A 		.ascii	"x\234\265:iTTg\226\365\275\2576\212\002\322`\367\330"
 226      69545467 
 226      96F5BDAF 
 226      368A02D2 
 226      60F7D8
 227 0013 69CE4C3A 		.ascii	"i\316L:\207\236\320\323\035\211I:\235\236\323\247'\031"
 227      879ED0D3 
 227      1D89493A 
 227      9D9ED3A7 
 227      2719
 228 0025 7BA69373 		.ascii	"{\246\223s:99\355\364\231\2239g\272\232\024\025!a\233"
 228      3A3939ED 
 228      F4999339 
 228      67BA9A14 
 228      1521619B 
 229 0039 AA32C6F9 		.ascii	"\2522\306\371\323\305\342\012\210\010\"kD\004A\026\305"
 229      D3C5E20A 
 229      8808226B 
 229      44044116 
 229      C5
 230 004a 05514045 		.ascii	"\005Q@EPd\021\004\027pc\021\025\021\005A\020\024\024"
 230      50641104 
 230      17706311 
ARM GAS  /tmp/cc0pDLc0.s 			page 18


 230      15110541 
 230      101414
 231 005d E67ECBAB 		.ascii	"\346~\313\253\367\252\250r\351>S\207\313{\367{\367\273"
 231      F7AAA872 
 231      E93E5387 
 231      CB7BF77B 
 231      F7BB
 232 006f FBBDDFF7 		.ascii	"\373\275\337\367\026\265\002~K\025\012\215V\241\320"
 232      16B5027E 
 232      4B150A8D 
 232      56A1D0
 233 007e 0A0AC53C 		.ascii	"\012\012\305<\3740\014\235\000\360\004(E\354\374\327"
 233      FC300C9D 
 233      00F00428 
 233      45ECFCD7 
 234 008e 70BC45C6 		.ascii	"p\274E\306\341h\200\243?\200\032\340\034\340\237\303"
 234      E16880A3 
 234      3F801AE0 
 234      1CE09FC3 
 235 009e 711829E8 		.ascii	"q\030)\350\217\214=\204\363\247\000\202\300xz\003\370"
 235      8F8C3D84 
 235      F3A70082 
 235      C0787A03 
 235      F8
 236 00af 0A8A05BF 		.ascii	"\012\212\005\277\273 \350U8\372\002,\002\370\012\271"
 236      BB20E855 
 236      38FA022C 
 236      02F80AB9 
 237 00bf 97D709C7 		.ascii	"\227\327\011\307\0018\276\013G?\201\311\364\202\343"
 237      0138BE0B 
 237      473F81C9 
 237      F482E3
 238 00ce F7015E05 		.ascii	"\367\001^\005\370\221\300t\321\300\361k8\376\0301\035"
 238      F891C074 
 238      D1C0F16B 
 238      38FE1831 
 238      1D
 239 00df FD05A613 		.ascii	"\375\005\246\023\202\243\006\216-0\336\004\320\016\320"
 239      82A3068E 
 239      2D30DE04 
 239      D00ED0
 240 00ee 0AD00670 		.ascii	"\012\320\006p\032 \023\300\203\353\376\017@\373c\200"
 240      1A2013C0 
 240      83EBFE0F 
 240      40FB6380 
 241 00fe 37B8EE3F 		.ascii	"7\270\356?\005\370\031\267Epa\307,\330\361#';\210?\334"
 241      05F819B7 
 241      457061C7 
 241      2CD8F123 
 241      273B883F 
 242 0113 D9F039B7 		.ascii	"\331\3609\267\343\347\300\353{\000C\334\346\227\261"
 242      E3E7C0EB 
 242      7B0043DC 
 242      E697B1
 243 0122 C54366CB 		.ascii	"\305Cf\313-7\366\204s\233\236:\331\344\353\302&\022"
 243      2D37F684 
 243      739B9E3A 
ARM GAS  /tmp/cc0pDLc0.s 			page 19


 243      D9E4EBC2 
 243      2612
 244 0134 BE5F38D9 		.ascii	"\276_8\331\226\206Qg|E\016N\300\310W\207\224\200\216"
 244      96865167 
 244      7C450E4E 
 244      C0C85787 
 244      94808E
 245 0147 B765DDF0 		.ascii	"\267e\335\360\006t\221\016\275\006hV\315d\213\212]\325"
 245      0674910E 
 245      BD066856 
 245      CD648B8A 
 245      5DD5
 246 0159 027A6EEC 		.ascii	"\002zn\354L\256'C_\001\364\320`s\243\216\021\333\020"
 246      4CAE2743 
 246      5F01F4D0 
 246      6073A38E 
 246      11DB10
 247 016c E055A3A5 		.ascii	"\340U\243\245U^\014\257#\274\217L\330\016za\001\221"
 247      555E0CAF 
 247      23BC8F4C 
 247      D80E7A61 
 247      0191
 248 017e F393937D 		.ascii	"\363\223\223}\273\364\330\203\236?\350-.\361\300\336"
 248      BBF4D883 
 248      9E3FE82D 
 248      2EF1C0DE 
 249 018e F4BCA769 		.ascii	"\364\274\247iw)\221\377\271\016\221\314\364\201\241"
 249      772991FF 
 249      B90E91CC 
 249      F481A1
 250 019d BDF78E3C 		.ascii	"\275\367\216<\366bC\204\342P\361\265t\204\027\321\363"
 250      F6624384 
 250      E250F1B5 
 250      748417D1 
 250      F3
 251 01ae 63558F7C 		.ascii	"cU\217|\227\224\331\330O\233\211\025\350\030\302\242"
 251      9794D9D8 
 251      4F9B8915 
 251      E818C2A2 
 252 01be 29058FEF 		.ascii	")\005\217\357W\351\361\037\010\241\320\3261]\255E\272"
 252      57E9F11F 
 252      08A1D0D6 
 252      315DAD45 
 252      BA
 253 01cf C0F5365B 		.ascii	"\300\3656[\254-/\316\346\361\221\002\035D\376\350\000"
 253      AC2D2FCE 
 253      E6F19102 
 253      1D44FEE8 
 253      00
 254 01e0 F257A07A 		.ascii	"\362W\240z\024H\230\037GK\024\350(\014\326\302\340."
 254      1448981F 
 254      474B14E8 
 254      280CD6C2 
 254      E02E
 255 01f2 C2B1EE6C 		.ascii	"\302\261\356l\366\3535\2756\333k\350\004\002\033\020"
 255      F6EB35BD 
 255      36DB6BE8 
ARM GAS  /tmp/cc0pDLc0.s 			page 20


 255      04021B10 
 256 0202 A634E0BB 		.ascii	"\2464\340\273\317uL\304\346k\217k=q\"\242\312\024\256"
 256      CF754CC4 
 256      E66B8F6B 
 256      3D7122A2 
 256      CA14AE
 257 0215 BD78DB1B 		.ascii	"\275x\333\033\2470\244\254>\263\305\023\3472$?\346b"
 257      A730A4AC 
 257      3EB3C513 
 257      E732243F 
 257      E662
 258 0227 AB17CE67 		.ascii	"\253\027\316gH\337lo%\306E\014)\231\233l\361\301e\014"
 258      48DF6C6F 
 258      25C6450C 
 258      29999B6C 
 258      F1C1650C 
 259 023b B9FA5DE3 		.ascii	"\271\372]\343\035=\256fH\316\315\244M*%\011\024\221"
 259      1D3DAE66 
 259      48CECDA4 
 259      4D2A2509 
 259      1491
 260 024d 1DA92463 		.ascii	"\035\251$c\015\345\263u\230\216\201\272-\210\216\335"
 260      0DE5B375 
 260      988E81BA 
 260      2D888EDD 
 261 025d 6C1CB9A9 		.ascii	"l\034\271\251\261\323\265\262\301S\363\323u>,0\202,"
 261      B1D3B5B2 
 261      C153F3D3 
 261      753E2C30 
 261      822C
 262 026f 4E8B589C 		.ascii	"N\213X\234\006'\252\0235\213\323\211\205\233\343l\257"
 262      0627AA13 
 262      358BD389 
 262      859BE36C 
 262      AF
 263 0280 08C8A047 		.ascii	"\010\310\240G\355`w\033\330\255@g\321b\370\177\006\030"
 263      ED60771B 
 263      D8AD4067 
 263      D162F87F 
 263      0618
 264 0292 51135B62 		.ascii	"Q\023[b\216\237\364\324o\264\373\215\\\267\273N\201"
 264      8E9FF4D4 
 264      6FB4FB8D 
 264      5CB7BB4E 
 264      81
 265 02a3 3A909E3B 		.ascii	":\220\236;\205\204c\266\264M\300\015\324\000a\264\254"
 265      858463B6 
 265      B44DC00D 
 265      D40061B4 
 265      AC
 266 02b4 A2C51BE9 		.ascii	"\242\305\033\351\003\335LE\347\301\353\322l\356\357"
 266      03DD4C45 
 266      E7C1EBD2 
 266      6CEEEF
 267 02c3 EAD7B2CE 		.ascii	"\352\327\262\316\021\177\237\203\013\235\222\277\201"
 267      117F9F83 
 267      0B9D92BF 
ARM GAS  /tmp/cc0pDLc0.s 			page 21


 267      81
 268 02d0 8E49484B 		.ascii	"\216IHK\277T\342\203\267\262\034:|t\344mf\244?`\325"
 268      BF54E283 
 268      B7B21C3A 
 268      7C74E46D 
 268      66A43F60 
 269 02e5 3DE375DC 		.ascii	"=\343u\334\310~\222}\305{\367t{\342\035\214\264t:\276"
 269      C87E927D 
 269      C57BF774 
 269      7BE21D8C 
 269      B4743ABE 
 270 02f9 D2071732 		.ascii	"\322\007\0272D\314K_\236\227\305\2039\233\364\014\177"
 270      44CC4B5F 
 270      9E97C583 
 270      399BF40C 
 270      7F
 271 030a 1FD00B1D 		.ascii	"\037\320\013\035\275\205\030\227\012\016\371\370\306"
 271      BD851897 
 271      0A0EF9F8 
 271      C6
 272 0317 C27C7C83 		.ascii	"\302||\203\345\343\271\344\007\005\032|\220\222\013"
 272      E5E3B9E4 
 272      07051A7C 
 272      90920B
 273 0326 7D9767AF 		.ascii	"}\227g\257y\273\313\263~\260\370\015\236g=0x\315\236"
 273      79BBCBB3 
 273      7EB0F80D 
 273      9E673D30 
 273      78CD9E
 274 0339 67F3677F 		.ascii	"g\363g\177\223\371\200\330\335\0071\354\225\354~\203"
 274      93F980D8 
 274      DD0731EC 
 274      95EC7E83 
 275 0349 E7D9EE82 		.ascii	"\347\331\356\202\224|5\236d2j\262o\235\022\334\311\270"
 275      947C359E 
 275      64326AB2 
 275      6F9D12DC 
 275      C9B8
 276 035b E156C6FD 		.ascii	"\341V\306\375\276\327\033\327\330l\002\032\000\031\327"
 276      BED71BD7 
 276      D86C021A 
 276      0019D7
 277 036a 25192092 		.ascii	"%\031 \222\011\261\245\315n\367\302E\230\012\271\037"
 277      09B1A5CD 
 277      6EF7C245 
 277      980AB91F 
 278 037a 975DE8D6 		.ascii	"\227]\350\326\220A\367\206\214\274\2261C\014\271\005"
 278      9041F786 
 278      8CBC9631 
 278      430CB905 
 279 038a 426E4A42 		.ascii	"BnJB\006D!\327\016$5h\361\034\025\202j\252j\033y;y\013"
 279      064421D7 
 279      0E243568 
 279      F11C1582 
 279      6AAA6A1B 
 280 03a2 D0B89BB9 		.ascii	"\320\270\233\271\327\275\361Z%\275\326\230\034\237\250"
 280      D7BDF15A 
ARM GAS  /tmp/cc0pDLc0.s 			page 22


 280      25BDD698 
 280      1C9FA8
 281 03b1 C3C91411 		.ascii	"\303\311\024\021\036v\336\313T\273\323\346\236[m\256"
 281      1E76DECB 
 281      54BBD3E6 
 281      9E5B6DAE 
 282 03c1 2C86AE80 		.ascii	",\206\256\200\356\202*\303.T\311\236\350\271\343\301"
 282      EE822AC3 
 282      2E54C99E 
 282      E8B9E3C1 
 283 03d1 A407121F 		.ascii	"\244\007\022\037WO\024\252q6\223~\362\306\371&\025."
 283      574F14AA 
 283      7136937E 
 283      F2C6F926 
 283      152E
 284 03e3 60485EFD 		.ascii	"`H^\375\3657q%;\257\336Z;\242\305\325\014\031\230\237"
 284      F5377125 
 284      3BAFDE5A 
 284      3BA2C5D5 
 284      0C19989F 
 285 03f7 FB0AB7B0 		.ascii	"\373\012\267\260\363\015e\033\032\275\3619\206\344\037"
 285      F30D651B 
 285      1ABDF139 
 285      86E41F
 286 0406 AFB9A7C1 		.ascii	"\257\271\247\301\003\014\021{\250/\353\241\305\303}"
 286      030C117B 
 286      A82FEBA1 
 286      C5C37D
 287 0415 4F301E67 		.ascii	"O0\036g\327\256_;]\341\215'\030R3\235]\343\203g\030"
 287      D7AE5F3B 
 287      5DE18D27 
 287      1852339D 
 287      5DE38367 
 288 042a D27663FE 		.ascii	"\322vc\376\201\016\307\250X\306f\315\325)\361z\206\254"
 288      810EC7A8 
 288      58C666CD 
 288      D529F17A 
 288      86AC
 289 043c 492ADF46 		.ascii	"I*\337F\332\254\232\245\244\2064\201\261\231CJ6D\014"
 289      DAAC9AA5 
 289      A4863481 
 289      B199434A 
 289      36440C
 290 044f FF168672 		.ascii	"\377\026\206r3\257\355\363\306\211t\212p\354\374\341"
 290      33AFEDF3 
 290      C689748A 
 290      70ECFCE1 
 291 045f 782F14A8 		.ascii	"x/\024\250\023\263\355\275\3141\022\244y\360\314S\311"
 291      13B3EDBD 
 291      CC3112A4 
 291      79F0CC53 
 291      C9
 292 0470 336AE298 		.ascii	"3j\342\230\365\204\304\331\305s\340b5w\361\023\030\234"
 292      F584C4D9 
 292      C573E062 
 292      3577F113 
 292      189C
ARM GAS  /tmp/cc0pDLc0.s 			page 23


 293 0482 8541D2B8 		.ascii	"\205A\322\270\037\217\035T\342t&\343@\352\223\014o\273"
 293      1F8F1D54 
 293      E27426E3 
 293      40EA930C 
 293      6FBB
 294 0494 8CFB7D6F 		.ascii	"\214\373}oW\322l\213\025@'\301.c\036\271\025\022#\270"
 294      57D26C8B 
 294      154027C1 
 294      2E631EB9 
 294      151223B8 
 295 04a8 1472DD36 		.ascii	"\024r\3356\233\251\307\3371!\331\365\371\007\004\311"
 295      9BA9C7DF 
 295      3121D9F5 
 295      F90704C9 
 296 04b8 90917759 		.ascii	"\220\221wY\266\255\001!q\222\020\220\351NH\274k!3\251"
 296      B6AD0121 
 296      71921090 
 296      E94E48BC 
 296      6B2133A9 
 297 04cc 472A3D71 		.ascii	"G*=q\001sp\302\326\221]\336\270\204!\263Ci\227\021\213"
 297      017370C2 
 297      D6915DDE 
 297      B88421B3 
 297      43699711 
 298 04e1 9E1ED0D8 		.ascii	"\236\036\320\330\232\313)>\274\313\320\352\237Y?\247"
 298      9ACB293E 
 298      BCCBD0EA 
 298      9F593FA7 
 299 04f1 C4558CB6 		.ascii	"\304U\214\266;\361\374U5>\316T\255j\2756\213\355\252"
 299      3BF1FC55 
 299      353ECE54 
 299      AD6ABD36 
 299      8BEDAA
 300 0504 B6D0544C 		.ascii	"\266\320TL\002=\023^H\317D\327z6\236\315\233\320\342"
 300      023D135E 
 300      48CF44D7 
 300      7A369ECD 
 300      9BD0E2
 301 0517 534CDC91 		.ascii	"SL\334\221\224-\220\213\255\014\351\315H\250\361\304"
 301      942D908B 
 301      AD0CE9CD 
 301      48A8F1C4 
 302 0527 BD0C3996 		.ascii	"\275\0149\226\374\340\260\007\276\305\220u\217\006*"
 302      FCE0B007 
 302      BEC59075 
 302      8F062A
 303 0536 7CF02843 		.ascii	"|\360(C\206\343\352\256+\361C\206\354]ss\267\026\214"
 303      86E3EAAE 
 303      2BF14386 
 303      EC5D7373 
 303      B7168C
 304 0549 F1874C42 		.ascii	"\361\207LB\262\316\346\317:\333\301\272\211r%\236a\346"
 304      B2CEE6CF 
 304      3ADBC1BA 
 304      8972259E 
 304      61E6
 305 055b EC2BBFF9 		.ascii	"\354+\277\371\225,\203\226\254YG\242\233\001\006\245"
ARM GAS  /tmp/cc0pDLc0.s 			page 24


 305      952C8396 
 305      AC5947A2 
 305      9B0106A5 
 306 056b 4B06F973 		.ascii	"K\006\371s{bm\266\2356\274X\201\336\361Go\2015\333\300"
 306      7B626DB6 
 306      9D36BC58 
 306      81DEF147 
 306      6F8135DB 
 307 0580 1A7F6ECD 		.ascii	"\032\177n\315V\301\037\245\011\324\232\335\333\213O"
 307      56C11FA5 
 307      09D49ADD 
 307      DB8B4F
 308 058f 7AE17835 		.ascii	"z\341x5\025\320[~\277\035\313\362\347\365\0034\177\262"
 308      15D05B7E 
 308      BF1DCBF2 
 308      E7F50334 
 308      7FB2
 309 05a1 4142A624 		.ascii	"AB\246$!Cp#\"\313\265\210\330\324\363e\0368\221\211"
 309      21437023 
 309      22CBB588 
 309      D8D4F365 
 309      1E389189 
 310 05b5 883DB5B9 		.ascii	"\210=\265\271S#\266\021\307\351\337\271\230.&\331\373"
 310      5323B611 
 310      C7E9DFB9 
 310      982E26D9 
 310      FB
 311 05c6 DDD4D65C 		.ascii	"\335\324\326\\\320$G\322$[\340}dk\326\340b\234\246f"
 311      D02447D2 
 311      245BE07D 
 311      646BD6E0 
 311      629CA666 
 312 05da A99338B7 		.ascii	"\251\2238\267\027\343,&ndSq\225\332\265\270|\267\342"
 312      17E32C26 
 312      6E645371 
 312      95DAB5B8 
 312      7CB7E2
 313 05ed 06341FA0 		.ascii	"\0064\037\240\035 )\317\205\244\236\334\373\023J\234"
 313      1D2029CF 
 313      85A49EDC 
 313      FB134A9C 
 314 05fd CF441534 		.ascii	"\317D\0254\354\355\324\340b&\352\362\303\326T\251.\206"
 314      ECEDD4E0 
 314      6226EAF2 
 314      C3D654A9 
 314      2E86
 315 060f 81C72EE0 		.ascii	"\201\307.\340Q\340\314\303\205&\205\256\3756\032\177"
 315      51E0CCC3 
 315      852685AE 
 315      FD361A7F 
 316 061f AB9F6FED 		.ascii	"\253\237o\355\026\223\372H\313x\007\357c\202G\012\333"
 316      1693FA48 
 316      CB7807EF 
 316      6382470A 
 316      DB
 317 0630 F793BE19 		.ascii	"\367\223\276\031\250C\177\221%M K\232\234\224\201m\036"
 317      A8437F91 
ARM GAS  /tmp/cc0pDLc0.s 			page 25


 317      254D204B 
 317      9A9C9481 
 317      6D1E
 318 0642 F830532B 		.ascii	"\3700S+\363\341\301Y\373*R\021g\373^\314R\005:\014\351"
 318      F3E1C159 
 318      FB2A5211 
 318      67FB5ECC 
 318      52053A0C 
 319 0657 5C4972BC 		.ascii	"\\Ir\274\034D\007r\321% z\267\344\363\263\377\230K\327"
 319      1C440772 
 319      D125207A 
 319      B7E4F3B3 
 319      FF984BD7 
 320 066b C332B0A2 		.ascii	"\3032\260\242T\262\"\220;b]|q\262'n`B\322\222\007\256"
 320      54B22290 
 320      3B625D7C 
 320      71B2276E 
 320      6042D292 
 321 0681 6AE48DE7 		.ascii	"j\344\215\3474M\234\012\230\272G\232Z&9`\201\"{](BJ"
 321      344D9C0A 
 321      98BA479A 
 321      5A263960 
 321      81227B5D 
 322 0698 6AEFD593 		.ascii	"j\357\325\223J|\206Iy\270a$\317\275)\007\334\233r\005"
 322      4A7C8649 
 322      79B86124 
 322      CFBD2907 
 322      DC9B7205 
 323 06ac F734C01E 		.ascii	"\3674\300\036H\211\366\203B\373$\205*\304\250V'>\214"
 323      4889F683 
 323      42FB2485 
 323      2AC4A856 
 323      273E8C
 324 06bf 77D86111 		.ascii	"w\330a\021Bi\207uP\320\363\015m\354\300\241.\204\267"
 324      42698775 
 324      50D0F30D 
 324      6DECC0A1 
 324      2E84B7
 325 06d2 69A89F2F 		.ascii	"i\250\237/>::\243\3079\024Q\226\305\225\214)Q\240?\202"
 325      3E3A3AA3 
 325      C7391451 
 325      96C5958C 
 325      2951A03F 
 326 06e7 59883982 		.ascii	"Y\2109\202l\210\025\250\032X\035\022\260\270\301\317"
 326      6C8815A8 
 326      1A581D12 
 326      B0B8C1CF 
 327 06f7 B281FA63 		.ascii	"\262\201\372c\177!\303p\256\245G\0279Q\005\326\220K"
 327      7F21C370 
 327      AEA54717 
 327      395105D6 
 327      904B
 328 0709 0A74046C 		.ascii	"\012t\004l9\314\274\261/\247\351\261\207\216S\257\177"
 328      39CCBCB1 
 328      2FA7E9B1 
 328      878E53AF 
 328      7F
ARM GAS  /tmp/cc0pDLc0.s 			page 26


 329 071a 1EF5F547 		.ascii	"\036\365\365G\363'\365r\243j\034\214\252\265\033u\242"
 329      F327F572 
 329      A36A1C8C 
 329      AAB51B75 
 329      A2
 330 072b 2D6E376C 		.ascii	"-n7l\323\230Q\003Ow\334\324\340\"\206<\312h.\360\302"
 330      D3985103 
 330      4F77DCD4 
 330      E022863C 
 330      CA682EF0 
 331 0740 E50CD952 		.ascii	"\345\014\331R\326\321\255\306\373\030\322\273g\256V"
 331      D6D1ADC6 
 331      FB18D2BB 
 331      67AE56
 332 074f 8D0F3264 		.ascii	"\215\0172d\373\265\361r\015\256\242\210\3205?4\244s"
 332      FBB5F172 
 332      0DAEA288 
 332      D0353F34 
 332      A473
 333 0761 DC74FEF9 		.ascii	"\334t\376\371\007RW=\011\252\032\034\267\234\2439\177"
 333      0752573D 
 333      09AA1A1C 
 333      B79CA339 
 333      7F
 334 0772 1F63B321 		.ascii	"\037c\263!\324 \350Q\275\024\035\003\337p\366\3076\236"
 334      D420E851 
 334      BD141D03 
 334      DF70F6C7 
 334      369E
 335 0784 D7E23A26 		.ascii	"\327\342:&j|\364\302\023/|\222!\266\307\307\256\250"
 335      6A7CF4C2 
 335      132F7C92 
 335      21B6C7C7 
 335      AEA8
 336 0796 711343AE 		.ascii	"q\023C\256n}\324\357\201[\031\322t1\341\270\022\267"
 336      6E7DD4EF 
 336      815B19D2 
 336      7431E1B8 
 336      12B7
 337 07a8 33A4A8B5 		.ascii	"3\244\250\265\337\246\302\235\014\251\335\330\372D\213"
 337      DFA6C29D 
 337      0CA9DDD8 
 337      FA448B
 338 07b7 2F3024AB 		.ascii	"/0$\253z]\254\016w3\244t~\"Y\217\257p\313k;\363\005"
 338      7A5DAC0E 
 338      7733A474 
 338      7E22598F 
 338      AF70CB6B 
 339 07ce 567C     		.ascii	"V|"
 340 07d0 01E426A1 		.ascii	"\001\344&\241.\241\011\2635'\017\266\363\236g\326\234"
 340      2EA109B3 
 340      35270FB6 
 340      F39E67D6 
 340      9C
 341 07e1 59A74501 		.ascii	"Y\247E\001\354\347\027\030\020\220O\254\255\233~\202"
 341      ECE71718 
 341      10904FAC 
ARM GAS  /tmp/cc0pDLc0.s 			page 27


 341      AD9B7E82 
 342 07f1 EF966E4C 		.ascii	"\357\226nL\262\345\3253kN\2015\335\202\237d}\221@\363"
 342      B2E5D533 
 342      6B4E8135 
 342      DD829F64 
 342      7D9140F3 
 343 0805 890440C1 		.ascii	"\211\004@\301\246\014\374w\226\255.\036S\3623\316\344"
 343      A60CFC77 
 343      96AD2E1E 
 343      53F233CE 
 343      E4
 344 0816 41847AA9 		.ascii	"A\204z\251D<,#nuI,g=#\243nv\246\256D\316\344-\177\222"
 344      443C2C23 
 344      6E75492C 
 344      673D23A3 
 344      6E76A6AE 
 345 0830 C84F3B93 		.ascii	"\310O;\223\037Z@> #?\341L\376\0209i~NF\335\350\332+"
 345      1F5A403E 
 345      20233FE1 
 345      4CFE1039 
 345      697E4E46 
 346 0848 943A85DE 		.ascii	"\224:\205\336\022\001\300\315\017:\013\311\334\016\327"
 346      1201C0CD 
 346      0F3A0BC9 
 346      DC0ED7
 347 0857 501B9F01 		.ascii	"P\033\237\001\231\201.A\002u\012\001\350\034\300\025"
 347      99812E41 
 347      02750A01 
 347      E81CC015 
 348 0867 80F30097 		.ascii	"\200\363\000\227\001.\000t\001t\000\\\024\002h\261\261"
 348      012E0074 
 348      0174005C 
 348      140268B1 
 348      B1
 349 0878 FC6ABFFA 		.ascii	"\374j\277\372\012\315/\340\240\340\311\245\260+\326"
 349      0ACD2FE0 
 349      A0E0C9A5 
 349      B02BD6
 350 0887 D8EB9B1F 		.ascii	"\330\353\233\037gkz\213j\326\344\332l\231\035\017d>"
 350      676B7A8B 
 350      6AD6E4DA 
 350      6C991D0F 
 350      643E
 351 0899 6D71ED53 		.ascii	"mq\355SJM\266\177\003#\243*y\375\311i\025\350\252\275"
 351      4A4DB67F 
 351      0323A32A 
 351      79FDC969 
 351      15E8AABD 
 352 08ad FE7A6BF3 		.ascii	"\376zk\363\247\275p\211\226$\036\236\231\2509\204P@"
 352      A7BD7089 
 352      96241E9E 
 352      99A83984 
 352      5040
 353 08bf A01F9307 		.ascii	"\240\037\223\007\275+\353V\002\313(\230\201\352@f\237"
 353      BD2BEB56 
 353      02CB2898 
 353      81EA4066 
ARM GAS  /tmp/cc0pDLc0.s 			page 28


 353      9F
 354 08d0 EB14E1C6 		.ascii	"\353\024\341\306\356f\306\3669\032\233\302w8\324\257"
 354      EE66C6F6 
 354      391A9BC2 
 354      7738D4AF 
 355 08e0 F6C9D738 		.ascii	"\366\311\32787\342\327^\360k\017\367\033\251\206\330"
 355      37E2D75E 
 355      F06B0FF7 
 355      1BA986D8 
 356 08f0 DB231857 		.ascii	"\333#\030WQ\245\320\335\301\322.\001\3272$\247\257\276"
 356      51A5D0DD 
 356      C1D22E01 
 356      D73224A7 
 356      AFBE
 357 0902 976FDA4F 		.ascii	"\227o\332O\322\247\001}i\033\364\2746\310\003\213\333"
 357      D2A7017D 
 357      691BF4BC 
 357      36C8038B 
 357      DB
 358 0913 53535D6A 		.ascii	"SS]j\334\310\210\017\314\357^\213\361\031\206<)<{I\213"
 358      DCC8880F 
 358      CCEF5E8B 
 358      F119863C 
 358      293C7B49 
 359 0928 2F32E4C4 		.ascii	"/2\344\304\323\3139:\334K\221_\0274\3655z\"\277\000"
 359      D3CB393A 
 359      DC4B915F 
 359      1734F535 
 359      7A22BF00 
 360 093c BD5F805F 		.ascii	"\275_\200_\000\371\017\177\001\344<\020~\264\304\002"
 360      00F90F7F 
 360      01E43C10 
 360      7EB4C402 
 361 094c 031605D0 		.ascii	"\003\026\005\320+\001\200\353\365d00\300\376\013\014"
 361      2B0180EB 
 361      F5643030 
 361      C0FE0B0C 
 362 095c 746DE004 		.ascii	"tm\340\004l\255\207\270\201q8\020\335\341\006\362r\315"
 362      6CAD87B8 
 362      81713810 
 362      DDE106F2 
 362      72CD
 363 096e 513D6DD8 		.ascii	"Q=m\330\304\234;\014\316m\340\324.\234+\013\343]\207"
 363      C49C3B0C 
 363      CE6DE0D4 
 363      2E9C2B0B 
 363      E35D87
 364 0981 309279CC 		.ascii	"0\222y\314\315\016\251{\003Rw\200\244\356N\220:\302"
 364      CD0EA97B 
 364      03527780 
 364      A4EE4E90 
 364      3AC2
 365 0993 35C887F3 		.ascii	"5\310\207\363\0358\000\345\001l\007\370\016 \027 \007"
 365      1D3800E5 
 365      016C07F8 
 365      0E201720 
 365      07
ARM GAS  /tmp/cc0pDLc0.s 			page 29


 366 09a4 201B200B 		.ascii	" \033 \013 \023 \003`\015@\014\200\015`\036R\372>\300"
 366      20132003 
 366      600D400C 
 366      800D601E 
 366      52FA3EC0 
 367 09b8 28C03D07 		.ascii	"(\300=\007\013\036\374\236\245#t\324\233\020\313\021"
 367      0B1EFC9E 
 367      A52374D4 
 367      9B10CB11 
 368 09c8 B9F29791 		.ascii	"\271\362\227\221\353\252\262\253v\235\317\370\377Qm"
 368      EBAAB2AB 
 368      769DCFF8 
 368      FF516D
 369 09d7 AED57727 		.ascii	"\256\325w'-,r\037z\0259)weA?\351m]\304\350\307\300\243"
 369      2D2C721F 
 369      7A153929 
 369      7765413F 
 369      E96D5DC4 
 370 09ef B75DD33B 		.ascii	"\267]\323;\207b\334!\024c\254\242\034\214\255\202\253"
 370      8762DC21 
 370      1463ACA2 
 370      1C8CAD82 
 370      AB
 371 0a00 87E80D33 		.ascii	"\207\350\0153\030;\316\215}\012\251>\005\012?\004x\340"
 371      183BCE8D 
 371      7D0AA93E 
 371      050A3F04 
 371      78E0
 372 0a12 A0F4DD52 		.ascii	"\240\364\335R\325\334A\233m\203\032M\360|\030w\3274"
 372      D5DC419B 
 372      6D831A4D 
 372      F07C1877 
 372      D734
 373 0a24 656A4C3A 		.ascii	"ejL:\2501\361,5\346@\364\363\325\030(\302\266\202\305"
 373      A831F12C 
 373      35E640F4 
 373      F3D51828 
 373      C2B682C5 
 374 0a38 34B72EB9 		.ascii	"4\267.\271\326AlIP\361]\333414\011\246\201l-7\323\276"
 374      D6416C49 
 374      50F15DDB 
 374      34313409 
 374      A6816C2D 
 375 0a4f 2D0A729D 		.ascii	"-\012r\235\004\366\353O@\211\307\\\241Y8\237\001e\036"
 375      04F6EB4F 
 375      4089C75C 
 375      A159389F 
 375      01651E
 376 0a62 395749D2 		.ascii	"9WI\322)Y\225\214\201F\217\335,<\256e\334\3473\334\313"
 376      2959958C 
 376      81468FDD 
 376      2C3CAE65 
 376      DCE733DC 
 377 0a77 18086479 		.ascii	"\030\010dy,V\341B\376\262\026\327[\314Z\334c\307\026"
 377      2C56E142 
 377      FEB216D7 
 377      5BCC5ADC 
ARM GAS  /tmp/cc0pDLc0.s 			page 30


 377      63C716
 378 0a8a C72EF655 		.ascii	"\307.\366U\253\222vn!\233=\342\216q\351\326\232P\213"
 378      AB92766E 
 378      219B3DE2 
 378      8E71E9D6 
 378      9A508B
 379 0a9d 44F74B55 		.ascii	"D\367KU\217+\310\346v\334\025\213\301t\015\271S$Q\275"
 379      8F2BC8E6 
 379      76DC158B 
 379      C1740DB9 
 379      532451BD 
 380 0ab1 2D6D47C6 		.ascii	"-mG\306\351|\246\356D\216\252\254y\255ms0}\262q\307"
 380      E97CA6EE 
 380      448EAAAC 
 380      79AD6D73 
 380      307DB271 
 381 0ac6 3959871C 		.ascii	"9Y\207\034\223\033X>\370X\012\321('\267\273gd\001y\375"
 381      931B583E 
 381      F8580AD1 
 381      2827B7BB 
 381      67640179 
 382 0adb C7CC1DB1 		.ascii	"\307\314\035\261\330\017=p\346>\342T\327\013\232^<\324"
 382      D80F3D70 
 382      E63EE254 
 382      D70B9A5E 
 382      3CD4
 383 0aed B2ABA6C7 		.ascii	"\262\253\246\307\255\333\316\2747\344\306{s\233c\300"
 383      ADDBCEBC 
 383      37E4C67B 
 383      739B63C0 
 384 0afd 3144F2A4 		.ascii	"1D\362\244\344\274!\321x\033\315\207\204\335<\037\326"
 384      E4BC21D1 
 384      781BCD87 
 384      84DD3C1F 
 384      D6
 385 0b0e E24568CA 		.ascii	"\342Eh\312Y\301\2072{\266\270\322PA\347\021\365\266"
 385      59C18732 
 385      7BB6B8D2 
 385      5041E711 
 385      F5B6
 386 0b20 817AE9D0 		.ascii	"\201z\351\320F\266\002\244\001l\006H\006\330\000\260"
 386      46B602A4 
 386      016C0648 
 386      06D800B0 
 387 0b30 1E601D96 		.ascii	"\036`\035\226gI\313G\314-\304\351\323 \225pq\273Wj?"
 387      6749CB47 
 387      CC2DC4E9 
 387      D3209570 
 387      71BB576A 
 388 0b45 2EEB278F 		.ascii	".\353'\217\236G]\377\033\306z#\326\243\307\356\211e"
 388      9E475DFF 
 388      1BC67A23 
 388      D6A3C7EE 
 388      8965
 389 0b57 459F80E5 		.ascii	"E\237\200\345E\017\363\026\024\375\006h\264\353I\243"
 389      450FF316 
 389      14FD0668 
ARM GAS  /tmp/cc0pDLc0.s 			page 31


 389      B4EB49A3 
 390 0b67 5D075944 		.ascii	"]\007YD\310\211\305\233\300\342$\260,Q\262\214\370\264"
 390      C889C59B 
 390      C0E224B0 
 390      2C51B28C 
 390      F8B4
 391 0b79 5975FFC1 		.ascii	"Yu\377\301\220\315\266EO\037\244\314 \354\300\177a\321"
 391      90CDB645 
 391      4F1FA4CC 
 391      20ECC07F 
 391      61D1
 392 0b8b 0FFF8034 		.ascii	"\017\377\2004\010\261\342\011\255\213\212\347\001_\253"
 392      08B1E209 
 392      AD8B8AE7 
 392      015FAB
 393 0b9a 22E90C34 		.ascii	"\"\351\0144N\273\037\026\313\263E<\226\344\311\310F"
 393      4EBB1F16 
 393      CBB3453C 
 393      96E4C9C8 
 393      46
 394 0bab E1397EEA 		.ascii	"\3419~\352\252\345^M\001GmrO-s\324\026\240\224\034\225"
 394      AAE55E4D 
 394      01476D72 
 394      4F2D73D4 
 394      16A0941C 
 395 0bc0 C21CE566 		.ascii	"\302\034\345f=E\251\340\036iI\265'\345\343K\244Z\011"
 395      3D45A9E0 
 395      1E6949B5 
 395      27E5E34B 
 395      A45A09
 396 0bd3 A764A922 		.ascii	"\247d\251\"\207i\243\2657\251\232\323\334\020X\0147"
 396      8769A3B5 
 396      37A99AD3 
 396      DC10580C 
 396      37
 397 0be4 3FD30EE2 		.ascii	"?\323\016\342\224j\276:\021\253S\236G=\374+\226\035"
 397      946ABE3A 
 397      11AB539E 
 397      473DFC2B 
 397      961D
 398 0bf6 84788B7B 		.ascii	"\204x\213{b\246\356\324a5\3617\320,\334mv\355\361\215"
 398      62A6EED4 
 398      6135F137 
 398      D02CDC6D 
 398      76EDF18D 
 399 0c0a 8BB365BC 		.ascii	"\213\263e\274E\237d\244\362\365\227\337\304\261\262"
 399      459F64A4 
 399      F2F597DF 
 399      C4B1B2
 400 0c19 69972D89 		.ascii	"i\227-\211\303of\330\352b0}\030\261\335\025\361;\262"
 400      C36F66D8 
 400      EA62307D 
 400      18B1DD15 
 400      F13BB2
 401 0c2c DD3BA725 		.ascii	"\335;\247%\017\035v\272\242\225\005q\260\214\007\021"
 401      0F1D76BA 
 401      A2950571 
ARM GAS  /tmp/cc0pDLc0.s 			page 32


 401      B08C0711 
 402 0c3c 6E6C51B1 		.ascii	"nlQ\261\363\276a\341=\312\225\2371\363\341\226\021U"
 402      F3BE61E1 
 402      3DCA959F 
 402      31F3E196 
 402      1155
 403 0c4e BA269771 		.ascii	"\272&\227q\037\370'\251\227\037u\246^x\037qEF~\3145"
 403      1FF827A9 
 403      971F75A6 
 403      5E781F71 
 403      45467ECC 
 404 0c63 B92C12ED 		.ascii	"\271,\022\355%<nt\333\352L\276\360\246\246\236s'\233"
 404      253C6E74 
 404      DBEA4CBE 
 404      F0A6A69E 
 404      73279B
 405 0c76 907ED7E4 		.ascii	"\220~\327\3442\3563?u\\IG\\\257\244<\316|\247=\342\246"
 405      32EE333F 
 405      755C4947 
 405      5CAFA43C 
 405      CE7CA73D 
 406 0c8c 91DE9B24 		.ascii	"\221\336\233$9K\262\373\226\224\263#\264\221\302\366"
 406      394BB2FB 
 406      9694B323 
 406      B491C2F6 
 407 0c9c B7A3243F 		.ascii	"\267\243$?[\217O\322'6\177\267o|K\234\006\005.\342\233"
 407      5B8F4FD2 
 407      27367FB7 
 407      6F7C4B9C 
 407      06052EE2 
 408 0cb1 5FBF0076 		.ascii	"_\277\000v\006\233^\330\3762\206\335WT\273ol\"\353Z"
 408      069B5ED8 
 408      FE3286DD 
 408      5754BB6F 
 408      6C22EB5A 
 409 0cc5 05245F93 		.ascii	"\005$_\223\324\232w\341Eb\237]\260\360\236\004\262]"
 409      D49A77E1 
 409      45629F5D 
 409      B0F09E04 
 409      B25D
 410 0cd7 BCD55641 		.ascii	"\274\325VAe\355\203\306S\344\320x\246\262u\314\344b"
 410      65ED83C6 
 410      53E4D078 
 410      A6B275CC 
 410      E462
 411 0ce9 6821A738 		.ascii	"h!\2478\371\213n\036\024t\026a^\003\314K\200\371n\207"
 411      F98B6E1E 
 411      14741661 
 411      5E03CC4B 
 411      80F96E87 
 412 0cfd 7E3D9ACD 		.ascii	"~=\232\315\203E\336\2135\"&\304\375\375\352`6O\313R"
 412      8345DE8B 
 412      352226C4 
 412      FDFDEA60 
 412      364FCB52 
 413 0d11 A8F3D32E 		.ascii	"\250\363\323.\311\235{K\231C\023.u\321\204\273\340\352"
 413      C99D7B4B 
ARM GAS  /tmp/cc0pDLc0.s 			page 33


 413      9943132E 
 413      75D184BB 
 413      E0EA
 414 0d23 4532BF1A 		.ascii	"E2\277\032T\334\303\325=\002\347\207A\335\275\000\345"
 414      54DCC3D5 
 414      3D02E787 
 414      41DDBD00 
 414      E5
 415 0d34 0EFE68CF 		.ascii	"\016\376h\317\365M\265\021\035\310\352\337\015:\220"
 415      F54DB511 
 415      1DC8EADF 
 415      0D3A90
 416 0d43 29F6DD9B 		.ascii	")\366\335\233<\277\\K\271\300\247<[\312\214?s:\011\345"
 416      3CBF5C4B 
 416      B9C0A73C 
 416      5BCA8C3F 
 416      733A09E5 
 417 0d57 113EC3D1 		.ascii	"\021>\303\321\351\262\325sAT\013\201\357\263\243\332"
 417      E9B2D573 
 417      41540B81 
 417      EFB3A3DA 
 418 0d67 2546753F 		.ascii	"%Fu?0\256~\351\250\356\347\006\034\002\346\007\201\371"
 418      30AE7EE9 
 418      A8EEE706 
 418      1C02E607 
 418      81F9
 419 0d79 0187A8B6 		.ascii	"\001\207\250\266\313\243Z\203\230\020\367Qm\024\243"
 419      CBA35A83 
 419      9810F751 
 419      6D14A3
 420 0d88 5A89D9DE 		.ascii	"Z\211\331\336n!\271sT+d\355UA\346Iu5\227E\233\353~\354"
 420      6E21B973 
 420      542B64ED 
 420      5541E649 
 420      75359745 
 421 0da0 A2E6A6B2 		.ascii	"\242\346\246\262\274\311\265]\256\032\357h\016W\232"
 421      BCC9B55D 
 421      AE1AEF68 
 421      0E579A
 422 0daf BCD66CE6 		.ascii	"\274\326l\346.w\333\302\007sXi\357q%f0s1\331\317\320"
 422      2E77DBC2 
 422      07735869 
 422      EF712566 
 422      307331D9 
 423 0dc5 DC2BC0F6 		.ascii	"\334+\300\366:$\264\366\035j6\325\262\330q:\311O\250"
 423      3A24B4F6 
 423      1D6A36D5 
 423      B2D8713A 
 423      C94FA8
 424 0dd8 FC3D65B3 		.ascii	"\374=e\263\025:\372\272\030\026*\366V9/+\241\302K\376"
 424      153AFABA 
 424      18162AF6 
 424      56392F2B 
 424      A1C24BFE 
 425 0dec 3AF8CF3F 		.ascii	":\370\317?\220\275\016>\212\311\353\340Z\314_\007\347"
 425      90BD0E3E 
 425      8AC9EBE0 
ARM GAS  /tmp/cc0pDLc0.s 			page 34


 425      5ACC5F07 
 425      E7
 426 0dfd C5249C77 		.ascii	"\305$\234wx\256\000\327e\356:\206e\257\203\367\326\027"
 426      78AE00D7 
 426      65EE3A86 
 426      65AF83F7 
 426      D617
 427 0e0f DCD3E254 		.ascii	"\334\323\342TO\372d\256\245\342n\231'\012\324\363\016"
 427      4FFA64AE 
 427      A5E26E99 
 427      270AD4F3 
 427      0E
 428 0e20 755775AF 		.ascii	"uWu\257\203\276X'\023$;\216Qw\273a\217\352 %$\011d."
 428      83BE5827 
 428      13243B8E 
 428      5177BB61 
 428      8FEA2025 
 429 0e38 48393D55 		.ascii	"H9=U\276\335\007_\244R\320\355\354\244<\035\276\312"
 429      BEDD075F 
 429      A452D0ED 
 429      ECA43C1D 
 429      BECA
 430 0e4a 90D2D9AC 		.ascii	"\220\322\331\254\033z\334\317\220\212\332\370\021\376"
 430      1B7ADCCF 
 430      908ADAF8 
 430      11FE
 431 0e58 25431D79 		.ascii	"%C\035y\327q\327\226p\024\341AzQ\273\276\253\363>F\344"
 431      D771D796 
 431      7014E141 
 431      7A51BBBE 
 431      ABF33E46 
 432 0e6d A63FC0FE 		.ascii	"\246?\300\3768\255=\313\237=\233\001G5\202\206\315\370"
 432      38AD3DCB 
 432      9F3D9B01 
 432      47358286 
 432      CDF8
 433 0e7f 992B49CB 		.ascii	"\231+I\313b\326\353\311\252v\322\231\334\335M\312)\354"
 433      62D6EBC9 
 433      AA76D299 
 433      DCDD4DCA 
 433      29EC
 434 0e91 CF97B066 		.ascii	"\317\227\260f\236\365g\300\304\026\310\372&\200v\200"
 434      9EF567C0 
 434      C416C8FA 
 434      26807680 
 435 0ea1 56803680 		.ascii	"V\2006\200\323\016U0\314n\321\304%q\241,\371V4\363\325"
 435      D30E5530 
 435      CC6ED1C4 
 435      2571A12C 
 435      F95634F3 
 436 0eb6 7CFBAD70 		.ascii	"|\373\255p\2773\265\274\251\360g8\3330I\237\346\005"
 436      BF33B5BC 
 436      A9F06738 
 436      DB30499F 
 436      E605
 437 0ec8 3B3692C8 		.ascii	";6\222\310\"/\022\266z\327N\221\211\036\315\340.$Ni"
 437      222F12B6 
ARM GAS  /tmp/cc0pDLc0.s 			page 35


 437      7AD74E91 
 437      891ECDE0 
 437      2E244E69 
 438 0edc 7026777C 		.ascii	"p&w|`U\3377X\215\3610K\226\264\321C\011\260$\3711\215"
 438      6055DF37 
 438      588DF130 
 438      4B96B4D1 
 438      4309B024 
 439 0ef3 BA58D975 		.ascii	"\272X\331u\302\344\263R\2524\323\224w\351N\324\001^"
 439      C2E4B352 
 439      AA34D394 
 439      77E94ED4 
 439      015E
 440 0f05 7C518F92 		.ascii	"|Q\217\222w\255\027r\366z\311\223\272\323\241\263\237"
 440      77AD1772 
 440      F67AC993 
 440      BAD3A1B3 
 440      9F
 441 0f16 633D801C 		.ascii	"c=\200\034\3117\037\263O\3735x\216e\325\335\254\334"
 441      C9371FB3 
 441      4FFB3578 
 441      8E65D5DD 
 441      ACDC
 442 0f28 0C258ED7 		.ascii	"\014%\216\327S$cK\031\364\323\315\024Q\366L]x\250B~"
 442      5324634B 
 442      19F4D3CD 
 442      1451F64C 
 442      5D78A842 
 443 0f3d FA00370F 		.ascii	"\372\0007\017\207.\202%]\\\305\313\240\342%\256\216"
 443      872E8225 
 443      5D5CC5CB 
 443      A0E225AE 
 443      8E
 444 0f4e 4C8B2E07 		.ascii	"L\213.\007-\272\231\026\314\263\267\0234O'\331\226\275"
 444      2DBA9916 
 444      CCB3B713 
 444      344F27D9 
 444      96BD
 445 0f60 9B77B6AE 		.ascii	"\233w\266\256g\366\224u4\250]\216Au\350\007\237\213"
 445      67F69475 
 445      34A85D8E 
 445      4175E807 
 445      9F8B
 446 0f72 5F99743F 		.ascii	"_\231t?\231\256\225\276(\271\202\351\340\331\314\335"
 446      99AE95BE 
 446      28B982E9 
 446      E0D9CCDD 
 447 0f82 953E6EBF 		.ascii	"\225>n\277\031\271F\233\304U\261I\\\335fk\020\344\376"
 447      19B9469B 
 447      C455B149 
 447      5CDD666B 
 447      10E4FE
 448 0f95 BCE6D024 		.ascii	"\274\346\320$z\344M\342@\357\246"
 448      7AE44DE2 
 448      40EFA6
 449 0fa0 062F7C9D 		.ascii	"\006/|\235:M\330^\2621K\343\370\370^>\025\365\203\243"
 449      3A4DD85E 
ARM GAS  /tmp/cc0pDLc0.s 			page 36


 449      B2314BE3 
 449      F8F85E3E 
 449      15F583A3 
 450 0fb4 A4D9E237 		.ascii	"\244\331\3427#?\317\244\337\214\364\301\205^)?z0{\204"
 450      233FCFA4 
 450      DF8CF4C1 
 450      855E293F 
 450      7A307B84 
 451 0fc8 AF4E88ED 		.ascii	"\257N\210\355-\364F\364\221\235\237\335{I\342\2437\321"
 451      2DF446F4 
 451      919D9FDD 
 451      7B49E2A3 
 451      37D1
 452 0fda 7D83CFAA 		.ascii	"}\203\317\252\241\306L\336\300\301I\347\261\023q\245"
 452      A1C64CDE 
 452      C0C149E7 
 452      B11371A5 
 453 0fea 73DAB7FC 		.ascii	"s\332\267\374\220\265\002\242P\2633\353\205\0057\230"
 453      90B502A2 
 453      50B333EB 
 453      85053798 
 454 0ffa E14BFBFD 		.ascii	"\341K\373\375\240\253"
 454      A0AB
 455 1000 8A9BCA90 		.ascii	"\212\233\312\220\255w\027\234E\273\353+\342\236AA\311"
 455      AD77179C 
 455      45BBEB2B 
 455      E29E4141 
 455      C9
 456 1011 498ADD04 		.ascii	"I\212\335\004\317]\207\254\277\0050\000pC\312\376s\351"
 456      CF5D87AC 
 456      BF053000 
 456      7043CAFE 
 456      73E9
 457 1023 A74A3578 		.ascii	"\247J5x\224E\240\262\274\252\310\013\371\005\272~\200"
 457      9445A0B2 
 457      BCAAC80B 
 457      F905BA7E 
 457      80
 458 1034 7407B83C 		.ascii	"t\007\270<\217#_\2042i\315\016\001\361m)&\203\230o@"
 458      8F235F84 
 458      3269CD0E 
 458      01F16D29 
 458      2683986F 
 459 1049 EB2AF74F 		.ascii	"\353*\367O;\274\363\032r\310\365a^q\303\264\342\252"
 459      3BBCF31A 
 459      72C8F561 
 459      5E71C3B4 
 459      E2AA
 460 105b 4F1C3DEE 		.ascii	"O\034=\356\331\207z\310gp\350\025\266\232!\366\037\216"
 460      D9877AC8 
 460      6770E815 
 460      B69A21F6 
 460      1F8E
 461 106d 04283E2F 		.ascii	"\004(>/\376\020\033\207Q\201\0358)A\304)\310>\"p\036"
 461      FE101B87 
 461      51811D38 
 461      2941C429 
ARM GAS  /tmp/cc0pDLc0.s 			page 37


 461      C83E2270 
 462 1082 82C897FE 		.ascii	"\202\310\227\376q\006H\316\225]g\342\304\237\202\321"
 462      710648CE 
 462      955D67E2 
 462      C49F82D1 
 463 1092 337DA479 		.ascii	"3}\244ylH\220\204\311\246,\320Ua\277lWJ2\022\361(\325"
 463      6C489084 
 463      C9A62CD0 
 463      5561BF6C 
 463      574A3212 
 464 10a9 9F8B19D2 		.ascii	"\237\213\031\322\365\243^\270\372_\012\305fm\004{\371"
 464      F5A35EB8 
 464      FA5F0AC5 
 464      666D047B 
 464      F9
 465 10ba 355D3CAB 		.ascii	"5]<\253\301OX\377q\261\266\257M\232\335\344\315j\031"
 465      C14F58FF 
 465      71B1B6AF 
 465      4D9ADDE4 
 465      CD6A19
 466 10cd 927194D5 		.ascii	"\222q\224\325\362\255\344;uZ:H\226\204\373l0k\250\255"
 466      F2ADE43B 
 466      755A3A48 
 466      9684FB6C 
 466      306BA8AD 
 467 10e1 D1930E92 		.ascii	"\321\223\016\222Ue\214\015\306\336\230\177\352eo\005"
 467      55658C0D 
 467      C6DE987F 
 467      EA656F05 
 468 10f1 E36CB02E 		.ascii	"\343l\260.\375b1\353\017d\253\374\200\015\216tv\247"
 468      FD6231EB 
 468      0F64ABFC 
 468      800D8E74 
 468      76A7
 469 1103 ABE5FD81 		.ascii	"\253\345\375\201\334QI\015b\2226\210\011\261A\024u\227"
 469      DC51490D 
 469      62923688 
 469      09B14114 
 469      7597
 470 1115 267ABC9E 		.ascii	"&z\274\236g\313\353\267\325\235.\321\224\334X\013\305"
 470      67CBEBB7 
 470      D59D2ED1 
 470      94DC580B 
 470      C5
 471 1126 883E2064 		.ascii	"\210> dhDJ\0278\205\377\367p?Bwq\037X\376\020\277\016"
 471      68444A17 
 471      3885FFF7 
 471      703F4277 
 471      711F58FE 
 472 113d B34F0D16 		.ascii	"\263O\015\026V\251q\243\327\213\031=\355\312\350G\256"
 472      56A971A3 
 472      D78B193D 
 472      EDCAE847 
 472      AE
 473 114e 8C7ECC06 		.ascii	"\214~\314\006\017\327^\356`\366A\372\241\031>}\317\236"
 473      0FD75EEE 
 473      60F641FA 
ARM GAS  /tmp/cc0pDLc0.s 			page 38


 473      A1193E7D 
 473      CF9E
 474 1160 542FF7F6 		.ascii	"T/\367\366=\241\366\315\212\366e\256\2310p\363Z\310"
 474      3DA1F6CD 
 474      8AF665AE 
 474      993070F3 
 474      5AC8
 475 1172 3D60AC8D 		.ascii	"=`\254\215\274\221\006\"4%Y7\345l\335Sj]\302\336\262"
 475      BC910622 
 475      34255937 
 475      E56CDD53 
 475      6A5DC2DE 
 476 1187 411DEE67 		.ascii	"A\035\356g\326M\216u\317\371P]\310\335?3oG\346\351b"
 476      D64D8E75 
 476      CFF9505D 
 476      C8DD3F33 
 476      6F47E6E9 
 477 119c 0FA61FE8 		.ascii	"\017\246\037\3500\317\364\313ol\233R\271\335\304\305"
 477      30CFF4CB 
 477      6F6C9B52 
 477      B9DDC4C5 
 478 11ac 28897A36 		.ascii	"(\211z6%Wo\372Q\302%\004\372\365\263\2070\345\311\340"
 478      25576FFA 
 478      51C22504 
 478      FAF5B387 
 478      30E5C9E0 
 479 11c0 FE1D8892 		.ascii	"\376\035\210\222\2419I\3019\314^\034\243X%QlKIW\273"
 479      A13949C1 
 479      39CC5E1C 
 479      A3582551 
 479      6C4B4957 
 480 11d5 128F30C5 		.ascii	"\022\2170\305\246\207\366M\"?\336%\326\273]}\025\317"
 480      A687F64D 
 480      223FDE25 
 480      D6BB5D7D 
 480      15CF
 481 11e7 5B7AF7EC 		.ascii	"[z\367\354\273Z\243\2267\202x\245\274\021\254Q\212\357"
 481      BB5AA396 
 481      378278A5 
 481      BC11AC51 
 481      8AEF
 482 11f9 A9F2CB7A 		.ascii	"\251\362\313z\012\225\324j\030\343\2368\273\241/S\347"
 482      0A95D46A 
 482      18E39E38 
 482      BBA12F53 
 482      E7
 483 120a 3E28EBA8 		.ascii	">(\353\250\325kE\253\033\023g\316j\270\325\260\377l"
 483      D56B45AB 
 483      1B1367CE 
 483      6AB8D5B0 
 483      FF6C
 484 121c 2D5AC7AC 		.ascii	"-Z\307\254\0062\024\247\264[\015\247\314\352\365\324"
 484      063214A7 
 484      B45B0DA7 
 484      CCEAF5D4 
 485 122c EAF99DBD 		.ascii	"\352\371\235\275G\275p\234\267S\262\271Y-7*Y^5\037\355"
 485      47BD709C 
ARM GAS  /tmp/cc0pDLc0.s 			page 39


 485      B753B2B9 
 485      592D372A 
 485      595E351F 
 486 1241 F1B09748 		.ascii	"\361\260\227H\002\033\354\330\271\366\226\316\355\022"
 486      021BECD8 
 486      B9F696CE 
 486      ED12
 487 124f 9A44954D 		.ascii	"\232D\225M\024\225m*>vY\313\225\205\273\357\204B\036"
 487      14956D2A 
 487      3E7659CB 
 487      9585BBEF 
 487      84421E
 488 1262 2220431B 		.ascii	"\" C\033$e7\210\312n\242\312\236x\270!I\207\323\231"
 488      24653788 
 488      CA6EA2CA 
 488      9E78B821 
 488      4987D399 
 489 1276 B2793D9D 		.ascii	"\262y=\235\271*{\0363mo\016\306\256q\377\351g\012\325"
 489      B92A7B1E 
 489      336D6F0E 
 489      C6AE71FF 
 489      E9670AD5 
 490 128a 61B3A843 		.ascii	"a\263\250CEZ_\265\250\303\215\004\315\261Sk\353>\243"
 490      455A5FB5 
 490      A8C38D04 
 490      CDB1536B 
 490      EB3EA3
 491 129d 442859D2 		.ascii	"D(Y\322 Y\324`\013K\222\342\366j,\217'QX\212g*\213'"
 491      2059D460 
 491      0B4B92E2 
 491      F66A2C8F 
 491      2751588A 
 492 12b5 390271CA 		.ascii	"9\002q\312\330\203T\265N\372\376\211\274\325\223h\323"
 492      D88354B5 
 492      4EFAFE89 
 492      BCD59368 
 492      D3
 493 12c6 94E49B82 		.ascii	"\224\344\233\202 \372\030\211~y5:\253\364\335\314\327"
 493      20FA1889 
 493      7E79353A 
 493      ABF4DDCC 
 493      D7
 494 12d7 A50F10FD 		.ascii	"\245\017\020\375\266A\322}\253\322W\234C\021b\354ly"
 494      B641D27D 
 494      ABD2579C 
 494      431162EC 
 494      6C79
 495 12e9 35FFF04E 		.ascii	"5\377\360N\015\350\3613\361\265\236n\245m\023\245\245"
 495      0DE8F133 
 495      F1B59E6E 
 495      A56D13A5 
 495      A5
 496 12fa 2BA9B8C9 		.ascii	"+\251\270\311\215k\246\371\207\320\344\013;\361\033"
 496      8D6BA6F9 
 496      87D0E40B 
 496      3BF11B
 497 1309 D145EC1B 		.ascii	"\321E\354\033\321\322\201\264V\344\254L\246\322\037"
ARM GAS  /tmp/cc0pDLc0.s 			page 40


 497      D1D281B4 
 497      56E4AC4C 
 497      A6D21F
 498 1318 652809B3 		.ascii	"e(\011\263,\252\3146\246L\026U&\343p\315q\037\271c\326"
 498      2CAACC36 
 498      A64C1655 
 498      26E370CD 
 498      711FB963 
 499 132d 3938269B 		.ascii	"98&\233;&\233:\306\326\222\231\345\340\305\030\007\342"
 499      3B269B3A 
 499      C6D69299 
 499      E5E0C518 
 499      07E2
 500 133f 1C4E9C43 		.ascii	"\034N\234C\211;Fk\022=q>\013zY\342|\232\373>\360\035"
 500      893B466B 
 500      123D713E 
 500      0B7A59E2 
 500      7C9AFB3E 
 501 1355 0D70248F 		.ascii	"\015p$\217\357DV\352\224\000\361\255\20365\335\246\351"
 501      EF4456EA 
 501      9400F1AD 
 501      833635DD 
 501      A6E9
 502 1367 4920AF7A 		.ascii	"I \257zcl\037|D\350P\256\024\343\\\245S\247\332Nc\335"
 502      636C1F7C 
 502      44E850AE 
 502      14E35CA5 
 502      53A7DA4E 
 503 137d BFFD76AA 		.ascii	"\277\375v\252\027\276\311\004\337_\177\245\310\2133"
 503      17BEC904 
 503      DF5F7FA5 
 503      C88B33
 504 138c 9B7882AF 		.ascii	"\233x\202\257\034\200\335)\030\020\217\224\224[\236"
 504      1C80DD29 
 504      18108F94 
 504      945B9E
 505 139b C42DCF99 		.ascii	"\304-\317\231\333\016\312\255{\260>\004\2171f%\345\337"
 505      DB0ECAAD 
 505      7BB03E04 
 505      8F316625 
 505      E5DF
 506 13ad 5578E339 		.ascii	"Ux\3439\206$\3247\344\250!\217\321N\232j\344\226\257"
 506      8624D437 
 506      E4A8218F 
 506      D14E9A6A 
 506      E496AF
 507 13c0 B8F204A2 		.ascii	"\270\362\004\242\231=`\3776z\333\371\374j\367w\261\273"
 507      993D60FF 
 507      367ADBF9 
 507      FC6AF777 
 507      B1BB
 508 13d2 A8E18562 		.ascii	"\250\341\205bf\327\265&]Pseo\337\321\\\332\233\315,"
 508      66D7B526 
 508      5D507365 
 508      6FDFD15C 
 508      DA9BCD2C 
 509 13e6 6F120825 		.ascii	"o\022\010%\312\027\225E\005J%\301\034\365-\242\372&"
ARM GAS  /tmp/cc0pDLc0.s 			page 41


 509      CA179545 
 509      054A25C1 
 509      1CF52DA2 
 509      FA26
 510 13f8 AE2989D1 		.ascii	"\256)\211\321\340\036\037\366\231pqA\223\217\344\312"
 510      E01E1FF6 
 510      99707141 
 510      938FE4CA 
 511 1408 66475716 		.ascii	"fGW\026K\306\027;3\333M\231\355\202\226\354\215o3f\305"
 511      4BC6173B 
 511      33DB4D99 
 511      ED8296EC 
 511      8D6F3366 
 512 141d ED8F8EEB 		.ascii	"\355\217\216\353$W\2268\271\262D\342V\342\314\255\224"
 512      24579638 
 512      B9B244E2 
 512      56E2CCAD 
 512      94
 513 142e 72DB5839 		.ascii	"r\333X9y\301\341\343\233\024\207\364)\343\351SF\323"
 513      79C1E1E3 
 513      9B1487F4 
 513      29E3E953 
 513      46D3
 514 1440 2771267B 		.ascii	"'q&{R\217\307\231\350\333\267w\244\361O\241_%f\245\236"
 514      528FC799 
 514      E8DBB777 
 514      A4F14FA1 
 514      5F2566A5 
 515 1455 C855B3AC 		.ascii	"\310U\263\254\357 7\315;\332&\322ux\236\321Nn;s\231"
 515      EF2037CD 
 515      3BDA26D2 
 515      75789ED1 
 515      4E6E3B73 
 516 146a 7F64FE43 		.ascii	"\177d\376C\262\352\256\037\031\361q[^\373\305\362\332"
 516      B2EAAE1F 
 516      19F1715B 
 516      5EFBC5F2 
 516      DA
 517 147b C7CAABB1 		.ascii	"\307\312\253\261\264\345\232\306\271\200\366B\001\355"
 517      B4E59AC6 
 517      B980F642 
 517      01ED
 518 1489 A1057480 		.ascii	"\241\005t\200\026\020\235D\223+%o\314[N]\363,\352\372"
 518      16109D44 
 518      932B256F 
 518      CC5B4E5D 
 518      F32CEAFA 
 519 149d F2135785 		.ascii	"\362\023W\205\237\354\264u\324\321\335\305\236[\361"
 519      9FECB475 
 519      D4D1DDC5 
 519      9E5BF1
 520 14ac B698B5B0 		.ascii	"\266\230\265\260\301>\250\364E\025\340<Xge\223\313a"
 520      C13EA8F4 
 520      4515E03C 
 520      58676593 
 520      CB61
 521 14be E44F905D 		.ascii	"\344O\220]\225\312\237(\324\241\246\340\020\223Y\371"
ARM GAS  /tmp/cc0pDLc0.s 			page 42


 521      95CA9F28 
 521      D4A1A6E0 
 521      109359F9 
 522 14ce A5D96452 		.ascii	"\245\331dRE\007\2570Y\336\015\012\215\2120\005\005\033"
 522      4507AF30 
 522      59DE0D0A 
 522      8D8A3005 
 522      051B
 523 14e0 5705FDD6 		.ascii	"W\005\375\326d\371\332\032\025\035\364\321\247\313\203"
 523      64F9DA1A 
 523      151DF4D1 
 523      A7CB83
 524 14ef 4C115F98 		.ascii	"L\021_\230BBL!AQ\226 \2635\310b6\006\031CCVG\006G\204"
 524      42424C21 
 524      41519620 
 524      B335C862 
 524      36061943 
 525 1509 199718B5 		.ascii	"\031\227\030\265\277\373\364\217\257-[\272T\241\266"
 525      BFFBF48F 
 525      AF2D5BBA 
 525      54A1B6
 526 1518 84FDAFC9 		.ascii	"\204\375\257\311`};h\245\305\034\024\036\366E\320\012"
 526      607D3B68 
 526      A5C51C14 
 526      1EF645D0 
 526      0A
 527 1529 A33128D8 		.ascii	"\2431(\330\034\361fdT\244\351MS\360\027aA\277\\\362"
 527      1CF16664 
 527      54A4E94D 
 527      53F01761 
 527      41BF5CF2 
 528 153d F692A541 		.ascii	"\366\222\245Aa\221\306\360\225!\246 \213\025\270~\271"
 528      6191C6F0 
 528      9521A620 
 528      8B15B87E 
 528      B9
 529 154e 2454A18C 		.ascii	"$T\241\2144}k\365\004u\242\015\\\247\225\026S\210\222"
 529      347D6BF5 
 529      0475A20D 
 529      5CA79516 
 529      538892
 530 1561 F0539251 		.ascii	"\360S\222Q/\331%\203U\033m\216\372&\014N\275\"L\021"
 530      2FD92583 
 530      551B6D8E 
 530      FA260C4E 
 530      BD224C11 
 531 1575 2B4CD62F 		.ascii	"+L\326/WF\032\3376X\227=_ycTDDT$\234\021\355D-\214\241"
 531      57461ADF 
 531      3658973D 
 531      5F796354 
 531      44445424 
 532 1590 C0C61865 		.ascii	"\300\306\030e6\201\"\236p\032e^MDE\343\010\353\267\252"
 532      3681229E 
 532      701A655E 
 532      4D4445E3 
 532      08EBB7AA 
 533 15a4 A8559126 		.ascii	"\250U\221&\263\326l\012\016\2176\207E\351\014\206\225"
ARM GAS  /tmp/cc0pDLc0.s 			page 43


 533      B3D66C0A 
 533      0E8F3687 
 533      45E90C86 
 533      95
 534 15b5 6191D677 		.ascii	"a\221\326w@\332\273\324JG\353D\216\021\301\306\320\260"
 534      40DABBD4 
 534      4A47EB44 
 534      8E11C1C6 
 534      D0B0
 535 15c7 48539001 		.ascii	"HS\220\001\254\013^\031n5XWG\233,\300^+\316\376\351"
 535      AC0B5E19 
 535      6E355857 
 535      479B2CC0 
 535      5E2BCEFE 
 536 15dc 33665B56 		.ascii	"3f[V[\202\014\340\032 \205)\032+\021l\260~\372\302\326"
 536      5B820CE0 
 536      1A208529 
 536      1A2B116C 
 536      B07EFAC2 
 537 15f1 454799AD 		.ascii	"EG\231\255\226\240\017\377\360\311\262O\276%c\321a\341"
 537      96A00FFF 
 537      F0C9B24F 
 537      BE2563D1 
 537      61E1
 538 1603 26B325E8 		.ascii	"&\263%\350w\313\226\201\251\242&\0320.<\314b\325\232"
 538      77CB9681 
 538      A9A2261A 
 538      302E3CCC 
 538      62D59A
 539 1616 A24D9120 		.ascii	"\242M\221 j\205\247\351\033S\2445\"\330\362588\302\262"
 539      6A85A7E9 
 539      1B53A435 
 539      22D8F235 
 539      3838C2B2 
 540 162a E27F569A 		.ascii	"\342\177V\232V\232^1\206\032\254\241`}\210\305@\007"
 540      569A5E31 
 540      861AACA1 
 540      607D88C5 
 540      4007
 541 163c 94D166D3 		.ascii	"\224\321f\3237>\016C\006\253fUp\230\025X\370\310\250"
 541      373E0E43 
 541      06AB6655 
 541      70981558 
 541      F8C8A8
 542 164f 096F6F39 		.ascii	"\011oo9b\260\242\225j\323*\"@\275\312\012\322\243\341"
 542      62B0A295 
 542      6AD32A22 
 542      40BDCA0A 
 542      D2A3E1
 543 1662 60314544 		.ascii	"`1EDcc\244\325\303`\340\216\321\360\243\012F\341?\225"
 543      6363A4D5 
 543      C360E08E 
 543      D1F0A30A 
 543      46E13F95 
 544 1676 A007BE40 		.ascii	"\240\007\276@\031\034\035\012A\322X\210\232\226\025"
 544      191C1D0A 
 544      41D25888 
ARM GAS  /tmp/cc0pDLc0.s 			page 44


 544      9A9615
 545 1685 2A002058 		.ascii	"*\000 Xe\265\232\243}\231 \203\331\364\245\311l\212"
 545      65B59AA3 
 545      7D992083 
 545      D9F4A5C9 
 545      6C8A
 546 1697 34824EC0 		.ascii	"4\202N\300<\352\213\257\242\265\246o\303\254\306\250"
 546      3CEA8BAF 
 546      A2B5A66F 
 546      C3ACC6A8 
 547 16a7 1093DA1C 		.ascii	"\020\223\332\034\262\032f(\201\304\342\301\242\370>"
 547      B21A6628 
 547      81C4E2C1 
 547      A2F83E
 548 16b6 48138F56 		.ascii	"H\023\217V2\016\354\276\014\017^a\321X#`\006`\026k\260"
 548      320EECBE 
 548      0C0F5E61 
 548      D1582360 
 548      0660166B 
 549 16cb D5A4B5D2 		.ascii	"\325\244\265\322\003a\031\374E\260\305\304s\340\275"
 549      036119FC 
 549      45B0C5C4 
 549      73E0BD
 550 16da 77C14FE2 		.ascii	"w\301O\342\211\316b\375:8<lE\244\301\372/\177e\234B"
 550      89CE62FD 
 550      3A383C6C 
 550      45A4C1FA 
 550      2F7F659C 
 551 16ef 79062AA1 		.ascii	"y\006*\241\252LJch\260Y\025\025\0169\256\2124\2552\231"
 551      AA4C4A63 
 551      68B05915 
 551      150E39AE 
 551      8A34AD32 
 552 1704 B1D1FAAD 		.ascii	"\261\321\372\255`\211\026\302I.\256\200\2741X\261y\351"
 552      608916C2 
 552      492EAE80 
 552      BC3158B1 
 552      79E9
 553 1716 5280B704 		.ascii	"R\200\267\004\363\257\004\363\373\202\371\227\202\371"
 553      F3AF04F3 
 553      FB82F997 
 553      82F9
 554 1724 3DC1FC0B 		.ascii	"=\301\374\013\301\374\256'\341L\034\012\223^\274(\\"
 554      C1FCAE27 
 554      E14C1C0A 
 554      935EBC28 
 554      5C
 555 1735 A863F8E6 		.ascii	"\250c\370\346\227\021\240\222\236\3623FEZ\241J\225$"
 555      9711A092 
 555      9EF23346 
 555      455AA14A 
 555      9524
 556 1747 1D3DEC91 		.ascii	"\035=\354\221VEDGE\205ky\000\254Z\270\020\261\022\350"
 556      56454447 
 556      45856B79 
 556      00AC5AB8 
 556      10B112E8 
ARM GAS  /tmp/cc0pDLc0.s 			page 45


 557 175b 34F4BFC1 		.ascii	"4\364\277\301\372\336\013u\024\251\024-\320X@\344/^"
 557      FADE0B75 
 557      14A9142D 
 557      D05840E4 
 557      2F5E
 558 176d 721AE413 		.ascii	"r\032\344\023\314\372\347\227\025\266\332\"\326\303"
 558      CCFAE797 
 558      15B6DA22 
 558      D6C3
 559 177b CB0A847C 		.ascii	"\313\012\204|\204Y^\262va\260~\360W7 2\237\326:ie\006"
 559      84595EB2 
 559      7661B07E 
 559      F0573720 
 559      329FD63A 
 560 1792 EBAF5E52 		.ascii	"\353\257^R\031^g\300AE\030D+WAM\253V\221l\305\301\346"
 560      195E67C0 
 560      41451844 
 560      2B57414D 
 560      AB56916C 
 561 17a9 157E3C3A 		.ascii	"\025~<:!&\213\321\034\026m\215\202\036\252\242\351\352"
 561      21268BD1 
 561      1C166D8D 
 561      821EAAA2 
 561      E9EA
 562 17bb 09356232 		.ascii	"\0115b2Z\015\244\321z\222@\362\036\373\333\277\245\225"
 562      5A0DA4D1 
 562      7A9240F2 
 562      1EFBDBBF 
 562      A595
 563 17cd 123E44   		.ascii	"\022>D"
 564 17d0 17BDD49D 		.ascii	"\027\275\324\235\015V\321ST\210\325\317\030\372\037"
 564      0D56D153 
 564      5488D5CF 
 564      18FA1F
 565 17df A121CB40 		.ascii	"\241!\313@+\253\351\337\315Q\021\037\201\375/\026\001"
 565      2BABE9DF 
 565      CD51111F 
 565      81FD2F16 
 565      01
 566 17f0 A7B547F1 		.ascii	"\247\265G\361C'N\237P1\237\201\024\350\032\313\215\241"
 566      43274E9F 
 566      50319F81 
 566      14E81ACB 
 566      8DA1
 567 1802 FF19FCB5 		.ascii	"\377\031\374\265ie\364\362\357\313\310\226\257\264\220"
 567      6965F4F2 
 567      EFCBC896 
 567      AFB490
 568 1811 9E670AF9 		.ascii	"\236g\012\371\330\327\030J$\177\030\036\036e\374\220"
 568      D8D7184A 
 568      247F181E 
 568      1E65FC90 
 569 1821 F8C314E2 		.ascii	"\370\303\024\342i\014%\223\351\020\234/_m\371c$\234"
 569      690C2593 
 569      E9109C2F 
 569      5F6DF963 
 569      249C
ARM GAS  /tmp/cc0pDLc0.s 			page 46


 570 1833 7EFDD2F9 		.ascii	"~\375\322\371\261\232\270\200U\342J\312\301\313\000"
 570      B19AB880 
 570      55E24ACA 
 570      C1CB00
 571 1842 4DCC6AF8 		.ascii	"M\314j\370\327\017\227\377\333g\177\370\330+8|U\360"
 571      D70F97FF 
 571      DB677FF8 
 571      D82B387C 
 571      55F0
 572 1854 6A0B5469 		.ascii	"j\013Ti8\254\024\237\275\260\277\241\002I\215\006-\373"
 572      38AC149F 
 572      BDB0BFA1 
 572      02498D06 
 572      2DFB
 573 1866 64F9C7CB 		.ascii	"d\371\307\313\203\226A\221\006},\012\215\260\204Y\014"
 573      83964191 
 573      067D2C0A 
 573      8DB08459 
 573      0C
 574 1877 B0E68260 		.ascii	"\260\346\202`\017\252\372\357A\254\007U\201+@caX\362"
 574      0FAAFAEF 
 574      41AC0755 
 574      812B4063 
 574      6158F2
 575 188a DEDBEFBD 		.ascii	"\336\333\357\275\243\025\261\377\003>\310\244A"
 575      A315B1FF 
 575      033EC8A4 
 575      41
 576              		.text
 577              		.section	.gnu.lto_.symtab.dda4147f3487a60d,"",%progbits
 578 0000 63685468 		.ascii	"chThdCreateFromHeap\000"
 578      64437265 
 578      61746546 
 578      726F6D48 
 578      65617000 
 579 0014 00       		.ascii	"\000"
 580 0015 00       		.ascii	"\000"
 581 0016 00       		.ascii	"\000"
 582 0017 00000000 		.ascii	"\000\000\000\000\000\000\000\000"
 582      00000000 
 583 001f F5010000 		.ascii	"\365\001\000\000"
 584 0023 63685468 		.ascii	"chThdCreateFromMemoryPool\000"
 584      64437265 
 584      61746546 
 584      726F6D4D 
 584      656D6F72 
 585 003d 00       		.ascii	"\000"
 586 003e 00       		.ascii	"\000"
 587 003f 00       		.ascii	"\000"
 588 0040 00000000 		.ascii	"\000\000\000\000\000\000\000\000"
 588      00000000 
 589 0048 FD010000 		.ascii	"\375\001\000\000"
 590 004c 63685363 		.ascii	"chSchWakeupS\000"
 590      6857616B 
 590      65757053 
 590      00
 591 0059 00       		.ascii	"\000"
ARM GAS  /tmp/cc0pDLc0.s 			page 47


 592 005a 02       		.ascii	"\002"
 593 005b 00       		.ascii	"\000"
 594 005c 00000000 		.ascii	"\000\000\000\000\000\000\000\000"
 594      00000000 
 595 0064 02020000 		.ascii	"\002\002\000\000"
 596 0068 63685468 		.ascii	"chThdCreateSuspendedI\000"
 596      64437265 
 596      61746553 
 596      75737065 
 596      6E646564 
 597 007e 00       		.ascii	"\000"
 598 007f 02       		.ascii	"\002"
 599 0080 00       		.ascii	"\000"
 600 0081 00000000 		.ascii	"\000\000\000\000\000\000\000\000"
 600      00000000 
 601 0089 08020000 		.ascii	"\010\002\000\000"
 602 008d 63684865 		.ascii	"chHeapAllocAligned\000"
 602      6170416C 
 602      6C6F6341 
 602      6C69676E 
 602      656400
 603 00a0 00       		.ascii	"\000"
 604 00a1 02       		.ascii	"\002"
 605 00a2 00       		.ascii	"\000"
 606 00a3 00000000 		.ascii	"\000\000\000\000\000\000\000\000"
 606      00000000 
 607 00ab 0E020000 		.ascii	"\016\002\000\000"
 608 00af 6368506F 		.ascii	"chPoolAlloc\000"
 608      6F6C416C 
 608      6C6F6300 
 609 00bb 00       		.ascii	"\000"
 610 00bc 02       		.ascii	"\002"
 611 00bd 00       		.ascii	"\000"
 612 00be 00000000 		.ascii	"\000\000\000\000\000\000\000\000"
 612      00000000 
 613 00c6 12020000 		.ascii	"\022\002\000\000"
 614              		.text
 615              		.section	.gnu.lto_.opts,"",%progbits
 616 0000 272D666D 		.ascii	"'-fmath-errno' '-fsigned-zeros' '-ftrapping-math' '"
 616      6174682D 
 616      6572726E 
 616      6F272027 
 616      2D667369 
 617 0033 2D666E6F 		.ascii	"-fno-trapv' '-fno-openmp' '-fno-openacc' '-mcpu=cor"
 617      2D747261 
 617      70762720 
 617      272D666E 
 617      6F2D6F70 
 618 0066 7465782D 		.ascii	"tex-m3' '-mno-thumb-interwork' '-mthumb' '-O2' '-fo"
 618      6D332720 
 618      272D6D6E 
 618      6F2D7468 
 618      756D622D 
 619 0099 6D69742D 		.ascii	"mit-frame-pointer' '-falign-functions=16' '-ffuncti"
 619      6672616D 
 619      652D706F 
 619      696E7465 
ARM GAS  /tmp/cc0pDLc0.s 			page 48


 619      72272027 
 620 00cc 6F6E2D73 		.ascii	"on-sections' '-fdata-sections' '-fno-common' '-flto"
 620      65637469 
 620      6F6E7327 
 620      20272D66 
 620      64617461 
 621 00ff 2700     		.ascii	"'\000"
 622              		.text
 623              		.comm	__gnu_lto_v1,1,1
 624              		.comm	__gnu_lto_slim,1,1
 625              		.ident	"GCC: (GNU Tools for Arm Embedded Processors 7-2017-q4-major) 7.2.1 20170904 (release) [ARM
ARM GAS  /tmp/cc0pDLc0.s 			page 49


DEFINED SYMBOLS
                            *ABS*:0000000000000000 chdynamic.c
                            *COM*:0000000000000001 __gnu_lto_v1
                            *COM*:0000000000000001 __gnu_lto_slim

NO UNDEFINED SYMBOLS
