ARM GAS  /tmp/ccXHOjgR.s 			page 1


   1              		.cpu cortex-m3
   2              		.eabi_attribute 20, 1
   3              		.eabi_attribute 21, 1
   4              		.eabi_attribute 23, 3
   5              		.eabi_attribute 24, 1
   6              		.eabi_attribute 25, 1
   7              		.eabi_attribute 26, 1
   8              		.eabi_attribute 30, 2
   9              		.eabi_attribute 34, 1
  10              		.eabi_attribute 18, 4
  11              		.file	"chmemcore.c"
  12              		.section	.gnu.lto_.profile.5ad3487ed42cb17b,"",%progbits
  13 0000 789C6363 		.ascii	"x\234cc```\001bF\006}m\000\001\001\000f"
  13      60606001 
  13      6246067D 
  13      6D000101 
  13      0066
  14              		.text
  15              		.section	.gnu.lto_.icf.5ad3487ed42cb17b,"",%progbits
  16 0000 789C6363 		.ascii	"x\234cc``P`@\000V\206\206\267'o\2612\366\377}\377\234"
  16      60605060 
  16      40005686 
  16      86B7276F 
  16      B132F6FF 
  17 0017 97A579F7 		.ascii	"\227\245y\367\307\271\274\254{\266\276x\300\302\366"
  17      C7B9BCAC 
  17      7BB6BE78 
  17      C0C2F6
  18 0026 FE676F1B 		.ascii	"\376go\0337\003\000\012\334\017\334"
  18      3703000A 
  18      DC0FDC
  19              		.text
  20              		.section	.gnu.lto_.jmpfuncs.5ad3487ed42cb17b,"",%progbits
  21 0000 789C6363 		.ascii	"x\234cc``\320a@\000\026\020ffddd\257\237\303\314\000"
  21      6060D061 
  21      40001610 
  21      66666464 
  21      64AF9FC3 
  22 0016 C48C209A 		.ascii	"\304\214 \232\025C\204\015\250\016\000\230\376\007\026"
  22      1543840D 
  22      A80E0098 
  22      FE0716
  23              		.text
  24              		.section	.gnu.lto_.inline.5ad3487ed42cb17b,"",%progbits
  25 0000 789C6363 		.ascii	"x\234cc``\250`@\000\026\006\006V\026F\006&\226\005\362"
  25      6060A860 
  25      40001606 
  25      06561646 
  25      06269605 
  26 0015 0C6C0BE4 		.ascii	"\014l\013\344\231 b\302B\214L\214\012\214@6\210`\221"
  26      992062C2 
  26      428C4C8C 
  26      0A8C4036 
  26      886091
  27 0028 68D8C608 		.ascii	"h\330\306\010\221e\373\240\307\303\300t\201\237\005"
  27      9165FBA0 
  27      C7C3C074 
ARM GAS  /tmp/ccXHOjgR.s 			page 2


  27      819F05
  28 0037 A48E9541 		.ascii	"\244\216\225AT\204\221\011\254\004\254\230Ef\301U4u"
  28      54849109 
  28      AC04AC98 
  28      4566C155 
  28      3475
  29 0049 1C20756C 		.ascii	"\034 ul\014l\254@+\200bp+\030\000\033\353\015\240"
  29      0C6CAC40 
  29      2B806270 
  29      2B18001B 
  29      EB0DA0
  30              		.text
  31              		.section	.gnu.lto_.pureconst.5ad3487ed42cb17b,"",%progbits
  32 0000 789C6363 		.ascii	"x\234cc``\340\002b\026\006\011\026\011\326]\214l,\000"
  32      6060E002 
  32      62160609 
  32      1609D65D 
  32      8C6C2C00 
  33 0014 05B20113 		.ascii	"\005\262\001\023"
  34              		.text
  35              		.section	.gnu.lto__core_init.5ad3487ed42cb17b,"",%progbits
  36 0000 789C8591 		.ascii	"x\234\205\221\313k\324P\024\306\317\227;\223\316\302"
  36      CB6BD450 
  36      14C6CF97 
  36      3B93CEC2 
  37 0010 A9082EA4 		.ascii	"\251\010.\244\272p3\213n\274\177\202 .\\\351\302\255"
  37      BA70338B 
  37      6EBC7F82 
  37      202E5CE9 
  37      C2AD
  38 0022 10663281 		.ascii	"\020f2\201\021MS:\242\313\271\323Rg|\"\305V\221 \201"
  38      114D533A 
  38      A2CBB9D3 
  38      52677C22 
  38      C5569120 
  39 0037 2E5C6919 		.ascii	".\\i\031\234N\033\037m\214/p\321B7\202\212H\255]\210"
  39      9C4E1B1F 
  39      6D8C2F70 
  39      D1423782 
  39      8A48AD5D 
  40 004c 0845DC28 		.ascii	"\010E\334(\255\236\233\011>*\324\013\227|\2719\337\227"
  40      AD9E9B09 
  40      3E2AD40B 
  40      977CB939 
  40      DF97
  41 005e DF39D724 		.ascii	"\3379\327$\242\212At\214\237\273yC\020\214+\013D\365"
  41      A28A4174 
  41      8C9FBB79 
  41      43108C2B 
  41      0B44F5
  42 0071 9C0168A1 		.ascii	"\234\001h\241r\240\232\201\032.\212\253\002qc54\372"
  42      72A09A81 
  42      1A2E8AAB 
  42      02716335 
  42      34FA
  43 0083 6F295ED1 		.ascii	"o)^\321\265%\363\254\032\335\345\013\242\011\336z\341"
  43      B525F3AC 
ARM GAS  /tmp/ccXHOjgR.s 			page 3


  43      1ADDE50B 
  43      A209DE7A 
  43      E1
  44 0094 2EFA89CB 		.ascii	".\372\211\313\276\236\377\362!/\016@\353`>^\334^\230"
  44      BE9EFFF2 
  44      212F0E40 
  44      EB603E5E 
  44      DC5E98
  45 00a7 54EFD8B2 		.ascii	"T\357\330\262zc\347\230\012\256\253\214/\2006D\352\323"
  45      7A63E798 
  45      0AAEAB8C 
  45      2F803644 
  45      EAD3
  46 00b9 9274EDCB 		.ascii	"\222t\355\313\225v\013\342H\342{\033\336i\231\251\357"
  46      95760BE2 
  46      48E27B1B 
  46      DE6999A9 
  46      EF
  47 00ca 555F5DC5 		.ascii	"U_]\305\365\275\332\325\371\355\352\244\256\345\326"
  47      F5BDDAD5 
  47      F9EDEAA4 
  47      AEE5D6
  48 00d9 C678DECC 		.ascii	"\306x\336\314`\006\005L\243\320\245\301,L\002\213\251"
  48      6006054C 
  48      A3D0A5C1 
  48      2C4C028B 
  48      A9
  49 00ea A56CA436 		.ascii	"\245l\2446~4T\264\3207\325^\331\221!jr\001\367\246\""
  49      7E3454B4 
  49      D037D55E 
  49      D991216A 
  49      7201F7A6 
  50 00ff 3A270CAD 		.ascii	":'\014\255F\"\372\210\341o\215\365\351Yh#\207N\214\306"
  50      4622FA88 
  50      E16F8DF5 
  50      E9596823 
  50      874E8CC6 
  51 0113 8B3D1784 		.ascii	"\213=\027\204/\214\204&\014?\275\356\251\255\253\034"
  51      2F8C8426 
  51      0C3FBDEE 
  51      A9ADAB1C 
  52 0123 1F043A9F 		.ascii	"\037\004:\237\317\332#kc\275\001n\302\027\002\367xD"
  52      CFDA236B 
  52      63BD016E 
  52      C21702F7 
  52      7844
  53 0135 21F6241F 		.ascii	"!\366$\037:\317\337|\317\311\333zJ\301i_dp\037\001\306"
  53      3ACFDF7C 
  53      CFC9DB7A 
  53      4AC1695F 
  53      64701F01 
  54 014a 136A3C80 		.ascii	"\023j<\200\3743=\2739=\033\010lN\007\3468\375a\232>"
  54      FC333DBB 
  54      393D1B08 
  54      6C4E07E6 
  54      38FD619A 
  55 015f B7F6E27D 		.ascii	"\267\366\342}/\02779}\031:b\236\3439:B\255\333\306\245"
ARM GAS  /tmp/ccXHOjgR.s 			page 4


  55      2F173739 
  55      7D193A62 
  55      9EE3393A 
  55      42ADDBC6 
  56 0174 995F6DFC 		.ascii	"\231_m\374\227\373\321V\334q\302\255\247\210\307\011"
  56      97FBD156 
  56      DC71C2AD 
  56      A788C709 
  57 0184 F7DFA0C6 		.ascii	"\367\337\240\306\277\240O\266\004}\332\005}\306\240"
  57      BFA04FB6 
  57      047DDA05 
  57      7DC6A0
  58 0193 9F311C4C 		.ascii	"\2371\034L^N0\223\333l\362o\370&8r\277\254x\256#\213"
  58      5E4E3093 
  58      DB6CF26F 
  58      F8263872 
  58      BFAC78AE 
  59 01a9 F61979D0 		.ascii	"\366\031y\320\251\2368\345\015\312C\207\217J\307-9\345"
  59      A99E38E5 
  59      0DCA4387 
  59      8F4AC72D 
  59      39E5
  60 01bb B253965E 		.ascii	"\262S\226^U\332\236\353z\003\254N\036/\311\352\220-"
  60      55DA9EEB 
  60      7A03AC4E 
  60      1E2FC9EA 
  60      902D
  61 01cd ED8AEBB8 		.ascii	"\355\212\353\270\2667\344\354\263i\233eU\234\342\240"
  61      B637E4EC 
  61      B3699B65 
  61      559CE2A0 
  62 01dd E50C942D 		.ascii	"\345\014\224-+\237\276\224\212U\307\262~\002\315]\362"
  62      2B9FBE94 
  62      8A55C7B2 
  62      7E02CD5D 
  62      F2
  63 01ee FC       		.ascii	"\374"
  64              		.text
  65              		.section	.gnu.lto_chCoreAllocAlignedWithOffsetI.5ad3487ed42cb17b,"",%progbits
  66 0000 789C8D54 		.ascii	"x\234\215T]HTQ\020\236\271\347\334\335uu\327R\202\036"
  66      5D485451 
  66      109EB9E7 
  66      DCDD7575 
  66      D752821E 
  67 0014 247C48A4 		.ascii	"$|H\244\227\356K=\007Q\324K\275\324\213=e\353-\245\326"
  67      97EE4B3D 
  67      0751D44B 
  67      BDD48B3D 
  67      65EB2DA5 
  68 0029 8D562A7A 		.ascii	"\215V*z\361\344\232\266\225 \225\006\313\"\233&!!\025"
  68      F1E49AB6 
  68      95209506 
  68      CB229B26 
  68      212115
  69 003c D98FFDB9 		.ascii	"\331\217\375\271e\245eYFE\377IYPD\320\017\201\231\332"
  69      65A56559 
  69      4645FF49 
ARM GAS  /tmp/ccXHOjgR.s 			page 5


  69      595044D0 
  69      0F8199DA 
  70 0050 CCB957CC 		.ascii	"\314\271W\314\220\360\300\316\236\371\316|gf\2763\273"
  70      90F0C0CE 
  70      9EF9CE7C 
  70      6766BE33 
  70      BB
  71 0061 1E001892 		.ascii	"\036\000\030\222\000\353\350{9}\320\003h\324\367\003"
  71      00EBE87B 
  71      397DD003 
  71      68D4F703 
  72 0071 ECF61986 		.ascii	"\354\366\031\206Y\355\005\345\027\007z\000T\226p]\351"
  72      59ED05E5 
  72      17077A00 
  72      5496705D 
  72      E9
  73 0082 B8124D27 		.ascii	"\270\022M'\314D\344\215\362!T\032B\232X\211\007\304"
  73      CC44E48D 
  73      F221541A 
  73      429A5889 
  73      07C4
  74 0094 618103D5 		.ascii	"a\201\003\325\247\222b\277H\012@I\356\327{\211wAv\021"
  74      A79262BF 
  74      480A4049 
  74      EED77B89 
  74      77417611 
  75 00a8 F3C96DAB 		.ascii	"\363\311m\253\375>\340Yp\\\251*\225>\362\300{<\266g"
  75      FD3EE059 
  75      705CA92A 
  75      953EF2C0 
  75      7B3CB667 
  76 00bc 655218D0 		.ascii	"eR\030\320H\321\035\230\207g0\217\2139\213\013(\266"
  76      48D11D98 
  76      8767308F 
  76      8B398B0B 
  76      28B6
  77 00ce 79F7E3BE 		.ascii	"y\367\343\276\200X\212@\373\301x{\235,l\325\274\241"
  77      80588A40 
  77      FBC1787B 
  77      9D2C6CD5 
  77      BCA1
  78 00e0 56A1E627 		.ascii	"V\241\346'\205\300s(\376&\022\004x\036\013)\274~dt\320"
  78      85C07328 
  78      FE261204 
  78      781E0B29 
  78      BC7E6474 
  79 00f5 2B56686A 		.ascii	"+Vhj[O\303^\277K\355o\312k\215)J)\361\302\277d\011\330"
  79      5B4FC35E 
  79      BF4BED6F 
  79      CA6B8D29 
  79      4A29F1C2 
  80 010d A9C93F0E 		.ascii	"\251\311?\016=\177\023\024\2534\371\321\223\232\305"
  80      3D7F1314 
  80      AB34F9D1 
  80      939AC5
  81 011c 2EF749D3 		.ascii	".\367I\323\\\207+\360\3424\211/a!\023\352_\016_\316"
  81      5C872BF0 
ARM GAS  /tmp/ccXHOjgR.s 			page 6


  81      E234892F 
  81      612113EA 
  81      5F0E5FCE 
  82 0130 146B3579 		.ascii	"\024k5y\237\352:\205\005-\232\375\272iVsL\365*\231\024"
  82      9FEA3A85 
  82      052D9AFD 
  82      BA695673 
  82      4CF52A99 
  83 0145 265E9ECA 		.ascii	"&^\236\312\347E\341w\323\361\223~Q\244\251#G:\337K\227"
  83      E745E177 
  83      D3F1937E 
  83      51A4A923 
  83      473ADF4B 
  84 015a 3A7454A8 		.ascii	":tT\250c\312`\342\325i\211oO\2175\004<\022\273\260\000"
  84      63CA60E2 
  84      D569896F 
  84      4F8F3504 
  84      3C12BBB0 
  85 016f AF60414A 		.ascii	"\257`AJ\000\013J:\246\371Y\001\214\211\223\223\017\315"
  85      000B4A3A 
  85      A6F95901 
  85      8C899393 
  85      0FCD
  86 0181 B41A1BAF 		.ascii	"\264\032\033\257\245f\346}\356\270\2253\007\251vCp\363"
  86      A566E67D 
  86      EEB89533 
  86      07A97643 
  86      70F3
  87 0193 928DC9C6 		.ascii	"\222\215\311\306C\306\364\262\361\261\233\301\306\317"
  87      43C6F4B2 
  87      F1B19BC1 
  87      C6CF
  88 01a1 26934D16 		.ascii	"&\223M\026\037\004\220\245\012\"\253\235\2555\237\215"
  88      1F0490A5 
  88      0A22AB9D 
  88      AD359F8D 
  89 01b1 2C400E70 		.ascii	",@\016p\246\\\340\\\000{\251\006\032\021\225\2068=1"
  89      A65CE05C 
  89      007BA906 
  89      1A119586 
  89      383D31
  90 01c4 ED6269F8 		.ascii	"\355bi\370\204\261\306\232\272\256R.-!DB\004\022\"\350"
  90      84B1C69A 
  90      BAAE522E 
  90      2D214442 
  90      041222E8 
  91 01d8 A0E86092 		.ascii	"\240\350`\222`\352\351Uo\333\011=F\022\307ie\3435\352"
  91      60EAE955 
  91      6FDB093D 
  91      4612C769 
  91      65E335EA 
  92 01ec F713563D 		.ascii	"\367\023V=\235\2103\211\313\304\3375q\341 \331\232l"
  92      9D883389 
  92      CBC4DF35 
  92      71E120D9 
  92      9A6C
  93 01fe C207ACCA 		.ascii	"\302\007\254\312g\204\353\"\224Y\027?\016w\373\235("
ARM GAS  /tmp/ccXHOjgR.s 			page 7


  93      6784EB22 
  93      9459173F 
  93      0E77FB9D 
  93      28
  94 020f 0F5DDEB8 		.ascii	"\017]\336\270\347\372}/_\356\321bwv~~\341\255\034U>"
  94      E7FA7D2F 
  94      5FEED162 
  94      77767E7E 
  94      E1AD1C55 
  95 0224 025202B5 		.ascii	"\002R\002\265\246\035\261\257\007\203)l\302\244\360"
  95      A61DB1AF 
  95      0783296C 
  95      C2A4F0
  96 0233 62370DF7 		.ascii	"b7\015\367u\326\233\016\316\365\274\034\361Y\355\212"
  96      75D69B0E 
  96      CEF5BC1C 
  96      F159ED8A 
  97 0243 563E3FC9 		.ascii	"V>?\311\015La\003\253\015x\023-\256(9Q\242\227\262%"
  97      0D4C6103 
  97      AB0D7813 
  97      2DAE2839 
  97      51A297B2 
  98 0258 C46C2EE0 		.ascii	"\304l.\340[\255\213\371\010\236\322o\206\306\002S0?"
  98      5BAD8BF9 
  98      089ED26F 
  98      86C60253 
  98      303F
  99 026a C16EC3D4 		.ascii	"\301n\303\324\237\013f\352\236\375\316mE\016\226C\360"
  99      9F0B66EA 
  99      9EFDCE6D 
  99      450E9643 
  99      F0
 100 027b 64BFA43D 		.ascii	"d\277\244=AN\011\355]\353\235\220\\\035\225=\031u\205"
 100      414E09ED 
 100      5DEB9D90 
 100      5C1D953D 
 100      197585
 101 028e A3721D55 		.ascii	"\243r\035UF[\202NT\326Ld\270\365\037\031z\264\014\310"
 101      465B824E 
 101      54D64C64 
 101      B8F51F19 
 101      7AB40CC8 
 102 02a2 32F4920C 		.ascii	"2\364\222\014\357\261\272\277{\221{7\247\343\025\247"
 102      EFB1BABF 
 102      7B917B37 
 102      A7E315A7 
 103 02b2 DF09FD8B 		.ascii	"\337\011\375\213\320\030\320\361\323\356G\322}\221\311"
 103      D018D0F1 
 103      D3EE47D2 
 103      7D91C9
 104 02c1 7309CFD2 		.ascii	"s\011\317\322\316\230T5~\214\337\314\344\200\231Tv{"
 104      CE985435 
 104      7E8CDFCC 
 104      E4809954 
 104      767B
 105 02d3 FACA52DB 		.ascii	"\372\312R\333\271\264;\223/\324\207\226\223,Ns\342L"
 105      B9B43B93 
ARM GAS  /tmp/ccXHOjgR.s 			page 8


 105      2FD48796 
 105      932C4E73 
 105      E24C
 106 02e5 E4173420 		.ascii	"\344\0274 \241\013\377\211\210\013\363\304\363\361A"
 106      A10BFF89 
 106      880BF3C4 
 106      F3F141
 107 02f4 24CDE4AF 		.ascii	"$\315\344\257\346\001\366\015\366i\226\221\343\015\200"
 107      E601F60D 
 107      F6699691 
 107      E30D80
 108 0303 25566924 		.ascii	"%Vi$l[\305\241\035\3262;\272\271\"\262\325Z\271z\215"
 108      6C5BC5A1 
 108      1DD6323B 
 108      BAB922B2 
 108      D55AB97A 
 109 0318 658737D8 		.ascii	"e\2077\330%%v\211\025\211Z\241H8\034)\247\335\226\262"
 109      25257689 
 109      15895AA1 
 109      48381C29 
 109      A7DD96B2 
 110 032c 0D56745B 		.ascii	"\015Vt[\310\012\225\206\355p(\262\315^\030\002\031-"
 110      C80A9586 
 110      ED7028B2 
 110      CD5E1802 
 110      192D
 111 033e DB659BC5 		.ascii	"\333e\233\305[\3126\225{\"\0337F\355\012Yn\357\254\300"
 111      5BCA3695 
 111      7B221B37 
 111      46ED0A59 
 111      6EEFACC0 
 112 0352 AD7F00B1 		.ascii	"\255\177\000\261`\243\313"
 112      60A3CB
 113              		.text
 114              		.section	.gnu.lto_chCoreAllocAlignedWithOffset.5ad3487ed42cb17b,"",%progbits
 115 0000 789C8D55 		.ascii	"x\234\215U_L\223W\024\277\347\273\337\327\326\026\012"
 115      5F4C9357 
 115      14BFE7BB 
 115      DFD7D616 
 115      0A
 116 0011 F2B0258B 		.ascii	"\362\260%\213\0175\031Q\027\343\267\207\231=.\033[\246"
 116      0F351951 
 116      17E3B787 
 116      993D2E1B 
 116      5BA6
 117 0023 0F2C46F6 		.ascii	"\017,F\366\262d\211\303R\245\231\245\244eN\367\342g"
 117      B26489C3 
 117      52A599A5 
 117      A4654EF7 
 117      E267
 118 0035 8B60A72C 		.ascii	"\213`\247,f\0164]\225\252#\016\010\376\033sCE:\231\202"
 118      660E345D 
 118      95AA230E 
 118      08FE1B73 
 118      43453A99 
 119 004a 8A381419 		.ascii	"\2128\024\031*\012\212\350Pc\246.N\347\300\235s\357"
 119      2A0A8AE8 
ARM GAS  /tmp/ccXHOjgR.s 			page 9


 119      5063A62E 
 119      4EE7C09D 
 119      73EF
 120 005c 0752208E 		.ascii	"\007R \216\357\341\366\236s\317\357\334s~\347\334S\013"
 120      EFE1F69E 
 120      73CFEFDC 
 120      737EE7DC 
 120      530B
 121 006e 636CD0C6 		.ascii	"cl\320\306\330B`\354=\334\203\205\201\262\251\235\261"
 121      D84260EC 
 121      3DDC8385 
 121      81B2A99D 
 121      B1
 122 007f B53645D1 		.ascii	"\2656E\321\212\255\314\260\363\215-\214\031)\334\024"
 122      8AADCCB0 
 122      F38D2D8C 
 122      1929DC14 
 123 008f 5529AAA0 		.ascii	"U)\252\240I3\015\2006\206\015\330\032\205\253\032\254"
 123      49330D80 
 123      36860DD8 
 123      1A85AB1A 
 123      AC
 124 00a0 818DFC1B 		.ascii	"\201\215\374\033\016\035\305\373b|\003\217q\006*\212"
 124      0E1DC5FB 
 124      627C038F 
 124      71062A8A 
 125 00b0 F7CF44FB 		.ascii	"\367\317D\373\235$\002\270P\254.}\330a\231\263\3330"
 125      9D2402B8 
 125      50AC2E7D 
 125      D86199B3 
 125      DB30
 126 00c2 4246624B 		.ascii	"BFbK\267}wx\335\202\030WX\005Z\327\303\014\370\001f"
 126      B77D7778 
 126      DD821857 
 126      58055AD7 
 126      C30CF801 
 127 00d7 50303FC2 		.ascii	"P0?\302\034\264\335\271\366\302\351T\376\0160\334\367"
 127      1CB4DDB9 
 127      F6C2E954 
 127      FE0E30DC 
 127      F7
 128 00e8 45EACAD4 		.ascii	"E\352\312\324YU\002\327S\305\215Wc\234\303A\340c\201"
 128      595502D7 
 128      53C58D57 
 128      639CC341 
 128      E06381
 129 00fb A862F013 		.ascii	"\250b\360\023\314B\363MO\207\372\254\374}\001\255n)"
 129      CC42F34D 
 129      4F87FAAC 
 129      FC7D01AD 
 129      6E29
 130 010d 5F6F37A1 		.ascii	"_o7\241\367j^\251\012\033x\245\012?\217\007\253\014"
 130      F76A5EA9 
 130      0A1B78A5 
 130      0A3F8F07 
 130      AB0C
 131 011f 1A04F8AF 		.ascii	"\032\004\370\257\315\227z\235<[\200;\273J\346\233\330"
ARM GAS  /tmp/ccXHOjgR.s 			page 10


 131      CD977A9D 
 131      3C5B803B 
 131      BB4AE69B 
 131      D8
 132 0130 47352F49 		.ascii	"G5/I,\207C\223\\|\030f\021\240-\021\331k\347\037\012"
 132      2C874393 
 132      5C7C1866 
 132      11A02D11 
 132      D96BE71F 
 133 0145 F089C7BB 		.ascii	"\360\211\307\273r3w\011\360pM\306\216\260\321j\250\230"
 133      72337709 
 133      F0704DC6 
 133      8EB0D16A 
 133      A898
 134 0157 2D1C4986 		.ascii	"-\034I\206\323\207\326\327\367\017\227\247ZTh\204L\342"
 134      D387D6D7 
 134      F70F97A7 
 134      5A546884 
 134      4CE2
 135 0169 0369380A 		.ascii	"\003i8\012\026\030=(6\360K\\\255\265\010}\005\2071\030"
 135      16183D28 
 135      36F04B5C 
 135      ADB5087D 
 135      05873118 
 136 017d 064D689A 		.ascii	"\006Mh\232\300\"\2163\177\030\235\275\204\321A\005\222"
 136      C0228E33 
 136      7F189DBD 
 136      84D14105 
 136      92
 137 018e 8C6755A7 		.ascii	"\214gU\247\31659\370F\220\304\354\331\2615\305\214\357"
 137      CE3539F8 
 137      4690C4EC 
 137      D9B135C5 
 137      8CEF
 138 01a0 56CDEC6D 		.ascii	"V\315\354m\341\015eF<\224\036\343\032\034{A\204\322"
 138      E10D6546 
 138      3C941EE3 
 138      1A1C7B41 
 138      84D2
 139 01b2 F3BD6DC8 		.ascii	"\363\275m\310C3\206\012\277\220w\236\024\315\257\030"
 139      4333860A 
 139      BF90779E 
 139      14CDAF18 
 140 01c2 CD716A29 		.ascii	"\315qj)\\\260\301\250-j+\327V\333\315\313D\341%\031"
 140      5CB0C1A8 
 140      2D6A2BD7 
 140      56DBCDCB 
 140      44E12519 
 141 01d6 138A481F 		.ascii	"\023\212H\037\234\200L*b\317\223#\016\336-\203\375\322"
 141      9C804C2A 
 141      62CF9323 
 141      0EDE2D83 
 141      FDD2
 142 01e8 68DA0726 		.ascii	"h\332\007&\376\352\366\364\235&\336\002-\223\340[\005"
 142      FEEAF6F4 
 142      9D26DE02 
 142      2D93E05B 
ARM GAS  /tmp/ccXHOjgR.s 			page 11


 142      05
 143 01f9 FEE99686 		.ascii	"\376\351\226\206\001\325\204\334\330\301\215\357\014"
 143      01D584DC 
 143      D8C18DEF 
 143      0C
 144 0206 850093B0 		.ascii	"\205\000\223\260\017'!s\3579-a\014?+\305B\277v\247\276"
 144      0F272173 
 144      EF392D61 
 144      0C3F2BC5 
 144      42BF76A7 
 145 021b 37E36505 		.ascii	"7\343e\005\250\231\260o\261+T\240\372j\324%\026Z\254"
 145      A899B06F 
 145      B12B54A0 
 145      FA6AD425 
 145      165AAC
 146 022e B4D844A0 		.ascii	"\264\330D\240\323pk\261\323\342 e\012-\251\2648iI\023"
 146      D3706BB1 
 146      D3E22065 
 146      0A2DA9B4 
 146      38694913 
 147 0242 BED34548 		.ascii	"\276\323EH\323\311(\203Q\277\263\365X`|>F\202EP\304"
 147      D3C92883 
 147      51BFB3F5 
 147      58607C3E 
 147      46824550 
 148 0257 5D38C16E 		.ascii	"]8\301n\2022IY\242/.\013\234\022\271\226\016\032\215"
 148      82324959 
 148      A22F2E0B 
 148      9C12B996 
 148      0E1A8D
 149 026a 2A3D330D 		.ascii	"*=3\015\\p\032\317\356@\350\372\337\333\352{\3077\320"
 149      5C701ACF 
 149      EE40E8FA 
 149      DFDBEA7B 
 149      C737D0
 150 027d E60776B3 		.ascii	"\346\007v\263\201\324\211\3152\367c\006mt\246\215?\353"
 150      81D489CD 
 150      32F76306 
 150      6D74A68D 
 150      3FEB
 151 028f AF99FD2D 		.ascii	"\257\231\375-\247\273\030\234\231X\357v,\363Y\252\367"
 151      A7BB189C 
 151      9958EF76 
 151      2CF359AA 
 151      F7
 152 02a0 59AA37B0 		.ascii	"Y\2527\260=\012=\337\312\003\217\3553\233\224Jc\253"
 152      3D0A3DDF 
 152      CA038FED 
 152      339B944A 
 152      63AB
 153 02b2 2BC6AD04 		.ascii	"+\306\255\004\250\353?l\330TL\037~\203\231\242\245\376"
 153      A8EB3F6C 
 153      D8544C1F 
 153      7E8399A2 
 153      A5FE
 154 02c4 BCDB7959 		.ascii	"\274\333yYA\015t\200*\342fpN\314\215\357\2176\017\244"
 154      410D7480 
ARM GAS  /tmp/ccXHOjgR.s 			page 12


 154      2AE26670 
 154      4ECC8DEF 
 154      8F360FA4 
 155 02d8 CC3C66A2 		.ascii	"\314<f\242md\373`\317\201\013\016\201>Oh\350\004\025"
 155      6D64FB60 
 155      CF810B0E 
 155      813E4F68 
 155      E80415
 156 02eb 390BB904 		.ascii	"9\013\271\004\007\214\266}\221\006M\274\032\254K\024"
 156      078CB67D 
 156      91064DBC 
 156      1AAC4B14 
 157 02fb 79A55392 		.ascii	"y\245S\222\021\\v\276mH3Y\275Y\343\214\032\211b\327"
 157      115C76BE 
 157      6D483359 
 157      BD59E38C 
 157      1A8962D7 
 158 030f 24634050 		.ascii	"$c@Pz\201\320\234\320\361[\345\334t\020\372\343\253"
 158      7A81D09C 
 158      D0F15BE5 
 158      DC7410FA 
 158      E3AB
 159 0321 76E70407 		.ascii	"v\347\004\007\023f\201p\320E\016Tv\033\302\025%eM\371"
 159      13668170 
 159      D0450E54 
 159      761BC215 
 159      25654DF9 
 160 0335 E3B8ECAA 		.ascii	"\343\270\354\252\265\223\005]C\201\232\345\260\214\235"
 160      B593055D 
 160      43819AE5 
 160      B08C9D
 161 0344 01D833D4 		.ascii	"\001\3303\3241\014~\307d\272\211Y\\\242\\\303\244(\262"
 161      310C7EC7 
 161      64BA8959 
 161      5CA25CC3 
 161      A428B2
 162 0357 11C7524B 		.ascii	"\021\307RK\007\210\275\322Z]+\006\257\012\317\360K\203"
 162      0788BDD2 
 162      5A5D2B06 
 162      AF0ACFF0 
 162      4B83
 163 0369 8B18CE6D 		.ascii	"\213\030\316m\010u\227\200\264\263\232\320\177K\"\\"
 163      08759780 
 163      B4B39AD0 
 163      7F4B225C 
 164 0379 6A6C026C 		.ascii	"jl\002l\225<u\217\360f#\324\241\301'\315vi5\015\235"
 164      953C758F 
 164      F06623D4 
 164      A1C127CD 
 164      7669350D 
 165 038e 57AC3B76 		.ascii	"W\254;v\326J\316\247\211\327\330\320p\367\262u\315\220"
 165      D64ACEA7 
 165      89D7D8D0 
 165      70F7B275 
 165      CD90
 166 03a0 6143459C 		.ascii	"aCE\234\313\351P\037\276\377\2653\016\333!\306\355p"
 166      CBE9501F 
ARM GAS  /tmp/ccXHOjgR.s 			page 13


 166      BEFFB533 
 166      0EDB21C6 
 166      ED70
 167 03b2 19FF0E2E 		.ascii	"\031\377\016.\021\035xp\260\245\347\251M\257\243\334"
 167      111D7870 
 167      B0A5E7A9 
 167      4DAFA3DC 
 168 03c2 5DF4007B 		.ascii	"]\364\000{ \016\345\010\242\344\030\\\001\235\202\212"
 168      200EE508 
 168      A2E4185C 
 168      019D828A 
 169 03d2 8D4469C7 		.ascii	"\215Di\307\013%y\241\007\245\246\316\201j\231\264\251"
 169      0B2579A1 
 169      07A5A6CE 
 169      816A99B4 
 169      A9
 170 03e3 48C15450 		.ascii	"H\301TP\235\244KE\265\2313\246h*\235\"\355T\351\355"
 170      9DA44B45 
 170      B59933A6 
 170      682A9D22 
 170      ED54E9ED 
 171 03f7 23A94B43 		.ascii	"#\251KC\365\363\224OR\312i2\204\272\246O\244I\272\260"
 171      F5F3944F 
 171      52CA6932 
 171      84BAA64F 
 171      A449BAB0 
 172 040b B23DB76A 		.ascii	"\262=\267j%\253tI\314\320.\247\264\232>\025&\256\276"
 172      25AB7449 
 172      CCD02EA7 
 172      B49A3E15 
 172      26AEBE
 173 041e 80895EC1 		.ascii	"\200\211^\301\004\230L\364!\023\003P\334\335\374\306"
 173      04984CF4 
 173      21130350 
 173      DCDDFCC6 
 174 042e 6810D345 		.ascii	"h\020\323E?E\260n\370\357\213#B\034w\252f](\"y\256\262"
 174      3F45B06E 
 174      F8EF8B23 
 174      421C77AA 
 174      665D2822 
 175 0445 8B093AC7 		.ascii	"\213\011:\307\370*\006#\307\035d0\225\340\256M\036\\"
 175      F82A0623 
 175      C71D6430 
 175      95E0AE4D 
 175      1E5C
 176 0457 7C254577 		.ascii	"|%Ew=\251N\375\240\313\373\"8\035F\006V(~\247|\364\305"
 176      3DA94EFD 
 176      A0CBFB22 
 176      381D4606 
 176      56287EA7 
 177 046e B1D1F746 		.ascii	"\261\321\367F\255=F\352J\222Z\223\244\223IR\243\224"
 177      AD3D46EA 
 177      4A925A93 
 177      A4934952 
 177      A394
 178 0480 701E348B 		.ascii	"p\0364\213\2616\332v\032\222tc\354X\223\177-\346\250"
 178      B136DA76 
ARM GAS  /tmp/ccXHOjgR.s 			page 14


 178      1A927463 
 178      EC58937F 
 178      2DE6A8
 179 0493 19AEBC76 		.ascii	"\031\256\274v\32412En\210)2 \246\310\370\221qS\216\214"
 179      D4313245 
 179      6E882932 
 179      20A6C8F8 
 179      9171538E 
 180 04a8 BEFDE587 		.ascii	"\276\375\345\207\226\213;\030\273\207\342\206\306\343"
 180      968B3B18 
 180      BB87E286 
 180      C6E3
 181 04b6 16BA3FCA 		.ascii	"\026\272?\31230\301G\220\001\363f(\227\236\365\001\376"
 181      3330C147 
 181      9001F366 
 181      28979EF5 
 181      01FE
 182 04c8 D28B4B53 		.ascii	"\322\213KS\377\331\331\0018\264\2012Gwo\351\371~\237"
 182      FFD9D901 
 182      38B48132 
 182      47776FE9 
 182      F97E9F
 183 04db 47CF757F 		.ascii	"G\317u\177\256\277\353\011~Z\344/\324\027|\220\243{"
 183      AEBFEB09 
 183      7E5AE42F 
 183      D4177C90 
 183      A37B
 184 04ed 7C4B3D79 		.ascii	"|K=yy\236<\335\037\324\335~\237\317_\200\273\025\336"
 184      799E3CDD 
 184      1FD4DD7E 
 184      9FCF5F80 
 184      BB15DE
 185 0500 A57A30E0 		.ascii	"\245z0\340\326\335\371>\217\317\355\017x\346\271\231"
 185      D6DDF93E 
 185      8FCFED0F 
 185      78E6B999 
 186 0510 1AF47EE1 		.ascii	"\032\364~\341\321rWx\227\027X\374\313\226\005=EP8\377"
 186      D1725778 
 186      971758FC 
 186      CB96053D 
 186      455038FF 
 187 0524 FF7D068A 		.ascii	"\377}\006\212to\201{\305gy\036\364\026\\\035\234\227"
 187      746F817B 
 187      C567791E 
 187      F4165C1D 
 187      9C97
 188 0536 CFAC4B73 		.ascii	"\317\254Ks\203\236E\001o\326\224#*\364\007\212\202\372"
 188      839E4501 
 188      6FD69423 
 188      2AF4078A 
 188      82FA
 189 0548 DB8BB3B3 		.ascii	"\333\213\263\263\262W\241\033\212h\311\3127}\350K-\360"
 189      B257A11B 
 189      8A68C9CA 
 189      377DE84B 
 189      2DF0
 190 055a AC2A5A34 		.ascii	"\254*Z4eGhLn\364\254\354\234\2059z\026\372\321\027\216"
ARM GAS  /tmp/ccXHOjgR.s 			page 15


 190      6547684C 
 190      6EF4ACEC 
 190      9C85397A 
 190      16FAD117 
 191 056f 44E70B7A 		.ascii	"D\347\013z\203K\226\273\335\3505=;g\261\213\242,\014"
 191      834B96BB 
 191      DDE8353D 
 191      3B67B18B 
 191      A22C0C
 192 0582 78E7BA32 		.ascii	"x\347\2722_gJ\200Y\221\012\177`5\373\017\362\2419\361"
 192      5F674A80 
 192      59910A7F 
 192      6035FB0F 
 192      F2A139F1 
 193              		.text
 194              		.section	.gnu.lto_chCoreGetStatusX.5ad3487ed42cb17b,"",%progbits
 195 0000 789C8D90 		.ascii	"x\234\215\220;K\003A\020\307gn/\017Q\343\007\320\"m"
 195      3B4B0341 
 195      10C7676E 
 195      2F0F51E3 
 195      07D0226D 
 196 0014 1AF72388 		.ascii	"\032\367#\210`!\0106~\002s9P\364<1\202e\326\304'Z\210"
 196      60210836 
 196      7E027339 
 196      50F43C31 
 196      8265D6C4 
 197 002b 18153924 		.ascii	"\030\0259$ \"\026\242b\214\306\007\034\026\212\205\317"
 197      202216A2 
 197      628CC607 
 197      1C168A85 
 197      CF
 198 003c 42F05169 		.ascii	"B\360Qi\245\204\200\266jt&ge!\036\354\355\314\177g\347"
 198      A58480B6 
 198      6A742667 
 198      65211EEC 
 198      EDCC7F67 
 199 0051 F7DFF103 		.ascii	"\367\337\361\003\300\015\0024\322^K\013\005\2406u\016"
 199      C00D0234 
 199      D25E4B0B 
 199      05A03675 
 199      0E
 200 0062 3018D410 		.ascii	"0\030\324\0209PA\204\204\206\011\234\0243\002\257\206"
 200      39504184 
 200      8486099C 
 200      143302AF 
 200      86
 201 0073 361C3121 		.ascii	"6\0341!\034*\323)}=[x\012q\212\030\246\264P<\316VEV"
 201      1C2AD329 
 201      7D3D5B78 
 201      0A718A18 
 201      A6B4503C 
 202 008b 944A2A77 		.ascii	"\224J*wn\261r>{\251*\034\241\301,\225g\261\016\267\260"
 202      6EB1723E 
 202      7BA92A1C 
 202      A1C12C95 
 202      67B10EB7 
 203 00a0 8E19DB18 		.ascii	"\216\031\333\030\001\252~\334,\245\253\375:\237\222"
ARM GAS  /tmp/ccXHOjgR.s 			page 16


 203      01AA7EDC 
 203      2CA5ABFD 
 203      3A9F92
 204 00af 98433F90 		.ascii	"\230C?\220\021X\277\366\271\252\3645\252\334\217%\314"
 204      1158BFF6 
 204      B9AAF435 
 204      AADC8F25 
 204      CC
 205 00c0 B710DD11 		.ascii	"\267\020\335\021\324\302\021\272\340H\347\310\307\277"
 205      D4C211BA 
 205      E048E7C8 
 205      C7BF
 206 00ce 00706B18 		.ascii	"\000pk\030\243\333\344S\2710N)E)\027^0\271\367|\267"
 206      A3DBE453 
 206      B9304E29 
 206      4529175E 
 206      30B9F77C 
 207 00e3 5CC34D17 		.ascii	"\\\303M\027\004\022kv\370\350\"\300F}\310\350|\276p"
 207      04126B76 
 207      F8E822C0 
 207      467DC8E8 
 207      7CBE70
 208 00f6 1F487CAA 		.ascii	"\037H|\252 \011\031\306\223\226M\275N\2072\270\210\216"
 208      200919C6 
 208      93964DBD 
 208      4E8732B8 
 208      888E
 209 0108 F0E32E3D 		.ascii	"\360\343.=x\207\335\322A\356\344\341=(\327\024}ar\200"
 209      7887DDD2 
 209      41EEE4E1 
 209      3D28D714 
 209      7D617280 
 210 011c 79CC609A 		.ascii	"y\314`\232/\001\356\241d\330\333\350m\205\307\322\010"
 210      2F01EEA1 
 210      64D8DBE8 
 210      6D85C7D2 
 210      08
 211 012d 57C69F76 		.ascii	"W\306\237vz\202\370\017m\377\017\332A\231\306\223\301"
 211      7A82F80F 
 211      6DFF0FDA 
 211      4199C693 
 211      C1
 212 013e C3DF349D 		.ascii	"\303\3374\235\372\223\222\232\037AO\360\225\035\350"
 212      FA93929A 
 212      1F414FF0 
 212      951DE8
 213 014d 5ED5AAF0 		.ascii	"^\325\252\360\304\000\351P\304d\370'e\347c\324\221f"
 213      C400E950 
 213      C464F827 
 213      65E763D4 
 213      9166
 214 015f 45F36B90 		.ascii	"E\363k\220\035\266e\312vc@6\231\361\256~\273W6\267\266"
 214      1DB665CA 
 214      76634036 
 214      99F1AE7E 
 214      BB5736B7 
 215 0174 49D38A9A 		.ascii	"I\323\212\232\261\230\031\223v\\\032\266e\331=\024u"
ARM GAS  /tmp/ccXHOjgR.s 			page 17


 215      B1981993 
 215      765C1AB6 
 215      65D93D14 
 215      75
 216 0185 774665BC 		.ascii	"wFe\274\317\220F\207eZ\206\335g\326\033\360\015\226"
 216      CF904687 
 216      655A86DD 
 216      67D61BF0 
 216      0D96
 217 0197 51AB36   		.ascii	"Q\2536"
 218              		.text
 219              		.section	.gnu.lto_.symbol_nodes.5ad3487ed42cb17b,"",%progbits
 220 0000 789C6363 		.ascii	"x\234cc``H\006b\006\246k\214\365\014\014\023\31610\000"
 220      60604806 
 220      6206A66B 
 220      8CF50C0C 
 220      13CE3130 
 221 0015 A95D0D8E 		.ascii	"\251]\015\216\014\014\254W\031\031\032\225\200R\254"
 221      0C0CAC57 
 221      19191A95 
 221      8052AC
 222 0024 B7181915 		.ascii	"\267\030\031\025@\364mF&\020\315t\235\261\236\021E)"
 222      40F46D46 
 222      2610CD74 
 222      9DB19E11 
 222      4529
 223 0036 D30DC67A 		.ascii	"\323\015\306z&T\221\233\214\365\314(\"\014\000e\351"
 223      2654919B 
 223      8CF5CC28 
 223      220C0065 
 223      E9
 224 0047 16B8     		.ascii	"\026\270"
 225              		.text
 226              		.section	.gnu.lto_.refs.5ad3487ed42cb17b,"",%progbits
 227 0000 789C1D88 		.ascii	"x\234\035\210A\012\200@\014\304\222\216\366\264\207"
 227      410A8040 
 227      0CC4928E 
 227      F6B487
 228 000f 0541F011 		.ascii	"\005A\360\021\376\377{\026\017\011$\015\274\303\201"
 228      FEFF7B16 
 228      0F09240D 
 228      BCC381
 229 001e 5AF52B95 		.ascii	"Z\365+\225\311\306\255WN\\x\353S\263\304\360\001\026"
 229      C9C6AD57 
 229      4E5C78EB 
 229      53B3C4F0 
 229      0116
 230 0030 6300D4   		.ascii	"c\000\324"
 231              		.text
 232              		.section	.gnu.lto_.decls.5ad3487ed42cb17b,"",%progbits
 233 0000 789CA556 		.ascii	"x\234\245V{PT\327\031\277\337=\313\262.\273\350\240"
 233      7B5054D7 
 233      19BFDF3D 
 233      CBB22EBB 
 233      E8A0
 234 0012 93715AD2 		.ascii	"\223qZ\322q\0302\322\316\204\033M\322\370W\252\245\235"
 234      711832D2 
ARM GAS  /tmp/ccXHOjgR.s 			page 18


 234      CE841B4D 
 234      D2F857AA 
 234      A59D
 235 0024 68A7A669 		.ascii	"h\247\246i\230Lk\377\350\315\272\254\331m\330\305a\227"
 235      984C6BFF 
 235      E8CDBAAC 
 235      D96DD8C5 
 235      6197
 236 0036 26F69F5E 		.ascii	"&\366\237^\344\021\004| h\312C\305\307\030P\250XT\024"
 236      E411047C 
 236      2068CA43 
 236      C5C71850 
 236      A8585414 
 237 004a 7CAC1015 		.ascii	"|\254\020\025E\0245\276P\036\"\020\202\274\004\021\221"
 237      451435BE 
 237      501E2210 
 237      82BC0411 
 237      91
 238 005b 28FDCE39 		.ascii	"(\375\3169w\037 \230tz\207\217=\347\334\357\373\375"
 238      771F2098 
 238      747A878F 
 238      3DE7DCEF 
 238      FBFD
 239 006d BED739F7 		.ascii	"\276\3279\367h\005A\320\030\005\341\217D\020J@\020\306"
 239      680541D0 
 239      1805E18F 
 239      44104A40 
 239      10C6
 240 007f F109C0B5 		.ascii	"\361\011\300\265\323(\"J%\312\012\201?\032\224j\224"
 240      D328224A 
 240      25CA0A81 
 240      3F1A946A 
 240      94
 241 0090 5A940B28 		.ascii	"Z\224\013(\365(h&\334G\351D\351\022&>)\210\247\305\337"
 241      F5286826 
 241      DC47E944 
 241      E912263E 
 241      2988A7C5 
 242 00a5 8F513A50 		.ascii	"\217Q:P\276CiCiD\351V\361\233Q\232P@\305~\031^\026*"
 242      BE436943 
 242      6944E956 
 242      F19B519A 
 242      5040C57E 
 243 00bd E9F03704 		.ascii	"\351\3607\004e\016\212\354\347_\243\037\376d\334Zum"
 243      650E8AEC 
 243      E75FA31F 
 243      FE64DC5A 
 243      756D
 244 00cf 54C5F67F 		.ascii	"T\305\366\177\266\240B\3204\230\324\230\342\022\312"
 244      B6A042D0 
 244      3498D498 
 244      E212CA
 245 00de 0B53E307 		.ascii	"\013S\343\007\252\271\320\343{\003J\010\312\034\224"
 245      AAB9D0E3 
 245      7B034A08 
 245      CA1C94
 246 00ed 5780F3C2 		.ascii	"W\200\363\302\024\234\371\300\355<\234\225\252\377\177"
ARM GAS  /tmp/ccXHOjgR.s 			page 19


 246      149CF9C0 
 246      ED3C9C95 
 246      AAFF7F
 247 00fc 99144393 		.ascii	"\231\024C\223\312\003j\256\247\302\312!\320T[\274\237"
 247      CA036AAE 
 247      A7C2CA21 
 247      D0545BBC 
 247      9F
 248 010d 641058A1 		.ascii	"d\020X\241\007Z\275\231\270t\240\347\330\250\221/Q\215"
 248      075ABD99 
 248      B874A0E7 
 248      D8A8912F 
 248      518D
 249 011f CCDB6D25 		.ascii	"\314\333m%\001Dd\343\254\355I\327!\262D\341\217n\035"
 249      014464E3 
 249      ACED49D7 
 249      21B244E1 
 249      8F6E1D
 250 0132 11E03010 		.ascii	"\021\3400\020\017\326\236\321\376\012\003\371\035\323"
 250      0FD69ED1 
 250      FE0A03F9 
 250      1DD3
 251 0140 BC925C56 		.ascii	"\274\222\\V@qC\364\240\301\351\303\372\274\373\3018"
 251      407143F4 
 251      A0C1E9C3 
 251      FABCFBC1 
 251      38
 252 0151 9DA38779 		.ascii	"\235\243\207y9D\254o\030\251\324\201>\"MQ\326*\205I"
 252      3944AC6F 
 252      18A9D481 
 252      3E224D51 
 252      D62A8549 
 253 0165 CA8CA502 		.ascii	"\312\214\245\002\034\203P8\012\241\002TA\004\345>\002"
 253      1C835038 
 253      0AA10254 
 253      4104E53E 
 253      02
 254 0176 91021CC2 		.ascii	"\221\002\034\302\305r\\\334K\371\334\227\363\302\252"
 254      C5725CDC 
 254      4BF9DC97 
 254      F3C2AA
 255 0185 9A15651E 		.ascii	"\232\025e\036T\202\036*\2000\035\014m\205\236\376\307"
 255      54821E2A 
 255      80301D0C 
 255      6D859EFE 
 255      C7
 256 0196 4564AA3C 		.ascii	"Ed\252<}\342TP\0134\001&\001f1\327\000\370\177\374\245"
 256      7DE25450 
 256      0B340126 
 256      016631D7 
 256      00F87FFC 
 257 01ab C2E6E39E 		.ascii	"\302\346\343\236\007\370:\256\212\374GU\245\023\217"
 257      07F83AAE 
 257      8AFC4755 
 257      A5138F
 258 01ba 09785744 		.ascii	"\011xWD\025C\364\340\262?\025\000\374Q\371{N\347yx\031"
 258      1543F4E0 
ARM GAS  /tmp/ccXHOjgR.s 			page 20


 258      B23F1500 
 258      FC51F97B 
 258      4EE77978 
 259 01cf F8C0CF8E 		.ascii	"\370\300\317\216/\211>2?\223\027|\025\274\257\275N\371"
 259      2F893E32 
 259      3F93177C 
 259      15BCAFBD 
 259      4EF9
 260 01e1 8204B512 		.ascii	"\202\004\265\022\325W\023\273\364\255\320\214o\261/"
 260      D55713BB 
 260      F4ADD08C 
 260      6FB12F
 261 01f0 36E9ECAC 		.ascii	"6\351\354\254&\335\007\357\356\014&\311\300&g\306G\334"
 261      26DD07EF 
 261      EE0C26C9 
 261      C02667C6 
 261      47DC
 262 0202 33798144 		.ascii	"3y\201D\234^\035\270\270-\210\027h\026NK2\307s\002\346"
 262      9C5E1DB8 
 262      B82D8817 
 262      68164E4B 
 262      32C77302 
 263 0217 6EA559DF 		.ascii	"n\245Y\337\224\244\314\022\341\343W\300\215\2658\205"
 263      94A4CC12 
 263      E1E357C0 
 263      8DB53885 
 264 0227 B510E034 		.ascii	"\265\020\3404\314\305\377\016\015'[W\263\363jpX\241"
 264      CCC5FF0E 
 264      0D275B57 
 264      B3F36A70 
 264      58A1
 265 0239 52D8AAB8 		.ascii	"R\330\252\270\307\213\303\363.\246*\015h\267\230\351"
 265      C78BC3F3 
 265      2EA62A0D 
 265      68B798E9 
 266 0249 C1495F99 		.ascii	"\301I_\231N\322V\201\023\320\012p\034Z\320\267j\010"
 266      4ED25681 
 266      13D00A70 
 266      1C5AD0B7 
 266      6A08
 267 025b 43FB940B 		.ascii	"C\373\224\013\267\\\3442\367\252\240}\375\206\000\215"
 267      B75CE432 
 267      F7AAA07D 
 267      FD86008D 
 268 026b C8AB4919 		.ascii	"\310\253I\031p\255\246t\314M\330\032v\305\327\300\326"
 268      70ADA674 
 268      CC4DD81A 
 268      76C5D7C0 
 268      D6
 269 027c DACFF6B6 		.ascii	"\332\317\366\266\007z\365\316\360\305\316\241\312\314"
 269      077AF5CE 
 269      F0C5CEA1 
 269      CACC
 270 028a 407FA765 		.ascii	"@\177\247e\203\237\323\347\230\323gA\365\272\254z\254"
 270      839FD3E7 
 270      98D36741 
 270      F5BAAC7A 
ARM GAS  /tmp/ccXHOjgR.s 			page 21


 270      AC
 271 029b 50835EB7 		.ascii	"P\203^\267\242\327g\267\007\347)\356\265\212\222(R5"
 271      A2D767B7 
 271      07E729EE 
 271      B58A9228 
 271      5235
 272 02ad A8F1F95C 		.ascii	"\250\361\371\\3\331\347Z\346\363\215\007\025_\001\351"
 272      33D9E75A 
 272      E6F38D07 
 272      155F01E9 
 273 02bd E54E67F7 		.ascii	"\345Ng\367\034\275gT\241\332~\301\221\024\216t\336\207"
 273      1CBD6754 
 273      A1DA7EC1 
 273      91148E74 
 273      DE87
 274 02cf 747E32D2 		.ascii	"t~2\322\005\206t\340aY~ I\347\373k(\265&M\343\037\001"
 274      058674E0 
 274      61597E20 
 274      49E7FB6B 
 274      28B5264D 
 275 02e6 8DCE17C2 		.ascii	"\215\316\027\302\305\011y\357\276\2333\240S\363\376"
 275      C50979EF 
 275      BE9B33A0 
 275      53F3FE
 276 02f5 BC64D6CE 		.ascii	"\274d\326\316$\245\010\355\012E\252\006u>\342\272\311"
 276      24A508ED 
 276      0A45AA06 
 276      753EE2BA 
 276      C9
 277 0306 C4F58CF8 		.ascii	"\304\365\214\370_]\035n=\311\347\304yU\217.\004\360"
 277      5F5D1D6E 
 277      3DC9E7C4 
 277      79558F2E 
 277      04F0
 278 0318 6ED0E1B4 		.ascii	"n\320\341\264\242o\177\205\221w\203\233Qe\014\227\213"
 278      A26F7F85 
 278      9177839B 
 278      51650C97 
 278      8B
 279 0329 642FD73D 		.ascii	"d/\327=\220\322^\254\303\227\241xd\200\337y\021\312"
 279      90D25EAC 
 279      C397A178 
 279      6480DF79 
 279      11CA
 280 033b CF8B43EE 		.ascii	"\317\213C\356\241R\015\3717\323\025\017\226\266\377"
 280      A1520DF9 
 280      37D3150F 
 280      96B6FF
 281 034a 0D22F47C 		.ascii	"\015\"\364|\373\236\273\034\231\362\005\315\314\015"
 281      FB9EBB1C 
 281      99F205CD 
 281      CC0D
 282 0358 8CEA1B9F 		.ascii	"\214\352\033\237\203\241t\373\262\243@\331\255\220\271"
 282      83A174FB 
 282      B2A340D9 
 282      AD90B9
 283 0367 02BC190A 		.ascii	"\002\274\031\012o\340Ap\035\017\202P\365 \270\206I\270"
ARM GAS  /tmp/ccXHOjgR.s 			page 22


 283      6FE04170 
 283      1D0F8250 
 283      F520B886 
 283      49B8
 284 0379 8A494082 		.ascii	"\212I@\202\342\035E_\033I/'h.\355\277D\274\014\375\315"
 284      E21D455F 
 284      1B492F27 
 284      682EEDBF 
 284      44BC0CFD 
 285 038e 61E52994 		.ascii	"a\345)\224\34162\334\3641 \341\324\024\267\246\246\330"
 285      E13632DC 
 285      F43120E1 
 285      D414B7A6 
 285      A6D8
 286 03a0 77A864EF 		.ascii	"w\250d\357LC\272\367tbx\236\003J\200F0\250\033\355\341"
 286      4C43BAF7 
 286      7462789E 
 286      034A8046 
 286      30A81BED 
 287 03b5 96DBD984 		.ascii	"\226\333\331\204\354 \324\027\315\303;\031\367\2640"
 287      EC20D417 
 287      CDC33B19 
 287      F7B430
 288 03c4 3B3C3C22 		.ascii	";<<\"\213U\020\005\273\015\032\320\3562\263\273\013"
 288      8B551005 
 288      BB0D1AD0 
 288      EE32B3BB 
 288      0B
 289 03d5 B3291516 		.ascii	"\263)\025\026!\002\367f8\036R\341l\357\356\242D\356"
 289      2102F766 
 289      381E52E1 
 289      6CEFEEA2 
 289      44EE
 290 03e7 919EB7F2 		.ascii	"\221\236\267\362\217v)\312f\003%\200;\350>5\360\236"
 290      8F7629CA 
 290      66032580 
 290      3BE83E35 
 290      F09E
 291 03f9 8B128538 		.ascii	"\213\022\2058F\201T\203\013?\305^K&L\373\312\224\332"
 291      46815483 
 291      0B3FC55E 
 291      4B264CFB 
 291      CA94DA
 292 040c 0BA8324F 		.ascii	"\013\2502OM_^H\"\372C\225\0045-j\014\0155\215i\204t"
 292      4D5F5E48 
 292      22FA4395 
 292      04352D6A 
 292      0C0D358D 
 293 0423 B318C433 		.ascii	"\263\030\3043\273\206SE\210\230\315\215\036\347k\361"
 293      BB865345 
 293      8898CD8D 
 293      1EE76BF1 
 294 0433 98873604 		.ascii	"\230\2076\004n\365e\223B\340\007u\252\030\341\036\206"
 294      6EF56593 
 294      42E00775 
 294      AA18E11E 
 294      86
ARM GAS  /tmp/ccXHOjgR.s 			page 23


 295 0444 365D98C8 		.ascii	"6]\230\310U\177x\343\177\014\257\355V\012\335\364\254"
 295      557F78E3 
 295      7F0CAFED 
 295      560ADDF4 
 295      AC
 296 0455 88A8D88D 		.ascii	"\210\250\330\215\020\300\360/q|\277l]b}{\037^C\273\233"
 296      10C0F02F 
 296      717CBF6C 
 296      5D627D7B 
 296      1F5E43BB 
 297 046a ED870E02 		.ascii	"\355\207\016\002y\304|\204\341\323\345\265\332\220M"
 297      79C47C84 
 297      E1D3E5B5 
 297      DA904D
 298 0479 2AFF62A0 		.ascii	"*\377b\240\325aG`\007\204x\243:\236\373\274T\213L\255"
 298      D5614760 
 298      078478A3 
 298      3A9EFBBC 
 298      548B4CAD 
 299 048d 184673DE 		.ascii	"\030Fs\336\234\315J\341\\\372\036\332\325\357\025\037"
 299      9CCD4AE1 
 299      5CFA1EDA 
 299      D5EF151F 
 300 049d 4027831F 		.ascii	"@'\203\037N\037\3520\222\265\032\006\377eq\351\021\242"
 300      4E1FEA30 
 300      92B51A06 
 300      FF6571E9 
 300      11A2
 301 04af 5AB6FD24 		.ascii	"Z\266\375$Q\251\006f\370\255\307\220\015\240\213\031"
 301      51A90666 
 301      F8ADC790 
 301      0DA08B19 
 302 04bf 3EDBD05C 		.ascii	">\333\320\\.\3727J\233_\015\004\370\2167\012\375E\345"
 302      2EFA374A 
 302      9B5F0D04 
 302      F88E370A 
 302      FD45E5
 303 04d2 BADCF59B 		.ascii	"\272\334\365\233\014\376\312\024\326\247\334\255*w3"
 303      0CFECA14 
 303      D6A7DCAD 
 303      2A7733
 304 04e1 E5DE2339 		.ascii	"\345\336#9\365\204l\344.U&\355/3\362\355\3713\234\246"
 304      F5846CE4 
 304      2E5526ED 
 304      2F33F2ED 
 304      F9339CA6 
 305 04f5 66B5ED56 		.ascii	"f\265\355V\277\246\003t\007\356\254\037\332\252'\333"
 305      BFA60374 
 305      07EEAC1F 
 305      DAAA27DB 
 306 0505 B8EEAEAE 		.ascii	"\270\356\256\256\372\363\352V~\025\247\337ok\3171\352"
 306      FAF3EA56 
 306      7E15A7DF 
 306      6F6BCF31 
 306      EA
 307 0516 D368B238 		.ascii	"\323h\2628i\210\177'\017\320\314a\257@?o\374\353ON<"
 307      69887F27 
ARM GAS  /tmp/ccXHOjgR.s 			page 24


 307      0FD0CC61 
 307      AF403F6F 
 307      FCEB4F4E 
 308 052b 3590BD0C 		.ascii	"5\220\275\014IS\222\264o@\003\021\241\200\352\300w\030"
 308      495392B4 
 308      6F400311 
 308      A180EAC0 
 308      7718
 309 053d FDEA0B30 		.ascii	"\375\352\0130\214\273\341\241\232\016|\362\024\204\037"
 309      8CBBE1A1 
 309      9A0E7CF2 
 309      14841F
 310 054c F8275DC6 		.ascii	"\370']\306\261\216\375N\261\327\006\261\035\206\031"
 310      B18EFD4E 
 310      B1D706B1 
 310      1D8619
 311 055b DF23041C 		.ascii	"\337#\004\034\342\204\203O;z\301\277\226\024\273\027"
 311      E284834F 
 311      3B7AC1BF 
 311      9614BB17 
 312 056b DFF730FF 		.ascii	"\337\3670\377\036\323\212r/\251\366\301\202\332\321"
 312      1ED38A72 
 312      2FA9F6C1 
 312      82DAD1
 313 057a 197A153B 		.ascii	"\031z\025;\355\207\260\033o\367\244\031\375\261G^\206"
 313      ED87B01B 
 313      6FF7A419 
 313      FDB1475E 
 313      86
 314 058b 7D63EC5A 		.ascii	"}c\354Z\277\036\313\336\200\255\371x\2736\261\320\235"
 314      BF1ECBDE 
 314      80ADF978 
 314      BB36B1D0 
 314      9D
 315 059c 380F9E60 		.ascii	"8\017\236`\205\372\2603\361\324\367\263|\200+\177\025"
 315      85FAB033 
 315      F1D4F7B3 
 315      7C802B7F 
 315      15
 316 05ad 0518653D 		.ascii	"\005\030e=\340\271B\315\177\361\0125\237\037\211W7\016"
 316      E0B942CD 
 316      7FF10A35 
 316      9F1F8957 
 316      370E
 317 05bf EE0924FB 		.ascii	"\356\011$\373YV\305\226\333cw\203\247\273\373<\3078"
 317      5956C596 
 317      DB637783 
 317      A7BBFB3C 
 317      C738
 318 05d1 E6ABE7D1 		.ascii	"\346\253\347\321\030.>\365\336}\316]~7w\220\336}\236"
 318      182E3EF5 
 318      DE7DCE5D 
 318      7E377790 
 318      DE7D9E
 319 05e4 6110DFFB 		.ascii	"a\020\337\3736\343|\325\375\342=Y\273\264\344\010\347"
 319      36E37CD5 
 319      FDE23D59 
ARM GAS  /tmp/ccXHOjgR.s 			page 25


 319      BBB4E408 
 319      E7
 320 05f5 A8CAEF38 		.ascii	"\250\312\3578#N\307\221(N\307\201\307\347Yv|*\"=\333"
 320      234EC791 
 320      284EC781 
 320      C7E75976 
 320      7C2A223D 
 321 060a BD1CCF58 		.ascii	"\275\034\317X\216\350*\275\003\016\014fk\247m\250\265"
 321      8EE82ABD 
 321      030E0C66 
 321      6BA76DA8 
 321      B5
 322 061b A2DA506F 		.ascii	"\242\332Po\260\022\254\255\352\033\323L.\257\357\203"
 322      B012ACAD 
 322      EA1BD34C 
 322      2EAFEF83 
 323 062b 96248678 		.ascii	"\226$\206xl\330\204~\331\307J+\203y\373jqz\352b\362"
 323      6CD8847E 
 323      D9C74A2B 
 323      8379FB6A 
 323      717AEA62 
 324 0640 F1A069D9 		.ascii	"\361\240i\331R<l\311\"\243{\224\2362\242\336:\003qZ"
 324      523C6CC9 
 324      22A37B94 
 324      9E32A2DE 
 324      3A03715A 
 325 0654 D459B0C1 		.ascii	"\324Y\260\301\300\367\311\"\234\356o\313\251{\241\327"
 325      C0F7C922 
 325      9CEE6FCB 
 325      A97BA1D7 
 326 0664 BE104321 		.ascii	"\276\020C!U\244`i\314\231\024\356L\032s\246\241\257"
 326      55A46069 
 326      CC9914EE 
 326      4C1A73A6 
 326      A1AF
 327 0676 2A33889C 		.ascii	"*3\210\234\342\033k(/\373\261\210\337[7~o\357\344\222"
 327      E21B6B28 
 327      2FFBB188 
 327      DF5B377E 
 327      6FEFE492 
 328 068a A63A76CF 		.ascii	"\246:v\317)\\\312\3579\353Do\272p8\361\203\233.\322"
 328      295CCAEF 
 328      39EB446F 
 328      BA7038F1 
 328      839B2ED2 
 329 069e 0F6EEB8E 		.ascii	"\017n\353\216o\263\215$1\200\201\365\2475~eT\301\036"
 329      6FB38D24 
 329      318081F5 
 329      A7357E65 
 329      54C11E
 330 06b1 1493C672 		.ascii	"\024\223\306r<\370\361dH\006\015C\313\360\241eLF\313"
 330      3CF8F164 
 330      48060D43 
 330      CBF0A165 
 330      4C46CB
 331 06c4 6468373B 		.ascii	"dh7;\253c\310\025\016\266\257t{Y0i\341\223\214\352\232"
 331      AB63C815 
ARM GAS  /tmp/ccXHOjgR.s 			page 26


 331      0EB6AF74 
 331      7B593069 
 331      E1938CEA 
 332 06d9 022D5E8D 		.ascii	"\002-^\215`\0035\244+\347\212\016\237\006vY\242u\345"
 332      600335A4 
 332      2BE78A0E 
 332      9F067659 
 332      A275E5
 333 06ec 97AA2FAF 		.ascii	"\227\252/\257\355\2524N{\301\313\022\351Ec\223\250\336"
 333      EDAA344E 
 333      7BC1CB12 
 333      E9456393 
 333      A8DE
 334 06fe 34DC75EB 		.ascii	"4\334u\353\277\321\252\316\366\237 \267\016\344\257"
 334      BFD1AACE 
 334      F69F20B7 
 334      0EE4AF
 335 070d 570A1395 		.ascii	"W\012\023\225\305\265\"\325\204\365\036ga\243\250\241"
 335      C5B522D5 
 335      84F51E67 
 335      61A3A8A1 
 336 071d B389FE6E 		.ascii	"\263\211\376nf\376f\246\354K\014$'\265\314\307\246\242"
 336      66FE66A6 
 336      EC4B0C24 
 336      27B5CCC7 
 336      A6A2
 337 072f 3DB53355 		.ascii	"=\2653U\300\226\\r>#\203\003.e\301g\373\202\317\236"
 337      C0965C72 
 337      3E238303 
 337      2E65C167 
 337      FB82CF9E 
 338 0743 0C96C3C0 		.ascii	"\014\226\303\300\366\216<\311\010&\265\034\254\350\322"
 338      F68E3CC9 
 338      0826B51C 
 338      ACE8D2
 339 0752 93537A5F 		.ascii	"\223Sz_*\367MJ\345\026\037\332\226\311h[\3050\341]\311"
 339      2AF74D4A 
 339      E5161FDA 
 339      96C9685B 
 339      C530E15D 
 340 0767 1A67B748 		.ascii	"\032g\267H&\363g\322o,\316O]q\253\245\245\357GK\026"
 340      26F367D2 
 340      6F2CCE4F 
 340      5D71ABA5 
 340      A5EF474B 
 341 077c FB4A4B4C 		.ascii	"\373JKL\214%F\212sJ\3468\273=\316\201\243X\333J\311"
 341      8C25468A 
 341      734AE638 
 341      BB3DCE81 
 341      A358DB4A 
 342 0791 196F96CC 		.ascii	"\031o\226\314V\273\305n\216\213\267D\232u\357\275\377"
 342      56BBC56E 
 342      8E8BB744 
 342      9A75EFBD 
 342      FF
 343 07a2 D1BCA805 		.ascii	"\321\274\250\005\013\004\255\323\366\017\213\354Z(%"
 343      0B04ADD3 
ARM GAS  /tmp/ccXHOjgR.s 			page 27


 343      F60F8BEC 
 343      5A2825
 344 07b1 38E325AA 		.ascii	"8\343%\252\370\211\331,\231\342\355\257;\342\034\226"
 344      F889D92C 
 344      99E2EDAF 
 344      3BE21C96 
 345 07c1 D72DA695 		.ascii	"\327-\246\2256\351\235\310\205\221\013$\233\303\034"
 345      36E99DC8 
 345      85910B24 
 345      9BC31C
 346 07d0 9B106391 		.ascii	"\233\020c\221\234.\304_\025i\025\3642\205\222m\016\233"
 346      9C2EC45F 
 346      156915F4 
 346      3285926D 
 346      0E9B
 347 07e2 EB57FF9F 		.ascii	"\353W\377\2373\302\253fk\024\216\226\304\306\306\231"
 347      33C2AB66 
 347      6B148E96 
 347      C4C6C699 
 348 07f2 97C4DA3E 		.ascii	"\227\304\332>qXb\376dsY\377\260j\225\323\342Z\026\372"
 348      715862FE 
 348      647359FF 
 348      B06A95D3 
 348      E25A16FA 
 349 0806 B2B7B3F8 		.ascii	"\262\267\263\370\313\367,\256h\227\311\225\340\374\263"
 349      CBF72CAE 
 349      6897C995 
 349      E0FCB3
 350 0815 DE6C9555 		.ascii	"\336l\225U\344@\207\345s\027\216g\310r\202\315\341Z"
 350      E44087E5 
 350      73178E67 
 350      C87282CD 
 350      E15A
 351 0827 24BBDE62 		.ascii	"$\273\336baN\014\317\023\230\335d\266\332\034\026I\306"
 351      614E0CCF 
 351      1398DD64 
 351      B6DA1C16 
 351      49C6
 352 0839 F04C09B1 		.ascii	"\360L\011\261.\331\265f\265\305\211\201\006\252\306"
 352      2ED9B566 
 352      B5C58981 
 352      06AAC6
 353 0848 3F7F89B1 		.ascii	"?\177\211\261s\215S\22215\250\211\026Z\213#\006y\243"
 353      738D5392 
 353      3135A889 
 353      165A8B23 
 353      0679A3
 354 085b FEC7B478 		.ascii	"\376\307\264x\300|\251\261\0123\324\241\3542\312\262"
 354      C07CA9B1 
 354      0A33D4A1 
 354      EC32CAB2 
 355 086b D5625A2D 		.ascii	"\325bZ-\25749-\262lPg\310$\313\370jU\202\303,\313\221"
 355      AF34392D 
 355      B26C5067 
 355      C824CBF8 
 355      6A5582C3 
 356 0882 BF5CF8F6 		.ascii	"\277\\\370\366\"\235g\2461[M\361z\036\374\233\013e\227"
ARM GAS  /tmp/ccXHOjgR.s 			page 28


 356      229D67A6 
 356      315B4DF1 
 356      7A1EFC9B 
 356      0B6597
 357 0895 CE330832 		.ascii	"\3163\0102[\243\3278?r`B?}\373\207\235\214w\371\271"
 357      5BA3D738 
 357      3F726042 
 357      3F7DFB87 
 357      9D8C77F9 
 358 08aa 8691A25B 		.ascii	"\206\221\242[A\253\343\342]r\002C\370\361aR#\247\264"
 358      41ABE3E2 
 358      5D720243 
 358      F8F16152 
 358      23A7B4
 359 08bd E4C3E551 		.ascii	"\344\303\345Q\313?G(\026\327\337\337\261#\036F\200\305"
 359      CB3F4728 
 359      16D7DFDF 
 359      B1231E46 
 359      80C5
 360 08cf 947FBD24 		.ascii	"\224\177\275$\372\267\037|\270\314h\212\375\314\264"
 360      FAB71F7C 
 360      B8CC688A 
 360      FDCCB4
 361 08de C689BD15 		.ascii	"\306\211\275\025\213\025\371\340G\343c\271)\272\024"
 361      8B15F9E0 
 361      47E363B9 
 361      29BA14
 362 08ed B53C7A59 		.ascii	"\265<zY\264D\373BZ\346q\334\356\2649eln\232S\026\376"
 362      B444FB42 
 362      5AE671DC 
 362      EEB43965 
 362      6C6E9A53 
 363 0903 EFD1F519 		.ascii	"\357\321\365\031,\014\032\304\177\001\351\336\024f"
 363      2C0C1AC4 
 363      7F01E9DE 
 363      1466
 364              		.text
 365              		.section	.gnu.lto_.symtab.5ad3487ed42cb17b,"",%progbits
 366 0000 5F636F72 		.ascii	"_core_init\000"
 366      655F696E 
 366      697400
 367 000b 00       		.ascii	"\000"
 368 000c 00       		.ascii	"\000"
 369 000d 00       		.ascii	"\000"
 370 000e 00000000 		.ascii	"\000\000\000\000\000\000\000\000"
 370      00000000 
 371 0016 C2000000 		.ascii	"\302\000\000\000"
 372 001a 63685F6D 		.ascii	"ch_memcore\000"
 372      656D636F 
 372      726500
 373 0025 00       		.ascii	"\000"
 374 0026 00       		.ascii	"\000"
 375 0027 00       		.ascii	"\000"
 376 0028 00000000 		.ascii	"\000\000\000\000\000\000\000\000"
 376      00000000 
 377 0030 E3000000 		.ascii	"\343\000\000\000"
 378 0034 6368436F 		.ascii	"chCoreAllocAlignedWithOffsetI\000"
ARM GAS  /tmp/ccXHOjgR.s 			page 29


 378      7265416C 
 378      6C6F6341 
 378      6C69676E 
 378      65645769 
 379 0052 00       		.ascii	"\000"
 380 0053 00       		.ascii	"\000"
 381 0054 00       		.ascii	"\000"
 382 0055 00000000 		.ascii	"\000\000\000\000\000\000\000\000"
 382      00000000 
 383 005d C8000000 		.ascii	"\310\000\000\000"
 384 0061 6368436F 		.ascii	"chCoreAllocAlignedWithOffset\000"
 384      7265416C 
 384      6C6F6341 
 384      6C69676E 
 384      65645769 
 385 007e 00       		.ascii	"\000"
 386 007f 00       		.ascii	"\000"
 387 0080 00       		.ascii	"\000"
 388 0081 00000000 		.ascii	"\000\000\000\000\000\000\000\000"
 388      00000000 
 389 0089 CA000000 		.ascii	"\312\000\000\000"
 390 008d 6368436F 		.ascii	"chCoreGetStatusX\000"
 390      72654765 
 390      74537461 
 390      74757358 
 390      00
 391 009e 00       		.ascii	"\000"
 392 009f 00       		.ascii	"\000"
 393 00a0 00       		.ascii	"\000"
 394 00a1 00000000 		.ascii	"\000\000\000\000\000\000\000\000"
 394      00000000 
 395 00a9 CD000000 		.ascii	"\315\000\000\000"
 396 00ad 5F5F6865 		.ascii	"__heap_base__\000"
 396      61705F62 
 396      6173655F 
 396      5F00
 397 00bb 00       		.ascii	"\000"
 398 00bc 02       		.ascii	"\002"
 399 00bd 00       		.ascii	"\000"
 400 00be 00000000 		.ascii	"\000\000\000\000\000\000\000\000"
 400      00000000 
 401 00c6 E6000000 		.ascii	"\346\000\000\000"
 402 00ca 5F5F6865 		.ascii	"__heap_end__\000"
 402      61705F65 
 402      6E645F5F 
 402      00
 403 00d7 00       		.ascii	"\000"
 404 00d8 02       		.ascii	"\002"
 405 00d9 00       		.ascii	"\000"
 406 00da 00000000 		.ascii	"\000\000\000\000\000\000\000\000"
 406      00000000 
 407 00e2 E8000000 		.ascii	"\350\000\000\000"
 408              		.text
 409              		.section	.gnu.lto_.opts,"",%progbits
 410 0000 272D666D 		.ascii	"'-fmath-errno' '-fsigned-zeros' '-ftrapping-math' '"
 410      6174682D 
 410      6572726E 
ARM GAS  /tmp/ccXHOjgR.s 			page 30


 410      6F272027 
 410      2D667369 
 411 0033 2D666E6F 		.ascii	"-fno-trapv' '-fno-openmp' '-fno-openacc' '-mcpu=cor"
 411      2D747261 
 411      70762720 
 411      272D666E 
 411      6F2D6F70 
 412 0066 7465782D 		.ascii	"tex-m3' '-mno-thumb-interwork' '-mthumb' '-O2' '-fo"
 412      6D332720 
 412      272D6D6E 
 412      6F2D7468 
 412      756D622D 
 413 0099 6D69742D 		.ascii	"mit-frame-pointer' '-falign-functions=16' '-ffuncti"
 413      6672616D 
 413      652D706F 
 413      696E7465 
 413      72272027 
 414 00cc 6F6E2D73 		.ascii	"on-sections' '-fdata-sections' '-fno-common' '-flto"
 414      65637469 
 414      6F6E7327 
 414      20272D66 
 414      64617461 
 415 00ff 2700     		.ascii	"'\000"
 416              		.text
 417              		.comm	__gnu_lto_v1,1,1
 418              		.comm	__gnu_lto_slim,1,1
 419              		.ident	"GCC: (GNU Tools for Arm Embedded Processors 7-2017-q4-major) 7.2.1 20170904 (release) [ARM
ARM GAS  /tmp/ccXHOjgR.s 			page 31


DEFINED SYMBOLS
                            *ABS*:0000000000000000 chmemcore.c
                            *COM*:0000000000000001 __gnu_lto_v1
                            *COM*:0000000000000001 __gnu_lto_slim

NO UNDEFINED SYMBOLS
