ARM GAS  /tmp/ccXkWjlD.s 			page 1


   1              		.cpu cortex-m3
   2              		.eabi_attribute 20, 1
   3              		.eabi_attribute 21, 1
   4              		.eabi_attribute 23, 3
   5              		.eabi_attribute 24, 1
   6              		.eabi_attribute 25, 1
   7              		.eabi_attribute 26, 1
   8              		.eabi_attribute 30, 2
   9              		.eabi_attribute 34, 1
  10              		.eabi_attribute 18, 4
  11              		.file	"crt1.c"
  12              		.section	.gnu.lto_.profile.3952085d0fc921dc,"",%progbits
  13 0000 789C6363 		.ascii	"x\234cc```\001bF\006IQ\000\000\277\000:"
  13      60606001 
  13      62460649 
  13      510000BF 
  13      003A
  14              		.text
  15              		.section	.gnu.lto_.icf.3952085d0fc921dc,"",%progbits
  16 0000 789C6363 		.ascii	"x\234cc``Pc@\0006\206\256%\333\277\3631\202I&0\311|"
  16      60605063 
  16      40003686 
  16      AE25DBBF 
  16      F3318249 
  17 0018 B1F3D555 		.ascii	"\261\363\325U>\226\357o\032&\362\260^\374\266\261\207"
  17      3E96EF6F 
  17      1A26F2B0 
  17      5EFCB6B1 
  17      87
  18 0029 8F010063 		.ascii	"\217\001\000c\204\0229"
  18      841239
  19              		.text
  20              		.section	.gnu.lto_.jmpfuncs.3952085d0fc921dc,"",%progbits
  21 0000 789C6363 		.ascii	"x\234cc``\020d@\000V fd``b``f``\001r\000\003o\000'"
  21      60601064 
  21      40005620 
  21      66646060 
  21      62606066 
  22              		.text
  23              		.section	.gnu.lto_.inline.3952085d0fc921dc,"",%progbits
  24 0000 789C6363 		.ascii	"x\234cc``\210c@\000V\006\006f&F\006& \223m\201<\210"
  24      60608863 
  24      40005606 
  24      06662646 
  24      06262093 
  25 0018 6260C410 		.ascii	"b`\304\020a\302\020a\006\362 \",`\022H\211\374`\001"
  25      61C21061 
  25      06F22022 
  25      2C601248 
  25      89FC6001 
  26 002c 8A289DF8 		.ascii	"\212(\235\370\341\303\300\326\001Q\305\000\000\376\366"
  26      E1C3C0D6 
  26      0151C500 
  26      00FEF6
  27 003b 06DC     		.ascii	"\006\334"
  28              		.text
  29              		.section	.gnu.lto_.pureconst.3952085d0fc921dc,"",%progbits
ARM GAS  /tmp/ccXkWjlD.s 			page 2


  30 0000 789C6363 		.ascii	"x\234cc``\340\006bV\006\011F\011&\011f\023\026)\000"
  30      6060E006 
  30      62560609 
  30      46092609 
  30      66131629 
  31 0015 043700B7 		.ascii	"\0047\000\267"
  32              		.text
  33              		.section	.gnu.lto___core_init.3952085d0fc921dc,"",%progbits
  34 0000 789C6363 		.ascii	"x\234cc``\250\003b\177 \226\006bFf\006F\246\011\347"
  34      6060A803 
  34      627F2096 
  34      06624666 
  34      0646A609 
  35 0015 18181A39 		.ascii	"\030\030\0329\230\030\031A\214\006\016F\206z&\306z\306"
  35      98181941 
  35      8C060E46 
  35      867A26C6 
  35      7AC6
  36 0027 1EE629CC 		.ascii	"\036\346)\314\214\207\332\237\355d\322\\\336\000\004"
  36      8C87DA9F 
  36      ED64D25C 
  36      DE0004
  37 0036 07A66FE0 		.ascii	"\007\246o\340jkh\225\230\303\314\3000\015\210A\200q"
  37      6A6B6895 
  37      98C3CCC0 
  37      300D8841 
  37      8071
  38 0048 33A32603 		.ascii	"3\243&\003P\331\243\215\377\246\362\262\261@\304\031"
  38      50D9A38D 
  38      FFA6F2B2 
  38      B140C419 
  39 0058 B730B231 		.ascii	"\2670\26210\002\031\353/\261\036h\370\367\277\275\341"
  39      300219EB 
  39      2FB11E68 
  39      F8F7BFBD 
  39      E1
  40 0069 C091C58C 		.ascii	"\300\221\305\214{\275\230\030\030:\200\362@K\032\016"
  40      7BBD9818 
  40      183A80F2 
  40      404B1A0E 
  41 0079 30743233 		.ascii	"0t23\201X\315\007\030\33616)\200\265\200@\0073#H\030"
  41      8158CD07 
  41      18DE3136 
  41      2980B580 
  41      40073323 
  42 008f A8D4573F 		.ascii	"\250\324W?#?7U?1\271\\\337%\2658\273$\277@\337\303/"
  42      233F3755 
  42      3F31B95C 
  42      DF25B538 
  42      BB24BF40 
  43 00a6 583F3537 		.ascii	"X?57)5%%5E?\277X?9?77?O\277\270$\261\250\244\264@\337"
  43      29352525 
  43      35453FBF 
  43      583F393F 
  43      37373F4F 
  44 00c3 31C8D7D9 		.ascii	"1\310\327\331\267\002$Z\220\231\223ZT\254\357\356\354"
  44      B702245A 
ARM GAS  /tmp/ccXkWjlD.s 			page 3


  44      9099935A 
  44      54ACEFEE 
  44      EC
  45 00d4 AC9F5C54 		.ascii	"\254\237\\Tb\250\227\314\000\000\327]F\212"
  45      62A897CC 
  45      0000D75D 
  45      468A
  46              		.text
  47              		.section	.gnu.lto___early_init.3952085d0fc921dc,"",%progbits
  48 0000 789C6363 		.ascii	"x\234cc``\250\001b\177 \226\006bFf\006F\246\011\347"
  48      6060A801 
  48      627F2096 
  48      06624666 
  48      0646A609 
  49 0015 18181A39 		.ascii	"\030\030\0329\230\030\031A\214\006\016F\206z&\306z\306"
  49      98181941 
  49      8C060E46 
  49      867A26C6 
  49      7AC6
  50 0027 1EE629CC 		.ascii	"\036\346)\314\214\207\332\237\355d\322\\\336\000\004"
  50      8C87DA9F 
  50      ED64D25C 
  50      DE0004
  51 0036 07A67FE3 		.ascii	"\007\246\177\343jkh\225\230\303\314\3000\015\210A\200"
  51      6A6B6895 
  51      98C3CCC0 
  51      300D8841 
  51      80
  52 0047 7133A326 		.ascii	"q3\243&\003P\331\243\215\377\246\362\262\261@\304\031"
  52      0350D9A3 
  52      8DFFA6F2 
  52      B2B140C4 
  52      19
  53 0058 B730B231 		.ascii	"\2670\26210\002\031\353/\261\036h\370\367\277\275\341"
  53      300219EB 
  53      2FB11E68 
  53      F8F7BFBD 
  53      E1
  54 0069 C0196566 		.ascii	"\300\031ef&\006\206\016\240,\320\212\206\003\014\235"
  54      2606860E 
  54      A02CD08A 
  54      86030C9D 
  55 0079 402E90D5 		.ascii	"@.\220\325|\200\341\035c\223\002X\003\010t03\202\204"
  55      7C80E11D 
  55      63930258 
  55      03087430 
  55      338284
  56 008c 814A7DF5 		.ascii	"\201J}\3653\362sS\365\023\223\313\365]R\213\263K\362"
  56      33F27353 
  56      F51393CB 
  56      F55D528B 
  56      B34BF2
  57 009f 0BF43DFC 		.ascii	"\013\364=\374\202\365Ss\223RSRRS\364\363\213\365\223"
  57      82F55373 
  57      93525352 
  57      5253F4F3 
  57      8BF593
ARM GAS  /tmp/ccXkWjlD.s 			page 4


  58 00b2 F37373F3 		.ascii	"\363ss\363\363\364\213K\022\213JJ\013\364\035\203|\235"
  58      F3F48B4B 
  58      128B4A4A 
  58      0BF41D83 
  58      7C9D
  59 00c4 7D2B40A2 		.ascii	"}+@\242\005\2319\251E\305\372\356\316\316\372\311E%"
  59      059939A9 
  59      45C5FAEE 
  59      CECEFAC9 
  59      4525
  60 00d6 867AC90C 		.ascii	"\206z\311\014\000\015\265EQ"
  60      000DB545 
  60      51
  61              		.text
  62              		.section	.gnu.lto___late_init.3952085d0fc921dc,"",%progbits
  63 0000 789C6363 		.ascii	"x\234cc``\250\001b\177 \226\006bFf\006F\246\011\347"
  63      6060A801 
  63      627F2096 
  63      06624666 
  63      0646A609 
  64 0015 18181A39 		.ascii	"\030\030\0329\230\030\031A\214\006\016F\206z&\306z\306"
  64      98181941 
  64      8C060E46 
  64      867A26C6 
  64      7AC6
  65 0027 1EE629CC 		.ascii	"\036\346)\314\214\207\332\237\355d\322\\\336\000\004"
  65      8C87DA9F 
  65      ED64D25C 
  65      DE0004
  66 0036 07A66FE2 		.ascii	"\007\246o\342nkh\225\230\303\314\3000\015\210A\200q"
  66      6E6B6895 
  66      98C3CCC0 
  66      300D8841 
  66      8071
  67 0048 33A32603 		.ascii	"3\243&\003P\331\243\215\377\246\362\262\261@\304\031"
  67      50D9A38D 
  67      FFA6F2B2 
  67      B140C419 
  68 0058 B730B231 		.ascii	"\2670\26210\002\031\353/\261\036h\370\367\277\275\341"
  68      300219EB 
  68      2FB11E68 
  68      F8F7BFBD 
  68      E1
  69 0069 C0116566 		.ascii	"\300\021ef&\006\206\016\240,\320\212\206\003\014\235"
  69      2606860E 
  69      A02CD08A 
  69      86030C9D 
  70 0079 402E90D5 		.ascii	"@.\220\325|\200\341\035c\223\002X\003\010t03\202\204"
  70      7C80E11D 
  70      63930258 
  70      03087430 
  70      338284
  71 008c 814A7DF5 		.ascii	"\201J}\3653\362sS\365\023\223\313\365]R\213\263K\362"
  71      33F27353 
  71      F51393CB 
  71      F55D528B 
  71      B34BF2
ARM GAS  /tmp/ccXkWjlD.s 			page 5


  72 009f 0BF43DFC 		.ascii	"\013\364=\374\202\365Ss\223RSRRS\364\363\213\365\223"
  72      82F55373 
  72      93525352 
  72      5253F4F3 
  72      8BF593
  73 00b2 F37373F3 		.ascii	"\363ss\363\363\364\213K\022\213JJ\013\364\035\203|\235"
  73      F3F48B4B 
  73      128B4A4A 
  73      0BF41D83 
  73      7C9D
  74 00c4 7D2B40A2 		.ascii	"}+@\242\005\2319\251E\305\372\356\316\316\372\311E%"
  74      059939A9 
  74      45C5FAEE 
  74      CECEFAC9 
  74      4525
  75 00d6 867AC90C 		.ascii	"\206z\311\014\000\331BE\006"
  75      00D94245 
  75      06
  76              		.text
  77              		.section	.gnu.lto___default_exit.3952085d0fc921dc,"",%progbits
  78 0000 789C6363 		.ascii	"x\234cc``\250\005b\177 6\007bFV\006F\246\011\347\030"
  78      6060A805 
  78      627F2036 
  78      07624656 
  78      0646A609 
  79 0016 181A3998 		.ascii	"\030\0329\230\030\231!\014fF\026\010\203\005\"\342\310"
  79      1899210C 
  79      66461608 
  79      830522E2 
  79      C8
  80 0027 C850CFC4 		.ascii	"\310P\317\304\314\302\010$\030\240\240\207y\0123\343"
  80      CCC20824 
  80      18A0A087 
  80      790A33E3 
  81 0037 A1F6673B 		.ascii	"\241\366g;\2314\2277\000\301\201\351w\270\333\032Z%"
  81      99349737 
  81      00C181E9 
  81      77B8DB1A 
  81      5A25
  82 0049 E600554C 		.ascii	"\346\000UL\203\252b\334\314\250\311\000T\366h\343\277"
  82      83AA62DC 
  82      CCA8C900 
  82      54F668E3 
  82      BF
  83 005a A9BC6C2C 		.ascii	"\251\274l,\020q\306-\214l\014\214@\306\372K\254\007"
  83      1071C62D 
  83      8C6C0C8C 
  83      40C6FA4B 
  83      AC07
  84 006c 1AFEFD6F 		.ascii	"\032\376\375oo8pg1\343wo\240P\007P\236\261\341\000\220"
  84      6F387067 
  84      31E3776F 
  84      A0500750 
  84      9EB1E100 
  85 0081 6662606C 		.ascii	"fb`l\004\321\314\014@\353\233A,\026\020\213\261\203"
  85      04D1CC0C 
  85      40EB9B41 
ARM GAS  /tmp/ccXkWjlD.s 			page 6


  85      2C16108B 
  85      B183
  86 0093 99116CB2 		.ascii	"\231\021l\262\257~F~n\252~br\271\276KjqvI~\201\276\207"
  86      AF7E467E 
  86      6EAA7E62 
  86      72B9BE4B 
  86      6A717649 
  87 00ab 5FB07E6A 		.ascii	"_\260~jnRjJJj\212~~\261~r~nn~\236~qIbQIi\201\276c\220"
  87      6E526A4A 
  87      4A6A8A7E 
  87      7EB17E72 
  87      7E6E6E7E 
  88 00cb AFB36F05 		.ascii	"\257\263o\005H\264 3'\265\250X\337\335\331Y?\271\250"
  88      48B42033 
  88      27B5A858 
  88      DFDDD959 
  88      3FB9A8
  89 00de C4502F99 		.ascii	"\304P/\231\001\000[\271I}"
  89      01005BB9 
  89      497D
  90              		.text
  91              		.section	.gnu.lto___init_ram_areas.3952085d0fc921dc,"",%progbits
  92 0000 789C9555 		.ascii	"x\234\225UML\\U\024\276\347\335\3677\357\315L&L\027"
  92      4D4C5C55 
  92      14BEE7DD 
  92      F737EFCD 
  92      4C264C17 
  93 0014 2E9A860D 		.ascii	".\232\206\015\213n|a\327\270k0\261\033\214Qc\\\2120"
  93      8B6E7C61 
  93      D7B86B30 
  93      B11B8C51 
  93      635C8A30 
  94 0028 89467126 		.ascii	"\211Fq&0\215\256\234W~\332\241UC\214\375q2\324\321\232"
  94      308DAE9C 
  94      577EDAA1 
  94      55438CFD 
  94      7132D4D1 
  95 003d B4A4229A 		.ascii	"\264\244\"\232\242\302\360\367\030(\245\225\2412V\322"
  95      A2C2F0F7 
  95      1828A595 
  95      A13256D2 
  96 004d 10564540 		.ascii	"\020VE@\251\177\015\225\244\265V\317\271\367\215\235"
  96      A97F0D95 
  96      A4B556CF 
  96      B9F78D9D 
  97 005d 82569D84 		.ascii	"\202V\235\204\373\356}\367;\3379\347;\347\035t\306\330"
  97      FBEE7DF7 
  97      3BDF39E7 
  97      3BE71D74 
  97      C6D8
  98 006f 499DB167 		.ascii	"I\235\261g\361\371\021\376A\210\201\322=\307\330\001"
  98      F1F911FE 
  98      418881D2 
  98      3DC7D801 
  99 007f 53012E37 		.ascii	"S\001.7\0344\271Q\345f\302\324\024u\240\300\230k\331"
  99      1C34B951 
  99      E566C2D4 
ARM GAS  /tmp/ccXkWjlD.s 			page 7


  99      1475A0C0 
  99      986BD9
 100 0092 4B367383 		.ascii	"K6s\2036\230\364\036\014\371\2340M\305\220\367\001q"
 100      3698F41E 
 100      0CF99C30 
 100      4DC590F7 
 100      0171
 101 00a4 1F50821F 		.ascii	"\037P\202\037O\321\321\272\026\300cP\022\357\265\000"
 101      4FD1D1BA 
 101      16C06350 
 101      12EFB500 
 102 00b4 E8E99AC0 		.ascii	"\350\351\232\300R\012W5\3330\003A\013R*g\340\251\310"
 102      520A5735 
 102      DB300341 
 102      0B522A67 
 102      E0A9C8
 103 00c7 F6D78281 		.ascii	"\366\327\202\2011\215\371?\263\274y\203\277\303\241"
 103      318DF93F 
 103      B3BC7983 
 103      BFC3A1
 104 00d6 70687548 		.ascii	"phuH\331}\332\305\237w\274;|\320\355|(\313\031;\306"
 104      D97DDAC5 
 104      9F77BC3B 
 104      7CD0ED7C 
 104      28CB193B 
 105 00eb 2506CEC1 		.ascii	"%\006\316\301n\206\260\371\216O\262\374\010\317r\000"
 105      6E86B0F9 
 105      8E4FB2FC 
 105      08CF7200 
 106 00fb 158F378A 		.ascii	"\025\2177\212\231\3450\035\025\250\306c\307{g\372U\376"
 106      99E5301D 
 106      15A8C663 
 106      C77B67FA 
 106      55FE
 107 010d 0410F2E7 		.ascii	"\004\020\362\347\364\312\267\341\232S\256\333\346z\013"
 107      F4CAB7E1 
 107      9A53AEDB 
 107      E67A0B
 108 011c 833B4EB5 		.ascii	"\203;N\265\2733\256\232\345\034>\007\216\254\360\031"
 108      BB33AE9A 
 108      E51C3E07 
 108      8EACF019 
 109 012c EC8401D8 		.ascii	"\354\204\001\330)\330\021~\355\323\273GC\272\012_@\215"
 109      29D8117E 
 109      EDD3BB47 
 109      43BA0A5F 
 109      408D
 110 013e 740A83A0 		.ascii	"t\012\203\240\003^\314z]\375\026\177Zp\376v|hE\3659"
 110      035ECC7A 
 110      5DFD167F 
 110      5A70FE76 
 110      7C6845F5 
 111 0153 370777BD 		.ascii	"7\007w\275\357s\2520\364\267\234S+wJ6\177F\230^O\317"
 111      EF73AA30 
 111      F4B79C53 
 111      2B774A36 
 111      7F46985E 
ARM GAS  /tmp/ccXkWjlD.s 			page 8


 112 0169 9C367DD3 		.ascii	"\2346}\323\365=\031\327\353\250&\303\341\007\0063\002"
 112      F53D19D7 
 112      EBA826C3 
 112      E1070633 
 112      02
 113 017a 3590C780 		.ascii	"5\220\307\200(\026\214h\024#b\214S\214\345\253\376\222"
 113      28168C68 
 113      1423628C 
 113      538CE5AB 
 113      FE92
 114 018c E6B977FF 		.ascii	"\346\271w\3778\344z\323{F\007\226\242;\200e\271\246"
 114      38E47AD3 
 114      7B460796 
 114      A23B8065 
 114      B9A6
 115 019e E082EAE3 		.ascii	"\340\202\352\343\2422Bk\214\360:#\013C\254A\361&$\366"
 115      A232426B 
 115      8CF03A23 
 115      0B43AC41 
 115      F12624F6 
 116 01b2 61818988 		.ascii	"a\201\211\210}\225X\243\342\226\2614\0121\002\256\307"
 116      7D9558A3 
 116      E296B134 
 116      0A3102AE 
 116      C7
 117 01c3 BAB8829B 		.ascii	"\272\270\202\233v\217\255B[\356l\366\021!\016\032a\254"
 117      768FAD42 
 117      5BEE6CF6 
 117      11210E1A 
 117      61AC
 118 01d5 C73A0B97 		.ascii	"\307:\013\227\015*\201.\362l\277=\276\021N\375\356b"
 118      0D2A812E 
 118      F26CBF3D 
 118      BE114EFD 
 118      EE62
 119 01e7 F5F41C97 		.ascii	"\365\364\034\227\351\334\232\3771m\347\340\344\201H"
 119      E9DC9AFF 
 119      316DE7E0 
 119      E48148
 120 01f6 961B300E 		.ascii	"\226\0330\016)\030\243\\\011\375\341\271N@\364\011\327"
 120      2918A35C 
 120      09FDE1B9 
 120      4E40F409 
 120      D7
 121 0207 CD7DA010 		.ascii	"\315}\240\020\207\0079\314\021& \205\266]\234\263%["
 121      870739CC 
 121      11262085 
 121      B65D9CB3 
 121      255B
 122 0219 B8554490 		.ascii	"\270UD\220\031\256\262uh\313\177\377\346\232Ardx\260"
 122      19AEB275 
 122      68CB7FFF 
 122      E69A4172 
 122      6478B0
 123 022c 32042E42 		.ascii	"2\004.B\030)\024\247ur\207\275\224\033#AL\264\203\202"
 123      182914A7 
 123      757287BD 
ARM GAS  /tmp/ccXkWjlD.s 			page 9


 123      941B2341 
 123      4CB48382 
 124 0240 EFF3C691 		.ascii	"\357\363\306\221\267\257\202\323\347v\273.\226 \000"
 124      B7AF82D3 
 124      E776BB2E 
 124      962000
 125 024f 93E8F1A8 		.ascii	"\223\350\361\250h3\230\002Gd\370\272\220z\204\374\005"
 125      68339802 
 125      4764F8BA 
 125      907A84FC 
 125      05
 126 0260 85BFDEB7 		.ascii	"\205\277\336\267|w\241\255\374\371\177\345?/\370\201"
 126      7C77A1AD 
 126      FCF97FE5 
 126      3F2FF881 
 127 0270 F8A7EFE3 		.ascii	"\370\247\357\343\317\023\177\210\261M\321\312e\341H"
 127      CF137F88 
 127      B14DD1CA 
 127      65E148
 128 027f 8AB3D97D 		.ascii	"\212\263\331}e\371\340\002\244\224R8\303\303\301\314"
 128      65F9E002 
 128      A4945238 
 128      C3C3C1CC 
 129 028f F5094049 		.ascii	"\365\011@IT\206\337$j\202q\3359\334\267\221\220\201"
 129      5486DF24 
 129      6A8271DD 
 129      39DCB791 
 129      9081
 130 02a1 41A50EEA 		.ascii	"A\245\016\3526\0350\022+\3035\230\241 \341\"\211\214"
 130      361D3012 
 130      2BC33598 
 130      A120E122 
 130      898C
 131 02b3 F6570EF7 		.ascii	"\366W\016\367r2\337\232\324.\201\326}\364%D\243\003"
 131      7232DF9A 
 131      D42E81D6 
 131      7DF42544 
 131      A303
 132 02c5 3468CF1E 		.ascii	"4h\317\036\034\335xN:\254\"\000\365,&T}/\237*\011+n"
 132      1CDD784E 
 132      3AAC2200 
 132      F52C2654 
 132      7D2F9F2A 
 133 02dc 34495894 		.ascii	"4IX\224\274\336\007\023\262FEu5\206\203\243\\^a\256"
 133      BCDE0713 
 133      B2464575 
 133      358683A3 
 133      5C5E61AE 
 134 02f0 CBBDC068 		.ascii	"\313\275\300h\262\324\357\256Y\222J\331\236\323\003"
 134      B2D4EFAE 
 134      59924AD9 
 134      9ED303
 135 02ff 85FF5208 		.ascii	"\205\377R\010\257\220\210\263(\374\012t\\\235\\\002"
 135      AF9088B3 
 135      28FC0A74 
 135      5C9D5C02 
 136 030f 9F8B5C31 		.ascii	"\237\213\\1\322^\303\032\363\374\362-L1\252f\326.\302"
ARM GAS  /tmp/ccXkWjlD.s 			page 10


 136      D25EC31A 
 136      F3FCF22D 
 136      4C31AA66 
 136      D62EC2
 137 0322 A6A8335F 		.ascii	"\246\2503_\024\257\252\324\333\253\250z\232\333\330"
 137      14AFAAD4 
 137      DBABA87A 
 137      9ADBD8
 138 0331 88D0C58D 		.ascii	"\210\320\305\215{\342\337\374\256\367\202\376\317\352"
 138      7BE2DFFC 
 138      AEF782FE 
 138      CFEA
 139 033f 19BE7A45 		.ascii	"\031\276zE\214\242\2626\0260\230\303\033!S\337\257\276"
 139      8CA2B236 
 139      163098C3 
 139      1B2153DF 
 139      AFBE
 140 0351 9A1132D8 		.ascii	"\232\0212\330\256fD\310dn\223\311\220\322\234)K\303"
 140      AE6644C8 
 140      646E93C9 
 140      90D29C29 
 140      4BC3
 141 0363 FFA73497 		.ascii	"\377\2474\227\2054\242\277\276\332*\015'z!\215\201\""
 141      8534A2BF 
 141      BEDA2A0D 
 141      277A218D 
 141      8122
 142 0375 D90CA330 		.ascii	"\331\014\2430\026\327E\353\005\344\327(B?\277_\302\261"
 142      16D745EB 
 142      05E4D728 
 142      423FBF5F 
 142      C2B1
 143 0387 35A97D4B 		.ascii	"5\251}K\277\314\366\330r0G`\2762\021\361\331\206\311"
 143      BFCCF6D8 
 143      72304760 
 143      BE3211F1 
 143      D986C9
 144 039a C7DCE466 		.ascii	"\307\334\344f^\247\321\201g4\311\014\337\274\244\221"
 144      5EA7D181 
 144      6734C90C 
 144      DFBCA491 
 145 03aa 09FEDFF9 		.ascii	"\011\376\337\371O\223\343\353\212\3111\2768vB\255\355"
 145      4F93E3EB 
 145      8AC931BE 
 145      387642AD 
 145      ED
 146 03bb A78C72EB 		.ascii	"\247\214r\353\200\351\302\025\314\011Jr\210\"\240\330"
 146      80E9C215 
 146      CC094A72 
 146      8822A0D8 
 147 03cb F3C3825E 		.ascii	"\363\303\202^\036-@\263\341\033\250\305|\027\304d\241"
 147      1E2D40B3 
 147      E11BA8C5 
 147      7C17C464 
 147      A1
 148 03dc D9166439 		.ascii	"\331\026d9\013Kj\261a\232l?\341w\271\334\003r\324\212"
 148      0B4B6AB1 
ARM GAS  /tmp/ccXkWjlD.s 			page 11


 148      619A6C3F 
 148      E177B9DC 
 148      0372D48A 
 149 03f0 7BC00BEC 		.ascii	"{\300\013\354\236z\347\205xs\314ih|\325y4\326\372R2"
 149      9E7AE785 
 149      7873CC69 
 149      687CD579 
 149      34D6FA52 
 150 0405 9E70F63D 		.ascii	"\236p\366=\376\224\023k~>\326\324\024kr\342\255Nc\274"
 150      FE94136B 
 150      7E3ED6D4 
 150      146B72E2 
 150      AD4E63BC 
 151 0419 B939FE8A 		.ascii	"\2719\376\212\323\232lhI\356O8{\237\254\257\253\177"
 151      D39A6C68 
 151      49EE4F38 
 151      7B9FACAF 
 151      AB7F
 152 042b 8DDE265E 		.ascii	"\215\336&^|9\326\322\352<VW\3474\266$k\037nd\274\245"
 152      7C39D6D2 
 152      EA3C5657 
 152      E734B624 
 152      6B1F6E64 
 153 0441 21010925 		.ascii	"!\001\011%\231\370\0231#G\252"
 153      99F81331 
 153      2347AA
 154              		.text
 155              		.section	.gnu.lto_ram_areas.3952085d0fc921dc,"",%progbits
 156 0000 789C75D1 		.ascii	"x\234u\321\315KTQ\030\006\360\363\316qfLM\313\276k\252"
 156      CD4B5451 
 156      1806F0F3 
 156      CE71664C 
 156      4DCBBE6B 
 157 0015 FFA083AD 		.ascii	"\377\240\203\255f\231LP.\246\240\376\002\233\271\240"
 157      66994C50 
 157      2EA6A0FE 
 157      029BB9A0 
 158 0025 D4748799 		.ascii	"\324t\207\231\221\244\315\334\205\201$\265\322U\263"
 158      91A4CDDC 
 158      858124B5 
 158      D255B3
 159 0034 9845D022 		.ascii	"\230E\320\"\002\301\317\031\313\317&5\373\262\357\264"
 159      02C1CF19 
 159      CBCF2635 
 159      FBB2EFB4 
 160 0044 FC401184 		.ascii	"\374@\021\204 \020c \025=3\317]\304\035\336\273\270"
 160      20106320 
 160      153D33CF 
 160      5DC41DDE 
 160      BBB8
 161 0056 0FBCEFE1 		.ascii	"\017\274\357\341\341\3079\036!D\203[\210\253\002_\247"
 161      E1C7391E 
 161      2144835B 
 161      88AB025F 
 161      A7
 162 0067 A44CE6F7 		.ascii	"\244L\346\367\2747\271c\265[\326R\307\272\274\233\222"
 162      BC37B963 
ARM GAS  /tmp/ccXkWjlD.s 			page 12


 162      B55BD652 
 162      C7BABC9B 
 162      92
 163 0078 222D4B56 		.ascii	"\"-KV\3515WqA\245\013*.\\%\213\332\342\\\026\347\177"
 163      E9355771 
 163      41A50B2A 
 163      2E5C258B 
 163      DAE25C16 
 164 008e D75647CA 		.ascii	"\327VG\312\375\375V{\332\272\220\222\324%\005\365S\262"
 164      FDFD567B 
 164      DABA9092 
 164      D42505F5 
 164      53B2
 165 00a0 4B12F515 		.ascii	"K\022\365\025\302E\275\205\220\324C\311\302\361\315"
 165      C245BD85 
 165      90D443C9 
 165      C2F1CD
 166 00af FBF7F2B2 		.ascii	"\373\367\362\262C\246\364\302\353h\335z\010a\031'ts"
 166      43A6F4C2 
 166      EB68DD7A 
 166      08611927 
 166      7473
 167 00c1 420F23F4 		.ascii	"B\017#\364r\302\347\020\016A\230\2050\003\341\352\326"
 167      72C2E710 
 167      0E419885 
 167      3003E1EA 
 167      D6
 168 00d2 B36C3584 		.ascii	"\263l5\204\036G\353\037[X\316\011\367q\302\012FX\311"
 168      1E47EB1F 
 168      5B58CE09 
 168      F771C20A 
 168      4658C9
 169 00e5 09C7211C 		.ascii	"\011\307!\034\203p\024\302\021\010\247\037g\267\253"
 169      837014C2 
 169      1108A71F 
 169      67B7AB
 170 00f4 20743B5A 		.ascii	" t;ZWla\025'\334\317\011\253\031a\015'\234\202p\022"
 170      576C6115 
 170      27DCCF09 
 170      AB19610D 
 170      279C8270 
 171 0109 C25710E6 		.ascii	"\302W\020\346 \234m\353N\331\257\\\346h\035\260\205"
 171      209C6DEB 
 171      4ED9AF5C 
 171      E6681DB0 
 171      85
 172 011a 0738E141 		.ascii	"\0078\341ANX\313\010\017q\302w\020\276\205\360\015\204"
 172      4E58CB08 
 172      0F71C277 
 172      10BE85F0 
 172      0D84
 173 012c 33108E6F 		.ascii	"3\020\216ot?\261\357P:Z\237\332\302\303\234\360\010"
 173      743FB1EF 
 173      503A5A9F 
 173      DAC2C39C 
 173      F008
 174 013e 273CCA08 		.ascii	"'<\312\010\217q\302\317\020~\202\360#\204\263\020\346"
ARM GAS  /tmp/ccXkWjlD.s 			page 13


 174      8F71C2CF 
 174      107E82F0 
 174      2384B310 
 174      E6
 175 014f 76F3A335 		.ascii	"v\363\2435\020\272\034\255\273\017 <\316\011Op\302\223"
 175      10BA1CAD 
 175      BB0F203C 
 175      CE094F70 
 175      C293
 176 0161 8CF01427 		.ascii	"\214\360\024'\234\203\360\007\204\337!\374\006\341\377"
 176      9C83F007 
 176      84DF21FC 
 176      06E1FF
 177 0170 35799BE4 		.ascii	"5y\233\344\343H\2479\322\031\206t\226#-\202\264\000"
 177      E348A739 
 177      D2198674 
 177      96232D82 
 177      B400
 178 0182 D22F907E 		.ascii	"\322/\220~\202\324\366(\367\317\213\343\226\276:Iu>"
 178      82D4F628 
 178      F7CF8BE3 
 178      96BE3A49 
 178      753E
 179 0194 5A223F9D 		.ascii	"Z\"?\235\367\321\274\216\257\344\243/:?\350|\257\363"
 179      F7D1BC8E 
 179      AFE4A32F 
 179      3A3FE87C 
 179      AFF3
 180 01a6 B5CE699D 		.ascii	"\265\316i\235/uN\350\034\326\371B\347\240\316\001\362"
 180      2F754EE8 
 180      1CD6F942 
 180      E7A0CE01 
 180      F2
 181 01b7 0B5AD6BF 		.ascii	"\013Z\326\277\240j2#\206j\014\335Q\027\215\370\315\204"
 181      A06A3223 
 181      866A0CDD 
 181      51178DF8 
 181      CD84
 182 01c9 195597AF 		.ascii	"\031U\227\257\\WF\344\206\021\016\033ae\306U\310\214"
 182      5C5746E4 
 182      86110E1B 
 182      6165C655 
 182      C88C
 183 01db 44CCDB2A 		.ascii	"D\314\333*\236h\214%Z\242\252\376Z0\020l-L\243\315\267"
 183      9E688C25 
 183      5AA2AAFE 
 183      5A30106C 
 183      2D4CA3CD 
 184 01f0 8C585C5D 		.ascii	"\214X\\]\012\004T(\226\250;\027\022{\311\027\026\015"
 184      0A045428 
 184      96A83B17 
 184      127BC917 
 184      160D
 185              		.text
 186              		.section	.gnu.lto_.symbol_nodes.3952085d0fc921dc,"",%progbits
 187 0000 789C55CD 		.ascii	"x\234U\315IN\002a\024E\341S\255 \275\"\010\002\026l"
 187      494E0261 
ARM GAS  /tmp/ccXkWjlD.s 			page 14


 187      1445E153 
 187      AD20BD22 
 187      0802166C 
 188 0014 C4B017F7 		.ascii	"\304\260\027\367\361\263\004\327\303\010P\020\273\242"
 188      F1B304D7 
 188      C3085010 
 188      BBA2
 189 0022 531411C5 		.ascii	"S\024\021\305f!\024wbj\362\276\344\344&\317\007.\255"
 189      66211477 
 189      626AF2BE 
 189      E4E426CF 
 189      072EAD
 190 0035 E8D83D0C 		.ascii	"\350\330=\014\\\205\354\351v\332Q\351c\254x\031`\354"
 190      5C85ECE9 
 190      76DA51E9 
 190      63AC7819 
 190      60EC
 191 0047 78B9C638 		.ascii	"x\271\3068\377\245\031\225\033\214\033\333x\027tZ\340"
 191      FFA51995 
 191      1B8C1BDB 
 191      7817745A 
 191      E0
 192 0058 7843AC20 		.ascii	"xC\254 \372\344\215\260\345-\216\034\343\312;<y\217"
 192      FAE48DB0 
 192      E52D8E1C 
 192      E3CA3B3C 
 192      798F
 193 006a 2F1F3890 		.ascii	"/\0378\220\217$\344\023I\031r('\244\344\224\264\234"
 193      8F24E413 
 193      49197228 
 193      27A4E494 
 193      B49C
 194 007c 919173B2 		.ascii	"\221\221s\262rAN>\223\227/\024\344\222#\371\312\261"
 194      72414E3E 
 194      93972F14 
 194      E49223F9 
 194      CAB1
 195 008e 7CA32857 		.ascii	"|\243(W\234\310wJrMY~p*7T\344'U\371\305\231\334R\223"
 195      9CC8774A 
 195      724D597E 
 195      702A3754 
 195      E42755F9 
 196 00a7 DFD4E50F 		.ascii	"\337\324\345\017\015\371\313\271\374#\330\313\016\326"
 196      0DF9CBB9 
 196      FC23D8CB 
 196      0ED6
 197 00b5 FA3986   		.ascii	"\3729\206"
 198              		.text
 199              		.section	.gnu.lto_.refs.3952085d0fc921dc,"",%progbits
 200 0000 789C0DC3 		.ascii	"x\234\015\303\007\016\202@\000\000\260K\3031\004\007"
 200      070E8240 
 200      0000B04B 
 200      C3310407 
 201 0010 20C301A2 		.ascii	" \303\001\242\340k\374\377\177\244I\323\020\302o/\021"
 201      E06BFCFF 
 201      7FA449D3 
 201      10C26F2F 
ARM GAS  /tmp/ccXkWjlD.s 			page 15


 201      11
 202 0021 89D312A5 		.ascii	"\211\323\022\2452\271\302A\251rtrvQk\264\256:\275\301"
 202      32B9C241 
 202      A9727472 
 202      76516BB4 
 202      AE3ABDC1 
 203 0035 E8E6EEE1 		.ascii	"\350\346\356\341i2{Y\274}\2546\337\360\007|\323\003"
 203      69327B59 
 203      BC7DAC36 
 203      DFF0077C 
 203      D303
 204 0047 9A       		.ascii	"\232"
 205              		.text
 206              		.section	.gnu.lto_.decls.3952085d0fc921dc,"",%progbits
 207 0000 789CAD96 		.ascii	"x\234\255\226[PT\311\031\307OO\2170\014\303\245\320"
 207      5B5054C9 
 207      19C74F4F 
 207      8F300CC3 
 207      A5D0
 208 0012 DAB2526C 		.ascii	"\332\262RlB,7\232du\026\257yH\2456e\252\326\207\354"
 208      422C379A 
 208      647516AF 
 208      7948A536 
 208      65AAD687 
 209 0027 3E642B2F 		.ascii	">d+/y\310\354,NJja\260`\314j\345\345 \202\212\240 *"
 209      79C8EC2C 
 209      4E4A6A61 
 209      B060CC6A 
 209      E5E52082 
 210 003f 77514110 		.ascii	"wQA\020D\021\225\213\340\205\213 \367\213\272r\221\233"
 210      4411958B 
 210      E0858B20 
 210      F78BBA72 
 210      919B
 211 0051 A2E00514 		.ascii	"\242\340\005\024\021ED%_\177}\346\332\260y\311)\376"
 211      11454425 
 211      5F7F7DE6 
 211      DAB079C9 
 211      29FE
 212 0063 734EF7F9 		.ascii	"sN\367\371\376\277\257\373\353>]\270I\222\224\351+I"
 212      FEBFAFFB 
 212      EB3E5DB8 
 212      499294E9 
 212      2B49
 213 0075 A5549276 		.ascii	"\245T\222v\253$i\016.w\350\253\226\354\327\"\320UP\025"
 213      AB24690E 
 213      2E77E8AB 
 213      96ECD722 
 213      D0555015 
 214 0089 A816D400 		.ascii	"\250\026\324\000j\002\375\032\364\0344\001\232\004M"
 214      6A02FD1A 
 214      F41C3401 
 214      9A044D
 215 0098 81DE80DE 		.ascii	"\201\336\200\336\202\336\201\336\203>2\000\221$\025"
 215      82DE81DE 
 215      833E3200 
 215      912415
ARM GAS  /tmp/ccXkWjlD.s 			page 16


 216 00a7 480D7203 		.ascii	"H\015r\003i@Z\220\016\344\015\362\005\371\201\226\200"
 216      69405A90 
 216      0EE40DF2 
 216      05F98196 
 216      80
 217 00b8 3E012D05 		.ascii	">\001-\005\375\002\344\017\372%(\000\264\014\264\034"
 217      FD02E40F 
 217      FA252800 
 217      B40CB41C 
 218 00c8 F41BD04A 		.ascii	"\364\033\320J\320\357@\237\203V\023\311\351\372\017"
 218      D0EF409F 
 218      835613C9 
 218      E9FA0F
 219 00d7 C174D277 		.ascii	"\301t\322wJ\233(cw\275\"\347\211\253\232'n\317<q\265"
 219      4A9B2863 
 219      77BD22E7 
 219      89AB9A27 
 219      6ECF3C71 
 220 00ec F3C425CE 		.ascii	"\363\304%\316\023\3270O\334\0216o%\316\017\264\004\244"
 220      13D7304F 
 220      DC11366F 
 220      25CE0FB4 
 220      04A4
 221 00fe 87BE3EB8 		.ascii	"\207\276>\270\257\000}\001\317\343p\037\003\005\302"
 221      AF007D01 
 221      CFE3701F 
 221      0305C2
 222 010d 732FDCFF 		.ascii	"s/\334\377\001R\203\036\201\206A\017@\017\225\034M\312"
 222      0152831E 
 222      8186410F 
 222      400F951C 
 222      4DCA
 223 011f FDB94B9E 		.ascii	"\375\271K\236~\302=}\012\213\345\031_\200\303\256\000"
 223      7EC23D7D 
 223      0A8BE519 
 223      5F80C3AE 
 223      00
 224 0130 89D7F273 		.ascii	"\211\327\362s\245\266+\225Z/Wj\037\240\254\205\277\262"
 224      A5B62B95 
 224      5A2F576A 
 224      1FA0AC85 
 224      BFB2
 225 0142 364B95B5 		.ascii	"6K\225\265Z\242\254\235\257\262\226:em5\312Z\253\225"
 225      5AA2AC9D 
 225      AFB2963A 
 225      656D35CA 
 225      5AAB95
 226 0155 B5678364 		.ascii	"\265g\203d{\201\355\011\2667\330\036a{\205\355\031\266"
 226      7B81ED09 
 226      B637D81E 
 226      617B85ED 
 226      19B6
 227 0167 77265CC6 		.ascii	"w&\\\306\177\230\222\212\352\253\327=\007I?\201mI|y"
 227      7F98928A 
 227      EAABD73D 
 227      07493F81 
 227      6D497C79 
ARM GAS  /tmp/ccXkWjlD.s 			page 17


 228 017b 5509FF85 		.ascii	"U\011\377\205;\023\266\347\254\027\341\375\320\253\342"
 228      3B13B6E7 
 228      AC17E1FD 
 228      D0ABE2
 229 018a 37259435 		.ascii	"7%\2245\254\026b\353Q)\014\225\225\213\177\012\2008"
 229      AC1662EB 
 229      51290C95 
 229      958B7F0A 
 229      8038
 230 019c 52F97B9E 		.ascii	"R\371{\236\316z\361\011\361\007\007\037\357R\331\223"
 230      CE7AF109 
 230      F107071F 
 230      EF52D993 
 231 01ac 395884B1 		.ascii	"9X\204\261J\266\327\266A\331'I\224\"\324\334\212|\254"
 231      4AB6D7B6 
 231      41D92749 
 231      9422D4DC 
 231      8A7CAC
 232 01bf 1D2203F0 		.ascii	"\035\"\003\360\026\266A\202&\224\260\336\262\336\203"
 232      16B64182 
 232      2694B0DE 
 232      B2DE83
 233 01ce 37DDA80A 		.ascii	"7\335\250\012\237[\373\306\013\027Qo|>\237\361\276S"
 233      9F5BFBC6 
 233      0B17516F 
 233      7C3E9FF1 
 233      BE53
 234 01e0 A35649A4 		.ascii	"\243VI\244\224P\356O\356:\034\243\243\213\361my\345"
 234      9450EE4F 
 234      EE3A1CA3 
 234      A38BF16D 
 234      79E5
 235 01f2 995DBAD5 		.ascii	"\231]\272\325\2052\2774\015T\"\345\030\207\221us\323"
 235      8532BF34 
 235      0D5422E5 
 235      18879175 
 235      73D3
 236 0204 553EFB29 		.ascii	"U>\373)\361\323\022\0254oM\264dzBs\211\226\370B\263"
 236      F1D31215 
 236      346F4DB4 
 236      647A4273 
 236      8996F842 
 237 0219 306EEEF0 		.ascii	"0n\356\360\242\245G\2311!J\366U\221\357>!\225\304\237"
 237      A2A54799 
 237      31214AF6 
 237      5591EF3E 
 237      2195C49F 
 238 022d 54107F18 		.ascii	"T\020\177\030\354\025\262\024~\315jN\272\366,\357\210"
 238      EC15B214 
 238      7ECD6A4E 
 238      BAF62CEF 
 238      88
 239 023e 76D971F9 		.ascii	"v\331q\371x\225\\\325\236\031\220\337\022#w\034\227"
 239      78955CD5 
 239      9E1990DF 
 239      1223771C 
 239      97
ARM GAS  /tmp/ccXkWjlD.s 			page 18


 240 024f E52F318E 		.ascii	"\345/1\216\224\020J.\223\325\020_F\324\254\005O\227"
 240      94104A2E 
 240      93D5105F 
 240      46D4AC05 
 240      4F97
 241 0261 C8102117 		.ascii	"\310\020!\027\311 \314\362*Y\006\210\227\343\007\333"
 241      C920CCF2 
 241      2A590688 
 241      97E307DB 
 242 0271 7C681959 		.ascii	"|h\031Y`V=\303\0072\324J\206\336\337\247\311U\273\""
 242      60563DC3 
 242      0732D44A 
 242      86DEDFA7 
 242      C955BB22 
 243 0285 655985F8 		.ascii	"eY\205\370k6\374u\300_s\305W!\376\305\235\211\001Jo"
 243      6B36FC75 
 243      C05F73C5 
 243      5721FEC5 
 243      9D89014A 
 244 029a 2C848FBB 		.ascii	",\204\217\273\224<\353\243\340\233V9\341\253m\370\032"
 244      943CEBA3 
 244      E09B5639 
 244      E1AB6DF8 
 244      1A
 245 02ab C057BBE2 		.ascii	"\300W\273\342k\021\237\337\363\272\306\223vp|V\343\203"
 245      6B119FDF 
 245      F3BAC693 
 245      76707C56 
 245      E383
 246 02bd 133A3AC8 		.ascii	"\023::\310\033O\036\337\271\347\303r\325Ys\015\357\353"
 246      1B4F1EDF 
 246      B9E7C372 
 246      D559730D 
 246      EFEB
 247 02cf BCE261CD 		.ascii	"\274\342a\315N\352\211\232u\016]\274r\021\007P-WM\256"
 247      4EEA899A 
 247      750E5DBC 
 247      72110750 
 247      2D574DAE 
 248 02e3 761AC00D 		.ascii	"v\032\300\015\333\000n\302\000n\270\016\240\001\007"
 248      DB006EC2 
 248      006EB80E 
 248      A00107
 249 02f2 D091B23F 		.ascii	"\320\221\262?\206\320\307<\347\207\362\244{\036\014"
 249      86D0C73C 
 249      E787F2A4 
 249      7B1E0C
 250 0301 362457D5 		.ascii	"6$W\325\374\201\301d+\254\321\012\223\330\2433\251\011"
 250      FC81C164 
 250      2BACD10A 
 250      93D8A333 
 250      A909
 251 0313 4997DB92 		.ascii	"I\227\333\222j\275\351\014'\225\2164\326k\371\026\221"
 251      6ABDE90C 
 251      27958E34 
 251      D66BF916 
 251      91
ARM GAS  /tmp/ccXkWjlD.s 			page 19


 252 0324 0923DF7D 		.ascii	"\011#\337}v\203\360=\"k\240=\025\033=M\371{whv\356>"
 252      7683F03D 
 252      226BA03D 
 252      151B3D4D 
 252      F97B7768 
 253 033b 9FA134D5 		.ascii	"\237\2414\325lM[\323\206\275yt\0004\0376M^\360\326\356"
 253      6C4D5BD3 
 253      86BD7974 
 253      00341F36 
 253      4D5EF0D6 
 254 0350 653BEA78 		.ascii	"e;\352x\224\354\261\231\205u\300\216j\307\035\325I\264"
 254      94ECB199 
 254      8575C08E 
 254      6AC71DD5 
 254      49B4
 255 0362 F0ABF727 		.ascii	"\360\253\367'm\320\204\350\264\312\251\246E\234\305"
 255      6DD084E8 
 255      B4CAA9A6 
 255      459CC5
 256 0371 32ED7975 		.ascii	"2\355yuc\227\232F\361/\240\277!\377\014\313\263BK\330"
 256      63979A46 
 256      F12FA0BF 
 256      21FF0CCB 
 256      B3424BD8 
 257 0385 B7E5035D 		.ascii	"\267\345\003]Ec\227g\274x\027\213\270up2\307\235\036"
 257      45639767 
 257      BC78178B 
 257      B8757032 
 257      C79D1E
 258 0398 C070D560 		.ascii	"\300p\325`\317l\2377\321\256\204\324\273xj\311\226\230"
 258      CF6C9F37 
 258      D1AE84D4 
 258      BB786AC9 
 258      9698
 259 03aa 749395CC 		.ascii	"t\223\225\314\304\212B~\202\316;\320\231\313\306X\325"
 259      C48A427E 
 259      82CE3BD0 
 259      99CBC658 
 259      D5
 260 03bb DEFCA7D4 		.ascii	"\336\374\247\324IY\016 ]DK\356\332\013\267B\313\027"
 260      49590E20 
 260      5D444BEE 
 260      DA0BB742 
 260      CB17
 261 03cd 323F27F1 		.ascii	"2?'\361\244\033m\3439*\323\037\325\251\026\312qo\301"
 261      A41B6DE3 
 261      392AD31F 
 261      D5A916CA 
 261      716FC1
 262 03e0 1C73BDCB 		.ascii	"\034s\275\313\352\243\331\342\364B\216\036{\216.\242"
 262      EAA3D9E2 
 262      F4428E1E 
 262      7B8E2EA2 
 263 03f0 2499EBBF 		.ascii	"$\231\353\277\335\350\246\213\265Q1\320^\265>\242S\276"
 263      DDE8A68B 
 263      B55131D0 
 263      5EB53EA2 
ARM GAS  /tmp/ccXkWjlD.s 			page 20


 263      53BE
 264 0402 E6E696F8 		.ascii	"\346\346\226\370k\3564\222\342\364\023\236g\\\365d\025"
 264      6BEE3492 
 264      E2F4139E 
 264      675CF564 
 264      15
 265 0413 921C3E6C 		.ascii	"\222\034>l?\376a[\327t\211\262\246\355c\323\345Z\232"
 265      3FFE615B 
 265      D77489B2 
 265      A6ED63D3 
 265      E55A9A
 266 0426 86B16ECD 		.ascii	"\206\261n\31573\016x\221\345p\255\\|\222%\205\357\371"
 266      37330E78 
 266      91E570AD 
 266      5C7C9225 
 266      85EFF9
 267 0439 8FB93763 		.ascii	"\217\2717c\344\004#\313En\303\020G\311b\373\324n\341"
 267      E40423CB 
 267      456EC310 
 267      47C962FB 
 267      D46EE1
 268 044c 3002E147 		.ascii	"0\002\341G\342\361\223\271T\316Y\212\301\375\256\301"
 268      E2F193B9 
 268      54CE598A 
 268      C1FDAEC1 
 269 045c 7A16DB41 		.ascii	"z\026\333A\354\3015y\266\340\373\363\223\035\243\237"
 269      ECC13579 
 269      B6E0FBF3 
 269      931DA39F 
 270 046c DAD103F3 		.ascii	"\332\321\003\363\242q\030\274\260#G)\234x,FRj\312\256"
 270      A27118BC 
 270      B0234729 
 270      9C782C46 
 270      526ACAAE 
 271 0480 443CCE40 		.ascii	"D<\316@\360\325\301\306\367\207}\317|\214\004Ad\004"
 271      F0D5C1C6 
 271      F7877DCF 
 271      7C8C0441 
 271      6404
 272 0492 D6E91159 		.ascii	"\326\351\021YN\206A\017@\017\311r\353ay\267\273\263"
 272      4E86410F 
 272      400FC972 
 272      EB6179B7 
 272      BBB3
 273 04a4 DE83E661 		.ascii	"\336\203\346a\225T\247\273/\324j\311\342\225\363\342"
 273      9554A7BB 
 273      2FD46AC9 
 273      E295F3E2 
 274 04b4 C853A0FC 		.ascii	"\310S\240\374/\"\037d\333F6\306'\020\373\330\276\364"
 274      2F221F64 
 274      DB4636C6 
 274      2710FBD8 
 274      BEF4
 275 04c6 6CC898B2 		.ascii	"l\310\230\2625n\250@\345\227\240\344\370R\215\201\255"
 275      356EA840 
 275      E597A0E4 
 275      F8528D81 
ARM GAS  /tmp/ccXkWjlD.s 			page 21


 275      AD
 276 04d7 90A50507 		.ascii	"\220\245\005\007\375\214\370Y?\033<V\206\312\217z/V"
 276      FD8CF859 
 276      3F1B3C56 
 276      86CA8F7A 
 276      2F56
 277 04e9 46B477C1 		.ascii	"F\264w\301\021I\013M\360b\375\350\220\3161\333\330\317"
 277      11490B4D 
 277      F062FDE8 
 277      90CE31DB 
 277      D8CF
 278 04fb 653BFDB1 		.ascii	"e;\375\261\270\220|\226-w\300\2019\222\356\237$\313"
 278      B8907C96 
 278      2D77C081 
 278      3992EE9F 
 278      24CB
 279 050d 9BC938F1 		.ascii	"\233\3118\361#\315|\036\016F\326\363O8\355\236\223\317"
 279      23CD7C1E 
 279      0E46D6F3 
 279      4F38ED9E 
 279      93CF
 280 051f C0373915 		.ascii	"\30079\025\177\011\216y\2761\333\036$\325\373\000d\010"
 280      7F098E79 
 280      BE31DB1E 
 280      24D5FB00 
 280      6408
 281 0531 D6B63EC5 		.ascii	"\326\266>\305\357d\324q\276\275_(\020\3736\177\201g"
 281      EF64D471 
 281      BEBD5F28 
 281      10FB367F 
 281      8167
 282 0543 D504229E 		.ascii	"\325\004\"\236\306\3774\347C\2338\"\263k\266N\243 \306"
 282      C6FF34E7 
 282      439B3822 
 282      B36BB64E 
 282      A320C6
 283 0556 7268C272 		.ascii	"rh\302r\004\274\024\000/\0210\211\200\334\217wJ\335"
 283      04BC1400 
 283      2F113089 
 283      80DC8F77 
 283      4ADD
 284 0568 683707DC 		.ascii	"h7\007\334\213,\233\325*\200\207\271V\300+\001\360\012"
 284      8B2C9BD5 
 284      2A8087B9 
 284      56C02B01 
 284      F00A
 285 057a 01530848 		.ascii	"\001S\010H-\030O\325\322Q\016h\357\312\256\360\262\002"
 285      2D184FD5 
 285      D2510E68 
 285      EFCAAEF0 
 285      B202
 286 058c 96A6C935 		.ascii	"\226\246\3115j$\274\026\010\257\221\360\006\011\217"
 286      6A24BC16 
 286      08AF91F0 
 286      06098F
 287 059b 6A1BEE6B 		.ascii	"j\033\356k\3504'\014\016\265\024x*\204\001\2072L\013"
 287      E834270C 
ARM GAS  /tmp/ccXkWjlD.s 			page 22


 287      0EB51478 
 287      2A840187 
 287      324C0B
 288 05ae 886944BC 		.ascii	"\210iD\274E\304\256\211\344bO\032\253F\304\261\353q"
 288      45C4AE89 
 288      E4624F1A 
 288      AB46C4B1 
 288      EB71
 289 05c0 0D5428C3 		.ascii	"\015T(\303\214\000\230A\300;\004tV\225\024\270\323\024"
 289      8C009841 
 289      C03B0474 
 289      569514B8 
 289      D314
 290 05d2 0E688EBF 		.ascii	"\016h\216\277\371~\221P\206Y\0010\213\200\367\010\030"
 290      F97E9150 
 290      86590130 
 290      8B80F708 
 290      18
 291 05e3 198E2B76 		.ascii	"\031\216+v\243y\034p\2502\356\350<e\370 \020> \341#"
 291      A3791C70 
 291      A832EEE8 
 291      3C65F820 
 291      103E20E1 
 292 05f8 12FAB2F2 		.ascii	"\022\372\262\362ft\264\214\023\356\245\224e[W\342\215"
 292      6674B48C 
 292      13EEA594 
 292      655B57E2 
 292      8D
 293 0609 4319E604 		.ascii	"C\031\346\004\304\034\"d\025C$W\264\224\271\323&\216"
 293      C41C2264 
 293      15432457 
 293      B494B9D3 
 293      268E
 294 061b 983D5BAC 		.ascii	"\230=[\254\026\252\020\251r\365C\017\374\356B\377\\"
 294      16AA10A9 
 294      72F5430F 
 294      FCEE42FF 
 294      5C
 295 062c 5B56AB8A 		.ascii	"[V\253\212vs\377D\365\300#\235P\205(\001\020\205\200"
 295      7673FF44 
 295      F5C0239D 
 295      50852801 
 295      108580
 296 063f DD0868BA 		.ascii	"\335\010h\272r\250\0226\003\007\024\235\212\334\255"
 296      72A81236 
 296      0307149D 
 296      8ADCAD
 297 064e 13AB102D 		.ascii	"\023\253\020-\020\242\221\020\203\204\224\270}\237\322"
 297      10A29110 
 297      838494B8 
 297      7D9FD2
 298 065d 690EE86A 		.ascii	"i\016\350jL\236\260\026\241-\325^\204=\002a\017\022"
 298      4C9EB016 
 298      A12DD55E 
 298      843D0261 
 298      0F12
 299 066f F622E1E9 		.ascii	"\366\"\341\351\271\313%\0364v\021\"\252\023\213\333"
ARM GAS  /tmp/ccXkWjlD.s 			page 23


 299      B9CB251E 
 299      34761122 
 299      AA138BDB 
 300 067f DD842AEC 		.ascii	"\335\204*\354\023\000\373\020\020\213\200\331\0233\005"
 300      1300FB10 
 300      108B80D9 
 300      133305
 301 068e 6A9AC201 		.ascii	"j\232\302\001g\036\366\304\212\237\304~\001\260\037"
 301      671EF6C4 
 301      8A9FC47E 
 301      01B01F
 302 069d 01710848 		.ascii	"\001q\010H\3178V\251\243y\034\220}\350\3621\215X\205"
 302      CF3856A9 
 302      A3791C90 
 302      7DE8F231 
 302      8D5885
 303 06b0 7881108F 		.ascii	"x\201\020\217\204\003H8w\255\277\302\203\226qB\333\205"
 303      84034838 
 303      77ADBFC2 
 303      83967142 
 303      DB85
 304 06c2 D777AD27 		.ascii	"\327w\255'\303\210C\031\016\012\210\203\210H@D\364\333"
 304      C3884319 
 304      0E0A8883 
 304      88484044 
 304      F4DB
 305 06d4 98740D6D 		.ascii	"\230t\015m\342\210#\243\217\023\334\2052$\012\200D\004"
 305      E28823A3 
 305      8F13DC85 
 305      32240A80 
 305      4404
 306 06e6 1C42407D 		.ascii	"\034B@}r\374%O\332\315\001\005u=\277\022\252\220$\370"
 306      72FC254F 
 306      DACD0105 
 306      753DBF12 
 306      AA9024F8 
 307 06fa 93D07F18 		.ascii	"\223\320\177\030\375\247\246\022\032\325t\224\373\367"
 307      FDA7A612 
 307      1AD57494 
 307      FBF7
 308 0708 650D1713 		.ascii	"e\015\027\023\261\012G\004\302\021$\034E\302\276\352"
 308      B10A4704 
 308      C211241C 
 308      45C2BEEA 
 309 0718 DC7C2D9D 		.ascii	"\334|-\235\346\204\333\205\263i\326)|t\250B\262\200"
 309      E684DB85 
 309      B369D629 
 309      7C74A842 
 309      B280
 310 072a 4846440A 		.ascii	"HFD\012\"*N\027M\302\301\340\206\210\232\253\243\331"
 310      222A4E17 
 310      4DC2C1E0 
 310      86889AAB 
 310      A3D9
 311 073c 3E421552 		.ascii	">B\025R\005@*\002\322\020P>\336\373\326\215\246p\300"
 311      05402A02 
 311      D210503E 
ARM GAS  /tmp/ccXkWjlD.s 			page 24


 311      DEFBD68D 
 311      A670C0
 312 074f CCE478AA 		.ascii	"\314\344x\252\273P\206t\001\220\216\200\014\004\274"
 312      BB508674 
 312      01908E80 
 312      0C04BC
 313 075e 6A4E804F 		.ascii	"jN\200O\"\217\003\016^\317\235Q\211e\310\024\010\231"
 313      228F030E 
 313      5ECF9D51 
 313      8965C814 
 313      0899
 314 0770 48388684 		.ascii	"H8\206\204\312+\263\237\3222\016h\254\251\263}Sw\323"
 314      CA2BB39F 
 314      D2320E68 
 314      ACA9B37D 
 314      5377D3
 315 0783 EC55C812 		.ascii	"\354U\310\022\010YH8\216\204\204\242\023\357a/pD{ei"
 315      08594838 
 315      8E8484A2 
 315      13EF612F 
 315      70447B65 
 316 0798 2911AA70 		.ascii	")\021\252pB\000\234@\300I>\211\333\205]^\264\233\003"
 316      42009C40 
 316      C0493E89 
 316      DB855D5E 
 316      B49B03
 317 07ab AE979C7B 		.ascii	"\256\227\234{#\036\217\331\002 \033\0019\010\030*)-"
 317      231E8FD9 
 317      02201B01 
 317      3908182A 
 317      292D
 318 07bd F2A6A31C 		.ascii	"\362\246\243\0340;q(z\236*\234\022\010\247\220\220\213"
 318      303B7128 
 318      7A9E2A9C 
 318      1208A790 
 318      908B
 319 07cf 84       		.ascii	"\204"
 320 07d0 B309C3C9 		.ascii	"\263\011\303\311\356t\232\023R*\222\006\255\207\333"
 320      EE749A13 
 320      522A9206 
 320      AD87DB
 321 07df 738732E4 		.ascii	"s\2072\344\011\210<D\234FD\332\355\303\225\204\306\272"
 321      09883C44 
 321      9C4644DA 
 321      EDC39584 
 321      C6BA
 322 07f1 23E2717E 		.ascii	"#\342q~k\256\227P\206|\001\220\217\200\002\004\214\355"
 322      6BAE9750 
 322      867C0190 
 322      8F800204 
 322      8CED
 323 0803 191C80CD 		.ascii	"\031\034\200\315\300\001\365O\352k<\2042\234\021\000"
 323      C001F54F 
 323      EA6B3C84 
 323      329C1100 
 324 0813 671050C8 		.ascii	"g\020P\310\017\350W\357\242`3p@IV\342\277\305*\234\025"
 324      0FE857EF 
ARM GAS  /tmp/ccXkWjlD.s 			page 25


 324      A2603370 
 324      404956E2 
 324      BFC52A9C 
 325 0828 00671170 		.ascii	"\000g\021p\016\0019c\017o\252\034\377\003\036s\370\277"
 325      0E013963 
 325      0F6FAA1C 
 325      FF031E73 
 325      F8BF
 326 083a 4F22452A 		.ascii	"O\"E*\374\017\230\335!\270x\244\344\276\207c0\373\247"
 326      FC0F98DD 
 326      21B878A4 
 326      E4BE8763 
 326      30FBA7
 327 084d C41E7C5E 		.ascii	"\304\036|^\011>\217\301-\037\357N\271[\203\367.\364"
 327      093E8FC1 
 327      2D1FEF4E 
 327      B95B83F7 
 327      2EF4
 328 085f BF352906 		.ascii	"\2775)\006\223\247\301\020\024\026n2\004\233\203-\352"
 328      93A7C110 
 328      14166E32 
 328      049B832D 
 328      EA
 329 0870 1F4DC61F 		.ascii	"\037M\306\037\376\252\337\032\026j\322\033\203~\324"
 329      FEAADF1A 
 329      166AD21B 
 329      837ED4
 330 087f FFC514F1 		.ascii	"\377\305\024\361\203%l\233~\3637\337\352M\241\337\233"
 330      83256C9B 
 330      7EF337DF 
 330      EA4DA1DF 
 330      9B
 331 0890 B66C316D 		.ascii	"\266l1m\321\207E\350\203\302BC\303\314\372\010\2131"
 331      D18745E8 
 331      83C24243 
 331      C3CCFA08 
 331      8B31
 332 08a2 DCB27D9B 		.ascii	"\334\262}\233\376\317\177\373z\323\327;X\357\266\340"
 332      FECF7FFB 
 332      7AD3D73B 
 332      58EFB6E0 
 333 08b2 10537884 		.ascii	"\020Sx\204\376\253M\233\364A\341\226\300\325A\232\257"
 333      FEAB4D9B 
 333      F441E196 
 333      C0D5419A 
 333      AF
 334 08c3 BEF97BC0 		.ascii	"\276\371{\300\246\300@\351\353\377'U\322\031\014&cx"
 334      A6C040E9 
 334      EBFF2755 
 334      D2190C26 
 334      6378
 335 08d5 C84E1C35 		.ascii	"\310N\0345\314 \304h\3413\3606\030\266\230\376e\334"
 335      CC20C468 
 335      E133F036 
 335      18B698FE 
 335      65DC
 336 08e7 1E623198 		.ascii	"\036b1\230v\004[4f\230\232e{\270\331\327\200\257\015"
ARM GAS  /tmp/ccXkWjlD.s 			page 26


 336      76045B34 
 336      66989A65 
 336      7BB8D9D7 
 336      80AF0D
 337 08fa E1C65083 		.ascii	"\341\306P\2031\334d\214\360\260=i\203B\200\205\317Z"
 337      31DC648C 
 337      F0B03D69 
 337      83428085 
 337      CF5A
 338 090c 83617BB0 		.ascii	"\203a{\260\331\262v\215\301\262N\277=\"\\o\014\017]"
 338      D9B2768D 
 338      C1B24EBF 
 338      3D225C6F 
 338      0C0F5D
 339 091f 650E339B 		.ascii	"e\0163\233V\231\214\337\007\353\203\315A!\333\267\230"
 339      56998CDF 
 339      07EB83CD 
 339      4121DBB7 
 339      98
 340 0930 F4A1C6A0 		.ascii	"\364\241\306\240\255\301f\223\336\226\312\262s\233)"
 340      ADC16693 
 340      DE96CAB2 
 340      739B29
 341 093f 62F55649 		.ascii	"b\365VIcu\377\366g\334\021;#\364\206\010\313\026\010"
 341      6375FFF6 
 341      67DC113B 
 341      23F48608 
 341      CB1608
 342 0952 058B070E 		.ascii	"\005\213\007\016\213%\367\306'\213i\007o\352\314a\006"
 342      8B25F7C6 
 342      278B6907 
 342      6FEACC61 
 342      06
 343 0963 DB3B1F36 		.ascii	"\333;\0376Z[\313`\3613\260\231|a\260[\014^\216]\006"
 343      5A5BCB60 
 343      F133B099 
 343      7C61B05B 
 343      0C5E8E5D 
 344 0978 6FA5C5E7 		.ascii	"o\245\305\347f\360Q\232\3460\376\232\373\003E\177\240"
 344      66F0519A 
 344      E630FE9A 
 344      FB03457F 
 344      A0
 345 0989 933FD0D9 		.ascii	"\223?\320\331\037\350\342_#\372\3278\371\3278\373\327"
 345      1FE8E25F 
 345      23FAD738 
 345      F9D738FB 
 345      D7
 346 099a B8F8D78A 		.ascii	"\270\370\327\212\376\265N\376\265\316\376\265.\376u"
 346      FEB54EFE 
 346      B5CEFEB5 
 346      2EFE75
 347 09a9 A27F9D93 		.ascii	"\242\177\235\223\177\235\263\177\235\213\177\275\350"
 347      7F9DB37F 
 347      9D8B7FBD 
 347      E8
 348 09b6 5FEFE45F 		.ascii	"_\357\344_\357\354_\357\342\337 \37278\37178\3737\270"
ARM GAS  /tmp/ccXkWjlD.s 			page 27


 348      EFEC5FEF 
 348      E2DF20FA 
 348      3738F937 
 348      38FB37B8 
 349 09ca F8378AFE 		.ascii	"\3707\212\376\215N\376\215\316\376\2156\377\177\001"
 349      8D4EFE8D 
 349      CEFE8D36 
 349      FF7F01
 350 09d9 913E7474 		.ascii	"\221>tt"
 351              		.text
 352              		.section	.gnu.lto_.symtab.3952085d0fc921dc,"",%progbits
 353 0000 5F5F636F 		.ascii	"__core_init\000"
 353      72655F69 
 353      6E697400 
 354 000c 00       		.ascii	"\000"
 355 000d 01       		.ascii	"\001"
 356 000e 00       		.ascii	"\000"
 357 000f 00000000 		.ascii	"\000\000\000\000\000\000\000\000"
 357      00000000 
 358 0017 BD000000 		.ascii	"\275\000\000\000"
 359 001b 5F5F6561 		.ascii	"__early_init\000"
 359      726C795F 
 359      696E6974 
 359      00
 360 0028 00       		.ascii	"\000"
 361 0029 01       		.ascii	"\001"
 362 002a 00       		.ascii	"\000"
 363 002b 00000000 		.ascii	"\000\000\000\000\000\000\000\000"
 363      00000000 
 364 0033 C0000000 		.ascii	"\300\000\000\000"
 365 0037 5F5F6C61 		.ascii	"__late_init\000"
 365      74655F69 
 365      6E697400 
 366 0043 00       		.ascii	"\000"
 367 0044 01       		.ascii	"\001"
 368 0045 00       		.ascii	"\000"
 369 0046 00000000 		.ascii	"\000\000\000\000\000\000\000\000"
 369      00000000 
 370 004e C3000000 		.ascii	"\303\000\000\000"
 371 0052 5F5F6465 		.ascii	"__default_exit\000"
 371      6661756C 
 371      745F6578 
 371      697400
 372 0061 00       		.ascii	"\000"
 373 0062 01       		.ascii	"\001"
 374 0063 00       		.ascii	"\000"
 375 0064 00000000 		.ascii	"\000\000\000\000\000\000\000\000"
 375      00000000 
 376 006c C8000000 		.ascii	"\310\000\000\000"
 377 0070 5F5F696E 		.ascii	"__init_ram_areas\000"
 377      69745F72 
 377      616D5F61 
 377      72656173 
 377      00
 378 0081 00       		.ascii	"\000"
 379 0082 00       		.ascii	"\000"
 380 0083 00       		.ascii	"\000"
ARM GAS  /tmp/ccXkWjlD.s 			page 28


 381 0084 00000000 		.ascii	"\000\000\000\000\000\000\000\000"
 381      00000000 
 382 008c CA000000 		.ascii	"\312\000\000\000"
 383 0090 5F5F7261 		.ascii	"__ram0_init_text__\000"
 383      6D305F69 
 383      6E69745F 
 383      74657874 
 383      5F5F00
 384 00a3 00       		.ascii	"\000"
 385 00a4 02       		.ascii	"\002"
 386 00a5 00       		.ascii	"\000"
 387 00a6 00000000 		.ascii	"\000\000\000\000\000\000\000\000"
 387      00000000 
 388 00ae F0000000 		.ascii	"\360\000\000\000"
 389 00b2 5F5F7261 		.ascii	"__ram0_init__\000"
 389      6D305F69 
 389      6E69745F 
 389      5F00
 390 00c0 00       		.ascii	"\000"
 391 00c1 02       		.ascii	"\002"
 392 00c2 00       		.ascii	"\000"
 393 00c3 00000000 		.ascii	"\000\000\000\000\000\000\000\000"
 393      00000000 
 394 00cb F2000000 		.ascii	"\362\000\000\000"
 395 00cf 5F5F7261 		.ascii	"__ram0_clear__\000"
 395      6D305F63 
 395      6C656172 
 395      5F5F00
 396 00de 00       		.ascii	"\000"
 397 00df 02       		.ascii	"\002"
 398 00e0 00       		.ascii	"\000"
 399 00e1 00000000 		.ascii	"\000\000\000\000\000\000\000\000"
 399      00000000 
 400 00e9 F4000000 		.ascii	"\364\000\000\000"
 401 00ed 5F5F7261 		.ascii	"__ram0_noinit__\000"
 401      6D305F6E 
 401      6F696E69 
 401      745F5F00 
 402 00fd 00       		.ascii	"\000"
 403 00fe 02       		.ascii	"\002"
 404 00ff 00       		.ascii	"\000"
 405 0100 00000000 		.ascii	"\000\000\000\000\000\000\000\000"
 405      00000000 
 406 0108 F6000000 		.ascii	"\366\000\000\000"
 407 010c 5F5F7261 		.ascii	"__ram1_init_text__\000"
 407      6D315F69 
 407      6E69745F 
 407      74657874 
 407      5F5F00
 408 011f 00       		.ascii	"\000"
 409 0120 02       		.ascii	"\002"
 410 0121 00       		.ascii	"\000"
 411 0122 00000000 		.ascii	"\000\000\000\000\000\000\000\000"
 411      00000000 
 412 012a F8000000 		.ascii	"\370\000\000\000"
 413 012e 5F5F7261 		.ascii	"__ram1_init__\000"
 413      6D315F69 
ARM GAS  /tmp/ccXkWjlD.s 			page 29


 413      6E69745F 
 413      5F00
 414 013c 00       		.ascii	"\000"
 415 013d 02       		.ascii	"\002"
 416 013e 00       		.ascii	"\000"
 417 013f 00000000 		.ascii	"\000\000\000\000\000\000\000\000"
 417      00000000 
 418 0147 FA000000 		.ascii	"\372\000\000\000"
 419 014b 5F5F7261 		.ascii	"__ram1_clear__\000"
 419      6D315F63 
 419      6C656172 
 419      5F5F00
 420 015a 00       		.ascii	"\000"
 421 015b 02       		.ascii	"\002"
 422 015c 00       		.ascii	"\000"
 423 015d 00000000 		.ascii	"\000\000\000\000\000\000\000\000"
 423      00000000 
 424 0165 FC000000 		.ascii	"\374\000\000\000"
 425 0169 5F5F7261 		.ascii	"__ram1_noinit__\000"
 425      6D315F6E 
 425      6F696E69 
 425      745F5F00 
 426 0179 00       		.ascii	"\000"
 427 017a 02       		.ascii	"\002"
 428 017b 00       		.ascii	"\000"
 429 017c 00000000 		.ascii	"\000\000\000\000\000\000\000\000"
 429      00000000 
 430 0184 FE000000 		.ascii	"\376\000\000\000"
 431 0188 5F5F7261 		.ascii	"__ram2_init_text__\000"
 431      6D325F69 
 431      6E69745F 
 431      74657874 
 431      5F5F00
 432 019b 00       		.ascii	"\000"
 433 019c 02       		.ascii	"\002"
 434 019d 00       		.ascii	"\000"
 435 019e 00000000 		.ascii	"\000\000\000\000\000\000\000\000"
 435      00000000 
 436 01a6 00010000 		.ascii	"\000\001\000\000"
 437 01aa 5F5F7261 		.ascii	"__ram2_init__\000"
 437      6D325F69 
 437      6E69745F 
 437      5F00
 438 01b8 00       		.ascii	"\000"
 439 01b9 02       		.ascii	"\002"
 440 01ba 00       		.ascii	"\000"
 441 01bb 00000000 		.ascii	"\000\000\000\000\000\000\000\000"
 441      00000000 
 442 01c3 02010000 		.ascii	"\002\001\000\000"
 443 01c7 5F5F7261 		.ascii	"__ram2_clear__\000"
 443      6D325F63 
 443      6C656172 
 443      5F5F00
 444 01d6 00       		.ascii	"\000"
 445 01d7 02       		.ascii	"\002"
 446 01d8 00       		.ascii	"\000"
 447 01d9 00000000 		.ascii	"\000\000\000\000\000\000\000\000"
ARM GAS  /tmp/ccXkWjlD.s 			page 30


 447      00000000 
 448 01e1 04010000 		.ascii	"\004\001\000\000"
 449 01e5 5F5F7261 		.ascii	"__ram2_noinit__\000"
 449      6D325F6E 
 449      6F696E69 
 449      745F5F00 
 450 01f5 00       		.ascii	"\000"
 451 01f6 02       		.ascii	"\002"
 452 01f7 00       		.ascii	"\000"
 453 01f8 00000000 		.ascii	"\000\000\000\000\000\000\000\000"
 453      00000000 
 454 0200 06010000 		.ascii	"\006\001\000\000"
 455 0204 5F5F7261 		.ascii	"__ram3_init_text__\000"
 455      6D335F69 
 455      6E69745F 
 455      74657874 
 455      5F5F00
 456 0217 00       		.ascii	"\000"
 457 0218 02       		.ascii	"\002"
 458 0219 00       		.ascii	"\000"
 459 021a 00000000 		.ascii	"\000\000\000\000\000\000\000\000"
 459      00000000 
 460 0222 08010000 		.ascii	"\010\001\000\000"
 461 0226 5F5F7261 		.ascii	"__ram3_init__\000"
 461      6D335F69 
 461      6E69745F 
 461      5F00
 462 0234 00       		.ascii	"\000"
 463 0235 02       		.ascii	"\002"
 464 0236 00       		.ascii	"\000"
 465 0237 00000000 		.ascii	"\000\000\000\000\000\000\000\000"
 465      00000000 
 466 023f 0A010000 		.ascii	"\012\001\000\000"
 467 0243 5F5F7261 		.ascii	"__ram3_clear__\000"
 467      6D335F63 
 467      6C656172 
 467      5F5F00
 468 0252 00       		.ascii	"\000"
 469 0253 02       		.ascii	"\002"
 470 0254 00       		.ascii	"\000"
 471 0255 00000000 		.ascii	"\000\000\000\000\000\000\000\000"
 471      00000000 
 472 025d 0C010000 		.ascii	"\014\001\000\000"
 473 0261 5F5F7261 		.ascii	"__ram3_noinit__\000"
 473      6D335F6E 
 473      6F696E69 
 473      745F5F00 
 474 0271 00       		.ascii	"\000"
 475 0272 02       		.ascii	"\002"
 476 0273 00       		.ascii	"\000"
 477 0274 00000000 		.ascii	"\000\000\000\000\000\000\000\000"
 477      00000000 
 478 027c 0E010000 		.ascii	"\016\001\000\000"
 479 0280 5F5F7261 		.ascii	"__ram4_init_text__\000"
 479      6D345F69 
 479      6E69745F 
 479      74657874 
ARM GAS  /tmp/ccXkWjlD.s 			page 31


 479      5F5F00
 480 0293 00       		.ascii	"\000"
 481 0294 02       		.ascii	"\002"
 482 0295 00       		.ascii	"\000"
 483 0296 00000000 		.ascii	"\000\000\000\000\000\000\000\000"
 483      00000000 
 484 029e 10010000 		.ascii	"\020\001\000\000"
 485 02a2 5F5F7261 		.ascii	"__ram4_init__\000"
 485      6D345F69 
 485      6E69745F 
 485      5F00
 486 02b0 00       		.ascii	"\000"
 487 02b1 02       		.ascii	"\002"
 488 02b2 00       		.ascii	"\000"
 489 02b3 00000000 		.ascii	"\000\000\000\000\000\000\000\000"
 489      00000000 
 490 02bb 12010000 		.ascii	"\022\001\000\000"
 491 02bf 5F5F7261 		.ascii	"__ram4_clear__\000"
 491      6D345F63 
 491      6C656172 
 491      5F5F00
 492 02ce 00       		.ascii	"\000"
 493 02cf 02       		.ascii	"\002"
 494 02d0 00       		.ascii	"\000"
 495 02d1 00000000 		.ascii	"\000\000\000\000\000\000\000\000"
 495      00000000 
 496 02d9 14010000 		.ascii	"\024\001\000\000"
 497 02dd 5F5F7261 		.ascii	"__ram4_noinit__\000"
 497      6D345F6E 
 497      6F696E69 
 497      745F5F00 
 498 02ed 00       		.ascii	"\000"
 499 02ee 02       		.ascii	"\002"
 500 02ef 00       		.ascii	"\000"
 501 02f0 00000000 		.ascii	"\000\000\000\000\000\000\000\000"
 501      00000000 
 502 02f8 16010000 		.ascii	"\026\001\000\000"
 503 02fc 5F5F7261 		.ascii	"__ram5_init_text__\000"
 503      6D355F69 
 503      6E69745F 
 503      74657874 
 503      5F5F00
 504 030f 00       		.ascii	"\000"
 505 0310 02       		.ascii	"\002"
 506 0311 00       		.ascii	"\000"
 507 0312 00000000 		.ascii	"\000\000\000\000\000\000\000\000"
 507      00000000 
 508 031a 18010000 		.ascii	"\030\001\000\000"
 509 031e 5F5F7261 		.ascii	"__ram5_init__\000"
 509      6D355F69 
 509      6E69745F 
 509      5F00
 510 032c 00       		.ascii	"\000"
 511 032d 02       		.ascii	"\002"
 512 032e 00       		.ascii	"\000"
 513 032f 00000000 		.ascii	"\000\000\000\000\000\000\000\000"
 513      00000000 
ARM GAS  /tmp/ccXkWjlD.s 			page 32


 514 0337 1A010000 		.ascii	"\032\001\000\000"
 515 033b 5F5F7261 		.ascii	"__ram5_clear__\000"
 515      6D355F63 
 515      6C656172 
 515      5F5F00
 516 034a 00       		.ascii	"\000"
 517 034b 02       		.ascii	"\002"
 518 034c 00       		.ascii	"\000"
 519 034d 00000000 		.ascii	"\000\000\000\000\000\000\000\000"
 519      00000000 
 520 0355 1C010000 		.ascii	"\034\001\000\000"
 521 0359 5F5F7261 		.ascii	"__ram5_noinit__\000"
 521      6D355F6E 
 521      6F696E69 
 521      745F5F00 
 522 0369 00       		.ascii	"\000"
 523 036a 02       		.ascii	"\002"
 524 036b 00       		.ascii	"\000"
 525 036c 00000000 		.ascii	"\000\000\000\000\000\000\000\000"
 525      00000000 
 526 0374 1E010000 		.ascii	"\036\001\000\000"
 527 0378 5F5F7261 		.ascii	"__ram6_init_text__\000"
 527      6D365F69 
 527      6E69745F 
 527      74657874 
 527      5F5F00
 528 038b 00       		.ascii	"\000"
 529 038c 02       		.ascii	"\002"
 530 038d 00       		.ascii	"\000"
 531 038e 00000000 		.ascii	"\000\000\000\000\000\000\000\000"
 531      00000000 
 532 0396 20010000 		.ascii	" \001\000\000"
 533 039a 5F5F7261 		.ascii	"__ram6_init__\000"
 533      6D365F69 
 533      6E69745F 
 533      5F00
 534 03a8 00       		.ascii	"\000"
 535 03a9 02       		.ascii	"\002"
 536 03aa 00       		.ascii	"\000"
 537 03ab 00000000 		.ascii	"\000\000\000\000\000\000\000\000"
 537      00000000 
 538 03b3 22010000 		.ascii	"\"\001\000\000"
 539 03b7 5F5F7261 		.ascii	"__ram6_clear__\000"
 539      6D365F63 
 539      6C656172 
 539      5F5F00
 540 03c6 00       		.ascii	"\000"
 541 03c7 02       		.ascii	"\002"
 542 03c8 00       		.ascii	"\000"
 543 03c9 00000000 		.ascii	"\000\000\000\000\000\000\000\000"
 543      00000000 
 544 03d1 24010000 		.ascii	"$\001\000\000"
 545 03d5 5F5F7261 		.ascii	"__ram6_noinit__\000"
 545      6D365F6E 
 545      6F696E69 
 545      745F5F00 
 546 03e5 00       		.ascii	"\000"
ARM GAS  /tmp/ccXkWjlD.s 			page 33


 547 03e6 02       		.ascii	"\002"
 548 03e7 00       		.ascii	"\000"
 549 03e8 00000000 		.ascii	"\000\000\000\000\000\000\000\000"
 549      00000000 
 550 03f0 26010000 		.ascii	"&\001\000\000"
 551 03f4 5F5F7261 		.ascii	"__ram7_init_text__\000"
 551      6D375F69 
 551      6E69745F 
 551      74657874 
 551      5F5F00
 552 0407 00       		.ascii	"\000"
 553 0408 02       		.ascii	"\002"
 554 0409 00       		.ascii	"\000"
 555 040a 00000000 		.ascii	"\000\000\000\000\000\000\000\000"
 555      00000000 
 556 0412 28010000 		.ascii	"(\001\000\000"
 557 0416 5F5F7261 		.ascii	"__ram7_init__\000"
 557      6D375F69 
 557      6E69745F 
 557      5F00
 558 0424 00       		.ascii	"\000"
 559 0425 02       		.ascii	"\002"
 560 0426 00       		.ascii	"\000"
 561 0427 00000000 		.ascii	"\000\000\000\000\000\000\000\000"
 561      00000000 
 562 042f 2A010000 		.ascii	"*\001\000\000"
 563 0433 5F5F7261 		.ascii	"__ram7_clear__\000"
 563      6D375F63 
 563      6C656172 
 563      5F5F00
 564 0442 00       		.ascii	"\000"
 565 0443 02       		.ascii	"\002"
 566 0444 00       		.ascii	"\000"
 567 0445 00000000 		.ascii	"\000\000\000\000\000\000\000\000"
 567      00000000 
 568 044d 2C010000 		.ascii	",\001\000\000"
 569 0451 5F5F7261 		.ascii	"__ram7_noinit__\000"
 569      6D375F6E 
 569      6F696E69 
 569      745F5F00 
 570 0461 00       		.ascii	"\000"
 571 0462 02       		.ascii	"\002"
 572 0463 00       		.ascii	"\000"
 573 0464 00000000 		.ascii	"\000\000\000\000\000\000\000\000"
 573      00000000 
 574 046c 2E010000 		.ascii	".\001\000\000"
 575              		.text
 576              		.section	.gnu.lto_.opts,"",%progbits
 577 0000 272D666D 		.ascii	"'-fmath-errno' '-fsigned-zeros' '-ftrapping-math' '"
 577      6174682D 
 577      6572726E 
 577      6F272027 
 577      2D667369 
 578 0033 2D666E6F 		.ascii	"-fno-trapv' '-fno-openmp' '-fno-openacc' '-mcpu=cor"
 578      2D747261 
 578      70762720 
 578      272D666E 
ARM GAS  /tmp/ccXkWjlD.s 			page 34


 578      6F2D6F70 
 579 0066 7465782D 		.ascii	"tex-m3' '-mno-thumb-interwork' '-mthumb' '-O2' '-fo"
 579      6D332720 
 579      272D6D6E 
 579      6F2D7468 
 579      756D622D 
 580 0099 6D69742D 		.ascii	"mit-frame-pointer' '-falign-functions=16' '-ffuncti"
 580      6672616D 
 580      652D706F 
 580      696E7465 
 580      72272027 
 581 00cc 6F6E2D73 		.ascii	"on-sections' '-fdata-sections' '-fno-common' '-flto"
 581      65637469 
 581      6F6E7327 
 581      20272D66 
 581      64617461 
 582 00ff 2700     		.ascii	"'\000"
 583              		.text
 584              		.comm	__gnu_lto_v1,1,1
 585              		.comm	__gnu_lto_slim,1,1
 586              		.ident	"GCC: (GNU Tools for Arm Embedded Processors 7-2017-q4-major) 7.2.1 20170904 (release) [ARM
ARM GAS  /tmp/ccXkWjlD.s 			page 35


DEFINED SYMBOLS
                            *ABS*:0000000000000000 crt1.c
                            *COM*:0000000000000001 __gnu_lto_v1
                            *COM*:0000000000000001 __gnu_lto_slim

NO UNDEFINED SYMBOLS
