ARM GAS  /tmp/cc4DTbXH.s 			page 1


   1              		.cpu cortex-m3
   2              		.eabi_attribute 20, 1
   3              		.eabi_attribute 21, 1
   4              		.eabi_attribute 23, 3
   5              		.eabi_attribute 24, 1
   6              		.eabi_attribute 25, 1
   7              		.eabi_attribute 26, 1
   8              		.eabi_attribute 30, 2
   9              		.eabi_attribute 34, 1
  10              		.eabi_attribute 18, 4
  11              		.file	"hal.c"
  12              		.section	.gnu.lto_.profile.45dfee5ece3c03b9,"",%progbits
  13 0000 789C6363 		.ascii	"x\234cc```\001bF\006{\016\000\000\376\000S"
  13      60606001 
  13      6246067B 
  13      0E0000FE 
  13      0053
  14              		.text
  15              		.section	.gnu.lto_.icf.45dfee5ece3c03b9,"",%progbits
  16 0000 789C6363 		.ascii	"x\234cc``\340`@\000F\206\237oO,`a\000\000\020\317\003"
  16      6060E060 
  16      40004686 
  16      9F6F4F2C 
  16      60610000 
  17 0017 62       		.ascii	"b"
  18              		.text
  19              		.section	.gnu.lto_.jmpfuncs.45dfee5ece3c03b9,"",%progbits
  20 0000 789C6363 		.ascii	"x\234cc``\360f@\000F(\315\3048\205\231\261\371\327\376"
  20      6060F066 
  20      40004628 
  20      CDC43885 
  20      99B1F9D7 
  21 0015 CF7CF57F 		.ascii	"\317|\365\177\033$\34603,`\006\311nf\254g`<\300\302"
  21      1B24E630 
  21      332C6006 
  21      C96E66AC 
  21      67603CC0 
  22 002a C800C47F 		.ascii	"\310\000\304\177\376\377\377\317\317\310\004T7\255\365"
  22      FEFFFFCF 
  22      CFC80454 
  22      37ADF5
  23 0039 D079F66E 		.ascii	"\320y\366nf\240*F\006\306-\2142 \314\300\000\000\007"
  23      66A02A46 
  23      06C62D8C 
  23      3220CCC0 
  23      000007
  24 004c 811468   		.ascii	"\201\024h"
  25              		.text
  26              		.section	.gnu.lto_.inline.45dfee5ece3c03b9,"",%progbits
  27 0000 789C6363 		.ascii	"x\234cc``0f@\000F\006\006.{F\006& \223m\201<\023X\210"
  27      60603066 
  27      40004606 
  27      062E7B46 
  27      06262093 
  28 001a 0B9360E2 		.ascii	"\013\223`\342\006)\0053\031\000?\237\001\223"
  28      06290533 
  28      19003F9F 
ARM GAS  /tmp/cc4DTbXH.s 			page 2


  28      0193
  29              		.text
  30              		.section	.gnu.lto_.pureconst.45dfee5ece3c03b9,"",%progbits
  31 0000 789C6363 		.ascii	"x\234cc```\006bF\006\011\000\000}\000#"
  31      60606006 
  31      62460609 
  31      00007D00 
  31      23
  32              		.text
  33              		.section	.gnu.lto_halInit.45dfee5ece3c03b9,"",%progbits
  34 0000 789C7590 		.ascii	"x\234u\220;K\003A\020\307gn\223\313\201\317BA\211\205"
  34      3B4B0341 
  34      10C7676E 
  34      93CB81CF 
  34      42418985 
  35 0014 6D1A57FC 		.ascii	"m\032W\374\014\026ba\343'\210\311A@C\304\010\226\267"
  35      0C166261 
  35      E32788C9 
  35      414043C4 
  35      0896B7
  36 0027 F10C8968 		.ascii	"\361\014\211haa\242\305!\207\010\332I\210\257\363y\344"
  36      6161A2C5 
  36      218708DA 
  36      4988AFF3 
  36      79E4
  37 0039 0344B4B5 		.ascii	"\003D\264\265\362\201U\024\305*J\242\263\211H\212s`"
  37      F2815514 
  37      C52A4AA2 
  37      B389488A 
  37      7360
  38 004b D8D999DF 		.ascii	"\330\331\231\337\316\374wT\000(#\300\010\235Ard\200"
  38      CEFC7754 
  38      002823C0 
  38      089D4172 
  38      6480
  39 005d CA5A1920 		.ascii	"\312Z\031 \245)\2102\020\032\202\241\240\201\253l\235"
  39      A5298832 
  39      101A82A1 
  39      A081AB6C 
  39      9D
  40 006e 6129F3EC 		.ascii	"a)\363\354(\241]A\346n\274\365\213=\027-\006\220'\227"
  40      28A15D41 
  40      E66EBCF5 
  40      8B3D172D 
  40      06902797 
  41 0082 86450C01 		.ascii	"\206E\014\001a\017\205z\256C\3655\363x\200*\320\014"
  41      610F857A 
  41      AE43F535 
  41      F378802A 
  41      D00C
  42 0094 D8BFF5BB 		.ascii	"\330\277\365\273\242\376\235\021\356\3236\276\217k\000"
  42      A2FE9D11 
  42      EED336BE 
  42      8F6B00
  43 00a3 59AAD310 		.ascii	"Y\252\323\020\341\3022Sdd\272PA\323\376\0126\036Q'\307"
  43      E1C23253 
  43      6464BA50 
ARM GAS  /tmp/cc4DTbXH.s 			page 3


  43      41D3FE0A 
  43      361E5127 
  44 00b8 A9DC058C 		.ascii	"\251\334\005\214\232\320,\206yF]\360\020\015\260\210"
  44      9AD02C86 
  44      79465DF0 
  44      100DB088 
  45 00c8 AEE0925D 		.ascii	"\256\340\222]h\367\340X\236\252\200G\304Q!\237.]\007"
  45      68F7E058 
  45      9EAA8047 
  45      C451219F 
  45      2E5D07
  46 00db 5698C57C 		.ascii	"V\230\305|(\257\346\347\325G'q}\224\260\245:\312Uo^"
  46      28AFE6E7 
  46      D5472771 
  46      7D94B0A5 
  46      3ACA556F 
  47 00f0 B26D366E 		.ascii	"\262m6n\245\272-\346\307\023\372\3531\0164*\346N1\215"
  47      A5BA2DE6 
  47      C713FAEB 
  47      310E342A 
  47      E64E318D 
  48 0104 446F0A31 		.ascii	"Do\0121(;8hc\363;\247hXLm\210\275\357\362\026K\335\361"
  48      283B3868 
  48      63F33BA7 
  48      68584C6D 
  48      88BDEFF2 
  49 011c EC4FAC69 		.ascii	"\354O\254iW\377\341|\304\235\267p\265\036o\316O\334"
  49      57FFE17C 
  49      C49DB770 
  49      B51E6FCE 
  49      4FDC
  50 012e 450BE7F4 		.ascii	"E\013\347\364zs*q\227\277\334+.\332\217\271\246fiYZ"
  50      7A732A71 
  50      97BFDC2B 
  50      2EDA8FB9 
  50      A6666959 
  51 0143 21AD99F6 		.ascii	"!\255\231\3663\314c\211\270\316\303\221\005>\252'\247"
  51      33CC6389 
  51      B8CEC391 
  51      053EAA27 
  51      A7
  52 0154 E713B37C 		.ascii	"\347\023\263|lb\222\353\361)=\032\325\243<\221\344\261"
  52      6C6292EB 
  52      F1293D1A 
  52      D5A33C91 
  52      E4B1
  53 0166 F00C4FCE 		.ascii	"\360\014O\316E\3449\024\201\037\354\215\251\373"
  53      45E43914 
  53      811FEC8D 
  53      A9FB
  54              		.text
  55              		.section	.gnu.lto_.symbol_nodes.45dfee5ece3c03b9,"",%progbits
  56 0000 789C55C9 		.ascii	"x\234U\311\275\015\3020\024E\341s\355\330\254\221Q\310"
  56      BD0DC230 
  56      1445E173 
  56      EDD8AC91 
  56      51C8
ARM GAS  /tmp/cc4DTbXH.s 			page 4


  57 0012 64CF0503 		.ascii	"d\317\005\0030D&\240L\235\232\031@\312\014\341?\342"
  57      304426A0 
  57      4C9D9A19 
  57      40CA0CE1 
  57      3FE2
  58 0024 E10A1757 		.ascii	"\341\012\027W\237tn\006N>\302*\203\343\031\234\251\014"
  58      9F746E06 
  58      4E3EC22A 
  58      83E3199C 
  58      A90C
  59 0036 901EA2F7 		.ascii	"\220\036\242\367G\037\231\352\003\245\354=\274e\241"
  59      471F99EA 
  59      03A5EC3D 
  59      BC65A1
  60 0045 092F596C 		.ascii	"\011/Yl\302S\3265\341.KM\270\311\362\177\210\354\030"
  60      C253D635 
  60      E12E4B4D 
  60      B8C9F27F 
  60      88EC18
  61 0058 2F9B2299 		.ascii	"/\233\"\231\271\232X\252\035\207\353\317\310X\015\314"
  61      B99A58AA 
  61      1D87EBCF 
  61      C8580DCC 
  62 0068 2E5FAB59 		.ascii	"._\253Y.\366"
  62      2EF6
  63              		.text
  64              		.section	.gnu.lto_.refs.45dfee5ece3c03b9,"",%progbits
  65 0000 789C6363 		.ascii	"x\234cc```\003bF\006&F&\006\000\000\263\000\023"
  65      60606003 
  65      62460626 
  65      46260600 
  65      00B30013 
  66              		.text
  67              		.section	.gnu.lto_.decls.45dfee5ece3c03b9,"",%progbits
  68 0000 789C9D56 		.ascii	"x\234\235VkL\024W\024\236\263wY\330\005\304@\323\370"
  68      6B4C1457 
  68      149EB377 
  68      59D805C4 
  68      40D3F8
  69 0013 C3A6C460 		.ascii	"\303\246\304`\244IeD\233\324\037\246\215\225\372H\255"
  69      A4496544 
  69      9BD41FA6 
  69      8D95FA48 
  69      AD
  70 0024 25B1FDD3 		.ascii	"%\261\375\323?\353\302\256\262)\260\204]ZM\323v\020"
  70      3FEBC2AE 
  70      B229B084 
  70      5D5A4DD3 
  70      7610
  71 0036 54825AB4 		.ascii	"T\202Z\264\022# J\324JQ#Z@y\012hyT\245*>Z(\002\242("
  71      1223204A 
  71      D44A5123 
  71      5A40790A 
  71      687954A5 
  72 0051 2A202F59 		.ascii	"* /Y\001\013=\367\336\031f\241\340\243\023\316\3349"
  72      010B3DF7 
  72      DE1966A1 
ARM GAS  /tmp/cc4DTbXH.s 			page 5


  72      E0A313CE 
  72      DC39
  73 0063 77BEEF3B 		.ascii	"w\276\357;\347\236s\357\016:A\020\012\365\202\320\257"
  73      E79E73EF 
  73      0E3A4110 
  73      0AF582D0 
  73      AF
  74 0074 118423F8 		.ascii	"\021\204#\370<\206\027>\012\225h\200\326&\360\313\035"
  74      3C86173E 
  74      0A956880 
  74      D626F0CB 
  74      1D
  75 0085 ED21DA63 		.ascii	"\355!\332c\264.\264'h\275hO\321\2342vH\230x]\007\316"
  75      B42EB427 
  75      68BD684F 
  75      D19C3276 
  75      4898785D 
  76 009b 5B87368C 		.ascii	"[\2076\214\326\2016\"k\336A\033\230\244\355\224\365"
  76      D6813622 
  76      6BDE411B 
  76      98A4ED94 
  76      F5
  77 00ac 7A65FD2E 		.ascii	"ze\375.9\336T\332\251\004\256%\236\332O\266\023\360"
  77      39DE54DA 
  77      A904AE25 
  77      9EDA4FB6 
  77      13F0
  78 00be 358016DD 		.ascii	"5\200\026\335\336\272\364\2733\320}\303\000\376\350"
  78      DEBAF4BB 
  78      33D07DC3 
  78      00FEE8
  79 00cd 969C2DAD 		.ascii	"\226\234-\255v\343o\027\240;\322\221\332\000\334\365"
  79      76E36F17 
  79      A03BD291 
  79      DA00DCF5 
  80 00dd 42777349 		.ascii	"BwsI\303n\037\016n\025\\\310\276\234\374cJ\336i\003"
  80      C36E1F0E 
  80      6E155CC8 
  80      BE9CFC63 
  80      4ADE6903 
  81 00f1 D1007D95 		.ascii	"\321\000}\225^2pQ\026\362@\367pU\361\260'\321\263W\267"
  81      5E327051 
  81      16F240F7 
  81      7055F1B0 
  81      27D1B357 
  82 0106 6B738ED3 		.ascii	"ks\216\323\014\346\031\200\326\315\007\247r;\213\206"
  82      0CE61980 
  82      D6CD07A7 
  82      723B8B86 
  83 0116 BCF91445 		.ascii	"\274\371\024E\354-+l\362&\336\3549{\373\261\237\265"
  83      EC2D2B6C 
  83      F226DEEC 
  83      397BFBB1 
  83      9FB5
  84 0128 4127247E 		.ascii	"A'$~y|'\3009 \312b\352S\372\216\270\223\345\024\250"
  84      797C27C0 
  84      3920CA62 
ARM GAS  /tmp/cc4DTbXH.s 			page 6


  84      EA53FA8E 
  84      B893E514 
  85 013d 69691869 		.ascii	"ii\030i\232\001\206\300$I\332,e%H\372\225\002\344\303"
  85      9A0186C0 
  85      2449DA2C 
  85      652548FA 
  85      9502E4C3 
  86 0151 6CC883D9 		.ascii	"l\310\203\331\002\234\207@*^\016A\002\224\341d)N\036"
  86      029C8740 
  86      2A5E0E41 
  86      0294E164 
  86      294E1E
  87 0164 A5821557 		.ascii	"\245\202\025W\322?H\353\223$\177\250\004\003T\000a\030"
  87      D23F48EB 
  87      93247FA8 
  87      04035400 
  87      6118
  88 0176 ACDE3C03 		.ascii	"\254\336<\003\017\221sd\367!\035\331\012,FIF{\225f\272"
  88      0F917364 
  88      F7211DD9 
  88      0A2C4649 
  88      467B9566 
  89 018b 1855D3C6 		.ascii	"\030U\323\306\030\313\231S\275E\2224\360\033\306\270"
  89      18CB9953 
  89      BD459234 
  89      F01BC6B8 
  90 019b A0C6C090 		.ascii	"\240\306\300\220<H[qS\274\206\024\261 0\232\\\332CH"
  90      3C485B71 
  90      53BC8614 
  90      B120309A 
  90      5CDA4348 
  91 01af 1973DC6A 		.ascii	"\031s\334j\007\006\023\274   \300/\360\020\015Zq\245"
  91      070613BC 
  91      202020C0 
  91      2FF0100D 
  91      5A71A5
  92 01c2 3030B3BE 		.ascii	"00\263\276C\222~\362bj\325\250v\011\374\324,\304\331"
  92      43927EF2 
  92      626AD5A8 
  92      7609FCD4 
  92      2CC4D9
  93 01d5 281C8C37 		.ascii	"(\034\2147\201\343\333\336J\227*\022\011\003\227L\011"
  93      81E3DBDE 
  93      4A972A12 
  93      0903974C 
  93      09
  94 01e6 466F1CDD 		.ascii	"Fo\034\335\347\202\256\231\214.\206q\355\335t]\273\320"
  94      E782AE99 
  94      8C2E8671 
  94      EDDD745D 
  94      BBD0
  95 01f8 402BC059 		.ascii	"@+\300Y\004\234a\357(\034\327\006\227\261\024\265\020"
  95      049C61EF 
  95      281CD706 
  95      97B114B5 
  95      10
  96 0209 00BFA35D 		.ascii	"\000\277\243]\204\000\326.^\212\352L\337xdQ\244 \227"
ARM GAS  /tmp/cc4DTbXH.s 			page 7


  96      8400D62E 
  96      5E8AEA4C 
  96      DF786451 
  96      A42097
  97 021c 41EE65F9 		.ascii	"A\356e\371h\342U\035\331\311\266\217\246&\347X\035\200"
  97      68E2551D 
  97      D9C9B68F 
  97      A626E758 
  97      1D80
  98 022e 5FE09471 		.ascii	"_\340\224q\340\012\312\277<\324h\246\0167\014\374\201"
  98      E00ACABF 
  98      3CD468A6 
  98      0E370CFC 
  98      81
  99 023f C03AB5E6 		.ascii	"\300:\265\34640\213\327\235\330\336\352\311w\350,t\013"
  99      34308BD7 
  99      9DD8DEEA 
  99      C977E82C 
  99      740B
 100 0251 EA0A9BDD 		.ascii	"\352\012\233\335H\026\337\275M}\267\266y\222l\356\344"
 100      4816DFBD 
 100      4D7DB7B6 
 100      79926CEE 
 100      E4
 101 0262 3E4FCDD6 		.ascii	">O\315\326\221\223\334IIh\376\236\223\226\240\267c_"
 101      9193DC49 
 101      4968FE9E 
 101      9396A0B7 
 101      635F
 102 0274 F62E9D7C 		.ascii	"\366.\235| \010\372\311\005{\016\373\220\002\006u\337"
 102      2008FAC9 
 102      057B0EFB 
 102      90020675 
 102      DF
 103 0285 72A026D3 		.ascii	"r\240&\323\235\265. 0\340\020Ki\360\240\357\036I\252"
 103      9DB52E20 
 103      30E0104B 
 103      69F0A0EF 
 103      1E49AA
 104 0298 5DC092BA 		.ascii	"]\300\222\272\206I5\3428\276\254\253\340\332;\204\237"
 104      864935E2 
 104      38BEACAB 
 104      E0DA3B84 
 104      9F
 105 02a9 0F8C67DD 		.ascii	"\017\214g\335\240\350\242\311\350B\230\320<\2047\272"
 105      A0E8A2C9 
 105      E84298D0 
 105      3C8437BA 
 106 02b9 C06F4D86 		.ascii	"\300oM\206\027L\323\274\233\010\270\301\3365\312\025"
 106      174CD3BC 
 106      9B08B8C1 
 106      DE35CA15 
 107 02c9 6DC28AFE 		.ascii	"m\302\212\376\215\325\274\215\366'\332_h\015rey\240"
 107      8DD5BC8D 
 107      F627DA5F 
 107      680D7265 
 107      79A0
ARM GAS  /tmp/cc4DTbXH.s 			page 8


 108 02db FAB7D540 		.ascii	"\372\267\325@\327'\007R7\240\334\361\203\274\343\215"
 108      D7270752 
 108      37A0DCF1 
 108      83BCE38D 
 109 02eb 133BCE95 		.ascii	"\023;\316\225\356\273\026\244~\262T\261\313\022\261"
 109      EEBB16A4 
 109      7EB254B1 
 109      CB12B1
 110 02fa BA95439D 		.ascii	"\272\225C\235[|H)\337!\271]=?@\240\037\217\321\235\303"
 110      5B7C4829 
 110      DF21B95D 
 110      3D3F40A0 
 110      1F8FD19D 
 111 030f 5ADD8AE4 		.ascii	"Z\335\212\344f\265\325\215\254\325S\256\026Zp\221\257"
 111      66B5D58D 
 111      ACD553AE 
 111      165A7091 
 111      AF
 112 0320 B2600C7B 		.ascii	"\262`\014{c\270\377\246\217\237,\2234\255\214\360\""
 112      63B8FFA6 
 112      8F9F2C93 
 112      34AD8CF0 
 112      22
 113 0331 8D8CB4FA 		.ascii	"\215\214\264\372\016\275W\362\370\317\006\334q9X\002"
 113      0EBD57F2 
 113      F8CF06DC 
 113      71395802 
 114 0341 B4811705 		.ascii	"\264\201\027\005\322\021\301\305\225e\345\236-(\205"
 114      D211C1C5 
 114      9565E59E 
 114      2D2885
 115 0350 9F1498C9 		.ascii	"\237\024\230\311$\000\370\035Gj\314\037S.\340\3638\253"
 115      2400F81D 
 115      476ACC1F 
 115      532EE0F3 
 115      38AB
 116 0362 E1830CA5 		.ascii	"\341\203\014\245\216B\201\361\031\215\254\241Qt\331"
 116      8E4281F1 
 116      198DACA1 
 116      5174D9
 117 0371 9F2C00AE 		.ascii	"\237,\000\256\252\374=\017\247\\\374\303\302\037\\x"
 117      AAFC3D0F 
 117      A75CFCC3 
 117      C21F5C78 
 118 0381 7C4AA306 		.ascii	"|J\243\006s\241\374'Wa\374\365xR\352\"A\256\330\371"
 118      73A1FC27 
 118      5761FCF5 
 118      7852EA22 
 118      41AED8F9 
 119 0395 FAF80E43 		.ascii	"\372\370\016C+\266S\200/\005a\227G\024;~=yR\233\201"
 119      2BB65380 
 119      2F056197 
 119      47143B7E 
 119      3D79529B 
 120 03aa 54F3B358 		.ascii	"T\363\263X5\346\254\360\341\207QC?\006=\2273=\371a\234"
 120      35E6ACF0 
 120      E1875143 
ARM GAS  /tmp/cc4DTbXH.s 			page 9


 120      3F063D97 
 120      333DF961 
 121 03bf 89EE891D 		.ascii	"\211\356\211\035c\251n\263\366\262\266%H35\260\356M"
 121      63A96EB3 
 121      F6B2B625 
 121      483335B0 
 121      EE4D
 122 03d1 788015BF 		.ascii	"x\200\025\277\317*\336\001\263\360\036\255\345\301."
 122      CF2ADE01 
 122      B3F01EAD 
 122      E5C12E
 123 03e0 E59F1ED5 		.ascii	"\345\237\036\325\315\311\222\262Z\245\012g\203\377\203"
 123      CDC992B2 
 123      5AA50A67 
 123      83FF83
 124 03ef 7C49C2DF 		.ascii	"|I\302\337kIKa\320\256\356\250v\372\351\201{\270\321"
 124      6B494B61 
 124      D0AEEEA8 
 124      76FAE981 
 124      7BB8D1
 125 0402 E02EF65E 		.ascii	"\340.\366^\200\2070\007\351\333~\355nq#c<\253\035\367"
 125      80873007 
 125      E9DB7EED 
 125      6E712363 
 125      3CAB1DF7 
 126 0416 4A0A7C50 		.ascii	"J\012|P\253\025\367\245\263cq\372\251\016)\311\300\002"
 126      AB15F7A5 
 126      B36371FA 
 126      A90E29C9 
 126      C002
 127 0428 C22355E9 		.ascii	"\302#U\351\221\374\021\203\307L\341\362\375\333\337"
 127      91FC1183 
 127      C74CE1F2 
 127      FDDBDF
 128 0437 92738409 		.ascii	"\222s\204\011\034\257J\216\327\312\002\027\206\336\315"
 128      1CAF4A8E 
 128      D7CA0217 
 128      86DECD
 129 0446 CD9712DD 		.ascii	"\315\227\022\335\030\275S\245w*\364.F\337\357\314(\320"
 129      18BD53A5 
 129      772AF42E 
 129      46DFEFCC 
 129      28D0
 130 0458 9041CE3F 		.ascii	"\220A\316?\272\335\231Ad~\377\230\377\311q~\267\312"
 130      BADD9941 
 130      647EFF98 
 130      FFC9717E 
 130      B7CA
 131 046a EF56F84F 		.ascii	"\357V\370O\030?o()\003\3109-\343\2274\237}\354\256\360"
 131      183F6F28 
 131      2903C839 
 131      2DE39734 
 131      9F7DECAE 
 132 047f F791B23C 		.ascii	"\367\221\262<u\001=\252B\217\242\320\313\024\216\235"
 132      75013DAA 
 132      428FA2D0 
 132      CB148E9D 
ARM GAS  /tmp/cc4DTbXH.s 			page 10


 133 048f 486BD793 		.ascii	"Hk\327\2231\256p&\365\321\023\275V\30374-2\375W\242"
 133      31AE7026 
 133      F5D113BD 
 133      56C33734 
 133      2D32FD57 
 134 04a4 3AFDA6FB 		.ascii	":\375\246\373\264\355\030`\355\350\007\271\037}\011"
 134      B4ED1860 
 134      EDE807B9 
 134      1F7D09
 135 04b3 A9593A39 		.ascii	"\251Y:9\205K\205K:\331\022\020\003}j\002}J\002OY\002"
 135      854B854B 
 135      3AD91210 
 135      037D6A02 
 135      7D4A024F 
 136 04c9 6907524E 		.ascii	"i\007RN\021\262\323\215%\320]\336\377P)\341\365\343"
 136      11B2D38D 
 136      25D05DDE 
 136      FF5029E1 
 136      F5E3
 137 04db A4A8666B 		.ascii	"\244\250fkE(_\301\240*0\250\0108\231@\355\205\223\203"
 137      45285FC1 
 137      A02A30A8 
 137      08389940 
 137      ED859383 
 138 04ef 9EE40E17 		.ascii	"\236\344\016\027\370\247\270\256@;\367\260\324C\377"
 138      F8A7B8AE 
 138      403BF7B0 
 138      D443FF
 139 04fe 4328F4EF 		.ascii	"C(\364\357\354I\224\222|\331\241}\306\005\\~7\237\261"
 139      EC499492 
 139      7CD9A17D 
 139      C6055C7E 
 139      379FB1
 140 0511 4D310473 		.ascii	"M1\004s\221w\360\371H\332\014\327sNc\252\347|X>\347"
 140      9177F0F9 
 140      48DA0CD7 
 140      734E63AA 
 140      E77C583E 
 141 0526 C3EC9CFF 		.ascii	"\303\354\234\377\222\261\371\256\227+x`\002xD\006\323"
 141      92B1F9AE 
 141      972B7860 
 141      02784406 
 141      D3
 142 0537 51171A12 		.ascii	"Q\027\032\022br\230Hxl\244(F\330\242,\242)\374\0331"
 142      62729848 
 142      786CA428 
 142      46D8A22C 
 142      A229FC1B 
 143 054c C462FFCA 		.ascii	"\304b\377\312a\213\021W\256Y+Z\242\302,f\263\305,\332"
 143      618B1157 
 143      AE592B5A 
 143      A2C22C66 
 143      B3C52CDA 
 144 0560 EC628429 		.ascii	"\354b\204)R\264\307\206\3231(\334c\305\232/\374\227"
 144      52B4C786 
 144      D33128DC 
 144      63C59A2F 
ARM GAS  /tmp/cc4DTbXH.s 			page 11


 144      FC97
 145 0572 05070B06 		.ascii	"\005\007\013\006\2431\316\032\355X\264\320\350xO\214"
 145      A331CE1A 
 145      ED58B4D0 
 145      E8784F8C 
 146 0582 B3C78AA6 		.ascii	"\263\307\212\246\330\250\371\321\266h\313|\213)\314"
 146      D8A8F9D1 
 146      B668CB7C 
 146      8B29CC
 147 0591 2A5AA3C3 		.ascii	"*Z\243\303#\343\314\0261\312\024\036a\215\266\210F\263"
 147      23E3CC16 
 147      31CA141E 
 147      618DB688 
 147      46B3
 148 05a3 65BD292E 		.ascii	"e\275).\322atl\212\261\330\203\"\004\017\205\375\316"
 148      D261746C 
 148      8AB1D883 
 148      22040F85 
 148      FDCE
 149 05b5 0BD8F64D 		.ascii	"\013\330\366Mv\321hw\230\021\212\024b3\307b\316\021"
 149      76D16877 
 149      98118A14 
 149      6233C762 
 149      CE11
 150 05c7 9FBC5ACE 		.ascii	"\237\274Z\3161\266X\207]\\\373\371\247\213\026\212\253"
 150      31B65887 
 150      5D5CFBF9 
 150      A78B168A 
 150      AB
 151 05d8 5787882B 		.ascii	"W\207\210+BW}\366u0}e\214A\213\2144\243\246\257\335"
 151      42577DF6 
 151      75307D65 
 151      8C418B8C 
 151      34A3A6AF 
 152 05ed 1185596C 		.ascii	"\021\205Yl\210\261\332\214v\213#.\306\350\320\205.\243"
 152      88B1DA8C 
 152      768B232E 
 152      C6E8D085 
 152      2EA3
 153 05ff D5D1857E 		.ascii	"\325\321\205~\304\207\245|\370\230\016\372\320\245\253"
 153      C487A57C 
 153      F8980EFA 
 153      D0A5AB
 154 060e 97D9A2D7 		.ascii	"\227\331\242\327[7\270\243\316\252h\253c\301k\026P\320"
 154      5B37B8A3 
 154      CEAA68AB 
 154      63C16B16 
 154      50D0
 155 0620 D91D94F7 		.ascii	"\331\035\224\367\376\253\361\224J\320\254\355\264\010"
 155      FEABF194 
 155      4AD0ACED 
 155      B408
 156 062e FA309B29 		.ascii	"\3720\233)\326L\025\346\277D\201\001\371\035y\356vs"
 156      D64C15E6 
 156      BF448101 
 156      F91D79EE 
 156      7673
ARM GAS  /tmp/cc4DTbXH.s 			page 12


 157 0640 1C657DF8 		.ascii	"\034e}\370?\342Zb\2558\304\331\303\250\016\016Tg\361"
 157      3FE25A62 
 157      AD38C4D9 
 157      C3A80E0E 
 157      5467F1
 158 0653 EBEB7001 		.ascii	"\353\353p\001o\245\372F+\312xE\2708\313_\277\261\354"
 158      6FA5FA46 
 158      2BCA7845 
 158      B838CB5F 
 158      BFB1EC
 159 0666 BE3C78E3 		.ascii	"\276<x\343F1B\355)\015\240\354\267p\326\255\177\001"
 159      463142ED 
 159      290DA0EC 
 159      B770D6AD 
 159      7F01
 160 0678 B79BD73C 		.ascii	"\267\233\327<"
 161              		.text
 162              		.section	.gnu.lto_.symtab.45dfee5ece3c03b9,"",%progbits
 163 0000 68616C49 		.ascii	"halInit\000"
 163      6E697400 
 164 0008 00       		.ascii	"\000"
 165 0009 00       		.ascii	"\000"
 166 000a 00       		.ascii	"\000"
 167 000b 00000000 		.ascii	"\000\000\000\000\000\000\000\000"
 167      00000000 
 168 0013 E9000000 		.ascii	"\351\000\000\000"
 169 0017 70616C5F 		.ascii	"pal_default_config\000"
 169      64656661 
 169      756C745F 
 169      636F6E66 
 169      696700
 170 002a 00       		.ascii	"\000"
 171 002b 02       		.ascii	"\002"
 172 002c 00       		.ascii	"\000"
 173 002d 00000000 		.ascii	"\000\000\000\000\000\000\000\000"
 173      00000000 
 174 0035 F9000000 		.ascii	"\371\000\000\000"
 175 0039 7374496E 		.ascii	"stInit\000"
 175      697400
 176 0040 00       		.ascii	"\000"
 177 0041 02       		.ascii	"\002"
 178 0042 00       		.ascii	"\000"
 179 0043 00000000 		.ascii	"\000\000\000\000\000\000\000\000"
 179      00000000 
 180 004b EB000000 		.ascii	"\353\000\000\000"
 181 004f 626F6172 		.ascii	"boardInit\000"
 181      64496E69 
 181      7400
 182 0059 00       		.ascii	"\000"
 183 005a 02       		.ascii	"\002"
 184 005b 00       		.ascii	"\000"
 185 005c 00000000 		.ascii	"\000\000\000\000\000\000\000\000"
 185      00000000 
 186 0064 ED000000 		.ascii	"\355\000\000\000"
 187 0068 73647549 		.ascii	"sduInit\000"
 187      6E697400 
 188 0070 00       		.ascii	"\000"
ARM GAS  /tmp/cc4DTbXH.s 			page 13


 189 0071 02       		.ascii	"\002"
 190 0072 00       		.ascii	"\000"
 191 0073 00000000 		.ascii	"\000\000\000\000\000\000\000\000"
 191      00000000 
 192 007b EF000000 		.ascii	"\357\000\000\000"
 193 007f 75736249 		.ascii	"usbInit\000"
 193      6E697400 
 194 0087 00       		.ascii	"\000"
 195 0088 02       		.ascii	"\002"
 196 0089 00       		.ascii	"\000"
 197 008a 00000000 		.ascii	"\000\000\000\000\000\000\000\000"
 197      00000000 
 198 0092 F1000000 		.ascii	"\361\000\000\000"
 199 0096 5F70616C 		.ascii	"_pal_lld_init\000"
 199      5F6C6C64 
 199      5F696E69 
 199      7400
 200 00a4 00       		.ascii	"\000"
 201 00a5 02       		.ascii	"\002"
 202 00a6 00       		.ascii	"\000"
 203 00a7 00000000 		.ascii	"\000\000\000\000\000\000\000\000"
 203      00000000 
 204 00af F5000000 		.ascii	"\365\000\000\000"
 205 00b3 68616C5F 		.ascii	"hal_lld_init\000"
 205      6C6C645F 
 205      696E6974 
 205      00
 206 00c0 00       		.ascii	"\000"
 207 00c1 02       		.ascii	"\002"
 208 00c2 00       		.ascii	"\000"
 209 00c3 00000000 		.ascii	"\000\000\000\000\000\000\000\000"
 209      00000000 
 210 00cb F7000000 		.ascii	"\367\000\000\000"
 211              		.text
 212              		.section	.gnu.lto_.opts,"",%progbits
 213 0000 272D666D 		.ascii	"'-fmath-errno' '-fsigned-zeros' '-ftrapping-math' '"
 213      6174682D 
 213      6572726E 
 213      6F272027 
 213      2D667369 
 214 0033 2D666E6F 		.ascii	"-fno-trapv' '-fno-openmp' '-fno-openacc' '-mcpu=cor"
 214      2D747261 
 214      70762720 
 214      272D666E 
 214      6F2D6F70 
 215 0066 7465782D 		.ascii	"tex-m3' '-mno-thumb-interwork' '-mthumb' '-O2' '-fo"
 215      6D332720 
 215      272D6D6E 
 215      6F2D7468 
 215      756D622D 
 216 0099 6D69742D 		.ascii	"mit-frame-pointer' '-falign-functions=16' '-ffuncti"
 216      6672616D 
 216      652D706F 
 216      696E7465 
 216      72272027 
 217 00cc 6F6E2D73 		.ascii	"on-sections' '-fdata-sections' '-fno-common' '-flto"
 217      65637469 
ARM GAS  /tmp/cc4DTbXH.s 			page 14


 217      6F6E7327 
 217      20272D66 
 217      64617461 
 218 00ff 2700     		.ascii	"'\000"
 219              		.text
 220              		.comm	__gnu_lto_v1,1,1
 221              		.comm	__gnu_lto_slim,1,1
 222              		.ident	"GCC: (GNU Tools for Arm Embedded Processors 7-2017-q4-major) 7.2.1 20170904 (release) [ARM
ARM GAS  /tmp/cc4DTbXH.s 			page 15


DEFINED SYMBOLS
                            *ABS*:0000000000000000 hal.c
                            *COM*:0000000000000001 __gnu_lto_v1
                            *COM*:0000000000000001 __gnu_lto_slim

NO UNDEFINED SYMBOLS
