ARM GAS  /tmp/ccvjoYTF.s 			page 1


   1              		.cpu cortex-m3
   2              		.eabi_attribute 20, 1
   3              		.eabi_attribute 21, 1
   4              		.eabi_attribute 23, 3
   5              		.eabi_attribute 24, 1
   6              		.eabi_attribute 25, 1
   7              		.eabi_attribute 26, 1
   8              		.eabi_attribute 30, 2
   9              		.eabi_attribute 34, 1
  10              		.eabi_attribute 18, 4
  11              		.file	"hal_lld.c"
  12              		.section	.gnu.lto_.profile.ae9eb13e4bcf9ebb,"",%progbits
  13 0000 789C6363 		.ascii	"x\234cc```\001bF\0067k\000\001?\000\215"
  13      60606001 
  13      62460637 
  13      6B00013F 
  13      008D
  14              		.text
  15              		.section	.gnu.lto_.icf.ae9eb13e4bcf9ebb,"",%progbits
  16 0000 789C6363 		.ascii	"x\234cc``\020f@\000f\206\305\253\267\256bb\234\266\360"
  16      60601066 
  16      40006686 
  16      C5ABB7AE 
  16      62629CB6 
  17 0015 FB034EA6 		.ascii	"\373\003N\246\266\2453\213\031\000Q\244\010\035"
  17      B6A5338B 
  17      190051A4 
  17      081D
  18              		.text
  19              		.section	.gnu.lto_.jmpfuncs.ae9eb13e4bcf9ebb,"",%progbits
  20 0000 789C6363 		.ascii	"x\234cc``\340d@\000&\020\301\010\304\000\001\202\000"
  20      6060E064 
  20      40002610 
  20      C108C400 
  20      018200
  21 0013 13       		.ascii	"\023"
  22              		.text
  23              		.section	.gnu.lto_.inline.ae9eb13e4bcf9ebb,"",%progbits
  24 0000 789C6363 		.ascii	"x\234cc``0`@\000&\006\006aiF\006&\271\015\257\030\031"
  24      60603060 
  24      40002606 
  24      06616946 
  24      0626B90D 
  25 0017 D816C833 		.ascii	"\330\026\3103\201\004\031\271@\004\203\316\034F\240"
  25      810419B9 
  25      400483CE 
  25      1C46A0
  26 0026 4CD082D7 		.ascii	"L\320\202\327Bp\031\006\000\241\205\006x"
  26      42701906 
  26      00A18506 
  26      78
  27              		.text
  28              		.section	.gnu.lto_.pureconst.ae9eb13e4bcf9ebb,"",%progbits
  29 0000 789C6363 		.ascii	"x\234cc```\005b&\006)F)\000\000\374\000C"
  29      60606005 
  29      62260629 
  29      46290000 
ARM GAS  /tmp/ccvjoYTF.s 			page 2


  29      FC0043
  30              		.text
  31              		.section	.gnu.lto_hal_lld_init.ae9eb13e4bcf9ebb,"",%progbits
  32 0000 789CA554 		.ascii	"x\234\245T[k\023A\030\235\263\263\331$Ei\361I\260\017"
  32      5B6B1341 
  32      189DB3B3 
  32      D9244569 
  32      F149B00F 
  33 0014 BEF6C541 		.ascii	"\276\366\305A\005\177\201\224\"\350K}\025\251M\240`"
  33      057F8194 
  33      22E84B7D 
  33      15A94DA0 
  33      60
  34 0025 4B8A2DD8 		.ascii	"K\212-\330\267l\354\325\013(b\322bW\211(h\020[J\353"
  34      B76CECD5 
  34      0B2862D2 
  34      62578928 
  34      68105B4A 
  35 003a 25D1DA6D 		.ascii	"%\321\332m\252\265jo\326z\201\"\210\017\342\245\350"
  35      AAB56A6F 
  35      D67A8122 
  35      880FE2A5 
  35      E8
  36 004b 83E295A6 		.ascii	"\203\342\225\246\3167\023\263\325'S\007\366\333\331"
  36      CE3713B3 
  36      D5275307 
  36      F6DBD9
  37 005a 9D6FCF39 		.ascii	"\235o\3179\337\331\371\306b\214U\373\030\253\222\367"
  37      DFD9F9C6 
  37      628C55FB 
  37      18AB92F7 
  38 006a 0DF20267 		.ascii	"\015\362\002g0NL3\026\013\030\000M\354\000X\324@\024"
  38      304E4C33 
  38      160B1800 
  38      4DEC0058 
  38      D44014
  39 007d C7F8298E 		.ascii	"\307\370)\216l\347\353\264Qq\321\226\303\355\356)\351"
  39      6CE7EBB4 
  39      5171D196 
  39      C3EDEE29 
  39      E9
  40 008e B0DBD73B 		.ascii	"\260\333\327;\234\261\204\274h`\020\025L\246\275\032"
  40      9CB184BC 
  40      68601015 
  40      4CA6BD1A 
  41 009e C8C5D75A 		.ascii	"\310\305\327Z\246~\217!X\014r\322?\347s\355\334r\247"
  41      A67E8F21 
  41      580C72D2 
  41      3FE773ED 
  41      DC72A7
  42 00b1 ED4E9EC7 		.ascii	"\355N\236\307\317\035\353\300\034\016\203\002\247`R"
  42      CF1DEBC0 
  42      1C0E8302 
  42      A76052
  43 00c0 B0280429 		.ascii	"\260(\004)\224R(\243\300X\227\304\221bl\227\035\346"
  43      945228A3 
  43      C05897C4 
ARM GAS  /tmp/ccvjoYTF.s 			page 3


  43      91626C97 
  43      1DE6
  44 00d2 06CD5A5D 		.ascii	"\006\315Z]\366\016\331\314\333\343aB?\315-I\232h\317"
  44      F60ED9CC 
  44      DBE36142 
  44      3FCD2D49 
  44      9A68CF
  45 00e5 CEF88F72 		.ascii	"\316\370\217r\207\033 \015\013\375S\357\003\372\321"
  45      871B200D 
  45      0BFD53EF 
  45      03FAD1
  46 00f4 4E76D9A6 		.ascii	"Nv\331\246|u\241\177\240\027I\234\215I\371\033\035\316"
  46      7C75A17F 
  46      A017499C 
  46      8D49F91B 
  46      1DCE
  47 0106 710DE5B8 		.ascii	"q\015\345\270\212rF\371'\007\347\367\210+v\033\034n"
  47      8A7246F9 
  47      2707E7F7 
  47      882B761B 
  47      1C6E
  48 0118 E2BA4C8B 		.ascii	"\342\272L\213\253\242p\003\202\270>\007\210\251(\220"
  48      ABA27003 
  48      82B83E07 
  48      88A92890 
  49 0128 B4079281 		.ascii	"\264\007\222\201\220\253/&R\2279I\002\226\345(\305M"
  49      90AB2F26 
  49      52973949 
  49      0296E528 
  49      C54D
  50 013a F959D1D8 		.ascii	"\371Y\321\3301Z2q\313C\037V\350\205\372M0\334\326\310"
  50      315A3271 
  50      CB431F56 
  50      E885FA4D 
  50      30DCD6C8 
  51 014e 99548F4F 		.ascii	"\231T\217O;\024,J\372\210\002\247\237\006w\325\365\217"
  51      3B142C4A 
  51      FA8802A7 
  51      9F0677D5 
  51      F58F
  52 0160 7A205988 		.ascii	"z Y\210\377*v\314\203\272#\241\012\325\365\346\253C"
  52      FF2A76CC 
  52      83BA23A1 
  52      0AD5F5E6 
  52      AB43
  53 0172 51C2EE2A 		.ascii	"Q\302\356*4\203\320\306Uu\255\337:\240\201\014\2155"
  53      3483D0C6 
  53      5575ADDF 
  53      3AA0810C 
  53      8D35
  54 0184 9EF9F169 		.ascii	"\236\371\361i\215\376S\264\327\201{\232q\376\010\212"
  54      8DFE53B4 
  54      D7817B9A 
  54      71FE088A 
  55 0194 B661C263 		.ascii	"\266a\302c\273\017!)\264t'/\235\027\005\366\300\003"
  55      BB0F2129 
  55      B474272F 
ARM GAS  /tmp/ccvjoYTF.s 			page 4


  55      9D1705F6 
  55      C003
  56 01a6 7BF89774 		.ascii	"{\370\227tSc\365}\031K\371\012\322]\206\311\325K\237"
  56      5363F57D 
  56      194BF90A 
  56      D25D86C9 
  56      D54B9F
  57 01b9 F2D8A649 		.ascii	"\362\330\246I\272\251\273\356\373\266B\217\267\251\243"
  57      BAA9BBEE 
  57      FBB6428F 
  57      B7A9A3
  58 01c8 2097B254 		.ascii	" \227\262T\233'8V\266?f`a\226\272\177\226\004\226\256"
  58      9B273856 
  58      B63F6660 
  58      6196BA7F 
  58      960496AE 
  59 01dc DCA43E95 		.ascii	"\334\244>\225yn\251\255/\250\037\355\2271\325\244\227"
  59      796EA9AD 
  59      2FA81FED 
  59      9731D5A4 
  59      97
  60 01ed 46337650 		.ascii	"F3vP\252\223\002,\314Ie\217\362\312\206\273\207:Q\220"
  60      AA93022C 
  60      CC49658F 
  60      F2CA86BB 
  60      873A5190 
  61 0201 F65849E3 		.ascii	"\366XI\343\212\203a\376\267\027g>Z\232\254L\363\365"
  61      8A8361FE 
  61      B717673E 
  61      5A9AAC4C 
  61      F3F5
  62 0213 BD19714A 		.ascii	"\275\031qJ\362n\030x\342Y1\253\254\370G\262\247\177"
  62      F26E1878 
  62      E25931AB 
  62      ACF847B2 
  62      A77F
  63 0225 903D232B 		.ascii	"\220=#+\312\330\"Z\223#rS\322\361&\277H\247\027\027"
  63      CAD8225A 
  63      93237253 
  63      D2F126BF 
  63      48A71717 
  64 0239 FCD1253B 		.ascii	"\374\321%;\340p\177\202<\303sD\345\361\025`\037p(\371"
  64      E0707F82 
  64      3CC37344 
  64      E5F11560 
  64      1F7028F9 
  65 024d 35AEDC57 		.ascii	"5\256\334W\247d\227tI\236a2\245R\324E\032\302\242\246"
  65      A7649774 
  65      499E6132 
  65      A552D445 
  65      1AC2A2A6 
  66 0261 F6A0D81E 		.ascii	"\366\240\330\036n\332\337\034i\024U\273\252E\270a_8"
  66      6EDADF1C 
  66      691455BB 
  66      AA45B861 
  66      5F38
  67 0273 140A8744 		.ascii	"\024\012\207D\244I\324\325\324\213\306\310\201\346&"
ARM GAS  /tmp/ccvjoYTF.s 			page 5


  67      A449D4D5 
  67      D48BC6C8 
  67      81E626
  68 0282 51BD7BE7 		.ascii	"Q\275{\347\326-:Vnni\241\225\275\365\365\241M\265\354"
  68      D62D3A56 
  68      6E6E69A1 
  68      95BDF5F5 
  68      A14DB5EC 
  69 0296 17677FBD 		.ascii	"\027g\177\275c"
  69      63
  70              		.text
  71              		.section	.gnu.lto_stm32_clock_init.ae9eb13e4bcf9ebb,"",%progbits
  72 0000 789C9D55 		.ascii	"x\234\235U\335o\024U\024\277g\356|\356\3547\2451\206"
  72      DD6F1455 
  72      14BF67EE 
  72      7CEEEC37 
  72      A53186
  73 0013 077DE4C5 		.ascii	"\007}\344\305\211\370\027lb\010/\352\003\276\032\003"
  73      89F8176C 
  73      62082FEA 
  73      03BE1A03 
  74 0023 7413124B 		.ascii	"t\023\022KJ,\211\2741\205\266t\245\017\206PL`\2636Q"
  74      4A2C89BC 
  74      3185B674 
  74      A50F8650 
  74      4C60B336 
  75 0038 5389E286 		.ascii	"S\211\342\206P?Z,\256[\326m\201\266\200U(-~\240K\267"
  75      503F5A2C 
  75      AE5BD66D 
  75      81B68055 
  75      282D7EA0 
  76 004e 1F949735 		.ascii	"\037\224\2275XP\352\275s\356\354LV\023\235\235d\177"
  76      5850EABD 
  76      73EEEC4C 
  76      56139D9D 
  76      647F
  77 0060 7BF79EBB 		.ascii	"{\367\236\273\277\363\273\277s\356\035\225\020\262l"
  77      BFF3BBBF 
  77      73EE1D95 
  77      10B26C
  78 006f 10B2837D 		.ascii	"\020\262\203}?d\037H\022\220\336\231&\244K\227\200\342"
  78      3F641F48 
  78      1290DE99 
  78      26A44B97 
  78      80E2
  79 0081 804A89E1 		.ascii	"\200J\211\341\"!vH^0\211\035N\340|J\006\005\343\212"
  79      22217648 
  79      5E30891D 
  79      4EE07C4A 
  79      0605E38A 
  80 0095 14C7B8EA 		.ascii	"\024\307\270\352\304\3438\237RA\303\270&\3050\256;\361"
  80      C4E3389F 
  80      5241C3B8 
  80      26C530AE 
  80      3BF1
  81 00a7 18CEA774 		.ascii	"\030\316\247t00nHQ\214\207\234x\024\347S!01nJ\021\214"
  81      30306E48 
ARM GAS  /tmp/ccvjoYTF.s 			page 6


  81      518C879C 
  81      7814E753 
  81      2130316E 
  82 00be 879D7804 		.ascii	"\207\235x\004\347Sa\000\376m\353@\016I4!+qU\213\351"
  82      E7536100 
  82      FE6DEB40 
  82      0E493421 
  82      2B71558B 
  83 00d3 46346446 		.ascii	"F4dF\302pH\245D<\212;\320\334\201\341\016Lw\320OOP("
  83      C27048A5 
  83      443C8A3B 
  83      D0DC81E1 
  83      0E4C77D0 
  84 00eb 1EBD3722 		.ascii	"\036\2757\"m\035\262\331Sxw\324\354\265{\236\3122\226"
  84      6D1DB2D9 
  84      537877D4 
  84      ECB57B9E 
  84      CA3296
  85 00fe 938209CE 		.ascii	"\223\202\011\316\303V\302\226\335=\367d \242\3128\017"
  85      C356C296 
  85      DD3DF764 
  85      20A2CA38 
  85      0F
  86 010f C3A01260 		.ascii	"\303\240\022`\203\374\015\245`?\3318j\027V\337\207\261"
  86      83FC0DA5 
  86      603FD938 
  86      6A1756DF 
  86      87B1
  87 0121 579E0592 		.ascii	"W\236\005\222\245 q\240\034d\016\012\007\225\203\306"
  87      A52071A0 
  87      1C640E0A 
  87      079583C6 
  88 0131 41E76070 		.ascii	"A\347`p\010q09\2049D8D9\3048\3049$8$9l\342\320\302a"
  88      08713039 
  88      84394438 
  88      4439C438 
  88      C4392438 
  89 014c 3387560E 		.ascii	"3\207V\016\204\36415\013\246] \031*\261\301\221\002"
  89      84F43135 
  89      0BA65D20 
  89      192AB1C1 
  89      9102
  90 015e 5986E2E8 		.ascii	"Y\206\342\350\322rE\345\022OQ`\312O\366\024g\264c4K"
  90      D27245E5 
  90      124F5160 
  90      CA4FF614 
  90      67B46334 
  91 0173 25E01B99 		.ascii	"%\340\033\231\317O\255\350\370\323\036\354\263e6\365"
  91      CF4FADE8 
  91      F8D31EEC 
  91      B36536F5 
  92 0183 41FEDC69 		.ascii	"A\376\334i\030\204\\\027\363\340\231,\245\3609l\201"
  92      18845C17 
  92      F3E0992C 
  92      A5F0396C 
  92      81
  93 0194 CF600BE1 		.ascii	"\317`\013\341\353\217\237\237}\315:kwC\226\312\360\005"
ARM GAS  /tmp/ccvjoYTF.s 			page 7


  93      EB8F9F9F 
  93      7DCD3A6B 
  93      774396CA 
  93      F005
  94 01a6 5B36E038 		.ascii	"[6\3408\003_\202\305\222\035\371\243\0270\225\204\331"
  94      035F82C5 
  94      921DF9A3 
  94      17309584 
  94      D9
  95 01b7 862F957B 		.ascii	"\206/\225{\035z`\317\010\343`\202f\337v\326\004\312"
  95      1D7A60CF 
  95      08E36082 
  95      66DF76D6 
  95      04CA
  96 01c9 34EA65BA 		.ascii	"4\352e\272\000\026\243g\243\014\245\204\025\337\335"
  96      0016A367 
  96      A30CA584 
  96      15DFDD
  97 01d8 E54A45C3 		.ascii	"\345JE\303\324\364\3772w\361\220\014_y\334c\270\213"
  97      D4F4FF32 
  97      77F1900C 
  97      5F79DC63 
  97      B88B
  98 01ea 3F7B2715 		.ascii	"?{'\025\344\222\221\256\264\361\260\020\303mHp\221\321"
  98      E49291AE 
  98      B4F1B010 
  98      C36D4870 
  98      91D1
  99 01fc 54A0FBF6 		.ascii	"T\240\373\366\370U\261WnZ~ud=\202+\010|\315\023\021"
  99      F855B157 
  99      6E5A7E75 
  99      643D822B 
  99      087CCD13 
 100 0211 5E8F0461 		.ascii	"^\217\004a]\013\031*\373\312q\337-\207\022\310\202\202"
 100      5D0B192A 
 100      FBCA71DF 
 100      2D8712C8 
 100      8282
 101 0223 27F31B57 		.ascii	"'\363\033W\246\020 \270\362\223=e@\015\353\000\305\346"
 101      A61020B8 
 101      F2933D65 
 101      400DEB00 
 101      C5E6
 102 0235 DD1EF752 		.ascii	"\335\036\367R]\342n\253\234\250V]\373P\373\027\252\301"
 102      5DE26EAB 
 102      9CA8565D 
 102      FB50FB17 
 102      AAC1
 103 0247 A7FFC3DF 		.ascii	"\247\377\303\337\222\303\306\317\007|\013\226\277\005"
 103      92C3C6CF 
 103      077C0B96 
 103      BF05
 104 0255 65E655D9 		.ascii	"e\346U\331\361*C\025\177-\037\224D-\265\200\265\234"
 104      F12A4315 
 104      7F2D1F94 
 104      442DB580 
 104      B59C
ARM GAS  /tmp/ccvjoYTF.s 			page 8


 105 0267 F0724DBA 		.ascii	"\360rM\272&\315\211Z\352H\367\270zbN\270\024\206\313"
 105      26CD895A 
 105      EA48F7B8 
 105      7A624EB8 
 105      1486CB
 106 027a 58CBF97A 		.ascii	"X\313\371z-u_\361\342\242x\252\257x}\213\242xF G\257"
 106      2D755FF1 
 106      E2A278AA 
 106      AF787D8B 
 106      A2784620 
 107 0290 788E5E6D 		.ascii	"x\216^m8)!\344Z\\\373\244_CY\266-\303T\363\325\233\366"
 107      382921E4 
 107      5A5CFBA4 
 107      5F4359B6 
 107      2DC354F3 
 108 02a7 72CDF0EA 		.ascii	"r\315\360\352\205\034\1775\277\277\231E\341\257\031"
 108      851C7F35 
 108      BFBF9945 
 108      E1AF19
 109 02b6 D0DF6B1E 		.ascii	"\320\337k\036\367\365\306\263\022F\272\361\\\256[r7"
 109      F7F5C6B3 
 109      1246BAF1 
 109      5CAE5B72 
 109      37
 110 02c7 A2C38DC6 		.ascii	"\242\303\215\306\323\022\3669\034\023\016\353>\207s"
 110      D312F639 
 110      1C130EEB 
 110      3E8773
 111 02d6 43425B24 		.ascii	"CB[$\320\256\277\363*?\333\340p\024\271>>\336\263Qw"
 111      D0AEBFF3 
 111      2A3FDBE0 
 111      7014B93E 
 111      3EDEB351 
 112 02eb B846E0FB 		.ascii	"\270F\340\373\346-\376\301Kv\223[\034u\244\237yO(\217"
 112      E62DFEC1 
 112      4B76935B 
 112      1C75A49F 
 112      794F288F 
 113 02ff 0522BBE5 		.ascii	"\005\"\273\345y:\327\240<\216\\\327+\217f\014W9\363"
 113      793AD7A0 
 113      3C8E5CD7 
 113      2B8F660C 
 113      5739F3
 114 0312 F476F3CA 		.ascii	"\364v\363\312\347\275d\013\\y\334i\016\303\337\034\037"
 114      E7BD640B 
 114      5C79DC69 
 114      0EC3DF1C 
 114      1F
 115 0323 B9CD9108 		.ascii	"\271\315\221\010\330\034w<\356\037\033\233#\211tW6\372"
 115      D81C773C 
 115      EE1F1B9B 
 115      23897457 
 115      36FA
 116 0335 1F28F59D 		.ascii	"\037(\365\235\304\341\247\306\356H\372\272#*\272#T\357"
 116      C4E1A7C6 
 116      EE48FABA 
 116      232ABA23 
ARM GAS  /tmp/ccvjoYTF.s 			page 9


 116      54EF
 117 0347 8E5AF5D3 		.ascii	"\216Z\365\323\241\246\356\240\237\275\202\375\342\334"
 117      A1A6EEA0 
 117      9FBD82FD 
 117      E2DC
 118 0355 41672EAE 		.ascii	"Ag.\256\037\216\340\035dO\374N\340.ZZ\253N\224\335\004"
 118      1F8EE01D 
 118      644FFC4E 
 118      E02E5A5A 
 118      AB4E94DD 
 119 036a F56B4A71 		.ascii	"\365kJq\336\224\217*\245c:\376\264\013\370\246\\9}\366"
 119      DE948F2A 
 119      A5633AFE 
 119      B40BF8A6 
 119      5C397DF6 
 120 037e 8EE14AD8 		.ascii	"\216\341J\330\315\336\301*\374\3064\374*4\214\374U\032"
 120      CDDEC12A 
 120      FCC634FC 
 120      2A348CFC 
 120      551A
 121 0390 8BF94454 		.ascii	"\213\371DT\034\021\374\325\005\367\034\021\003Sc\267"
 121      1C11FCD5 
 121      05F71C11 
 121      035363B7 
 122 03a0 288A48C2 		.ascii	"(\212H\302\"*\030]\232r\017\300\246@\225\255z[\\jh\243"
 122      222A185D 
 122      9A720FC0 
 122      A64095AD 
 122      7A5B5C6A 
 123 03b6 16C6E5BC 		.ascii	"\026\306\345\274\266\232l\232e\217z\2057M\213\3234\246"
 123      B69A6C9A 
 123      658F7A85 
 123      374D8BD3 
 123      34A6
 124 03c8 BF69A6CB 		.ascii	"\277i\246\313B\364\346\200M\263\352q\337o\274\261[\031"
 124      42F4E680 
 124      4DB3EA71 
 124      DF6FBCB1 
 124      5B19
 125 03da DD3FAFE8 		.ascii	"\335?\257\350VFr\352B\355\262\350#\035\326\352\035\023"
 125      564672EA 
 125      42EDB2E8 
 125      231DD6EA 
 125      1D13
 126 03ec 111D13C6 		.ascii	"\021\035\023\306\216Y\203\303\203\217s\316\337\304\002"
 126      8E5983C3 
 126      838F73CE 
 126      DFC402
 127 03fb 60015680 		.ascii	"`\001V\200\355\326\336\216}ik\327\236\267\254\027\323"
 127      EDD6DE8E 
 127      7D696BD7 
 127      9EB7AC17 
 127      D3
 128 040c 9D6F1CE8 		.ascii	"\235o\034\350\330o\355xy\247\225\336\267;\335\326\226"
 128      D86FED78 
 128      79A795DE 
 128      B73BDDD6 
ARM GAS  /tmp/ccvjoYTF.s 			page 10


 128      96
 129 041d 6EB33A3A 		.ascii	"n\263::\255\275\273\332\255\375\035o\036\350\264v\276"
 129      ADBDBBDA 
 129      ADFD1D6F 
 129      1EE8B476 
 129      BE
 130 042e FAD20BDB 		.ascii	"\372\322\013\333\020\267?\177\360 \217\274\336\336\336"
 130      10B73F7F 
 130      F0208FBC 
 130      DEDEDE
 131 043d F6DC1EF2 		.ascii	"\366\334\036\3627-\310H\331"
 131      372DC848 
 131      D9
 132              		.text
 133              		.section	.gnu.lto_.symbol_nodes.ae9eb13e4bcf9ebb,"",%progbits
 134 0000 789C6363 		.ascii	"x\234cc``\360\000b\006\246\037\214\365\014\014\023\316"
 134      6060F000 
 134      6206A61F 
 134      8CF50C0C 
 134      13CE
 135 0012 313000A9 		.ascii	"10\000\251]\015\216@\221\237\214\365\214(\"\254\337"
 135      5D0D8E40 
 135      919F8CF5 
 135      8C2822AC 
 135      DF
 136 0023 18191A95 		.ascii	"\030\031\032\225\200\212\031\1771\3263\201\245\030\030"
 136      808A197F 
 136      31D63381 
 136      A51818
 137 0032 1A1A1C18 		.ascii	"\032\032\034\030\030\230\201\260\245\353\215<\003\000"
 137      189881B0 
 137      A5EB8D3C 
 137      0300
 138 0040 B0AB11CE 		.ascii	"\260\253\021\316"
 139              		.text
 140              		.section	.gnu.lto_.refs.ae9eb13e4bcf9ebb,"",%progbits
 141 0000 789C6363 		.ascii	"x\234cc```\004b\006\000\000D\000\010"
 141      60606004 
 141      62060000 
 141      440008
 142              		.text
 143              		.section	.gnu.lto_.decls.ae9eb13e4bcf9ebb,"",%progbits
 144 0000 789CAD55 		.ascii	"x\234\255UkPTG\026\276\347\3668\0143\010.\2446V\312"
 144      6B505447 
 144      16BEE7F6 
 144      380C3308 
 144      2EA43656 
 145 0015 1F969994 		.ascii	"\037\226\231\224lU\364\212\356\217\374\330\332Z\034"
 145      6C55F48A 
 145      EE8FFCD8 
 145      DA5A1C
 146 0024 31A476D7 		.ascii	"1\244v\327X\203\331\324\356\246j\302c,\247df\0143T0"
 146      5883D9D4 
 146      EEA66AC2 
 146      632CA764 
 146      660C3354 
 147 0039 F9731182 		.ascii	"\371s\021\202\212\032\0361q\2055\022\302Z\321\220H\334"
ARM GAS  /tmp/ccvjoYTF.s 			page 11


 147      8A1A1E31 
 147      71853512 
 147      C25AD190 
 147      48DC
 148 004b 1883833A 		.ascii	"\030\203\203:<D\302\252 IP^\362P\010\201\210\370\002"
 148      3C44C2AA 
 148      2049505E 
 148      F2500881 
 148      88F802
 149 005e 0113F674 		.ascii	"\001\023\366t\367\014\3672\014V*\273\267\346L\367\351"
 149      F70CF732 
 149      0C562ABB 
 149      B7E64CF7 
 149      E9
 150 006f FEFA3CBE 		.ascii	"\376\372<\276\356>\255\025\004\341\311\205\202\360\206"
 150      EE3EAD15 
 150      04E1C985 
 150      82F086
 151 007e 28083DD8 		.ascii	"(\010=\330\237\306\217`[-(\037\325=(gP\316\241\000\312"
 151      9FC68F60 
 151      5B2D281F 
 151      D53D2867 
 151      50CEA100 
 152 0093 4561F6F7 		.ascii	"Ea\366\367:\016\206b\373*\312r\224[(\303(M(c(\367Q\306"
 152      3A0E8662 
 152      FB2ACA72 
 152      945B28C3 
 152      284D2863 
 153 00ab 514EA368 		.ascii	"QN\243hP\006P\372P\256\243\334V\371\230\360\371\010"
 153      500650FA 
 153      50AEA3DC 
 153      56F998F0 
 153      F908
 154 00bd FCDE44FB 		.ascii	"\374\336D\373!\363\330\217\304\271_\001\267\321+\360"
 154      21F3D88F 
 154      C4B95F01 
 154      B7D12BF0 
 155 00cd 3CC280C7 		.ascii	"<\302\200\307y&\210\255\375\004NW\2379g\350\206.\300"
 155      792688AD 
 155      FD044E57 
 155      9F3967E8 
 155      862EC0
 156 00e0 B461111B 		.ascii	"\264a\021\033\005\340\377\330Ra\372\264\377\003>\216"
 156      05E0FFD8 
 156      5261FAB4 
 156      FF033E8E 
 157 00f0 A3226F7C 		.ascii	"\243\"o|P\252\370\227\300\314\210\350\263!\372\355\262"
 157      50AAF897 
 157      C0CC88E8 
 157      B321FAED 
 157      B2
 158 0101 9FCF00A8 		.ascii	"\237\317\000\250\255\362y\356\316\377q\206yG\265\216"
 158      ADF279EE 
 158      CEFF7186 
 158      7947B58E 
 159 0111 0F898A33 		.ascii	"\017\211\2123\325\2229\261\0123\3233A)I\202\217\204"
 159      D59239B1 
ARM GAS  /tmp/ccvjoYTF.s 			page 12


 159      0A33D333 
 159      41294982 
 159      8F84
 160 0123 9A96CC41 		.ascii	"\232\226\314A}\017\\\307\331\277\011B\276\316\016t\364"
 160      7D0F5CC7 
 160      D9BF0942 
 160      BECE0E74 
 160      F4
 161 0134 E0FB7915 		.ascii	"\340\373y\025\204\210\254_\370\365\304\007\006\022\301"
 161      8488AC5F 
 161      F8F5C407 
 161      0612C1
 162 0143 FA6D8FBE 		.ascii	"\372m\217\276\352\206\225\3452\377t\237\020\001\276"
 162      EA8695E5 
 162      32FF749F 
 162      1001BE
 163 0152 00E227F4 		.ascii	"\000\342'\364\374\364\2707b\017\201H=\210\250\266\214"
 163      FCF4B837 
 163      620F8148 
 163      3D88A8B6 
 163      8C
 164 0163 5E3C6440 		.ascii	"^<d@\365\011=,B\265|\357\364\376\005\213\337\243\013"
 164      F5093D2C 
 164      42B57CEF 
 164      F4FE058B 
 164      DFA30B
 165 0176 F3B3E445 		.ascii	"\363\263\344E\"\274\372k\250\204%\360%,\301pN\303b\374"
 165      22BCFA6B 
 165      A88425F0 
 165      252CC170 
 165      4EC362FC 
 166 018a 7768B8A5 		.ascii	"wh\270\245\352\372\003\337j\227\225\310%=\262w\274x"
 166      EAFA03DF 
 166      6A9795C8 
 166      253DB277 
 166      BC78
 167 019c D5471773 		.ascii	"\325G\027s\344f\\\367\007\206\203\223@\340\024\254\244"
 167      E4665CF7 
 167      07868393 
 167      40E014AC 
 167      A4
 168 01ad 599CA4DE 		.ascii	"Y\234\244\336\341s\350\001\3707tc\022\036X\206\353\345"
 168      E173E801 
 168      F8377463 
 168      121E5886 
 168      EBE5
 169 01bf 414F6704 		.ascii	"AOg\004\371\027\260\240\233<{s\"|\306\206V\024\311\336"
 169      F917B0A0 
 169      9B3C7B73 
 169      227CC686 
 169      5614C9DE 
 170 01d3 1D684A64 		.ascii	"\035hJd\226\252\024KU\201\226\3160K{\206'\363\200|\301"
 170      96AA144B 
 170      558196CE 
 170      304B7B86 
 170      27F3807C 
 171 01e8 2D655679 		.ascii	"-eVy\352hX=2\206u<\272\241bP\336\245\3471\235U,\235"
ARM GAS  /tmp/ccvjoYTF.s 			page 13


 171      EA68583D 
 171      3286753C 
 171      BAA16250 
 171      DEA5E731 
 172 0200 F53102E7 		.ascii	"\3651\002\347\230\205\256\206\243\037\023\244a\271\036"
 172      9885AE86 
 172      A31F13A4 
 172      61B91E
 173 020f E8CE44E0 		.ascii	"\350\316D\340\320\361\037*'\026\362!j\266%\357nY\010"
 173      D0F11F2A 
 173      2716F221 
 173      6AB625EF 
 173      6E5908
 174 0222 D9C9E9BE 		.ascii	"\331\311\351\276\222]\361O\302I\324\240z\347R\321\215"
 174      925DF14F 
 174      C249D4A0 
 174      7AE752D1 
 174      8D
 175 0233 704EE2D2 		.ascii	"pN\342\322\375D\354n\233\352\014\007}\364.Y\336!\227"
 175      FD44EC6E 
 175      9BEA0C07 
 175      7DF42E59 
 175      DE2197
 176 0246 64C9A1F1 		.ascii	"d\311\241\361\002\324!\211\265H\"\324C45I\303\200j\034"
 176      02D42189 
 176      B54822D4 
 176      43343549 
 176      C3806A1C 
 177 025a F4E2E011 		.ascii	"\364\342\340\021\312\267\367j\343\357\017\336\225\345"
 177      CAB7F76A 
 177      E3EF0FDE 
 177      95E5
 178 0268 A5701EF4 		.ascii	"\245p\036\364P\243\204\272\\\317\371>ZVP\252%\027X\004"
 178      50A384BA 
 178      5CCFF93E 
 178      5A5650AA 
 178      25175804 
 179 027c A2A7B8FF 		.ascii	"\242\247\270\377\2748\237\217\257\346\365q\241}Y\375"
 179      BC389F8F 
 179      AFE6F571 
 179      A17D59FD 
 180 028c 5B94D806 		.ascii	"[\224\330\006\364qA\361\201.\271\223\367\246\033>\241"
 180      F47141F1 
 180      812EB993 
 180      F7A61B3E 
 180      A1
 181 029d 99D179B9 		.ascii	"\231\321y\271\356\030\345\246\242\254\377i2\311\023"
 181      EE18E5A6 
 181      A2ACFF69 
 181      32C913
 182 02ac 7FFBA3A6 		.ascii	"\177\373\243\246N\3553\037\312%5t\317\177WV\233#\347"
 182      4EED331F 
 182      CA253574 
 182      CF7F5756 
 182      9B23E7
 183 02bf 0303FF87 		.ascii	"\003\003\377\207\033\233\011B`#\2154\234\213\360\214"
 183      1B9B0942 
ARM GAS  /tmp/ccvjoYTF.s 			page 14


 183      60238D34 
 183      9C8BF08C 
 184 02cf 8AA44846 		.ascii	"\212\244HF\022\024\324>\270g \271\204\231\375G\313g"
 184      1214D43E 
 184      B86720B9 
 184      8499FD47 
 184      CB67
 185 02e1 717A4C25 		.ascii	"qzL%\353g\245\202\013F\262\373{\014\334\330bT/\355."
 185      EB67A582 
 185      0B46B2FB 
 185      7B0CDCD8 
 185      62542FED 
 186 02f6 7C572479 		.ascii	"|W$y\334\330\235\346\332\334Pr\200+\376\363\035\311"
 186      DCD89DE6 
 186      DADC5072 
 186      802BFEF3 
 186      1DC9
 187 0308 CF776E75 		.ascii	"\317wnu[N(9\314\347>\030\254|'\202\034\341J\221\347"
 187      5B4E2839 
 187      CCE73E18 
 187      AC7C2782 
 187      1CE14A91 
 188 031d 7EE3020E 		.ascii	"~\343\002\016\324\241Z\325qR\"\307\371\324\321\312}"
 188      D4A15AD5 
 188      715222C7 
 188      F9D4D1CA 
 188      7D
 189 032e BD0BC897 		.ascii	"\275\013\310\227\\\271q*{LC\252\270\322|\272\247?\234"
 189      5CB9712A 
 189      7B4C43AA 
 189      B8D27CBA 
 189      A73F9C
 190 0341 5473A5F8 		.ascii	"Ts\245\370^\327\367\241\334B4\252y\315\207;t\374Px\351"
 190      5ED7F7A1 
 190      DC4234AA 
 190      79CD873B 
 190      74FC5078 
 191 0356 4D3B50D9 		.ascii	"M;P\3317\032N\352\0306\354\304\356\251$0\362/\312h\214"
 191      371A4EEA 
 191      1836ECC4 
 191      EEA92430 
 191      F22FCA68 
 192 036b 3696CAD9 		.ascii	"6\226\312\331Y\270=\023\317>l\031\224\345\3020hBN\257"
 192      59B83D13 
 192      CF3E6C19 
 192      94E5C230 
 192      68424EAF 
 193 037f 2083FD10 		.ascii	" \203\375\020\245\260\321\314\210\255\243\377\002_\321"
 193      A5B0D1CC 
 193      88ADA3FF 
 193      025FD1
 194 038e 98817725 		.ascii	"\230\201w%\2330\3707\201\360\257\347\300\207\234\012"
 194      9B30F837 
 194      81F0AFE7 
 194      C0879C0A 
 195 039e BC2D102E 		.ascii	"\274-\020.\005\242\373T\350\366\240\350\030\005<\251"
 195      05A2FB54 
ARM GAS  /tmp/ccvjoYTF.s 			page 15


 195      E8F6A0E8 
 195      18053CA9 
 196 03ae 025F0D04 		.ascii	"\002_\015\004\267\316\211\244E\025xK\360<U\306\373T"
 196      B7CE89A4 
 196      4515784B 
 196      F03C55C6 
 196      FB54
 197 03c0 E8CB81E8 		.ascii	"\350\313\201\350K\012\272\200U.\024\320\010\320\211"
 197      4B0ABA80 
 197      552E14D0 
 197      08D089
 198 03cf 800E3647 		.ascii	"\200\0166G\341\364p\016\342i\352\005#\326\017#|\217"
 198      E1F4700E 
 198      E269EA05 
 198      23D60F23 
 198      7C8F
 199 03e1 D2873280 		.ascii	"\322\2072\200\322\215r\003\345:\312M\224\357\300\310"
 199      D28D7203 
 199      E53ACA4D 
 199      94EFC0C8 
 200 03f1 AA03775E 		.ascii	"\252\003w^\243r\376mp\216U\241\016\251\320]\301C\345"
 200      A372FE6D 
 200      708E55A1 
 200      0EA9D05D 
 200      C143E5
 201 0404 3CF01BD9 		.ascii	"<\360\033\331z;2\023\303\2450\301w\033\025\317c\267"
 201      7A3B3213 
 201      C3A530C1 
 201      771B15CF 
 201      63B7
 202 0416 234BB3E4 		.ascii	"#K\263\344\206U\314\330\265\340\2442\327x\276\036\224"
 202      8655CCD8 
 202      B5E0A432 
 202      D778BE1E 
 202      94
 203 0427 97771948 		.ascii	"\227w\031H\201\206\225\207}\223\357\014D@TtP>\340\007"
 203      81869587 
 203      7D93EF0C 
 203      44405474 
 203      503EE007 
 204 043b A4E19752 		.ascii	"\244\341\227R\302\243\256\237\320\342\323\002\303hd"
 204      C2A3AE9F 
 204      D0E2D302 
 204      C36864
 205 044a 48A92234 		.ascii	"H\251\"4\007\026\313\361\363\371\307ta\2713\265\211"
 205      0716CBF1 
 205      F3F9C774 
 205      61B933B5 
 205      89
 206 045b 0195CA70 		.ascii	"\001\225\312p\013\302X\355\305\026\301\247F>>\265\320"
 206      0BC258ED 
 206      C516C1A7 
 206      463E3EB5 
 206      D0
 207 046c 775170B1 		.ascii	"wQp\261\246\263|\347\260\026\214Q\376K\321:\242\"\201"
 207      A6B37CE7 
 207      B0168C51 
ARM GAS  /tmp/ccvjoYTF.s 			page 16


 207      FE4BD13A 
 207      A22281
 208 047f 1EC3D1E0 		.ascii	"\036\303\321\340\307pV\256#8\317\371\031\365%z\007\023"
 208      C77056AE 
 208      2338CFF9 
 208      19F5257A 
 208      0713
 209 0491 BD8D89DC 		.ascii	"\275\215\211\334\235\235\310\010\247\1774\030\375\327"
 209      9D9DC808 
 209      A77F3418 
 209      FDD7
 210 049f D59EBB82 		.ascii	"\325\236\273\202z\346[I\353\307\211\272s!\344\220\217"
 210      7AE65B49 
 210      EBC789BA 
 210      7321E490 
 210      8F
 211 04b0 7ECF5405 		.ascii	"~\317T\005\004\322\357\017\011\036`$\217\217j`\204\321"
 211      04D2EF0F 
 211      091E6024 
 211      8F8F6A60 
 211      84D1
 212 04c2 7B1F41F7 		.ascii	"{\037A\367\024zG\375\364v^ki$jz\357\317\242w\314G\357"
 212      147A47FD 
 212      F4765E6B 
 212      69246A7A 
 212      EFCFA277 
 213 04d9 18A3F7F0 		.ascii	"\030\243\367\360\243\251\203\341j0}\011\025\360\270"
 213      A3A983E1 
 213      6A307D09 
 213      15F0B8
 214 04e8 0F3CCEC0 		.ascii	"\017<\316\300\207\256\225\236\025\311Q\226\005\344L"
 214      87AE959E 
 214      15C95196 
 214      05E44C
 215 04f7 D414137C 		.ascii	"\324\024\023|I\275\354\201\177\256\265\226=\360%\276"
 215      49BDEC81 
 215      7FAEB596 
 215      3DF025BE 
 216 0507 07FEA112 		.ascii	"\007\376\241\022\330\303\300gy\202=\252\003e\225\227"
 216      D8C3C067 
 216      79823DAA 
 216      03659597 
 217 0517 4552C78D 		.ascii	"ER\307\215\215\324\024\332H\003\357\267\237\350\355"
 217      8DD414DA 
 217      4803EFB7 
 217      9FE8ED
 218 0526 D5922B5C 		.ascii	"\325\222+\\\271[T?\254'\337p\245\370\323c\331\204\\"
 218      B95B543F 
 218      AC27DF70 
 218      A5F8D363 
 218      D9845C
 219 0539 E54A6755 		.ascii	"\345JgUf]8\351\346J\357\341\0357\027\220\233\\yXu\245"
 219      665D38E9 
 219      E64AEFE1 
 219      1D371790 
 219      9B5C7958 
 220 054f 54E4A5D6 		.ascii	"T\344\245\326\210\3521\357\236\006\302OP\011-\265G\232"
ARM GAS  /tmp/ccvjoYTF.s 			page 17


 220      88EA31EF 
 220      9E06C24F 
 220      50092DB5 
 220      479A
 221 0561 26F60319 		.ascii	"&\366\003\031dX\303\207\275\336*\021X\231\245\205\326"
 221      6458C387 
 221      BDDE2A11 
 221      5899A585 
 221      D6
 222 0572 38536A9F 		.ascii	"8Sj\237\353P\225\332G\230M\216\370\330\332\331\370\212"
 222      EB5095DA 
 222      47984D8E 
 222      F8D8DAD9 
 222      F88A
 223 0584 72B1B3C4 		.ascii	"r\261\263\304\000\370|5h\207\270\0042E:G\341t\307\367"
 223      00F87C35 
 223      6887B804 
 223      32453A47 
 223      E174C7F7 
 224 0598 88D1B057 		.ascii	"\210\321\260W4B.\312.\224\335(;Q\262Q\366\241\274\215"
 224      34422ECA 
 224      2E94DD28 
 224      3B51B251 
 224      F6A1BC8D 
 225 05ac F296A8AE 		.ascii	"\362\226\250\256?C\177\237]\206\203\304\251\252?\355"
 225      3F437F9F 
 225      5D8683C4 
 225      A9AA3FED 
 226 05bc 2AF44F81 		.ascii	"*\364O\201\350\3269\205U\205\37618zV\325V\301\247\003"
 226      E8D63985 
 226      5585FE31 
 226      387A56D5 
 226      56C1A703 
 227 05d0 E152606D 		.ascii	"\341R`m\373\251\235_.D\315\275\\\227;T\227K\016\344"
 227      FBA99D5F 
 227      2E44CDBD 
 227      5C973B54 
 227      974B0EE4 
 228 05e4 73CEEBA2 		.ascii	"s\316\353\242r<\025\350x\316sQ\243\332\252\311\340\350"
 228      723C15E8 
 228      78CE7351 
 228      A3DAAAC9 
 228      E0E8
 229 05f6 998B9BD3 		.ascii	"\231\213\233\323&_3\220[\374\342\216\335\031l\324Bt"
 229      265F3390 
 229      5BFCE28E 
 229      DD196CD4 
 229      4274
 230 0608 94AF3677 		.ascii	"\224\2576w\262kX\200\253\363\304\231\323N\263\231g\227"
 230      B26B5880 
 230      ABF3C499 
 230      D34EB399 
 230      6797
 231 061a 211F37F7 		.ascii	"!\0377\367\227l4\306\341)\352\371<T}O\013D\365\245."
 231      976C34C6 
 231      E129EAF9 
 231      3C547D4F 
ARM GAS  /tmp/ccvjoYTF.s 			page 18


 231      0B44F5A5 
 232 062f 14F93DA5 		.ascii	"\024\371=\245m\330\226\304TKjj\212\305\346\260\271\343"
 232      6DD896C4 
 232      544B6A6A 
 232      8AC5E6B0 
 232      B9E3
 233 0641 A42D4EBB 		.ascii	"\244-N\273UJL~]Zgumu;\267I\361\033\022$\253=\311\232"
 233      554A4C7E 
 233      5D5A6775 
 233      6D753BB7 
 233      49F11B12 
 234 065a 92624D91 		.ascii	"\222bM\221\234.\011\341\3226g\232\333%%l\372\363\232"
 234      9C2E09E1 
 234      D236679A 
 234      DB25256C 
 234      FAF39A
 235 066d D5FC7F7D 		.ascii	"\325\374\177}LF\206\3443\2642Y\367\374\206\227\226\232"
 235      4C4686E4 
 235      33B43259 
 235      F7FC8697 
 235      969A
 236 067f 626284F5 		.ascii	"bb\204\365\377\027s\302\"\227\333\276f\265%9\325\231"
 236      FF1773C2 
 236      2297DBBE 
 236      66B52539 
 236      D599
 237 0691 BC958519 		.ascii	"\274\225\205\031bK{\355\005l\343\377\027\373\334\250"
 237      624B7BED 
 237      056CE3FF 
 237      17FBDCA8 
 238 06a1 CD95B672 		.ascii	"\315\225\266r\213\240\267X\322m\0167\352\356\337J\351"
 238      8BA0B758 
 238      D26D0E37 
 238      EAEEDF4A 
 238      E9
 239 06b2 AE342931 		.ascii	"\2564)1\315\276\302\341tXWX\023\223l\222\315\221\234"
 239      CDBEC2E1 
 239      74585758 
 239      13936C92 
 239      CD919C
 240 06c5 9A9E6295 		.ascii	"\232\236b\225\354\211\311[l\016\253dI\261nNLOu[\334"
 240      EC89C95B 
 240      6C0EAB64 
 240      49B16E4E 
 240      4C4F755B 
 241 06da DBB7595D 		.ascii	"\333\267Y]\270^\347_\375\233\307\254vmwI\026\227;\005"
 241      B85EE75F 
 241      FD9BC7AC 
 241      766D7749 
 241      16973B05 
 242 06ee A1B82422 		.ascii	"\241\270$\"a\273\313m\265\233\234iV\023ML\263v\235\311"
 242      61BBCB6D 
 242      B59B9C69 
 242      56134D4C 
 242      B3769DC9 
 243 0702 1C12BB71 		.ascii	"\034\022\273qmL\334\006\326\256\306V\033\033\277\026"
 243      6D4CDC06 
ARM GAS  /tmp/ccvjoYTF.s 			page 19


 243      D6AEC656 
 243      1B1BBF16 
 244 0712 1B1D1D36 		.ascii	"\033\035\0356'lb\235\325\264CL/\2305\246\365\317\233"
 244      276C629D 
 244      D5B4434C 
 244      2F9835A6 
 244      F5CF9B
 245 0725 4513F613 		.ascii	"E\023\366\023\314?\203\211d\247\335\356tH\326\0147\222"
 245      CC3F8389 
 245      64A7DDEE 
 245      7448D60C 
 245      3792
 246 0737 10C8C3E6 		.ascii	"\020\310\303\346\230Uk2\2220,\203\331d\262l\302\264"
 246      98556B32 
 246      92302C83 
 246      D964B26C 
 246      C2B4
 247 0749 D659371B 		.ascii	"\326Y7\0336\276l\366\367\237\362\037\223\244\304\344"
 247      36BE6CF6 
 247      F79FF21F 
 247      93A4C4E4 
 248 0759 ADE9DB2C 		.ascii	"\255\351\333,)N{\242\315\301v\203\274\270\326\2543\307"
 248      294E7BA2 
 248      CDC17683 
 248      BCB8D6AC 
 248      33C7
 249 076b 25C499FF 		.ascii	"%\304\231\377\022\267N\2145\213\011\346\220\0277n\372"
 249      12B74E8C 
 249      358B09E6 
 249      9017376E 
 249      FA
 250 077c 63DC5FCD 		.ascii	"c\334_\315\032\372GbMf\315\313\346\215\346\205\353\377"
 250      1AFA4762 
 250      4D66CDCB 
 250      E68DE685 
 250      EBFF
 251 078e 149B10EF 		.ascii	"\024\233\020\357\267\370_\200\210\214\212"
 251      B7F85F80 
 251      888C8A
 252              		.text
 253              		.section	.gnu.lto_.symtab.ae9eb13e4bcf9ebb,"",%progbits
 254 0000 68616C5F 		.ascii	"hal_lld_init\000"
 254      6C6C645F 
 254      696E6974 
 254      00
 255 000d 00       		.ascii	"\000"
 256 000e 00       		.ascii	"\000"
 257 000f 00       		.ascii	"\000"
 258 0010 00000000 		.ascii	"\000\000\000\000\000\000\000\000"
 258      00000000 
 259 0018 BB000000 		.ascii	"\273\000\000\000"
 260 001c 73746D33 		.ascii	"stm32_clock_init\000"
 260      325F636C 
 260      6F636B5F 
 260      696E6974 
 260      00
 261 002d 00       		.ascii	"\000"
ARM GAS  /tmp/ccvjoYTF.s 			page 20


 262 002e 00       		.ascii	"\000"
 263 002f 00       		.ascii	"\000"
 264 0030 00000000 		.ascii	"\000\000\000\000\000\000\000\000"
 264      00000000 
 265 0038 BD000000 		.ascii	"\275\000\000\000"
 266 003c 53797374 		.ascii	"SystemCoreClock\000"
 266      656D436F 
 266      7265436C 
 266      6F636B00 
 267 004c 00       		.ascii	"\000"
 268 004d 00       		.ascii	"\000"
 269 004e 00       		.ascii	"\000"
 270 004f 00000000 		.ascii	"\000\000\000\000\000\000\000\000"
 270      00000000 
 271 0057 CC000000 		.ascii	"\314\000\000\000"
 272 005b 69727149 		.ascii	"irqInit\000"
 272      6E697400 
 273 0063 00       		.ascii	"\000"
 274 0064 02       		.ascii	"\002"
 275 0065 00       		.ascii	"\000"
 276 0066 00000000 		.ascii	"\000\000\000\000\000\000\000\000"
 276      00000000 
 277 006e BF000000 		.ascii	"\277\000\000\000"
 278              		.text
 279              		.section	.gnu.lto_.opts,"",%progbits
 280 0000 272D666D 		.ascii	"'-fmath-errno' '-fsigned-zeros' '-ftrapping-math' '"
 280      6174682D 
 280      6572726E 
 280      6F272027 
 280      2D667369 
 281 0033 2D666E6F 		.ascii	"-fno-trapv' '-fno-openmp' '-fno-openacc' '-mcpu=cor"
 281      2D747261 
 281      70762720 
 281      272D666E 
 281      6F2D6F70 
 282 0066 7465782D 		.ascii	"tex-m3' '-mno-thumb-interwork' '-mthumb' '-O2' '-fo"
 282      6D332720 
 282      272D6D6E 
 282      6F2D7468 
 282      756D622D 
 283 0099 6D69742D 		.ascii	"mit-frame-pointer' '-falign-functions=16' '-ffuncti"
 283      6672616D 
 283      652D706F 
 283      696E7465 
 283      72272027 
 284 00cc 6F6E2D73 		.ascii	"on-sections' '-fdata-sections' '-fno-common' '-flto"
 284      65637469 
 284      6F6E7327 
 284      20272D66 
 284      64617461 
 285 00ff 2700     		.ascii	"'\000"
 286              		.text
 287              		.comm	__gnu_lto_v1,1,1
 288              		.comm	__gnu_lto_slim,1,1
 289              		.ident	"GCC: (GNU Tools for Arm Embedded Processors 7-2017-q4-major) 7.2.1 20170904 (release) [ARM
ARM GAS  /tmp/ccvjoYTF.s 			page 21


DEFINED SYMBOLS
                            *ABS*:0000000000000000 hal_lld.c
                            *COM*:0000000000000001 __gnu_lto_v1
                            *COM*:0000000000000001 __gnu_lto_slim

NO UNDEFINED SYMBOLS
