ARM GAS  /tmp/cc4lNXQH.s 			page 1


   1              		.cpu cortex-m3
   2              		.eabi_attribute 20, 1
   3              		.eabi_attribute 21, 1
   4              		.eabi_attribute 23, 3
   5              		.eabi_attribute 24, 1
   6              		.eabi_attribute 25, 1
   7              		.eabi_attribute 26, 1
   8              		.eabi_attribute 30, 2
   9              		.eabi_attribute 34, 1
  10              		.eabi_attribute 18, 4
  11              		.file	"hal_st.c"
  12              		.section	.gnu.lto_.profile.f474cb8b4f490adf,"",%progbits
  13 0000 789C6363 		.ascii	"x\234cc```\001bF\006)\036\000\000\270\0002"
  13      60606001 
  13      62460629 
  13      1E0000B8 
  13      0032
  14              		.text
  15              		.section	.gnu.lto_.icf.f474cb8b4f490adf,"",%progbits
  16 0000 789C6363 		.ascii	"x\234cc``P`@\000V\206\306\031\023623\036=x\1771\037"
  16      60605060 
  16      40005686 
  16      C6191336 
  16      32331E3D 
  17 0018 D3DA2D07 		.ascii	"\323\332-\007\377\2600/\\\375\341\030\023K\367\342#"
  17      FFB0302F 
  17      5CFDE118 
  17      134BF7E2 
  17      23
  18 0029 EBD91900 		.ascii	"\353\331\031\000\356\202\016w"
  18      EE820E77 
  19              		.text
  20              		.section	.gnu.lto_.jmpfuncs.f474cb8b4f490adf,"",%progbits
  21 0000 789C6363 		.ascii	"x\234cc``\220a@\000V\020\301\010\004\365s\230\031\230"
  21      60609061 
  21      40005610 
  21      C10804F5 
  21      73981998 
  22 0014 181898A1 		.ascii	"\030\030\230\241L\026\2400\000#\314\002t"
  22      4C16A030 
  22      0023CC02 
  22      74
  23              		.text
  24              		.section	.gnu.lto_.inline.f474cb8b4f490adf,"",%progbits
  25 0000 789C6363 		.ascii	"x\234cc``\310g@\000V\006\006\026\036F\006& \223m\201"
  25      6060C867 
  25      40005606 
  25      06161E46 
  25      06262093 
  26 0016 3C886260 		.ascii	"<\210b`\344\002\021\014l\254\214\214\014\002\214\014"
  26      E402110C 
  26      6CAC8C8C 
  26      0C028C0C 
  27 0026 0C4C6C1F 		.ascii	"\014Ll\037\364\340\222L\014,\314@\345L\027\370\341B"
  27      F4E0924C 
  27      0C2CCC40 
  27      E54C17F8 
ARM GAS  /tmp/cc4lNXQH.s 			page 2


  27      E142
  28 0038 CC2021A8 		.ascii	"\314 !\250Rdq\026L\245\014\000\311\276\010\235"
  28      52647116 
  28      4CA50C00 
  28      C9BE089D 
  29              		.text
  30              		.section	.gnu.lto_.pureconst.f474cb8b4f490adf,"",%progbits
  31 0000 789C6363 		.ascii	"x\234cc``\340\006bV\006\011F)&)f)\026)\000\004\001\000"
  31      6060E006 
  31      62560609 
  31      46292629 
  31      66291629 
  32 0018 A1       		.ascii	"\241"
  33              		.text
  34              		.section	.gnu.lto_stInit.f474cb8b4f490adf,"",%progbits
  35 0000 789C6363 		.ascii	"x\234cc``X\001\304\246@,\015\304\214\314\014\214L\023"
  35      60605801 
  35      C4A6402C 
  35      0DC48CCC 
  35      0C8C4C13 
  36 0014 CE313034 		.ascii	"\316104r012\202\030\015\034\214\014\365L\214\365\214"
  36      72303132 
  36      82180D1C 
  36      8C0CF54C 
  36      8CF58C
  37 0027 3DCC5398 		.ascii	"=\314S\230\031\017\265?\333\311\244\271\274\001\010"
  37      190FB53F 
  37      DBC9A4B9 
  37      BC0108
  38 0036 0E4CFF21 		.ascii	"\016L\377!\331\260\342\000\343\034f\006\206i@\014\002"
  38      D9B0E200 
  38      E31C6606 
  38      8669400C 
  38      02
  39 0047 8C9B1935 		.ascii	"\214\233\0315\031\200\312\036m\3747\225\227\215\005"
  39      1980CA1E 
  39      6DFC3795 
  39      978D05
  40 0056 22CEB885 		.ascii	"\"\316\270\205\221\215\201\021\310X\177\211\365@\303"
  40      918D8111 
  40      C8587F89 
  40      F540C3
  41 0065 BFFFED0D 		.ascii	"\277\377\355\015\007\356,b\374\317\012\224\353\000b"
  41      07EE2C62 
  41      FCCF0A94 
  41      EB0062
  42 0074 A0250D07 		.ascii	"\240%\015\007\030:\231\231@\254\346\003\014o\030\233"
  42      183A9999 
  42      40ACE603 
  42      0C6F189B 
  43 0084 17FC9606 		.ascii	"\027\374\226\006k\002\232\264s\347\233\333\354\365\177"
  43      6B029AB4 
  43      73E79BDB 
  43      ECF57F
  44 0093 1B38E630 		.ascii	"\0338\34603Nc\006\232\302\270\225\261\236a\016P\365"
  44      334E6306 
  44      9AC2B895 
ARM GAS  /tmp/cc4lNXQH.s 			page 3


  44      B19E610E 
  44      50F5
  45 00a5 3BC6A605 		.ascii	";\306\246\005\377\271\301\352@\240\003(\0114\200\211"
  45      FFB9C1EA 
  45      40A00328 
  45      09348089 
  46 00b5 81C1583F 		.ascii	"\201\301X?#?7U?1\271\\\337%\2658\273$\277@\337\303/"
  46      233F3755 
  46      3F31B95C 
  46      DF25B538 
  46      BB24BF40 
  47 00cc 583F3537 		.ascii	"X?57)5%%5E?\277X?#1G\277\270(\031D\307\027\227\350%"
  47      29352525 
  47      35453FBF 
  47      583F2331 
  47      47BFB828 
  48 00e7 33000086 		.ascii	"3\000\000\206\352L]"
  48      EA4C5D
  49              		.text
  50              		.section	.gnu.lto_stStartAlarm.f474cb8b4f490adf,"",%progbits
  51 0000 789C9552 		.ascii	"x\234\225R_H\223Q\024\277\277\357\316ok\325\354\241"
  51      5F489351 
  51      14BFBFEF 
  51      CE6F6BD5 
  51      ECA1
  52 0012 87A03DF4 		.ascii	"\207\240=\364\"b\017^L\350\261'\211\004\355E\337en\037"
  52      22620F5E 
  52      4CE8B127 
  52      8904ED45 
  52      DF656E1F 
  53 0026 2CDAD8F0 		.ascii	",\332\330\360\033\365\226\327\345\232\272\005A\271P"
  53      1BF596D7 
  53      E59ABA05 
  53      41B950
  54 0035 660D2ACC 		.ascii	"f\015*\314J\314\376j\315\374ZZQbb\005=\370\020=\314"
  54      4ACCFE6A 
  54      CDFC5A5A 
  54      51626205 
  54      3DF8103D 
  55 004a 882809C1 		.ascii	"\210(\011\301\207B;\367\333\012{\263\013\367\336s\016"
  55      87423BF7 
  55      DB0A7BB3 
  55      0BF7DE73 
  55      0E
  56 005b BFF33BBF 		.ascii	"\277\363;\277{\356\321\031c\3575\306\322t\357\245\015"
  56      7BEED119 
  56      63EF35C6 
  56      D274EFA5 
  56      0D
  57 006c CEA09D9B 		.ascii	"\316\240\235\233g\254\313\245\001\312\220.\260N\015"
  57      67ACCBA5 
  57      01CA902E 
  57      B04E0D
  58 007b 9D48F30B 		.ascii	"\235H\363\013\034\205dqR\253\031\226\264\254\213\023"
  58      1C856471 
  58      52AB1996 
  58      B4AC8B13 
ARM GAS  /tmp/cc4lNXQH.s 			page 4


  59 008b FA1999D8 		.ascii	"\372\031\231\330\223\345\214eh\253\205\273\250!\324"
  59      93E58C65 
  59      68AB85BB 
  59      A821D4
  60 009a ECC69A55 		.ascii	"\354\306\232U\231\342Y\016h\344.\256\314\015mW\256\206"
  60      99E2590E 
  60      68E42EAE 
  60      CC0D6D57 
  60      AE86
  61 00ac 5DE4FEBC 		.ascii	"]\344\376\274q{\251\222\037\004#\373\327\322\313eO\365"
  61      717BA992 
  61      1F0423FB 
  61      D7D2CB65 
  61      4FF5
  62 00be 3529E3D2 		.ascii	"5)\343\322\372z\236\313\335Y\316\361\000\234\010q\037"
  62      FA7A9ECB 
  62      DD59CEF1 
  62      009C0871 
  62      1F
  63 00cf 5EDC8397 		.ascii	"^\334\203\227Q\210\341!\252\025\376\323\370z\377N\335"
  63      5188E121 
  63      AA15FED3 
  63      F87AFF4E 
  63      DD
  64 00e0 91FB5313 		.ascii	"\221\373S\023\023\320\031\310\030[\254\260\344\372F"
  64      13D019C8 
  64      185BACB0 
  64      E4FA46
  65 00ef 525AAB57 		.ascii	"RZ\253W\361\366\260\223\324S\012\247d\007c=\004\245"
  65      F1F6B093 
  65      D4530AA7 
  65      6407633D 
  65      04A5
  66 0101 B7488BF5 		.ascii	"\267H\213\365rMY\247-V\204\246\010{\255\276\0317?d\213"
  66      724D59A7 
  66      2D5684A6 
  66      087BADBE 
  66      19373F64 
  67 0116 B9F53DF5 		.ascii	"\271\365=\365\312Su\305\026S\034\3301 \255\370>\245"
  67      CA5375C5 
  67      16531CD8 
  67      3120ADF8 
  67      3EA5
  68 0128 67F25F3D 		.ascii	"g\362_=\366C\037\241j\220\270\276 \376#9=\376\341f\354"
  68      F6431FA1 
  68      6A90B8BE 
  68      20FE2339 
  68      3DFEE166 
  69 013d AFB8EE52 		.ascii	"\257\270\356Rs\026t\256@\266\302\014\307&\361\014\217"
  69      731674AE 
  69      40B6C20C 
  69      C726F10C 
  69      8F
  70 014e A123AF84 		.ascii	"\241#\257\204\3231\310y\211\250\360\256O\021EU\220\300"
  70      D331C879 
  70      89A8F0AE 
  70      4F114555 
ARM GAS  /tmp/cc4lNXQH.s 			page 5


  70      90C0
  71 0160 9944E18D 		.ascii	"\231D\341\215S5\255\302\316\235\037][q\227\\\305\357"
  71      5335ADC2 
  71      CE9D1F5D 
  71      5B71975C 
  71      C5EF
  72 0172 A0506E68 		.ascii	"\240Pnhy[\016\227\220\345:\236\220\266)\245\215\342"
  72      795B0E97 
  72      90E53A9E 
  72      90B629A5 
  72      8DE2
  73 0184 C9E2EB05 		.ascii	"\311\342\353\005\217\030\225\335]2w*\313\235\230F\016"
  73      8F1895DD 
  73      5D32772A 
  73      CB9D9846 
  73      0E
  74 0195 FDD40255 		.ascii	"\375\324\002UW\001\254t|\304Y7f\003\356P\272\013\026"
  74      5701AC74 
  74      7CC45937 
  74      6603EE50 
  74      BA0B16
  75 01a8 04F67BCB 		.ascii	"\004\366{\313\010<E\035\251R\222V?\347\023\236\262\240"
  75      083C451D 
  75      A9529256 
  75      3FE7139E 
  75      B2A0
  76 01ba 2D9673A1 		.ascii	"-\226s\241`\227C\231\354\031\304\346\327\3204a\2062"
  76      60974399 
  76      EC19C4E6 
  76      D7D03461 
  76      8632
  77 01cc 6DF2A9FF 		.ascii	"m\362\251\377'\237\265\311\2652\371s\233<\1779=\342"
  77      279FB5C9 
  77      B532F973 
  77      9B3C7F39 
  77      3DE2
  78 01de 2E916B78 		.ascii	".\221kxA\231E\304?\246\256\373U\353\355?`\337\020\317"
  78      419945C4 
  78      3FA6AEFB 
  78      55EBED3F 
  78      60DF10CF 
  79 01f2 0D9F853D 		.ascii	"\015\237\205=-j\365\220<\032\003\032\374z\021\214\204"
  79      2D6AF590 
  79      3C1A031A 
  79      FC7A118C 
  79      84
  80 0203 0DE1F39F 		.ascii	"\015\341\363\237\024\015\206y<\026\211\212#G[\204\021"
  80      140D8679 
  80      3C16898A 
  80      23475B84 
  80      11
  81 0214 6E370201 		.ascii	"n7\002\001# \"\246\010\372B\302\354\360\253\273\315"
  81      232022A6 
  81      08FA42C2 
  81      ECF0ABBB 
  81      CD
  82 0225 8CD5FA99 		.ascii	"\214\325\372\231\323\327n\306\216\205\015\207:\032\267"
ARM GAS  /tmp/cc4lNXQH.s 			page 6


  82      D3D76EC6 
  82      8E850D87 
  82      3A1AB7
  83 0234 46108D74 		.ascii	"F\020\215t\304L\321\322\332\\\177@455\210\326\306\346"
  83      C44CD1D2 
  83      DA5C7F40 
  83      34353588 
  83      D6C6E6
  84 0247 137565CA 		.ascii	"\023ue\312\266P(P\033d\277\001\272\275\032e"
  84      B6502850 
  84      1B64BF01 
  84      BABD1A65 
  85              		.text
  86              		.section	.gnu.lto_stStopAlarm.f474cb8b4f490adf,"",%progbits
  87 0000 789C8D4F 		.ascii	"x\234\215O\273J\003Q\020\235\2637\256\017\320Z\321\316"
  87      BB4A0351 
  87      109DB337 
  87      AE0FD05A 
  87      D1CE
  88 0012 2A4D2E2A 		.ascii	"*M.*\376\201\210Bb\243\275h\262\0200\262!\033\264\314"
  88      FE818842 
  88      62A3BD68 
  88      B21030B2 
  88      211BB4CC 
  89 0026 46A38968 		.ascii	"F\243\211ha\241k\023%`a\025D|\277`\011vB\024\277@,\""
  89      61A16B13 
  89      25606115 
  89      447CBF60 
  89      09764214 
  90 003e 580451C1 		.ascii	"X\004Q\301\200\020\235\233\210\244t`\356\314\2359s\316"
  90      80109D9B 
  90      88A47460 
  90      EECC9D39 
  90      73CE
  91 0050 8C4E4483 		.ascii	"\214ND\203 Jp\354f\207 h\353E\242d\213\006\250\304n"
  91      204A70EC 
  91      66872068 
  91      EB45A264 
  91      8B06A8C4 
  92 0065 01253424 		.ascii	"\001%4$\260&6\004\012\351\322\271\346\335\263\331\334"
  92      B0263604 
  92      0AE9D2B9 
  92      E6DDB3D9 
  92      DC
  93 0076 AD0F7DD9 		.ascii	"\255\017}\331^\352\314\012\"\207]\031\016\341%\206="
  93      5EEACC0A 
  93      22875D19 
  93      0EE12586 
  93      3D
  94 0087 1D5437DB 		.ascii	"\035T7\333uO\275\216#\350\304\032\264\377\320\344\332"
  94      754FBD8E 
  94      23E8C41A 
  94      B4FFD0E4 
  94      DA
  95 0098 D5EFB4ED 		.ascii	"\325\357\264\355\336\354\342k\230{\031v\026\261]Z\021"
  95      DEECE26B 
  95      987B1976 
ARM GAS  /tmp/cc4lNXQH.s 			page 7


  95      16B15D5A 
  95      11
  96 00a9 9ACA165D 		.ascii	"\232\312\026]zA\341\243R\276r|\177<\251\272\\E\0275"
  96      7A41E1A3 
  96      52BE727C 
  96      7F3CA9BA 
  96      5C451735 
  97 00bd 2E47A051 		.ascii	".G\240Q\003\307\320q\242$\370\341\272\263T\270k^\025"
  97      03C7D071 
  97      A224F8E1 
  97      BAB354B8 
  97      6B5E15
  98 00d0 59811AAC 		.ascii	"Y\201\032\254\230\377|m\253\177\025\215\207K\271\355"
  98      98FF7C6D 
  98      AB7F158D 
  98      874BB9ED 
  99 00e0 E7D61C76 		.ascii	"\347\326\034v\220\025\032\316\320\203S\364\220\202\246"
  99      90151ACE 
  99      D08353F4 
  99      9082A6
 100 00ef 4BB7F71D 		.ascii	"K\267\367\0352o\247\222\366\343\345{\327\033\017\011"
 100      326FA792 
 100      F6E3E57B 
 100      D71B0F09 
 101 00ff 9C23874D 		.ascii	"\234#\207M^S\311\020. \033%x\023\\\362t\031\013\217"
 101      5E53C910 
 101      2E201B25 
 101      78135CF2 
 101      74190B8F 
 102 0113 ABD7BDB5 		.ascii	"\253\327\275\265K\225e\270\301\327hD\0032l\316\032r"
 102      4B9565B8 
 102      C1D76844 
 102      03326CCE 
 102      1A72
 103 0125 2A382F87 		.ascii	"*8/\207\014k&nF\345\310\330\2704f\247\215P\310\010I"
 103      0C6B266E 
 103      46E5C8D8 
 103      B83466A7 
 103      8D50C808 
 104 013a D392E1A9 		.ascii	"\323\222\341\251\210\264bA\025'\255\270/H\243\377\233"
 104      88B46241 
 104      1527ADB8 
 104      2F48A3FF 
 104      9B
 105 014b 899AB1B8 		.ascii	"\211\232\261\270%\307'\002\003\375\322\357\037\222\023"
 105      25C72702 
 105      03FDD2EF 
 105      1F9213
 106 015a A381B9BE 		.ascii	"\243\201\271\276_\226\311H$\344\013\323\017\263R\224"
 106      5F96C948 
 106      24E40BD3 
 106      0FB35294 
 107 016a B7       		.ascii	"\267"
 108              		.text
 109              		.section	.gnu.lto_stSetAlarm.f474cb8b4f490adf,"",%progbits
 110 0000 789C8D52 		.ascii	"x\234\215RMh\023A\024\236o'\311\306\252\251\007\017"
 110      4D681341 
ARM GAS  /tmp/cc4lNXQH.s 			page 8


 110      149E6F27 
 110      C9C6AAA9 
 110      070F
 111 0012 82397829 		.ascii	"\2029x)\245\036:\304\202GO\005-\264^\332{I\223\205\210"
 111      A51E3AC4 
 111      82474F05 
 111      2DB45EDA 
 111      7B499385 
 112 0027 0909DDA0 		.ascii	"\011\011\335\2407;][\3236A\004m\304\222\310\202\212"
 112      373B5D5B 
 112      D3364104 
 112      6DC492C8 
 112      828A
 113 0039 28D6B6FE 		.ascii	"(\326\266\376\266V\355\030TD\245J\351\301C\016\"\222"
 113      B656ED18 
 113      5444A54A 
 113      E9C1430E 
 113      2292
 114 004b 82072D5E 		.ascii	"\202\007-^rPZ\337l\252\350\315\201\231y\357\361\275"
 114      72505ADF 
 114      6CAAE8CD 
 114      819979EF 
 114      F1BD
 115 005d 6FBEF731 		.ascii	"o\276\3671\001\306\330^\203\261\202\276i\2033\030\347"
 115      01C6D85E 
 115      83B182BE 
 115      69833318 
 115      E7
 116 006e 96191B0E 		.ascii	"\226\031\033\016\032\200\016d\020l\310\300\020\012\374"
 116      1A800E64 
 116      106CC8C0 
 116      100AFC
 117 007d 02472557 		.ascii	"\002G%W[0\332\256KZ\352\342\254yF\216\356)q\306\212"
 117      5B30DAAE 
 117      4B5AEAE2 
 117      AC79468E 
 117      EE2971C6 
 118 0092 B4F5C25D 		.ascii	"\264\365\302]\264\021\352\305f]5\347y\211\003\006\245"
 118      B411EAC5 
 118      665D35E7 
 118      79890306 
 118      A5
 119 00a3 2BEB6FCB 		.ascii	"+\353o\313\333uj`\027\245?n\316V\233\371A0\212\177V"
 119      DB756A60 
 119      17A53F6E 
 119      CE569BF9 
 119      41308A7F 
 120 00b8 5FAD855A 		.ascii	"_\255\205Z\257I\351HU=\317\345\356\022\347x\000N\204"
 120      AF49E948 
 120      553DCFE5 
 120      EE12E778 
 120      004E84
 121 00cb B88F30EE 		.ascii	"\270\2170\356!\314\250\304\360\020\255\032\377incrg"
 121      21CCA8C4 
 121      F010AD1A 
 121      FF696E63 
 121      7267
ARM GAS  /tmp/cc4lNXQH.s 			page 9


 122 00dd C0E7FE7E 		.ascii	"\300\347\376~\023\363\0100P0\263\342Wrc3'\325\347\253"
 122      13F30830 
 122      5030B3E2 
 122      57726333 
 122      27D5E7AB 
 123 00f1 583CEC27 		.ascii	"X<\354'\365\324\302\251\331\307\330\030Ai\026\251\330"
 123      F5D4C2A9 
 123      D9C7D818 
 123      416916A9 
 123      D8
 124 0102 38377474 		.ascii	"87ttZ\261\032\014M8\256&\2367\361C\236\230[\337\362"
 124      5AB11A0C 
 124      4D38AE26 
 124      9E37F143 
 124      9E985BDF 
 125 0117 AF432D57 		.ascii	"\257C-W<1/\313;.I\345\354\323z\026\376\325\343\015\372"
 125      3C312FCB 
 125      3B2E49E5 
 125      ECD37A16 
 125      FED5E30D 
 126 012c 082D53C4 		.ascii	"\010-S\304\365\005\316\367\334\322\334\207\333\331?"
 126      F505CEF7 
 126      DCD2DC87 
 126      DBD93F
 127 013b E2461AE6 		.ascii	"\342F\032\346\314\233\\\203<\205E\216\277\3043,\"\200"
 127      CC9B5C83 
 127      3C85458E 
 127      BFC4332C 
 127      2280
 128 014d C75A381D 		.ascii	"\307Z8\035S\2347\210*\253\023\232(\243\213\004.\216"
 128      539C3788 
 128      2AAB139A 
 128      28A38B04 
 128      2E8E
 129 015f 56DE99DA 		.ascii	"V\336\231\3324\277\327\273<]_oj\244\232\337G%\267\274"
 129      34BFD7BB 
 129      3C5D5F6F 
 129      6AA49ADF 
 129      4725B7BC 
 130 0173 B6CDC565 		.ascii	"\266\315\305e\224x\000OI\333\023\255\215\352\271\332"
 130      9478004F 
 130      49DB13AD 
 130      8DEAB9DA 
 131 0183 9BF72131 		.ascii	"\233\367!1-G\206\245{\252\304M,\301\305$Y\240\337\325"
 131      2D4786A5 
 131      7BAAC44D 
 131      2CC1C524 
 131      59A0DFD5 
 132 0197 0055706E 		.ascii	"\000Upn\230\221\031\017p\207\332\203P\020\330\037\336"
 132      9891190F 
 132      7087DA83 
 132      5010D81F 
 132      DE
 133 01a8 42E01922 		.ascii	"B\340\031\"\244\212\034r>\346\2531=\2007\011\373\012"
 133      A48A1C72 
 133      3EE6AB31 
 133      3D803709 
ARM GAS  /tmp/cc4lNXQH.s 			page 10


 133      FB0A
 134 01ba C7AD9F85 		.ascii	"\307\255\237\205\347\271^c4\026\231I\337\247C$\322)"
 134      E7B95E63 
 134      34169949 
 134      DFA74324 
 134      D229
 135 01cc 4B446327 		.ascii	"KDc'E\247e\037\317\2463\342\310\321^a\245\006\254x\334"
 135      45A7651F 
 135      CFA633E2 
 135      C8D15E61 
 135      A506AC78 
 136 01e1 8A8BB42D 		.ascii	"\212\213\264-\022\321\244\260\007c\372\356\267\263\355"
 136      12D1A4B0 
 136      0763FAEE 
 136      B7B3ED
 137 01f0 31664607 		.ascii	"1fF\007\354\354\261\224\345\323G\327\377\021d\322\203"
 137      ECECB194 
 137      E5D347D7 
 137      FF1164D2 
 137      83
 138 0201 595BF4F6 		.ascii	"Y[\364\366\365t\034\020\335\335\235\242\257\253\347"
 138      F5741C10 
 138      DDDD9DA2 
 138      AFABE7
 139 0210 44648BB2 		.ascii	"Dd\213\262?\231\214\267'\330/61\336\356"
 139      3F998CB7 
 139      27D82F36 
 139      31DEEE
 140              		.text
 141              		.section	.gnu.lto_stGetAlarm.f474cb8b4f490adf,"",%progbits
 142 0000 789C8D90 		.ascii	"x\234\215\220\315K\033Q\024\305\357\231\233\314D\245"
 142      CD4B1B51 
 142      14C5EF99 
 142      9BCC44A5 
 143 0010 EA5A03AE 		.ascii	"\352Z\003\256u\341#\365_\020\254\240nt/\232\014\004"
 143      75E123F5 
 143      5F10ACA0 
 143      6E742F9A 
 143      0C04
 144 0022 1A8938C1 		.ascii	"\032\2118\301.\363L-\251hAD\023\320\261LqQ\244\210\330"
 144      2EF34C2D 
 144      A9684144 
 144      13D0B14C 
 144      7151A488 
 145 0037 2F3F5B06 		.ascii	"/?[\006\241\253\212\025\377\002)E\241\013\011\355\""
 145      A1AB8A15 
 145      FF022945 
 145      A10B09ED 
 145      22
 146 0048 2D15F53E 		.ascii	"-\025\365>\225\322e\037\314{\357^~s\3569\317&\242g "
 146      95D2651F 
 146      CC7BEF5E 
 146      7E73EE39 
 146      CF26A267 
 147 005d CACBD92C 		.ascii	"\312\313\331,\037\230`\315\036\022M\304,\300\\t\014"
 147      1F9860CD 
 147      1E124DC4 
ARM GAS  /tmp/cc4lNXQH.s 			page 11


 147      2CC05C74 
 147      0C
 148 006e 94B790C7 		.ascii	"\224\267\220\307\014\3173>]U\303\206i\366\015&\345q"
 148      0CCF333E 
 148      5D55C386 
 148      69F60D26 
 148      E571
 149 0080 E560B9CE 		.ascii	"\345`\271\316\224@\243\224\257^T\375\272\326\227Z\027"
 149      9440A394 
 149      AF5E54FD 
 149      BAD6975A 
 149      17
 150 0091 7458AE38 		.ascii	"tX\2568K\257\217t\324g\213J\202\277E\034o\02073\336"
 150      4BAF8F74 
 150      D4678B4A 
 150      82BF451C 
 150      6F103733 
 151 00a6 A19584FE 		.ascii	"\241\225\204\376\272q\271p\317\216\004L\006\220\376"
 151      BA71B970 
 151      CF8E044C 
 151      0690FE
 152 00b5 7BD8245E 		.ascii	"{\330$^h\3758\032\352\313\253\242\016\277\255\340OW"
 152      68FD381A 
 152      EACBABA2 
 152      0EBFADE0 
 152      4F57
 153 00c7 C4229F99 		.ascii	"\304\"\237\231e\213\020=\025Rl\351\220\246DXn\217C\372"
 153      658B103D 
 153      15526CE9 
 153      90A64458 
 153      6E8F43FA 
 154 00db 8EFD8FBF 		.ascii	"\216\375\217\277\317/\312}\177E'\265\254\260\374\313"
 154      CF2FCA7D 
 154      7F4527B5 
 154      ACB0FCCB 
 155 00eb 69BA512D 		.ascii	"i\272Q-1\376\031H\330\204\215-3L\266E6AJO\366\2778&"
 155      31FE1948 
 155      D8848D2D 
 155      334CB645 
 155      36414A4F 
 156 0103 48F4863C 		.ascii	"H\364\206<\\\253VjoK\243\024\221V\260|V\023\3409|\266"
 156      5CAB566A 
 156      6F4BA314 
 156      9156B07C 
 156      5613E039 
 157 0119 B12359B6 		.ascii	"\261#Y\266M\026\351\027O?\037\325\2535=9\241Ov\177\266"
 157      4D16E917 
 157      4F3F1FD5 
 157      AB353D39 
 157      A14F767F 
 158 012e CCD5F8EC 		.ascii	"\314\325\370\354`\027\001\026\304\251\231d\240p\246"
 158      60170116 
 158      C4A99964 
 158      A070A6
 159 013d B0EA24D6 		.ascii	"\260\352$\326\015\024\354X>\307\260\007\205\266\370"
 159      0D14EC58 
 159      3EC7B007 
ARM GAS  /tmp/cc4lNXQH.s 			page 12


 159      85B6F8
 160 014c 1D810F48 		.ascii	"\035\201\017HH\212\302\217\342*\337zb\261E\347(\234"
 160      488AC28F 
 160      E22ADF7A 
 160      62B145E7 
 160      289C
 161 015e 4C5DB049 		.ascii	"L]\260I \035y\030I\017\223\331\"\352P\351\354\210\253"
 161      201D7918 
 161      490F93D9 
 161      22EA50E9 
 161      EC88AB
 162 0171 86928F54 		.ascii	"\206\222\217T\247\353=\314eG\325\203\276~\345\216\014"
 162      A7EB3DCC 
 162      6547D583 
 162      BE7EE58E 
 162      0C
 163 0182 BBA9949B 		.ascii	"\273\251\224\233RYO\245\2072\312\033K\232s\320\313\265"
 163      52594FA5 
 163      8732CA1B 
 163      4B9A73D0 
 163      CBB5
 164 0194 27A9FBFF 		.ascii	"'\251\373\377\376\031\315\216\345<\325?\320\333q_\365"
 164      FE19CD8E 
 164      E53CD53F 
 164      D0DB715F 
 164      F5
 165 01a5 F474AA81 		.ascii	"\364t\252\201\356\336\361\304\235\312`&\223jO\3235\272"
 165      EEDEF1C4 
 165      9DCA6026 
 165      936A4FD3 
 165      35BA
 166 01b7 ABAFC4   		.ascii	"\253\257\304"
 167              		.text
 168              		.section	.gnu.lto_.symbol_nodes.f474cb8b4f490adf,"",%progbits
 169 0000 789C55C8 		.ascii	"x\234U\310K\015\2000\020\006\341\371[\212.\020\305y"
 169      4B0D8030 
 169      1006E1F9 
 169      5B8A2E10 
 169      C579
 170 0012 57022250 		.ascii	"W\002\"P\201\210j@\005\317\204\320p\333\303d\222\257"
 170      81886A40 
 170      05CF84D0 
 170      70DBC364 
 170      92AF
 171 0024 07A61669 		.ascii	"\007\246\026i\227\301\\\241m\365\261\311!S\224S\226"
 171      97C15CA1 
 171      6DF5B1C9 
 171      21539453 
 171      96
 172 0035 A25CB21C 		.ascii	"\242\\\262\034\345\226uA\364\310\312/\340>@\246\260"
 172      E5967541 
 172      F4C8CA2F 
 172      E03E40A6 
 172      B0
 173 0046 6CAFF800 		.ascii	"l\257\370\000f\345\037J"
 173      66E51F4A 
 174              		.text
ARM GAS  /tmp/cc4lNXQH.s 			page 13


 175              		.section	.gnu.lto_.refs.f474cb8b4f490adf,"",%progbits
 176 0000 789C6363 		.ascii	"x\234cc```\004b\006\000\000D\000\010"
 176      60606004 
 176      62060000 
 176      440008
 177              		.text
 178              		.section	.gnu.lto_.decls.f474cb8b4f490adf,"",%progbits
 179 0000 789CB557 		.ascii	"x\234\265WkP\024\331\025\356\333w@\030^\006-\313TL\225"
 179      6B5014D9 
 179      15EEDB77 
 179      40185E06 
 179      2DCB544C 
 180 0015 B1504855 		.ascii	"\261PHU\326\021\331\350\3762\353\216F\255Z\335\324`"
 180      D611D9E8 
 180      FE32EB8E 
 180      46AD5ADD 
 180      D460
 181 0027 AA52F991 		.ascii	"\252R\371\221Y\026f\003\025\001\213\031\223\332?\273"
 181      59166603 
 181      15018B19 
 181      93DA3FBB 
 182 0037 CD430571 		.ascii	"\315C\005qWP\004E]@\036\242\242<D\020\020y\012\210\240"
 182      57500445 
 182      5D401EA2 
 182      A23C4410 
 182      10790A88 
 183 004c 8088A022 		.ascii	"\200\210\240\"\240\310\342\023\304\267\240\223s\357"
 183      A0C8E213 
 183      C4B7A093 
 183      73EF
 184 005a ED9E6E1A 		.ascii	"\355\236n\032Fw+\225\2569\323}\356\375\316w\316=\347"
 184      46772B95 
 184      AE39D37D 
 184      EEFDCE77 
 184      CE3DE7
 185 006d F6BDB71D 		.ascii	"\366\275\267\0359\216k\361\344\270\247<\307\025#\216"
 185      398E6BF1 
 185      E4B8A73C 
 185      C715238E 
 186 007d B3C2E508 		.ascii	"\263\302\345\010m5 \240r\325\034\273H[\003H3\301\203"
 186      6D3520A0 
 186      72D51CBB 
 186      485B0348 
 186      33C183
 187 0090 5C026907 		.ascii	"\\\002i\007\271\302M\275\276\007C\014\367/A\272@\316"
 187      B9C24DBD 
 187      BE07430C 
 187      F72F41BA 
 187      40CE
 188 00a2 8BEDBCC8 		.ascii	"\213\355\274\3101\235\315^\260q\026m \034n\266\350\333"
 188      319DCD5E 
 188      B071166D 
 188      201C6EB6 
 188      E8DB
 189 00b4 1B6401F4 		.ascii	"\033d\001\364\375\016d\014\236\0079\306\355\012\272"
 189      FD0E640C 
 189      9E0739C6 
ARM GAS  /tmp/cc4lNXQH.s 			page 14


 189      ED0ABA
 190 00c3 3B881B62 		.ascii	";\210\033b\274$./\304b\366C\223\271\367\203\256\021"
 190      BC242E2F 
 190      C462F643 
 190      93B9F783 
 190      AE11
 191 00d5 B925AE41 		.ascii	"\271%\256Aq|\222=\031\323\037Uv\344:\364\013\342Bb\\"
 191      717C923D 
 191      19D31F55 
 191      76E43AF4 
 191      0BE24262 
 192 00ea BC989FE5 		.ascii	"\274\230\237\345b<\177R\361f\212\234j\276E\037\340$"
 192      623C7F52 
 192      F1668A9C 
 192      6ABE451F 
 192      E024
 193 00fc F95E2972 		.ascii	"\371^)r\352U\234I\030e\277\031\037\305\361\030-\322"
 193      EA559C49 
 193      1865BF19 
 193      1FC5F118 
 193      2DD2
 194 010e 22AB1543 		.ascii	"\"\253\025CC\376\303\262\327n\254\201\364\217D?ks\304"
 194      43FEC3B2 
 194      D76EAC81 
 194      F48F443F 
 194      6B73C4
 195 0121 3C7DBEF4 		.ascii	"<}\276\364z\240E\2738O`\227S(\207N#,\021U]\274\220\343"
 195      7AA045BB 
 195      384F6097 
 195      5328874E 
 195      232C1155 
 196 0139 8A5750E0 		.ascii	"\212WP\340y\353\313j\017\340\360\324\"\036\324\216\321"
 196      79EBCB6A 
 196      0FE0F0D4 
 196      221ED48E 
 196      D1
 197 014a 96432EA0 		.ascii	"\226C.\240\316\326\242\231I\230?\231:1\341\201\264>"
 197      CED6A299 
 197      49983F99 
 197      3A31E181 
 197      B43E
 198 015c B1821025 		.ascii	"\261\202\020%$D\013\016>\034*C\363\320\0314\217C\025"
 198      24440B0E 
 198      3E1C2A43 
 198      F3D01934 
 198      8F4315
 199 016f C887B82E 		.ascii	"\310\207\270.A\2139T\014\215\247\2401\207\270\253\276"
 199      418B3954 
 199      0C8DA7A0 
 199      3187B8AB 
 199      BE
 200 0180 BC7F51CA 		.ascii	"\274\177Q\312vA\340Q9\322\242R\204)\006\306\265H\313"
 200      7641E051 
 200      39D2A252 
 200      842906C6 
 200      B548CB
 201 0193 02389778 		.ascii	"\0028\227xcH\213\277%\001\360Qm{\237\332uq\316\256\013"
ARM GAS  /tmp/cc4lNXQH.s 			page 15


 201      63488BBF 
 201      2501F051 
 201      6D7B9FDA 
 201      7571CEAE 
 202 01a8 6BEED2FA 		.ascii	"k\356\322\372\255\304E%\2708+\273\000\217\314\307\256"
 202      ADC44525 
 202      B8382BBB 
 202      008FCCC7 
 202      AE
 203 01b9 D337263C 		.ascii	"\3237&<p!\242NJ\012\252\336j\3559\251\261\353\244/\377"
 203      7021A24E 
 203      4A0AAADE 
 203      6AED39A9 
 203      B1EBA42F 
 204 01ce 93A39D82 		.ascii	"\223\243\235\2020\037U\203\223*\331I%uBZ\301QyMe\225"
 204      301F5583 
 204      932AD949 
 204      2575425A 
 204      C151794D 
 205 01e4 4B1FEA45 		.ascii	"K\037\352EPB4\223\346\030!\366\017w\"T\267J\027b\355"
 205      50423493 
 205      E61821F6 
 205      0F772254 
 205      B74A1762 
 206 01f9 D0CAB39B 		.ascii	"\320\312\263\233\010%\212d\202l-\274\310\301K\274\364"
 206      08258A64 
 206      826C2DBC 
 206      C8C14BBC 
 206      F4
 207 020a 27122025 		.ascii	"'\022 %+\353g\356\244\213M0\366\240\260cM\274\354La"
 207      2BEB67EE 
 207      A48B4D30 
 207      F6A0B063 
 207      4DBCEC4C 
 208 021f 322556CE 		.ascii	"2%V\316\326m\013J\036$\022\247TmG\344\260\266\037\335"
 208      D66D0B4A 
 208      1E2412A7 
 208      546D47E4 
 208      B0B61FDD 
 209 0233 82DEBF73 		.ascii	"\202\336\277s\\\202S(\235\\\333\213\036\3679\3401Z\003"
 209      5C825328 
 209      9D5CDB8B 
 209      1EF739E0 
 209      315A03
 210 0246 94B7D39A 		.ascii	"\224\267\323\232\34407\231$\026*0\223G_\316\261\325"
 210      E4303799 
 210      24162A30 
 210      93475FCE 
 210      B1D5
 211 0258 8043E7D1 		.ascii	"\200C\347\321\\\370\017\3230\272\222\306\232z\217\005"
 211      5CF80FD3 
 211      30BA92C6 
 211      9A7A8F05 
 212 0268 E9427A3F 		.ascii	"\351Bz?L\246\252%?\025\013\002\024[\320\020\030\252"
 212      4CA6AA25 
 212      3F150B02 
 212      145BD010 
ARM GAS  /tmp/cc4lNXQH.s 			page 16


 212      18AA
 213 027a 970B514F 		.ascii	"\227\013QO&5\252C\375\010\325\242>p\336\200\026\200"
 213      2635AA43 
 213      FD08D5A2 
 213      3E70DE80 
 213      1680
 214 028c 7974DEF5 		.ascii	"yt\336\365\035\016\370\004{\025\036\366l\215\303\032"
 214      1D0EF804 
 214      7B151EF6 
 214      6C8DC31A 
 215 029c 9ED58B78 		.ascii	"\236\325\213x \341\016\266^\321\330\215\345\002\215"
 215      20E10EB6 
 215      5ED1D88D 
 215      E5028D
 216 02ab A50989C1 		.ascii	"\245\011\211\301t>\037\210\321@0\375\020\314\355_\247"
 216      743E1F88 
 216      D14030FD 
 216      10CCED5F 
 216      A7
 217 02bc 0AD55102 		.ascii	"\012\325Q\002\231x\200B\215r(\215\352P\232i(\027\306"
 217      99788042 
 217      8D72288D 
 217      EA509A69 
 217      2817C6
 218 02cf 8BDC7139 		.ascii	"\213\334q9\213\244\376VU\212D\324\361\033\033\021\031"
 218      8BA4FE56 
 218      558A44D4 
 218      F11B1B11 
 218      19
 219 02e0 D34599E8 		.ascii	"\323E\231\350\242\232\250\205\022\355>\3652\315\001"
 219      A29AA885 
 219      12ED3EF5 
 219      32CD01
 220 02ef 3730A6B4 		.ascii	"70\246\264\326\226\024G\221\251\366\267\223Bj\225\231"
 220      D6961447 
 220      91A9F6B7 
 220      93426A95 
 220      99
 221 0300 5AD54C97 		.ascii	"Z\325L\227(S\336\263\266\"7\334\316\230v=*\253qRf\202"
 221      2853DEB3 
 221      B62237DC 
 221      CE98763D 
 221      2AAB7152 
 222 0316 24494E45 		.ascii	"$INE\333\244\262D\036ONA\242\333\206\2649\031\321B\256"
 222      DBA4B244 
 222      1E4F4E41 
 222      A2DB86B4 
 222      3919D142 
 223 032b 405E0F40 		.ascii	"@^\017@\241\313\262\337\313j\277\355\324\357\223\235"
 223      A1CBB2DF 
 223      CB6ABFED 
 223      D4EF939D 
 224 033b 23E91EF8 		.ascii	"#\351\036\370&\363k}r\262\313\201P\301k\326\330\373"
 224      26F36B7D 
 224      72B2CB81 
 224      50C16BD6 
 224      D8FB
ARM GAS  /tmp/cc4lNXQH.s 			page 17


 225 034d 87B48261 		.ascii	"\207\264\202a!VK\247\001\352\220\231:\304E\013]\241"
 225      21564BA7 
 225      01EA9099 
 225      3AC4450B 
 225      5DA1
 226 035f 0CED3105 		.ascii	"\014\3551\005\0071[\2544\204\2605\365\216;[\254\346"
 226      07315BAC 
 226      3484B035 
 226      F58E3B5B 
 226      ACE6
 227 0371 93A44C8C 		.ascii	"\223\244L\214\357ww\335A^\361\364h\301y-%\273\012C\351"
 227      EF7777DD 
 227      415EF1F4 
 227      68C1792D 
 227      25BB0A43 
 228 0386 A443E942 		.ascii	"\244C\351B\256\224\012\356\000.\035\330[\345\314\250"
 228      AE940AEE 
 228      002E1DD8 
 228      5BE5CCA8 
 229 0396 BA493CA9 		.ascii	"\272I<\251\025\317\232\035\230\356D\272\037\037/uc\324"
 229      15CF9A1D 
 229      98EE44BA 
 229      1F1F2F75 
 229      63D4
 230 03a8 D5A4FBCA 		.ascii	"\325\244\373\312PF\214+\353n#z]W\343\250\006\027a:\226"
 230      50468C2B 
 230      EB6E237A 
 230      5D57E3A8 
 230      0617613A 
 231 03bd DEA6A3C7 		.ascii	"\336\246\243\307IX\336da\266Z=\024K\2637[\232;v\215"
 231      4958DE64 
 231      61B65A3D 
 231      144BB337 
 231      5B9A3B76 
 232 03d2 65CDC067 		.ascii	"e\315\300g(\234\357\353\031\277\351.-F4R\316\026&\344"
 232      289CEFEB 
 232      19BFE92E 
 232      2D463452 
 232      CE1626E4 
 233 03e6 CC8718D1 		.ascii	"\314\207\030\321\305\250\027\032o*\026\325\025\373\307"
 233      C5A8171A 
 233      6F2A16D5 
 233      15FBC7
 234 03f5 48B6FBA0 		.ascii	"H\266\373\240B\267\344\034y\213\013\336\321\254\304"
 234      42B7E41C 
 234      798B0BDE 
 234      D1ACC4
 235 0404 C38EB88E 		.ascii	"\303\216\270\216\371\2508p\367<o\317\307\035\273>\254"
 235      F9A83870 
 235      F73C6FCF 
 235      C71DBB3E 
 235      AC
 236 0415 B90B1AE8 		.ascii	"\271\013\032\350\252z\033|\014\310>\372\244Uu_G\341"
 236      AA7A1B7C 
 236      0CC83EFA 
 236      A455755F 
 236      47E1
ARM GAS  /tmp/cc4lNXQH.s 			page 18


 237 0427 6A2D9046 		.ascii	"j-\220F\377,R0hi\031ou\300-,Q\361\347O7\210\365k\"z"
 237      FF2C5230 
 237      6869196F 
 237      75C02D2C 
 237      51F1E74F 
 238 0441 52795D85 		.ascii	"Ry]\205\013\276\314:\357\354\270]\347\210;\231\"\345"
 238      0BBECC3A 
 238      EFECB85D 
 238      E7883B99 
 238      22E5
 239 0453 DF53CC7F 		.ascii	"\337S\314\177\332\215\347\315\010w\263\316\212\322\263"
 239      DA8DE7CD 
 239      0877B3CE 
 239      8AD2B3
 240 0462 0D62AD96 		.ascii	"\015b\255\226(\366,O\272g\241\222\241\013\015ZV:\001"
 240      28F62C4F 
 240      BA67A192 
 240      A10B0D5A 
 240      563A01
 241 0475 815ED971 		.ascii	"\201^\331q\363S\334\313,k\307\012\216\210e$\033h\177"
 241      F353DCCB 
 241      2C6BC70A 
 241      8E886524 
 241      1B687F
 242 0488 429DD583 		.ascii	"B\235\325\203\014G\020g\014\264\313\023f\224\014\032"
 242      0C471067 
 242      0CB4CB13 
 242      66940C1A 
 243 0498 E9E6A111 		.ascii	"\351\346\241\0216\224\347\011\005\177\366L\240o\212"
 243      3694E709 
 243      057FF64C 
 243      A06F8A
 244 04a7 207CAAA1 		.ascii	" |\252\2419z\004\350\207\024\375\004yJ6\364U\031\310"
 244      397A04E8 
 244      8714FD04 
 244      794A36F4 
 244      5519C8
 245 04ba BEE5AE44 		.ascii	"\276\345\256D\017\276\017}23;E\213\007X\220\007\236"
 245      0FBE0F7D 
 245      32333B45 
 245      8B075890 
 245      079E
 246 04cc F6DE13A7 		.ascii	"\366\336\023\247\246\017\2509/*\242\235\360]\326\267"
 246      A60FA839 
 246      2F2AA29D 
 246      F05DD6B7 
 247 04dc E7DCA1D6 		.ascii	"\347\334\241\326\031\370\036S\244\371\357\311\346\177"
 247      19F81E53 
 247      A4F9EFC9 
 247      E67F
 248 04ea D4B5CFF0 		.ascii	"\324\265\317\360#\326S\225\270\273\027\341'Ly\034s\267"
 248      23D65395 
 248      B8BB17E1 
 248      274C791C 
 248      73B7
 249 04fc 5FCCCF5C 		.ascii	"_\314\317\\P\367^|\340\215_\260\256wMu\336x\202=7\224"
 249      50F75E7C 
ARM GAS  /tmp/cc4lNXQH.s 			page 19


 249      E08D5FB0 
 249      AE774D75 
 249      DE78823D 
 250 0512 E41E4138 		.ascii	"\344\036A8JC\225\261\324\206\007Z\274\215)\351\035\007"
 250      4A4395B1 
 250      D486075A 
 250      BC8D29E9 
 250      1D07
 251 0524 CF38E138 		.ascii	"\3178\3418\246\344\274J\206\303\303\017L\351,\273\032"
 251      A6E4BC4A 
 251      86C3C30F 
 251      4CE92CBB 
 251      1A
 252 0535 EB82F730 		.ascii	"\353\202\3670%\266\260p\237\013NaJTEO\242x\256\350'"
 252      25B6B070 
 252      9F0B4E61 
 252      4A54454F 
 252      A278AEE8 
 253 054a FA60F660 		.ascii	"\372`\366`\272\263X\025G\320wt\264\274D\370\000\003"
 253      BAB35815 
 253      47D07774 
 253      B4BC44F8 
 253      0003
 254 055c 278E8EED 		.ascii	"'\216\216\355q\264[\207m\274X\207%\264\014\245\2473"
 254      71B45B87 
 254      6DBC5887 
 254      25B40CA5 
 254      A733
 255 056e 479CD475 		.ascii	"G\234\324u\350\001t7Eo\347=%\033\272\346\326W\276E\352"
 255      E8017437 
 255      456FE73D 
 255      251BBAE6 
 255      D657BE45 
 256 0583 3AD843CF 		.ascii	":\330C\317\251\336\236\276\325\005y\261k\226\227t\371"
 256      A9DE9EBE 
 256      D50579B1 
 256      6B969774 
 256      F9
 257 0594 90BFC342 		.ascii	"\220\277\303BL4\254U;q\\\341`{\244\2205\227R=\207\227"
 257      4C34AC55 
 257      3B715CE1 
 257      607BA490 
 257      3597523D 
 258 05aa 24819F25 		.ascii	"$\201\237%\277\007\317(\357U\362\3171\223\333\337\301"
 258      BF07CF28 
 258      EF55F2CF 
 258      3193DBDF 
 258      C1
 259 05bb 021D8329 		.ascii	"\002\035\203)|B\015\177C\341\2762\272V\201\026x\025"
 259      7C420D7F 
 259      43E1BE32 
 259      BA568116 
 259      7815
 260 05cd BA7B123A 		.ascii	"\272{\022:R\250\276\036\213#)|\014y\242\307\"\2714\315"
 260      52A8BE1E 
 260      8B23297C 
 260      0C79A2C7 
ARM GAS  /tmp/cc4lNXQH.s 			page 20


 260      22B934CD 
 261 05e1 D08329B1 		.ascii	"\320\203)\2614+\330\255\352X\272\247\300;\024\360wj"
 261      342BD8AD 
 261      EA58BAA7 
 261      C03B14F0 
 261      776A
 262 05f3 F84375E8 		.ascii	"\370Cu\350c\261X\206\377\244\206\017)\330\023\305z\010"
 262      63B15886 
 262      FFA4860F 
 262      29D813C5 
 262      7A08
 263 0605 B0C7A218 		.ascii	"\260\307\242\030~\036\212\346I'\301\303\002\202Ry\037"
 263      7E1E8AE6 
 263      4927C1C3 
 263      02825279 
 263      1F
 264 0616 94C47BA1 		.ascii	"\224\304{\241D\220x\220\357A~\0009\010\262\003d7H2\310"
 264      44907890 
 264      EF417E00 
 264      3908B203 
 264      64374832 
 265 062b 5E901F41 		.ascii	"^\220\037A\342@\016\201\354\004\331\007\262\007d\027"
 265      E2400E81 
 265      EC04D907 
 265      B2076417 
 266 063b C8019014 		.ascii	"\310\001\220\024\220\375\274\027\335FX\230o\276\225"
 266      90FDBC17 
 266      DD465898 
 266      6FBE95
 267 064a A38C5467 		.ascii	"\243\214TgX\247N\301}E\012\306\247\257\336$\2702\007"
 267      58A74EC1 
 267      7D450AC6 
 267      A7AFDE24 
 267      B83207
 268 065d C3D3E740 		.ascii	"\303\323\347@\2312E,Q\323\306\242\000\277Q\204\362J"
 268      9932452C 
 268      51D3C6A2 
 268      00BF5184 
 268      F24A
 269 066f 4DFD724A 		.ascii	"M\375rJ(c\012\370\353\351\341\312y\027\247\010\374\206"
 269      28630AF8 
 269      EBE9E1CA 
 269      7917A708 
 269      FC86
 270 0681 1A7E7DEA 		.ascii	"\032~}\352\254V\016\364\276\032\177o2\036\346hs\234"
 270      AC560EF4 
 270      BE1A7F6F 
 270      321EE668 
 270      739C
 271 0693 38536379 		.ascii	"8ScyO\264U\034\252\364\"\242kr8l'z\374\3163\022\246"
 271      4FB4551C 
 271      AAF422A2 
 271      6B72386C 
 271      277AFCCE 
 272 06aa 074171E2 		.ascii	"\007Aq\342.$W\360],.\203#a\234#u~w\372`\025c\273\256"
 272      2E2457F0 
 272      5D2C2E83 
ARM GAS  /tmp/cc4lNXQH.s 			page 21


 272      23619C23 
 272      757E77FA 
 273 06c3 C8C4DBE9 		.ascii	"\310\304\333\351\247\361\244Y\257\034\332S5\376\301"
 273      A7F1A459 
 273      AF1CDA53 
 273      35FEC1
 274 06d2 94CC29E1 		.ascii	"\224\314)\341/\246_\017(\234\034\025Z\272r\335\361="
 274      2FA65F0F 
 274      289C1C15 
 274      5ABA72DD 
 274      F13D
 275 06e4 BAECF1A7 		.ascii	"\272\354\361\247c{\362<\220\317,6\342\2568\034MF\234"
 275      637BF23C 
 275      90CF2C36 
 275      E2AE381C 
 275      4D469C
 276 06f7 01D669BC 		.ascii	"\001\326i\274m\353%\011\260\363\302\240txO\376\337\357"
 276      6DEB2509 
 276      B0F3C2A0 
 276      74784FFE 
 276      DFEF
 277 0709 0CF9C2A9 		.ascii	"\014\371\302\251\312(\325(\017V\031\212\001r\3500\317"
 277      CA28D528 
 277      0F56198A 
 277      0172E830 
 277      CF
 278 071a 0E567007 		.ascii	"\016Vp\007p\306\251g\251n\3709[\330\357\304\357I&\247"
 278      70C6A967 
 278      A96EF839 
 278      5BD8EFC4 
 278      EF4926A7 
 279 072e BCEA7E72 		.ascii	"\274\352~r\312\363:\336=,\010\300\023\2034\364\254\232"
 279      CAF33ADE 
 279      3D2C08C0 
 279      138334F4 
 279      AC9A
 280 0740 290F131E 		.ascii	")\017\023\036'\237\031\263xr\342\313n8\021\317\343X"
 280      279F19B3 
 280      7872E2CB 
 280      6E3811CF 
 280      E358
 281 0752 07CA9679 		.ascii	"\007\312\226y\277\254N\334\367\335@\275y8)[\303\266"
 281      BFAC4EDC 
 281      F7DD40BD 
 281      7938295B 
 281      C3B6
 282 0764 9461D29D 		.ascii	"\224a\322\235\321\3724Y\213\223\031v|8\251\0071,\211"
 282      D1FA3459 
 282      8B931976 
 282      7C38A907 
 282      312C89
 283 0777 6AA83CA9 		.ascii	"j\250<\251^kw\2079&\3550Gy\272\305\\}U\371\306\025\247"
 283      5E6B7787 
 283      3926ED30 
 283      4779BAC5 
 283      5C7D55F9 
 284 078e 51264D5E 		.ascii	"Q&M^\364\261Q\015\362\231\207\000\216\2649\322'5\207"
ARM GAS  /tmp/cc4lNXQH.s 			page 22


 284      F4B1510D 
 284      F2998700 
 284      8EB439D2 
 284      273587
 285 07a1 F2792D3A 		.ascii	"\362y-:\316c\351\013=U\000\372\321\357H3<;\321;=~\011"
 285      CE63E90B 
 285      3D5500FA 
 285      D1EF4833 
 285      3C3BD13B 
 286 07b8 99029ECB 		.ascii	"\231\002\236\313!?\272\201\241<\250S>\365w\022\312x"
 286      213FBA81 
 286      A13CA853 
 286      3EF57712 
 286      CA78
 287 07ca 82391484 		.ascii	"\2029\024\204\266\021"
 287      B611
 288 07d0 07799742 		.ascii	"\007y\227B\224\373\010\364\347\320u\261\200\356R\307"
 288      94FB08F4 
 288      E7D075B1 
 288      80EE52C7 
 289 07e0 A43DADF0 		.ascii	"\244=\255\360`\323kg\255\310\035\373!nk\312\301'3\224"
 289      60D36B67 
 289      ADC81DFB 
 289      216E6BCA 
 289      C1273394 
 290 07f4 DC85EFE3 		.ascii	"\334\205\357\343N=\267\357\265\353\302L\241\255\232"
 290      4E3DB7EF 
 290      B5EBC24C 
 290      A1AD9A
 291 0803 7C797DB2 		.ascii	"|y}\262?G\210-\200\301\024\301K\233\013\325\202\217"
 291      3F47882D 
 291      80C114C1 
 291      4B9B0BD5 
 291      828F
 292 0815 1A856D36 		.ascii	"\032\205m6\264\374\203\347\320)~!\230\336\260\226\245"
 292      B4FC83E7 
 292      D0297E21 
 292      98DEB096 
 292      A5
 293 0826 BBE12C96 		.ascii	"\273\341,\226\377g/\363\3335\266\312\177\234\247\250"
 293      FF672FF3 
 293      DB35B6CA 
 293      7F9CA7A8 
 294 0836 3C399617 		.ascii	"<9\226\027\313\225/VW\3764\255|\325\275\254T\015.al"
 294      CB952F56 
 294      57FE34AD 
 294      7CD5BDAC 
 294      540D2E61 
 295 084b 3FA6C597 		.ascii	"?\246\305\227c\221\255y1\373\336\311`\337;%2S\211\232"
 295      6391AD79 
 295      31FBDEC9 
 295      60DF3B25 
 295      3253899A 
 296 085f A994328D 		.ascii	"\251\2242\215\034\270\373\322\00172\246k=1e\342\274"
 296      1CB8FBD2 
 296      013732A6 
 296      6B3D3165 
ARM GAS  /tmp/cc4lNXQH.s 			page 23


 296      E2BC
 297 0871 70517C06 		.ascii	"pQ|\006\314\026?\003\336\216\266\275\025\017\210\344"
 297      CC163F03 
 297      DE8EB6BD 
 297      150F88E4 
 298 0881 DB7EBC69 		.ascii	"\333~\274i[\032\262;m\316J\323\246\202e\372\334\305"
 298      5B1AB23B 
 298      6DCE4AD3 
 298      A68265FA 
 298      DCC5
 299 0893 8E1E7775 		.ascii	"\216\036wu\025\313![e4[\2254\323g\245Lw\336\332\251"
 299      15CB215B 
 299      65345B95 
 299      34D367A5 
 299      4C77DEDA 
 300 08a8 5797C52E 		.ascii	"W\227\305.\370\305\276kCrY|\016\211e9'\226\005>\354"
 300      F8C5BE6B 
 300      4372597C 
 300      0E896539 
 300      2796053E 
 301 08bd 14B667C4 		.ascii	"\024\266g\304\262T\321\262\224\244\354]\201\257\262"
 301      B254D1B2 
 301      94A4EC5D 
 301      81AFB2
 302 08cc D177356C 		.ascii	"\321w5l\217w\224\253\222?&W\205|\303U\313\271\254V\347"
 302      8F7794AB 
 302      923F2657 
 302      857CC355 
 302      CBB9AC56 
 303 08e1 B286E6B2 		.ascii	"\262\206\346\262l\244\247x\006\036bl\351mE)X\016*M\025"
 303      6CA4A778 
 303      061E626C 
 303      E96D4529 
 303      580E2A4D 
 304 08f6 54FBA4A0 		.ascii	"T\373\244\240j\305\240\352\370\205\334R]px\250I\027"
 304      6AC5A0EA 
 304      F885DC52 
 304      5D7078A8 
 304      4917
 305 0908 10F81FDD 		.ascii	"\020\370\037\335*\223\371_\226\360\315\272\265\033\374"
 305      2A93F95F 
 305      96F0CDBA 
 305      B51BFC
 306 0917 75A6D0AF 		.ascii	"u\246\320\257LAA\246 ]\270Y\027\034\260Ig\216\010$w"
 306      4C4141A6 
 306      205DB859 
 306      171CB049 
 306      678E0824 
 307 092c A3D9B238 		.ascii	"\243\331\2628\320i\315\206\277\316\327\373\372rZ\243"
 307      D069CD86 
 307      BFCED7FB 
 307      FA725AA3 
 308 093c 714B4898 		.ascii	"qKH\230\305w\231\321\362\261n\2139B\027\020\021\372"
 308      C57799D1 
 308      F2B16E8B 
 308      39421710 
 308      11FA
ARM GAS  /tmp/cc4lNXQH.s 			page 24


 309 094e 51587898 		.ascii	"QXx\230\351#S\300W!\272\220\260\300M[\202L\272\320\200"
 309      E92353C0 
 309      5721BA90 
 309      B0C04D5B 
 309      824CBAD0 
 310 0963 C0E09030 		.ascii	"\300\340\2200\223\316\030d\372:`\313&\213\321\362\315"
 310      93CE1864 
 310      FA3A60CB 
 310      268BD1F2 
 310      CD
 311 0974 66937971 		.ascii	"f\223yq0\347$Y\377\376=\326\346o\314:p\033\004P0q\006"
 311      30E72459 
 311      FFFE3DD6 
 311      E66FCC3A 
 311      701B0450 
 312 098b D512126A 		.ascii	"\325\022\022j2Z\226}8\360\010\213\215%0\230X\001\201"
 312      325A967D 
 312      38F0088B 
 312      8D253098 
 312      580181
 313 099e A3D9B22E 		.ascii	"\243\331\262.,\304\342\367\313\207\315\271\232-\376"
 313      2CC4E2F7 
 313      CB87CDB9 
 313      9A2DFE
 314 09ad 968008CB 		.ascii	"\226\200\010\313\312M\020\251\013Q\3027\323g-<\233,"
 314      CA4D10A9 
 314      0B51C237 
 314      D3672D3C 
 314      9B2C
 315 09bf D2E31A93 		.ascii	"\322\343\032\223\015a\334\264)\310\030\002\356\326\375"
 315      0D61DCB4 
 315      29C81802 
 315      EED6FD
 316 09ce 3C779BC3 		.ascii	"<w\233\303#,f\235\377\306\365~Ku\237\177\276J\267q\335"
 316      232C669D 
 316      FFC6F57E 
 316      4B759F7F 
 316      BE4AB771 
 317 09e3 FA7FFB8A 		.ascii	"\372\177\373\212\001\020.\210\337A\257_o\360\0233\357"
 317      01102E88 
 317      DF41AF5F 
 317      6FF01333 
 317      EF
 318 09f4 B7D46871 		.ascii	"\267\324hq\222\036\370/\014\232U\353W\032\360*\275A"
 318      921EF82F 
 318      0C9A55EB 
 318      571AF02A 
 318      BD41
 319 0a06 F3D9AA8D 		.ascii	"\363\331\252\215\006\254\327\033\260\001d\245\301\200"
 319      06ACD71B 
 319      B00164A5 
 319      C180
 320 0a14 FFE2AFC7 		.ascii	"\377\342\257\307\372\015\0335z\375j\003\345XJ\377}\361"
 320      FA0D1B35 
 320      7AFD6A03 
 320      E5584AFF 
 320      7DF1
ARM GAS  /tmp/cc4lNXQH.s 			page 25


 321 0a26 EA3506DE 		.ascii	"\3525\006\336\037,\327\2556h\374\327\003ZoX\012\342"
 321      1F2CD7AD 
 321      3668FCD7 
 321      035A6F58 
 321      0AE2
 322 0a38 0BC8BF19 		.ascii	"\013\310\277\031\326\376/q\233-\241$\256\220P\010\333"
 322      D6FE2F71 
 322      9B2DA124 
 322      AE905008 
 322      DB
 323 0a49 C5A6182D 		.ascii	"\305\246\030-\236bb\314$\231\306\000\222+7\243\361\353"
 323      9E6262CC 
 323      2499C600 
 323      922B37A3 
 323      F1EB
 324 0a5b 2D618146 		.ascii	"-a\201F\343\342\345\276K\2269I\232&08 \342W6x\370f\206"
 324      E3E2E5BE 
 324      4B963949 
 324      9A263038 
 324      20E25736 
 325 0a73 9E29B598 		.ascii	"\236)\265\230\2461\367\365\223\272\3779m\367\362\377"
 325      A631F7F5 
 325      93BAFF39 
 325      6DF7F2FF 
 326 0a83 0240276E 		.ascii	"\002@'n\347"
 326      E7
 327              		.text
 328              		.section	.gnu.lto_.symtab.f474cb8b4f490adf,"",%progbits
 329 0000 7374496E 		.ascii	"stInit\000"
 329      697400
 330 0007 00       		.ascii	"\000"
 331 0008 00       		.ascii	"\000"
 332 0009 00       		.ascii	"\000"
 333 000a 00000000 		.ascii	"\000\000\000\000\000\000\000\000"
 333      00000000 
 334 0012 C6000000 		.ascii	"\306\000\000\000"
 335 0016 73745374 		.ascii	"stStartAlarm\000"
 335      61727441 
 335      6C61726D 
 335      00
 336 0023 00       		.ascii	"\000"
 337 0024 00       		.ascii	"\000"
 338 0025 00       		.ascii	"\000"
 339 0026 00000000 		.ascii	"\000\000\000\000\000\000\000\000"
 339      00000000 
 340 002e CA000000 		.ascii	"\312\000\000\000"
 341 0032 73745374 		.ascii	"stStopAlarm\000"
 341      6F70416C 
 341      61726D00 
 342 003e 00       		.ascii	"\000"
 343 003f 00       		.ascii	"\000"
 344 0040 00       		.ascii	"\000"
 345 0041 00000000 		.ascii	"\000\000\000\000\000\000\000\000"
 345      00000000 
 346 0049 CC000000 		.ascii	"\314\000\000\000"
 347 004d 73745365 		.ascii	"stSetAlarm\000"
 347      74416C61 
ARM GAS  /tmp/cc4lNXQH.s 			page 26


 347      726D00
 348 0058 00       		.ascii	"\000"
 349 0059 00       		.ascii	"\000"
 350 005a 00       		.ascii	"\000"
 351 005b 00000000 		.ascii	"\000\000\000\000\000\000\000\000"
 351      00000000 
 352 0063 CE000000 		.ascii	"\316\000\000\000"
 353 0067 73744765 		.ascii	"stGetAlarm\000"
 353      74416C61 
 353      726D00
 354 0072 00       		.ascii	"\000"
 355 0073 00       		.ascii	"\000"
 356 0074 00       		.ascii	"\000"
 357 0075 00000000 		.ascii	"\000\000\000\000\000\000\000\000"
 357      00000000 
 358 007d D1000000 		.ascii	"\321\000\000\000"
 359 0081 73745F6C 		.ascii	"st_lld_init\000"
 359      6C645F69 
 359      6E697400 
 360 008d 00       		.ascii	"\000"
 361 008e 02       		.ascii	"\002"
 362 008f 00       		.ascii	"\000"
 363 0090 00000000 		.ascii	"\000\000\000\000\000\000\000\000"
 363      00000000 
 364 0098 D3000000 		.ascii	"\323\000\000\000"
 365              		.text
 366              		.section	.gnu.lto_.opts,"",%progbits
 367 0000 272D666D 		.ascii	"'-fmath-errno' '-fsigned-zeros' '-ftrapping-math' '"
 367      6174682D 
 367      6572726E 
 367      6F272027 
 367      2D667369 
 368 0033 2D666E6F 		.ascii	"-fno-trapv' '-fno-openmp' '-fno-openacc' '-mcpu=cor"
 368      2D747261 
 368      70762720 
 368      272D666E 
 368      6F2D6F70 
 369 0066 7465782D 		.ascii	"tex-m3' '-mno-thumb-interwork' '-mthumb' '-O2' '-fo"
 369      6D332720 
 369      272D6D6E 
 369      6F2D7468 
 369      756D622D 
 370 0099 6D69742D 		.ascii	"mit-frame-pointer' '-falign-functions=16' '-ffuncti"
 370      6672616D 
 370      652D706F 
 370      696E7465 
 370      72272027 
 371 00cc 6F6E2D73 		.ascii	"on-sections' '-fdata-sections' '-fno-common' '-flto"
 371      65637469 
 371      6F6E7327 
 371      20272D66 
 371      64617461 
 372 00ff 2700     		.ascii	"'\000"
 373              		.text
 374              		.comm	__gnu_lto_v1,1,1
 375              		.comm	__gnu_lto_slim,1,1
 376              		.ident	"GCC: (GNU Tools for Arm Embedded Processors 7-2017-q4-major) 7.2.1 20170904 (release) [ARM
ARM GAS  /tmp/cc4lNXQH.s 			page 27


ARM GAS  /tmp/cc4lNXQH.s 			page 28


DEFINED SYMBOLS
                            *ABS*:0000000000000000 hal_st.c
                            *COM*:0000000000000001 __gnu_lto_v1
                            *COM*:0000000000000001 __gnu_lto_slim

NO UNDEFINED SYMBOLS
