ARM GAS  /tmp/ccauBuxG.s 			page 1


   1              		.cpu cortex-m3
   2              		.eabi_attribute 20, 1
   3              		.eabi_attribute 21, 1
   4              		.eabi_attribute 23, 3
   5              		.eabi_attribute 24, 1
   6              		.eabi_attribute 25, 1
   7              		.eabi_attribute 26, 1
   8              		.eabi_attribute 30, 2
   9              		.eabi_attribute 34, 1
  10              		.eabi_attribute 18, 4
  11              		.file	"hal_st_lld.c"
  12              		.section	.gnu.lto_.profile.60efbe06a644c29a,"",%progbits
  13 0000 789C6363 		.ascii	"x\234cc```\001bF\006K\031\000\001\006\000a"
  13      60606001 
  13      6246064B 
  13      19000106 
  13      0061
  14              		.text
  15              		.section	.gnu.lto_.icf.60efbe06a644c29a,"",%progbits
  16 0000 789C6363 		.ascii	"x\234cc``\340c@\000&\206_\023g\336\343a\274\361r\302"
  16      6060E063 
  16      40002686 
  16      5F1367DE 
  16      E361BCF1 
  17 0016 1E6E0600 		.ascii	"\036n\006\0000\243\006>"
  17      30A3063E 
  18              		.text
  19              		.section	.gnu.lto_.jmpfuncs.60efbe06a644c29a,"",%progbits
  20 0000 789C6363 		.ascii	"x\234cc``\360d@\000&0\311\310\300\300\3028\205\231\361"
  20      6060F064 
  20      40002630 
  20      C9C8C0C0 
  20      C2388599 
  21 0015 E9C9C96D 		.ascii	"\351\311\311m<\335\314s\230\031\030e\03073\31200\036"
  21      3CDDCC73 
  21      98191865 
  21      183733CA 
  21      30301E
  22 0028 60619401 		.ascii	"`a\224\001b\240\022\240t\327\257\353}\034\020i\016\306"
  22      62A012A0 
  22      74D7AFEB 
  22      7D1C1069 
  22      0EC6
  23 003a 2D50690E 		.ascii	"-Pi\016\2604\003\000!Q\016\252"
  23      B0340300 
  23      21510EAA 
  24              		.text
  25              		.section	.gnu.lto_.inline.60efbe06a644c29a,"",%progbits
  26 0000 789C6363 		.ascii	"x\234cc``\260b@\000&\006\006\036QF\006&\276+\376\014"
  26      6060B062 
  26      40002606 
  26      061E5146 
  26      0626BE2B 
  27 0016 6C0BE499 		.ascii	"l\013\344\231@b\214\\p\202AD\006()\363\340\026#\\\226"
  27      40628C5C 
  27      70824144 
  27      062829F3 
ARM GAS  /tmp/ccauBuxG.s 			page 2


  27      E016235C 
  28 002b 9907AC8B 		.ascii	"\231\007\254\213\001\000\257\032\005X"
  28      0100AF1A 
  28      0558
  29              		.text
  30              		.section	.gnu.lto_.pureconst.60efbe06a644c29a,"",%progbits
  31 0000 789C6363 		.ascii	"x\234cc```\003b&\206]\214\214R\000\003\261\000\345"
  31      60606003 
  31      6226865D 
  31      8C8C5200 
  31      03B100E5 
  32              		.text
  33              		.section	.gnu.lto_VectorB0.60efbe06a644c29a,"",%progbits
  34 0000 789C8D54 		.ascii	"x\234\215T]L[e\030~\337\363\235\376\320\262\237x\345"
  34      5D4C5B65 
  34      187EDFF3 
  34      9DFED0B2 
  34      9F78E5
  35 0013 05172591 		.ascii	"\005\027%\221\304%d\237\233\030\2755\354B\022j\026\272"
  35      C425649F 
  35      9B18BD35 
  35      EC42126A 
  35      16BA
  36 0025 7BC24E8F 		.ascii	"{\302N\217\266\261]IO\235\333\025\207\302d8\226x!8k"
  36      B6B15D49 
  36      4F9DDB15 
  36      87C26438 
  36      96782138 
  37 003a 81EAFC99 		.ascii	"\201\352\374\231\027l\023\347O\207\260#8u\303\001\253"
  37      176C13E7 
  37      4F87B023 
  37      3875C301 
  37      AB
  38 004b 43A75CA8 		.ascii	"C\247\\\250#0\231\304L\263\210\277\314\367=-\225\265"
  38      233099C4 
  38      4CB388BF 
  38      CCF73D2D 
  38      95B5
  39 005d C9C697F4 		.ascii	"\311\306\227\364\364|\337\363\376<\357\363|\255\023"
  39      F47CDFF3 
  39      FE3CEFF3 
  39      7CAD13
  40 006c 00AA1D00 		.ascii	"\000\252\035\000\255\010PG\357\350\000T^\234\002hw+"
  40      AD085047 
  40      EFE80054 
  40      5E9C0268 
  40      772B
  41 007e 8A98A902 		.ascii	"\212\230\251\002\323\243Z;\300\254\024\250\346\217U"
  41      D3A35A3B 
  41      C0AC14A8 
  41      E68F55
  42 008d 447E31DD 		.ascii	"D~1\335\010m\212P\261\015{\304K\002\307\273\026\263"
  42      086D8A50 
  42      B10D7BC4 
  42      4B02C7BB 
  42      16B3
  43 009f CAB6B74D 		.ascii	"\312\266\267MZ\326\313\177mi7\017\335\237\026\000}\364"
ARM GAS  /tmp/ccauBuxG.s 			page 3


  43      5AD6CB7F 
  43      6D69370F 
  43      DD9F1600 
  43      7DF4
  44 00b1 E185EFE1 		.ascii	"\341\205\357\3416\240\260k\357\256\366nr\252\371s<\203"
  44      36A0B06B 
  44      EFAEF66E 
  44      72AAF973 
  44      3C83
  45 00c3 4EA0C670 		.ascii	"N\240\306p*\347\260\314\325\333]\246u\3538\2164y\020"
  45      2AE7B0CC 
  45      D5DB5DA6 
  45      75EB388E 
  45      347910
  46 00d6 D202157E 		.ascii	"\322\002\025~\000\034\246HjhZ\320-\024~\353\260\340"
  46      001CA648 
  46      6A685AD0 
  46      2D147EEB 
  46      B0E0
  47 00e8 068E9F5D 		.ascii	"\006\216\237]\352\351\366r\201\224@\252\333wh|\332u"
  47      EAE9F672 
  47      819440AA 
  47      DB77687C 
  47      DA75
  48 00fa 44A48582 		.ascii	"D\244\205\202\334fjh\345\246'\277eF*\035e\372\257Wd"
  48      DC666A68 
  48      E5A627BF 
  48      65462A1D 
  48      65FAAF57 
  49 010f 70A09DB6 		.ascii	"p\240\235\266\276\264\020\370\001V\341\373X\005\034"
  49      BEB410F8 
  49      0156E1FB 
  49      58051C
  50 011e DEB53839 		.ascii	"\336\26589\263Y\016\231\235\355\214\251\370!f\260\327"
  50      B3590E99 
  50      9DED8CA9 
  50      F82166B0 
  50      D7
  51 012f 668E1FA1 		.ascii	"f\216\037\241\244v\035\377<\377\212+\337M\3117<\177"
  51      A4761DFF 
  51      3CFF8A2B 
  51      DF4DC937 
  51      3C7F
  52 0141 7BC5DAC2 		.ascii	"{\305\332\302\035\020\025\314R\235\005\354\234\233\250"
  52      1D1015CC 
  52      529D05EC 
  52      9C9BA8
  53 0150 2BC450C0 		.ascii	"+\304P\300\251\345\354\237\233\362\001\200g\271\021"
  53      A9E5EC9F 
  53      9BF20180 
  53      67B911
  54 015f AD6E2160 		.ascii	"\255n!`\246*?\301\255\237\216^\260'\270\223\\\346-\236"
  54      A62A3FC1 
  54      AD9F8E5E 
  54      B027B893 
  54      5CE62D9E 
  55 0173 FEEEFC46 		.ascii	"\376\356\374F\376\347\3671\312\365\343\253\324l\224"
ARM GAS  /tmp/ccauBuxG.s 			page 4


  55      FEE7F731 
  55      CAF5E3AB 
  55      D46C94
  56 0182 B216493E 		.ascii	"\262\026I>:\277\334y:-\370\334\201\254\301\257\227R"
  56      3ABFDC79 
  56      3A2DF8DC 
  56      81ACC1AF 
  56      9752
  57 0194 F39B79EB 		.ascii	"\363\233y\353D\037m\337\274\230;\347\025\215\266b\357"
  57      441F6DDF 
  57      BC983BE7 
  57      158DB662 
  57      EF
  58 01a5 9C7CED58 		.ascii	"\234|\355Xe\315q\323L\232\326\365\324\203\251\216#G"
  58      65CD71D3 
  58      4C9AD6F5 
  58      D483A98E 
  58      2347
  59 01b7 CD4C726B 		.ascii	"\315LrkZ\270\320BAv\3419\"4V\230\003?\301\032\346\265"
  59      5AB8D042 
  59      4176E139 
  59      22345698 
  59      033FC11A 
  60 01cd 648EAA5C 		.ascii	"d\216\252\\\317\205>\034'\354gL^\233\357=\363=\026\255"
  60      CF853E1C 
  60      27EC674C 
  60      5E9BEF3D 
  60      F33D16AD 
  61 01e1 EECCDF88 		.ascii	"\356\314\337\210\201\373\034\266\335}\002\241\004\233"
  61      81FB1CB6 
  61      DD7D02A1 
  61      049B
  62 01ef 1EAD7B41 		.ascii	"\036\255{A\003\234`P)\005\377\236\254\015\003~\312\230"
  62      039C6050 
  62      2905FF9E 
  62      AC0D037E 
  62      CA98
  63 0201 28C5E653 		.ascii	"(\305\346S\265\203\304\353<\203j)\230{U0I\300\317\030"
  63      B583C4EB 
  63      3C836A29 
  63      987B5530 
  63      49C0CF18 
  64 0215 76ACBF7B 		.ascii	"v\254\277{\3709:\361\013\276z\364 \275`\226\375z}p\370"
  64      F8393AF1 
  64      0BBE7AF4 
  64      20BD6096 
  64      FD7A7D70 
  65 022a 0F4FF5A2 		.ascii	"\017O\365\2422h\036#\215\335\23404?b\272U\205\306\275"
  65      32681E23 
  65      8DDD9C30 
  65      343F62BA 
  65      5585C6BD 
  66 023e 80D5B611 		.ascii	"\200\325\266\0217\227\257\314)t\202\027Q\265\007\006"
  66      3797AFCC 
  66      29748217 
  66      51B50706 
  67 024e 9CB4953D 		.ascii	"\234\264\225=16\261PY\275T\310\256\340\330\337N\016"
ARM GAS  /tmp/ccauBuxG.s 			page 5


  67      3136B150 
  67      59BD54C8 
  67      AEE0D8DF 
  67      4E0E
  68 0260 CF7AEDEC 		.ascii	"\317z\355\354/9\033/\241J\266$}\266x\000\313\330\361"
  68      2F391B2F 
  68      A14AB624 
  68      7DB67800 
  68      CBD8F1
  69 0273 C3C2C0EF 		.ascii	"\303\302\300\357O\225*u\272\250\224\363\016\322S\304"
  69      4F952A75 
  69      BAA894F3 
  69      0ED253C4 
  70 0283 759A49F3 		.ascii	"u\232I\363\203\200lvy\316\325\366\257\351N\013O\037"
  70      83806C76 
  70      79CED5F6 
  70      AFE94E0B 
  70      4F1F
  71 0295 1930C5D8 		.ascii	"\0310\305\330\014\266\321\345\361\256\331_bj\377=L\275"
  71      0CB6D1E5 
  71      F1AED95F 
  71      626AFF3D 
  71      4CBD
  72 02a7 6C9B5ABC 		.ascii	"l\233Z\274K.\322&w7S\207\213T\335\345\246\372z\310\324"
  72      4B2ED226 
  72      77375387 
  72      8B54DDE5 
  72      A6FA7AC8 
  73 02bc AF18AC28 		.ascii	"\257\030\254(7\365\201\010\340\025\306<\345\246>v\202"
  73      37F58108 
  73      E015C63C 
  73      E5A63E76 
  73      82
  74 02cd 78CD32E8 		.ascii	"x\3152\350-\005o\364\013&\011\370u\271\251\337\220>"
  74      2D056FF4 
  74      0B2609F8 
  74      75B9A9DF 
  74      903E
  75 02df 575983AB 		.ascii	"WY\203\253\353L]\035\374q\314\273\346W\316\366\353["
  75      EB4C5D1D 
  75      FC71CCBB 
  75      E657CEF6 
  75      EB5B
  76 02f1 DBAF5273 		.ascii	"\333\257Rs\276+\232\303\365\355_\252Z\370\263a\243\272"
  76      BE2B9AC3 
  76      F5ED5FAA 
  76      5AF8B361 
  76      A3BA
  77 0303 D315F69F 		.ascii	"\323\025\366\237U\231\356\225\224;W\020\375\027LfV\336"
  77      5599EE95 
  77      943B5710 
  77      FD174C66 
  77      56DE
  78 0315 403B90D7 		.ascii	"@;\220\327a\272\353T\202\2324\310P,\252\313\026\355"
  78      61BAEB54 
  78      829A34C8 
  78      502CAACB 
ARM GAS  /tmp/ccauBuxG.s 			page 6


  78      16ED
  79 0327 39B94B37 		.ascii	"9\271K7\236I\304Z\345\023O\006\244\036\335\253\007\203"
  79      9E49C45A 
  79      E5134F06 
  79      A41EDDAB 
  79      0783
  80 0339 7A50C60C 		.ascii	"zP\306\014\031j\211\310\326X<a\310\300\036\377\303;"
  80      196A89C8 
  80      D6583C61 
  80      C8C01EFF 
  80      C33B
  81 034b 6563E32E 		.ascii	"ec\343.\271\247\301\277\177\007#\315F\2429\022\011n"
  81      B9A7C1BF 
  81      7F0723CD 
  81      46A23912 
  81      096E
  82 035d D7C0B5B7 		.ascii	"\327\300\265\267\305\320w\307\303\365\367\256\250\305"
  82      C5D077C7 
  82      C3F5F7AE 
  82      A8C5
  83 036b A2D1D8BE 		.ascii	"\242\321\330\276B\321\307\233\374\365\376\003R\013i"
  83      42D1C79B 
  83      FCF5FE03 
  83      520B69
  84 037a B1B8DEBC 		.ascii	"\261\270\336\274\377\321\350\366\020\354\336p\015\375"
  84      FFD1E8F6 
  84      10ECDE70 
  84      0DFD
  85 0388 40822BC8 		.ascii	"@\202+\310z\177\240! \353\251\204l\330\247E\236\015"
  85      7A7FA021 
  85      20EBA984 
  85      6CD8A745 
  85      9E0D
  86 039a EA528B1A 		.ascii	"\352R\213\032a\243\371iM\243\202\217ll\314\230A\217"
  86      61A3F969 
  86      4DA3828F 
  86      6C6CCC98 
  86      418F
  87 03ac 78C2FEDE 		.ascii	"x\302\376\336X\026\005\207\327\372\205\214\203\006e"
  87      58160587 
  87      D7FA858C 
  87      830665
  88 03bb 6DF5079A 		.ascii	"m\365\007\232|,Fk<\\\353\253y\010\2248\270\242z4\026"
  88      7C2C466B 
  88      3C5CEBAB 
  88      79089438 
  88      B8A27A34 
  89 03d0 3F08FF01 		.ascii	"?\010\377\001\246\020.6"
  89      A6102E36 
  90              		.text
  91              		.section	.gnu.lto_st_lld_init.60efbe06a644c29a,"",%progbits
  92 0000 789C9D94 		.ascii	"x\234\235\224\313O\023A\030\300\347\333Y\332- QO&\366"
  92      CB4F1341 
  92      18C0E7DB 
  92      59DA2D20 
  92      514F26F6 
  93 0014 E0150F4E 		.ascii	"\340\025\017N\320\203\377\000\007\211\340\005\256\206"
ARM GAS  /tmp/ccauBuxG.s 			page 7


  93      D083FF00 
  93      0789E005 
  93      AE86
  94 0022 206D8211 		.ascii	" m\202\021Rb\211\336\354\362j\001\211!*\030t\325\215"
  94      526289DE 
  94      ECF26A01 
  94      89212A18 
  94      74D58D
  95 0035 1A0907D2 		.ascii	"\032\011\007\322\224\207\330\372`)(\362*\210 \217r2"
  95      9487D8FA 
  95      602928F2 
  95      2A88208F 
  95      7232
  96 0047 0151C118 		.ascii	"\001Q\301\030C\324h\240\3167[Z\302\215N\262\263\363"
  96      43D468A0 
  96      CE375B5A 
  96      C28D4EB2 
  96      B3F3
  97 0059 DADF6FBE 		.ascii	"\332\337o\276\331\231\261\020B\332\323\0109\313\337"
  97      D999B110 
  97      42DAD308 
  97      39CBDF
  98 0068 47F90394 		.ascii	"G\371\003\224\200\324\022!\244Z\221\000\260\240*@<\022"
  98      80D41221 
  98      A45A9100 
  98      B0A02A40 
  98      3C12
  99 007a 78A099DE 		.ascii	"x\240\231\336\246\020\366\255\006\245\354\016\225'\343"
  99      A610F6AD 
  99      06A5EC0E 
  99      9527E3
 100 0089 CECFC35E 		.ascii	"\316\317\303^\265\376\210F\011i\343\017&\350\201l\302"
 100      B5FE8846 
 100      0969E30F 
 100      26E8816C 
 100      C2
 101 009a 877D0A6C 		.ascii	"\207}\012l\267\036\260\310f;\364\202\205\000/\370g\322"
 101      B71EB0C8 
 101      663BF482 
 101      85002FF8 
 101      67D2
 102 00ac 0C753BE6 		.ascii	"\014u;\346S\215\341\307\260Ux\010\210FA\302\214b&cF"
 102      538DE1C7 
 102      B0557808 
 102      884641C2 
 102      8C622663 
 103 00c1 4803FF86 		.ascii	"H\003\377\206\213U\2034R\011K\265\006\371\012\341\320"
 103      8B558334 
 103      52094BB5 
 103      06F90AE1 
 103      D0
 104 00d2 97818B48 		.ascii	"\227\201\213H\272K\201\013\332\352\303S\326\353T\243"
 104      BA4B810B 
 104      DAEAC353 
 104      D6EB54A3 
 105 00e2 12A02FEA 		.ascii	"\022\240/\352\237\374\246\230UUoPe\336\364\304\037\270"
 105      9FFCA698 
ARM GAS  /tmp/ccauBuxG.s 			page 8


 105      55556F50 
 105      65DEF4C4 
 105      1FB8
 106 00f4 073A3CA8 		.ascii	"\007:<\250\346S=\246Q\012\317\300\016}`'8\376f\317\354"
 106      E6533DA6 
 106      510ACFC0 
 106      0E7D6027 
 106      38FE66CF 
 107 0109 79D6A5D6 		.ascii	"y\326\245\326\201Fe\350\347\303ZE\000\360\034\030w\325"
 107      814665E8 
 107      E7C35A45 
 107      00F01C18 
 107      77D5
 108 011b FEF182A9 		.ascii	"\376\361\202\251\222L[\357\360\210W\340\201\247 g\360"
 108      924C5BEF 
 108      F08857E0 
 108      81A72067 
 108      F0
 109 012c F9CC3689 		.ascii	"\371\3146\2111\3732\205\222\246\027\3008^\004\3269f"
 109      31FB3285 
 109      92A617C0 
 109      385E04D6 
 109      3966
 110 013e 336D7477 		.ascii	"3mtw`i\"\260\246\332\301n\305\254\252F\213\232\305\233"
 110      606922B0 
 110      A6DAC16E 
 110      C5ACAA46 
 110      8B9AC59B 
 111 0152 1637EA02 		.ascii	"\0267\352\002\031I\235\005^q\335\313\270.\264\336\331"
 111      19499D05 
 111      5E71DDCB 
 111      B82EB4DE 
 111      D9
 112 0163 6F49F85E 		.ascii	"oI\370^\013\037.=\014\354\211L6u\033\023+\217d32\365"
 112      0B1F2E3D 
 112      0CEC894C 
 112      36751B13 
 112      2B8F6433 
 113 0179 20187B43 		.ascii	" \030{C\333\207k0\351\012cl2\2226\327&\033\263\342\254"
 113      DB876B30 
 113      E90A636C 
 113      329236D7 
 113      261BB3E2 
 114 018e 44645611 		.ascii	"DdV\021Y\244\353\367\217t\263\212\273\011\177\231~\377"
 114      59A4EBF7 
 114      8F74B38A 
 114      BB097F99 
 114      7EFF
 115 01a0 B32D2ED3 		.ascii	"\263-.\323\257\361\315\240\3000\327\015\305u\276\325"
 115      AFF1CDA0 
 115      C030D70D 
 115      C575BED5 
 116 01b0 F1E92CD4 		.ascii	"\361\351,\324U\343Tdx#\204\022\012\337\002\343\003F"
 116      55E35464 
 116      78238412 
 116      0ADF02E3 
 116      0346
ARM GAS  /tmp/ccauBuxG.s 			page 9


 117 01c2 867ED549 		.ascii	"\206~\325IH\224\341a\273\004#f0\233k\221\304\024\366"
 117      4894E161 
 117      BB042366 
 117      309B6B91 
 117      C414F6
 118 01d5 27782704 		.ascii	"'x'\004b\007\217\012Aha\356\264\311\217\305(\214\355"
 118      62078F0A 
 118      416861EE 
 118      B4C98FC5 
 118      288CED
 119 01e8 F0A752E4 		.ascii	"\360\247R\344\217\013\276\214\374\011\301O\254\220\014"
 119      8F0BBE8C 
 119      FC09C14F 
 119      AC900C
 120 01f7 042677F0 		.ascii	"\004&w\360\013)\341m\020\021x~\266\261\323h\256\351"
 120      0B29E16D 
 120      1011787E 
 120      B6B1D368 
 120      AEE9
 121 0209 B4E6F8B1 		.ascii	"\264\346\370\261S\357\026\377k\012\030\034\267\213\275"
 121      53EF16FF 
 121      6B0A181C 
 121      B78BBD
 122 0218 380D3949 		.ascii	"8\0159I\335b\212\321\274\027:\013\362f8:\301[J\221\367"
 122      DD628AD1 
 122      BC173A0B 
 122      F266383A 
 122      C15B4A91 
 123 022d 41F0ACC8 		.ascii	"A\360\254\310\233\335\315\213\246\310\233\023<\005y"
 123      9BDDCD8B 
 123      A6C89B13 
 123      3C0579
 124 023c 1FC56AF7 		.ascii	"\037\305j\367\371&\002\351\346j\003\314\357\340\227"
 124      F92602E9 
 124      E66A03CC 
 124      EFE097
 125 024b 53C42F08 		.ascii	"S\304/\010\274\015\361\213|\272\310[\207z=\366\224\212"
 125      BC0DF18B 
 125      7CBAC85B 
 125      877A3DF6 
 125      948A
 126 025d EB8F7F11 		.ascii	"\353\217\177\021\014\256G\255\236-U\321hz\033\036\024"
 126      0CAE47AD 
 126      9E2D55D1 
 126      687A1B1E 
 126      14
 127 026e 58020F76 		.ascii	"X\002\017v\254\214\336\362f\342D28?\012v<\366\177\347"
 127      AC8CDEF2 
 127      66E24432 
 127      383F0A76 
 127      3CF67FE7 
 128 0282 6F286693 		.ascii	"o(f\223\002\313`\327h&\371\0165\372\277\016q2\305]\333"
 128      02CB60D7 
 128      6826F90E 
 128      35FABF0E 
 128      7132C55D 
 129 0297 C019FC76 		.ascii	"\300\031\374v\344\007 \217\225\271*\234\254\244\364"
ARM GAS  /tmp/ccauBuxG.s 			page 10


 129      E407208F 
 129      95B92A9C 
 129      ACA4F4
 130 02a6 2ACB75BA 		.ascii	"*\313u\272/U\271*\331\231s\205\314Yq\301\351p8\035\314"
 130      2F55B92A 
 130      D9997385 
 130      CC5971C1 
 130      E970381D 
 131 02bb E5666525 		.ascii	"\345fe%\345\254\322u\271\312\315\012\213\012N\235d\371"
 131      E5ACD275 
 131      B9CACD0A 
 131      8B0A4E9D 
 131      64F9
 132 02cd F9B9AC28 		.ascii	"\371\271\254(\257\340J\016\366\024\273\253\212\313\313"
 132      AFE04A0E 
 132      F614BBAB 
 132      8ACBCB
 133 02dc 1D274AC9 		.ascii	"\035'J\311\177|I\351\246"
 133      7F7C49E9 
 133      A6
 134              		.text
 135              		.section	.gnu.lto_.symbol_nodes.60efbe06a644c29a,"",%progbits
 136 0000 789C6363 		.ascii	"x\234cc``(\004b\006\246o\214\365\014\014\023\31610\000"
 136      60602804 
 136      6206A66F 
 136      8CF50C0C 
 136      13CE3130 
 137 0015 A95D0D8E 		.ascii	"\251]\015\216@\221\357\214\365\214(\"\214?\030\353\231"
 137      4091EF8C 
 137      F58C2822 
 137      8C3F18EB 
 137      99
 138 0026 C0220C0C 		.ascii	"\300\"\014\014\015\015\016@\201\237\214\365\314(\002"
 138      0D0D0E40 
 138      819F8CF5 
 138      CC2802
 139 0035 BF18EB59 		.ascii	"\277\030\353Y\220\005\230\201\260\245\355=+3\003\023"
 139      90059881 
 139      B0A5ED3D 
 139      2B330313 
 140 0045 434BFB1B 		.ascii	"CK\373\033yfF\026\206'@\232\001\000\234U\035\010"
 140      79664616 
 140      8627409A 
 140      01009C55 
 140      1D08
 141              		.text
 142              		.section	.gnu.lto_.refs.60efbe06a644c29a,"",%progbits
 143 0000 789C6363 		.ascii	"x\234cc```\004b\006\000\000D\000\010"
 143      60606004 
 143      62060000 
 143      440008
 144              		.text
 145              		.section	.gnu.lto_.decls.60efbe06a644c29a,"",%progbits
 146 0000 789CB558 		.ascii	"x\234\265XiPTW\026~\367\335\246i\032h,\264R\326\224"
 146      69505457 
 146      167EF7DD 
 146      A6691A68 
ARM GAS  /tmp/ccauBuxG.s 			page 11


 146      2CB452D6 
 147 0015 556359D4 		.ascii	"UcY\324H~\304\026uf\362cj*\332`\244*\030\247!3S\251"
 147      487EC416 
 147      7566F263 
 147      6A2ADA60 
 147      A42A18A7 
 148 002d 99EA20B4 		.ascii	"\231\352 \264\201\012\213Cc\242\177&\217\305\204%.("
 148      810A8B43 
 148      63A27F26 
 148      8FC58425 
 148      2E28
 149 003f 6A04175C 		.ascii	"j\004\027\\X\024\215\240\"\262(K\313\"\015\202\255\242"
 149      58148DA0 
 149      22B2284B 
 149      CB220D82 
 149      ADA2
 150 0051 282822EE 		.ascii	"((\"\356\012\210k \312\234{\357k\336\353G\2238\333+"
 150      0A886B20 
 150      CA9C7BEF 
 150      6BDEEB47 
 150      9338DB2B 
 151 0065 4EDF77EE 		.ascii	"N\337w\356\373\356w\317=\347\274{\317C\315q\334\266"
 151      FBEE77CF 
 151      3DE7BC7B 
 151      CF43CD71 
 151      DCB6
 152 0077 7738EE84 		.ascii	"w8\356\204\212\343\226 \216\033\203\013C_\035\010\250"
 152      8AE39620 
 152      8E1B830B 
 152      435F1D08 
 152      A8
 153 0088 DC298E5D 		.ascii	"\334)\216]n \015 M gAl \035\334\304+\023\006yA\373\031"
 153      6E200D20 
 153      4D206741 
 153      6C201DDC 
 153      C42B1306 
 154 00a0 C86C9069 		.ascii	"\310l\220i\240O\005\351\204{_\242\213\234\277\202\276"
 154      A04F05E9 
 154      847B5FA2 
 154      8B9CBF82 
 154      BE
 155 00b1 5F83CC04 		.ascii	"_\203\314\0049#\316E~\274\305yf\301\275\037\310o@\374"
 155      3923CE45 
 155      7EBCC579 
 155      66C1BD1F 
 155      C86F40FC 
 156 00c5 41E680CC 		.ascii	"A\346\200\314El\336y\320.\000\371\035\310\373\210\331"
 156      456CDE79 
 156      D02E00F9 
 156      1DC8FB88 
 156      D9
 157 00d6 A3BC3688 		.ascii	"\243\2746\210\\\016;BA\377\223h\307\337\240\375\024"
 157      5C0E3B42 
 157      41FF9368 
 157      C7DFA0FD 
 157      14
 158 00e7 49B6F543 		.ascii	"I\266\365C\337\337\021\263\253\035D\013\022\010\372"
ARM GAS  /tmp/ccauBuxG.s 			page 12


 158      DFDF11B3 
 158      AB1D440B 
 158      1208FA
 159 00f6 5F40A680 		.ascii	"_@\246\200\214\202\376\023\310\033\2201\020\014}:\020"
 159      8C82FE13 
 159      C81B9031 
 159      100C7D3A 
 159      10
 160 0107 35082FFA 		.ascii	"5\010/\372\304\225/\2621\352i>P\21431\232\255E\304\263"
 160      C4952FB2 
 160      31EA693E 
 160      508C3331 
 160      9AAD45C4 
 161 011c 3ED075E4 		.ascii	">\320u\344Q\305\217\336\254\213 \006^\264\332\3341O"
 161      51C58FDE 
 161      AC8B2006 
 161      5EB4DADC 
 161      314F
 162 012e EF1FEDEF 		.ascii	"\357\037\355\357|\246\236sH`\227&\027s\250\014a\007"
 162      7CA69E73 
 162      48609726 
 162      1773A80C 
 162      6107
 163 0140 977DC3F0 		.ascii	"\227}\303\360~w\034F\221\347SKv\020^_-R\201\372\244"
 163      7E771C46 
 163      91E7534B 
 163      76105E5F 
 163      2D5281FA 
 164 0155 2DE7960E 		.ascii	"-\347\226\016\324iZ43\033\3637\272F\273uH\353\237&\010"
 164      D4695A34 
 164      331BF337 
 164      BA46BB75 
 164      48EB9F26 
 165 016a C9425E8A 		.ascii	"\311B^\212\340\261\204C\025h\006:\211fp\250\012\371"
 165      E0B18443 
 165      1568063A 
 165      896670A8 
 165      0AF9
 166 017c 93B94FA0 		.ascii	"\223\271O\2409\034:\016\235\307\240\263\200\314W;\226"
 166      391C3A0E 
 166      9DC7A0B3 
 166      80CC573B 
 166      96
 167 018d FBC7EDC3 		.ascii	"\373\307\355\303\2020\023U\"-*G\230b *\263\265\314\200"
 167      82301355 
 167      222D2A47 
 167      9862202A 
 167      B3B5CC80 
 168 01a1 03FBB3F6 		.ascii	"\003\373\263\366\252q6\"\026\360U\271\267\033\370\311"
 168      AA713622 
 168      16F055B9 
 168      B71BF8C9 
 169 01b1 E6383DE9 		.ascii	"\3468=\351\034\203\305\263\032\327\012\002\217N\301"
 169      1C83C5B3 
 169      1AD70A02 
 169      8F4EC1
 170 01c0 1CD5D21C 		.ascii	"\034\325\322\0340%i\240\027&\252\254;U\343y\003\365"
ARM GAS  /tmp/ccauBuxG.s 			page 13


 170      302569A0 
 170      1726AAAC 
 170      3B55E379 
 170      03F5
 171 01d2 20F02E9A 		.ascii	" \360.\232B\327\217X\202\300E~\230>\346\270\020\353"
 171      42D78F58 
 171      82C0457E 
 171      983EE6B8 
 171      10EB
 172 01e4 875E9E35 		.ascii	"\207^\2365\"\224(\216!h\274\207\0279x\007/\375\023\011"
 172      2294288E 
 172      2168BC87 
 172      17397807 
 172      2FFD1309 
 173 01f8 909C953D 		.ascii	"\220\234\225=g\3239.\226\246\354F6\216u\361\322d\262"
 173      67D3392E 
 173      96A6EC46 
 173      368E75F1 
 173      D264B2
 174 020b 21136CE5 		.ascii	"!\023l\345\306\037\217\033%-\022\211\341\256\267'\335"
 174      C61F8F1B 
 174      252D1289 
 174      E1AEB727 
 174      DD
 175 021c D3F6A2EB 		.ascii	"\323\366\242\353\360\364S\216\333\250\211\245\201\177"
 175      F0F4538E 
 175      DBA889A5 
 175      817F
 176 022a 3CF8A850 		.ascii	"<\370\250P\207\233h\014P\303\330\313Z\037\226\005<I"
 176      879B680C 
 176      50C3D8CB 
 176      5A1F9605 
 176      3C49
 177 023c 90A1D69D 		.ascii	"\220\241\326\235\236,\013\246\200z\350\273\261l\267"
 177      9E2C0BA6 
 177      807AE8BB 
 177      B16CB7
 178 024b E95B89DB 		.ascii	"\351[\211\3337\246\010Sx\364\331;\310\012\301\250\207"
 178      37A60853 
 178      78F4D93B 
 178      C80AC1A8 
 178      87
 179 025c 6070E80C 		.ascii	"`p\350\014\232\016\277q*6Y\367\263\255\311\352YyB^\257"
 179      9A0EBF71 
 179      2A3659F7 
 179      B3ADC9EA 
 179      5979425E 
 180 0271 50DB54B9 		.ascii	"P\333T\271\240\246\376\033\241\003\306}@q\250N\212S"
 180      A0A6FE1B 
 180      A103C67D 
 180      4071A84E 
 180      8A53
 181 0283 1DC94754 		.ascii	"\035\311GT\213z\021\252A7\300\266\0064\213$\340w\203"
 181      8B7A11AA 
 181      4137C0B6 
 181      06348B24 
 181      E07783
ARM GAS  /tmp/ccauBuxG.s 			page 14


 182 0296 793E3887 		.ascii	"y>8\207\245q\316\353\374B$\222\235\263y\345\010\265"
 182      A571CEEB 
 182      FC422492 
 182      9DB379E5 
 182      08B5
 183 02a8 C9020939 		.ascii	"\311\002\0119\241j\224\250\032\225TM\224\352\306\320"
 183      A16A94A8 
 183      1A95544D 
 183      94EAC6D0 
 184 02b8 D3264F5C 		.ascii	"\323&O\\\300\250\354\325\365\267\274\201\252\027R\247"
 184      C0A8ECD5 
 184      F5B7BC81 
 184      AA1752A7 
 185 02c8 BDDDFF75 		.ascii	"\275\335\377u\311=!M\313\214j\226\230\232\305\227\004"
 185      C93D214D 
 185      CB8C6A96 
 185      989AC597 
 185      04
 186 02d9 9DA50CE9 		.ascii	"\235\245\014\351\345\326u\030\277f\014-eO[\221\310`"
 186      E5D67518 
 186      BF660C2D 
 186      654F5B91 
 186      C860
 187 02eb 7DF007DB 		.ascii	"}\360\007\333q!\325\215\216o\221\306\2678\306\333\350"
 187      7121D58D 
 187      8E6F91C6 
 187      B738C6DB 
 187      E8
 188 02fc F8DC8B7D 		.ascii	"\370\334\213}\373x\334\210\351\370\246\242\262:\244"
 188      FB78DC88 
 188      E9F8A6A2 
 188      B23AA4
 189 030b E2596E12 		.ascii	"\342Yn\022\177A\237\355ea\215j\274\257\015\321\316'"
 189      7F419FED 
 189      65618D6A 
 189      BCAF0DD1 
 189      CE27
 190 031d A7AF6FE5 		.ascii	"\247\257o\345'uw;u\3679$\372{\377\321\035\305^\242U"
 190      2775773B 
 190      75F73924 
 190      FA7BFFD1 
 190      1DC55EA2 
 191 0332 A323EF6F 		.ascii	"\243#\357o\247V\001\006\265JV\265:\254\352\240V\225"
 191      A7560106 
 191      B54A56B5 
 191      3AACEAA0 
 191      5695
 192 0344 DFDC52E3 		.ascii	"\337\334R\343\301\202}\205z\271\352Y\213\033\3235\344"
 192      C1827D85 
 192      7AB9EA59 
 192      8B1BD335 
 192      E4
 193 0355 F14071B9 		.ascii	"\361@q\2717\013~-y|\341\316\236T/\366\270\203\350\326"
 193      370B7E2D 
 193      797CE1CE 
 193      9E542FF6 
 193      B883E8D6 
ARM GAS  /tmp/ccauBuxG.s 			page 15


 194 0369 CEA62115 		.ascii	"\316\246!\025\336\256\242\213\372\336^\032\244\2057"
 194      DEAEA28B 
 194      FADE5E1A 
 194      A48537
 195 0378 37E5ADDE 		.ascii	"7\345\255\336\\\030\320\332:\332\346\206w\263\321\231"
 195      5C18D0DA 
 195      3ADAE686 
 195      77B3D199 
 196 0388 0D658DE2 		.ascii	"\015e\215\342\346\323L\364\354Jk\225'\336\313\036\336"
 196      E6D34CF4 
 196      EC4A6B95 
 196      27DECB1E 
 196      DE
 197 0399 CAE8B3AA 		.ascii	"\312\350\263\252q!S\034F\371\212F\355\276\366\034|]"
 197      7121531C 
 197      46F98A46 
 197      EDBEF61C 
 197      7C5D
 198 03ab CC1E5695 		.ascii	"\314\036V\225W7\212\013\230+\313^_\226\275'\356\234"
 198      57378A0B 
 198      982BCB5E 
 198      5F96BD27 
 198      EE9C
 199 03bd 6DD4B2F5 		.ascii	"m\324\262\365\010\010\364S\366\356\017p\011\033Y?\\"
 199      0808F453 
 199      F6EE0F70 
 199      091B593F 
 199      5C
 200 03ce 5228AE0D 		.ascii	"R(\256\015\203\332\273\321:\346C\226#\260\345\220~\307"
 200      83DABBD1 
 200      3AE64396 
 200      23B0E590 
 200      7EC7
 201 03e0 8238D447 		.ascii	"\2028\324Gv\026\244\237\201n\262\245<\337X\262\330w"
 201      7616A49F 
 201      816EB2A5 
 201      3CDF58B2 
 201      D877
 202 03f2 230D1324 		.ascii	"#\015\023$\270\212\206\360\006\240\257S\364-\344\353"
 202      B88A86F0 
 202      06A0AF53 
 202      F42DE4EB 
 203 0402 1843C049 		.ascii	"\030C\300I7\363\257\353\344\350\316\237C\377\260/\177"
 203      37F3AFEB 
 203      E4E8CE9F 
 203      43FFB02F 
 203      7F
 204 0413 9B161F67 		.ascii	"\233\026\037gF\346>\355\271/\306\313\037\324\202\027"
 204      46E63EED 
 204      B92FC6CB 
 204      1FD48217 
 205 0423 55291A7C 		.ascii	"U)\032|\222=\333|zg\233;\256f\212c\363\366\245\2337"
 205      923DDB7C 
 205      7A679B3B 
 205      AE668A63 
 205      F3F6A59B 
 206 0438 4ABEBC08 		.ascii	"J\276\274\010\327\262'5Y\233z\020>\303\224\201\324\333"
ARM GAS  /tmp/ccauBuxG.s 			page 16


 206      D7B22735 
 206      599B7A10 
 206      3EC39481 
 206      D4DB
 207 044a BDA27FA6 		.ascii	"\275\242\177\246\203\272\305\366p6>\313\036\275i\266"
 207      83BAC5F6 
 207      70363ECB 
 207      1EBD69B6 
 208 045a CEC6EDEC 		.ascii	"\316\306\355\354\276\361DQ!\302\227\2302\234\323\370"
 208      BEF14451 
 208      21C29798 
 208      329CD3F8 
 209 046a 508BBB98 		.ascii	"P\213\273\230\222g\337qR\203\273\231R\360jk\201\027"
 209      9267DF71 
 209      5283BB99 
 209      52F06A6B 
 209      8117
 210 047c BEC9948B 		.ascii	"\276\311\224\213\025\227\322<\361\035\246\244\225\226"
 210      1597D23C 
 210      F11DA6A4 
 210      9596
 211 048a 7EEF891F 		.ascii	"~\357\211\0370%\271\252+K\334az\211\336\237\337\237"
 211      3025B9AA 
 211      2B4BDC61 
 211      7A89DE9F 
 211      DF9F
 212 049c E7214645 		.ascii	"\347!FE\015z\206\275\365%\302\003\014\23454\274Y=i\034"
 212      0D7A86BD 
 212      F525C203 
 212      0C9C3534 
 212      BC593D69 
 213 04b1 5E39E230 		.ascii	"^9\3420\227\206\241\274l\337\240F\031\207\013\200\266"
 213      9786A1BC 
 213      6CDFA046 
 213      19870B80 
 213      B6
 214 04c2 53F48FD4 		.ascii	"S\364\217\324\263\257\034\236=s\346\324k\244\214\303"
 214      B3AF1C9E 
 214      3D73E6D4 
 214      6BA48CC3 
 215 04d2 64E8776A 		.ascii	"d\350wj\277\315[\353\211\374\3305\325\317q\371\223\237"
 215      BFCD5BEB 
 215      89FCD835 
 215      D5CF71F9 
 215      939F
 216 04e4 BD426A8A 		.ascii	"\275Bj\212P{c\027N/\355?\237$\354\237N\251\356\302k"
 216      507B6317 
 216      4E2FED3F 
 216      9F24EC9F 
 216      4EA9EEC2 
 217 04f9 97CC4F95 		.ascii	"\227\314O\225\336\203;\224\267\202\374rlH\337\327\260"
 217      DE833B94 
 217      B782FC72 
 217      6C48DFD7 
 217      B0
 218 050a 91A5620A 		.ascii	"\221\245b\012\037P\302\037Qx\200\204\256\227\241\207"
 218      1F50C21F 
ARM GAS  /tmp/ccauBuxG.s 			page 17


 218      51788084 
 218      AE97A187 
 219 051a 9568BB13 		.ascii	"\225h\273\023:I\250\275\232\206\223(\274\037\371\302"
 219      3A49A8BD 
 219      9A869328 
 219      BC1FF9C2 
 220 052a 7EC8E08E 		.ascii	"~\310\340\2164\203sPiK\213\214\375\211kv9\334.\203\017"
 220      34837350 
 220      694B8B8C 
 220      FD896B76 
 220      39DC2E83 
 221 053f 29E1D795 		.ascii	")\341\327\225\246\017\247a\011\336\245\204_\221\261"
 221      A60FA761 
 221      09DEA584 
 221      5F91B1
 222 054e 6789F110 		.ascii	"g\211\361\020`[C/\000\361\234>$x\330@\320w\274?\372"
 222      605B432F 
 222      00F19C3E 
 222      2478D840 
 222      D077BC3F 
 223 0563 86F74329 		.ascii	"\206\367C) \257\221\037\032\003\021\340~=\310Op\237"
 223      20AF911F 
 223      1A0311E0 
 223      7E3DC84F 
 223      709F
 224 0575 0A6D1AC8 		.ascii	"\012m\032\310\267 \033AF\241o\003\264o\240\315\200v"
 224      B7201B41 
 224      46A16F03 
 224      B46FA0CD 
 224      8076
 225 0587 2D4812C8 		.ascii	"-H\022\310:\220t\220L\336\217n\210\314\314\221\177J"
 225      3A907490 
 225      4CDE8F6E 
 225      88CCCC91 
 225      7F4A
 226 0599 563E555A 		.ascii	"V>UZ\251W\272\340\201\314\005\217]G\317\011.\367\301"
 226      A957BAE0 
 226      81CC058F 
 226      5D47CF09 
 226      2EF7C1
 227 05ac 55D73E90 		.ascii	"U\327>\220\273Lf\3133\227\266\310\300#2S\036(\301\367"
 227      BB4C66CB 
 227      3397B6C8 
 227      C0233253 
 227      1E28C1F7 
 228 05c0 2798322C 		.ascii	"'\2302,\203?t\015\227\347]\272\314\360KJ\370\305\211"
 228      833F740D 
 228      97E75DBA 
 228      CCF04B4A 
 228      F8C589
 229 05d3 592D5F68 		.ascii	"Y-_h\267\022\177\315\031\0179\332\222.f\352\010d\352"
 229      B7127FCD 
 229      190F39DA 
 229      922E66EA 
 229      0864EA
 230 05e6 4B11EF78 		.ascii	"K\021\357x\021\321y\311\034V\356\015\274\361M\202\364"
 230      11D179C9 
ARM GAS  /tmp/ccauBuxG.s 			page 18


 230      1C56EE0D 
 230      BCF14D82 
 230      F4
 231 05f7 20284E3C 		.ascii	" (N<\327\244\010\276I\303\025\307\005!]M'\277\354\332"
 231      D7A408BE 
 231      49C315C7 
 231      05215D4D 
 231      27BFECDA 
 232 060b 58D9DAAE 		.ascii	"X\331\332\256\312<1\350:\215\235\262^\276\264\333J|"
 232      CA3C31E8 
 232      3A8D9DB2 
 232      5EBEB4DB 
 232      4A7C
 233 061d CF04CFC9 		.ascii	"\317\004\317\311\341\367\\\357\007\024N\312\372\326"
 233      E1F75CEF 
 233      07144ECA 
 233      FAD6
 234 062b CE221DAE 		.ascii	"\316\"\035\256v\243\225pYZ\327!\037\344?\225\255\270"
 234      76A39570 
 234      595AD721 
 234      1FE43F95 
 234      ADB8
 235 063d 331DA790 		.ascii	"3\035\247\220\025o\206\321Y\374\370aN\0340\311\013\203"
 235      156F86D1 
 235      59FCF861 
 235      4E1C30C9 
 235      0B83
 236 064f 36C17BF2 		.ascii	"6\301{\362\377~gHU]\263\247\\\345\2251^\257S\023\245"
 236      FF7E6748 
 236      555DB3A7 
 236      5CE59531 
 236      5EAF5313 
 237 0664 FD399BF7 		.ascii	"\3759\233\367\242\325\006\264\000\276\364\352\324\210"
 237      A2D506B4 
 237      00BEF4EA 
 237      D488
 238 0672 176EA62B 		.ascii	"\027n\246+T\035J98\244B\3763\020\200\221\266\300\361"
 238      541D4A39 
 238      38A442FE 
 238      33108091 
 238      B6C0F1
 239 0685 7DC2A1ED 		.ascii	"}\302\241\355\274\026m\341\261\343\203'G\200\315\177"
 239      BC166DE1 
 239      B1E38327 
 239      4780CD7F 
 240 0695 E86BD20D 		.ascii	"\350k\322\015\367\032\332\322\357\003a\237\200\247s"
 240      F71ADAD2 
 240      EF03619F 
 240      80A773
 241 06a4 683EDDFC 		.ascii	"h>\335\374\321VX#y\304\241\357\371\031h\033?\203\235"
 241      D1565823 
 241      79C4A1EF 
 241      F919681B 
 241      3F839D
 242 06b7 3403A32A 		.ascii	"4\003\243*i\207G\224[\252\237rxi\207'\0129\213F\017"
 242      69874794 
 242      5BAA9F72 
ARM GAS  /tmp/ccauBuxG.s 			page 19


 242      78698727 
 242      0A398B46 
 243 06cc 578AE726 		.ascii	"W\212\347&9\212jZS\253='=}v\360\342\351\223\313\246"
 243      398A6A5A 
 243      53AB3D27 
 243      3D7D76F0 
 243      E2E993CB 
 244 06e1 7B96B1F6 		.ascii	"{\226\261\366\245X\303\270\203Ztg\307z/v\256\275\017"
 244      A558C3B8 
 244      835A7467 
 244      C77A2F76 
 244      AEBD0F
 245 06f4 6A715FB6 		.ascii	"jq_\266\015)\215\331\005\306\356\344\011\331nj\014\245"
 245      0D298DD9 
 245      05C6EEE4 
 245      09D96E6A 
 245      0CA5
 246 0706 A40AA96C 		.ascii	"\244\012\251l~\032\335\256\223;\227\224\230\322\364"
 246      7E1ADDAE 
 246      933B9794 
 246      98D2F4
 247 0715 79A273F3 		.ascii	"y\242s\363\250s\357\026\012/u\270\215:\027\215\3646"
 247      A873EF16 
 247      0A2F75B8 
 247      8D3A178D 
 247      F436
 248 0727 5FC0500A 		.ascii	"_\300P\012\326\222\322\273\032\027\227\226\300\2614"
 248      D692D2BB 
 248      1A179796 
 248      C0B134
 249 0736 2DD58332 		.ascii	"-\325\2032\354\2212h\017\257(\227\367\362\244,\034z"
 249      EC913268 
 249      0FAF2897 
 249      F7F2A42C 
 249      1C7A
 250 0748 61CBC278 		.ascii	"a\313\302x\253\232r\355\312~\336\351#rY\037\370\335"
 250      AB9A72ED 
 250      CA7EDEE9 
 250      2372591F 
 250      F8DD
 251 075a 87B70B3E 		.ascii	"\207\267\013>\266\352U\224k\237\304\265O\311\265\237"
 251      B6EA5594 
 251      6B9FC4B5 
 251      4FC9B59F 
 252 076a 72595F74 		.ascii	"rY_t\036v\307\205\214\313\336\220{\304C\344\262\265"
 252      1E76C785 
 252      8CCBDE90 
 252      7BC443E4 
 252      B2B5
 253 077c FBEDB6D2 		.ascii	"\373\355\266\322O\202\274%\254\372\316\227\310\362\225"
 253      4F82BC25 
 253      ACFACE97 
 253      C8F295
 254 078b 640594AC 		.ascii	"d\005\224\254\340\345\253L\035\256ddE\347^\325hE2{\016"
 254      E0E5AB4C 
 254      1DAE6464 
 254      45E75ED5 
ARM GAS  /tmp/ccauBuxG.s 			page 20


 254      6845327B 
 255 07a0 669F047B 		.ascii	"f\237\004{\330'A\241DU\250\244*\242T\227\357\324G\342"
 255      D82741A1 
 255      4455A8A4 
 255      2AA25497 
 255      EFD447E2 
 256 07b4 338CE9E0 		.ascii	"3\214\351\340\341]%:lgJf\275u\207\032\012qt\220&\341"
 256      E15D253A 
 256      6C674A66 
 256      BD75871A 
 256      0A717490 
 257 07ca 24E5FAB6 		.ascii	"$\345\372\266\013{"
 257      0B7B
 258 07d0 2BBD27AD 		.ascii	"+\275'\255\314\017\363\2442?\304\213\225y\255m\335E"
 258      CC0FF3A4 
 258      323FC48B 
 258      9579AD6D 
 258      DD45
 259 07e2 B5231CDD 		.ascii	"\265#\034\335\370\312\221\334uB^\222\360A3O\220\350"
 259      F8CA91DC 
 259      75425E92 
 259      F041334F 
 259      90E8
 260 07f4 80C35854 		.ascii	"\200\303XT\314\253\210\346l\357\017\324\336W\317\353"
 260      CCAB88E6 
 260      6CEF0FD4 
 260      DE57CFEB 
 261 0804 EA34B8D4 		.ascii	"\3524\270\324\235\225P;.\017\370H\361\2558&\217\357"
 261      9D95503B 
 261      2E0FF848 
 261      F1AD3826 
 261      8FEF
 262 0816 1169ED47 		.ascii	"\021i\355G\224\\%\224k\357\225\256\243j\334\300\270"
 262      945C2594 
 262      6BEF95AE 
 262      A36ADCC0 
 262      B8
 263 0827 9AD78EAE 		.ascii	"\232\327\216\256\367\026\271\2063\235\335X*Q\225*\251"
 263      F716B986 
 263      339DDD58 
 263      2A51952A 
 263      A9
 264 0838 8E52AAEC 		.ascii	"\216R\252\354\374\246t\025\276\312\250F\332\037]\327"
 264      FCA67415 
 264      BECAA846 
 264      DA1F5DD7 
 265 0848 8DA7CA82 		.ascii	"\215\247\312\202\207N\251rL\342:\246\344:N\271\316\366"
 265      874EA972 
 265      4CE23AA6 
 265      E43A4EB9 
 265      CEF6
 266 085a 1FAED7E1 		.ascii	"\037\256\327\341\307\214\353\356\305\323\031\352\361"
 266      C78CEBEE 
 266      C5D319EA 
 266      F1
 267 0867 54995BE4 		.ascii	"T\231[\344\234*e\022Y\231\222\354\004%\353\335}w\263"
 267      9C2A6512 
ARM GAS  /tmp/ccauBuxG.s 			page 21


 267      599992EC 
 267      0425EBDD 
 267      7D77B3
 268 087a 374ED650 		.ascii	"7N\326P\262\301\264\253\205\2165\332w:\257\261\\\242"
 268      B2C1B4AB 
 268      858E35DA 
 268      773AAFB1 
 268      5CA2
 269 088c 2A57529D 		.ascii	"*WR\235\244TY\326\347O=\361zF\325\226\276\011v\247\315"
 269      A45459D6 
 269      E74F3DF1 
 269      7A46D596 
 269      BE0976A7 
 270 08a1 4C79D261 		.ascii	"Ly\322a\315\360\300\271L\311\250\353\372\306\003\357"
 270      CDF0C0B9 
 270      4CC9A8EB 
 270      FAC603EF 
 271 08b1 63CA9E7B 		.ascii	"c\312\236{\025\233}\360A\246T_+\323\343c\354\376@\305"
 271      159B7DF0 
 271      41A6545F 
 271      2BD3E363 
 271      ECFE40C5 
 272 08c5 BA9B6EB8 		.ascii	"\272\233n\270\232)\267\312S_\250p-S:*{o\353p\003S6t"
 272      9A29B7CA 
 272      535FA870 
 272      2D533A2A 
 272      7B6FEB70 
 273 08dd ECBEA611 		.ascii	"\354\276\246\021?\275\310w\370\266\212\276!\035n\246"
 273      3FBDC877 
 273      F8B68ABE 
 273      211D6EA6 
 274 08ed 0FBD8EA6 		.ascii	"\017\275\216\246\217.\227\225\242\376b\001zw\273[\346"
 274      8F2E9795 
 274      A2FE6201 
 274      7A77BB5B 
 274      E6
 275 08fe 910C48AD 		.ascii	"\221\014H\255zD\017\234JX\231\355\347k\222\226\325\322"
 275      7A440F9C 
 275      4A5899ED 
 275      E76B9296 
 275      D5D2
 276 0910 F954AD84 		.ascii	"\371T\255\204O<\376\036\304K\360Z%|B}\324'C\327\271"
 276      4F3CFE1E 
 276      C44BF05A 
 276      257C427D 
 276      D42743D7 
 277 0925 44CB2B18 		.ascii	"D\313+\030\031\370\264\022\354\242\374\224\031^\345"
 277      19F8B412 
 277      ECA2FC94 
 277      195EE5
 278 0934 7A9D32F2 		.ascii	"z\2352\362>\031\272B\211\226\325;Ngi=\354\315\354\210"
 278      3E19BA42 
 278      8996D53B 
 278      4E67693D 
 278      ECCDEC88 
 279 0948 B68907E9 		.ascii	"\266\211\007\35198d\232\340\000l\004i\007i\006i\005"
 279      3938649A 
ARM GAS  /tmp/ccauBuxG.s 			page 22


 279      E0006C04 
 279      69076906 
 279      6905
 280 095a 6900390B 		.ascii	"i\0009\013r\006\244\005\244\315\251\250\254\227M~\312"
 280      7206A405 
 280      A4CDA9A8 
 280      AC974D7E 
 280      CA
 281 096b B58F65A6 		.ascii	"\265\217e\246>\220\241\255\256Me~\020K\203AV\014\331"
 281      3E90A1AD 
 281      AE4D657E 
 281      104B8341 
 281      560CD9
 282 097e 5C15432F 		.ascii	"\\\025C/\006}\367\246\010\315s)Y\215k\247:\312\217\347"
 282      067DF7A6 
 282      08CD7329 
 282      598D6BA7 
 282      3ACA8FE7 
 283 0992 870EF578 		.ascii	"\207\016\365x\342-\036\264\374X7\262\371\216\017\232"
 283      E22D1EB4 
 283      FC5837B2 
 283      F98E0F9A 
 284 09a2 EAEFD21F 		.ascii	"\352\357\322\037\310\016n\370O]\302\254n\374Q\015g="
 284      C80E6EF8 
 284      4F5DC2AC 
 284      6EFC510D 
 284      673D
 285 09b4 3A0F241D 		.ascii	":\017$\035\322\353g\243\365\014\371wf\303\306\203\032"
 285      D2EB67A3 
 285      F50CF977 
 285      66C3C683 
 285      1A
 286 09c5 F9C177DE 		.ascii	"\371\301w\336\251\252\270 \036|\027\350\301g\355))\321"
 286      A9AAB820 
 286      1E7C17E8 
 286      C167ED29 
 286      29D1
 287 09d7 E03DD470 		.ascii	"\340=\324p\325\321]\257\037\353\020\274\024\376\314"
 287      D5D15DAF 
 287      1FEB10BC 
 287      14FECC
 288 09e6 03036D32 		.ascii	"\003\003m2\017\\\204\251:]\347\240\323B\245o\300Nq\225"
 288      0F5C84A9 
 288      3A5DE7A0 
 288      D342A56F 
 288      C04E7195 
 289 09fa 57609597 		.ascii	"W`\225\227`\025\227\235\002;\034\342\234\337\023\271"
 289      6015979D 
 289      023B1CE2 
 289      9CDF13B9 
 290 0a0a E591BADE 		.ascii	"\345\221\272\336\306\"\325\351\034)\362\237\223\376"
 290      C622D5E9 
 290      1C29F29F 
 290      93FE
 291 0a18 D7F07D56 		.ascii	"\327\360}V\304\\_b\333tL\245t\375x1|\015\014\231\314"
 291      C45C5F62 
 291      DB744CA5 
ARM GAS  /tmp/ccauBuxG.s 			page 23


 291      74FD7831 
 291      7C0D0C99 
 292 0a2d 2836CD9B 		.ascii	"(6\315\2336\025q\355U\000uI\256\355t\270\366d\321\375"
 292      361571ED 
 292      55007549 
 292      AEED74B8 
 292      F664D1FD 
 293 0a41 7E2FB96B 		.ascii	"~/\271k\257:\271\266[tm7umNrI\237Z\016nw*@zD0i\227\350"
 293      AF3AB9B6 
 293      5B746D37 
 293      756D4E72 
 293      499F5A0E 
 294 0a5f A3E263CD 		.ascii	"\243\342c\315\372\360\210\257\364\201f\313\027\211\361"
 294      FAF088AF 
 294      F48166CB 
 294      1789F1
 295 0a6e 2BF54B96 		.ascii	"+\365K\226\206\352\315\261\313\315\221\221\346H}\274"
 295      86EACDB1 
 295      CBCD9191 
 295      E6487DBC 
 296 0a7e 451F151E 		.ascii	"E\037\025\036\243_\031\237\220h\321\207\206\205\314"
 296      A35F199F 
 296      9068D187 
 296      8685CC
 297 0a8d 9FA7FFE8 		.ascii	"\237\247\377\350\243@}Xp\310\227\001\344\211\311\222"
 297      A3407D58 
 297      70C89701 
 297      E489C992 
 298 0a9d 688A8989 		.ascii	"h\212\211\211\234\023\241\371p\351'3\015\001\001\234"
 298      9C13A1F9 
 298      70E92733 
 298      0D01019C 
 299 0aad D6645A15 		.ascii	"\326dZ\025\035\2278\177\236)q\201~\225%A\037\236\020"
 299      1D97387F 
 299      9E297181 
 299      7E952541 
 299      1F9E10
 300 0ac0 FB5E5C7C 		.ascii	"\373^\\|\234\371=s\370\362h}t\\D\314\252H\263>6<\"*"
 300      9CF93D73 
 300      F8F2687D 
 300      745C44CC 
 300      AA48B33E 
 301 0ad8 3ACEAC37 		.ascii	":\316\2547E\232W\204\257\212I4%\256Yi\266\314\211\342"
 301      459A5784 
 301      AF8A4934 
 301      25AE5969 
 301      B6CC89E2 
 302 0aec 348ED1EF 		.ascii	"4\216\321\357\376\314h\313\032\213\036\246\216\004("
 302      FECC68CB 
 302      1A8B1EA6 
 302      8E0428
 303 0afb 19F26773 		.ascii	"\031\362gsDb|\302\242\271\301\377\253\325p\236\354\316"
 303      44627CC2 
 303      A2B9C1FF 
 303      ABD5709E 
 303      ECCE
 304 0b0d 141D179D 		.ascii	"\024\035\027\235\350k\"\003L\321\011\3770\231WF\307"
ARM GAS  /tmp/ccauBuxG.s 			page 24


 304      E86B2203 
 304      4CD109FF 
 304      30995746 
 304      C7
 305 0b1e C47FBECA 		.ascii	"\304\177\276\312l\370\345\211\"\342cc\343\343\304\271"
 305      6CF8E589 
 305      22E26363 
 305      E3E3C4B9 
 306 0b2e 161A430C 		.ascii	"\026\032C\014!\253\365\021Q\021\361\011f\323\227\277"
 306      21ABF511 
 306      5111F109 
 306      66D397BF 
 307 0b3e 8F05AB7D 		.ascii	"\217\005\253}#\242B\327X\302\242c\315\011K\302\343\""
 307      23A242D7 
 307      58C2A263 
 307      CD094BC2 
 307      E322
 308 0b50 63CC09C1 		.ascii	"c\314\011\301\277\375e\332\204\304q'DD\201\033\200h"
 308      BFFD65DA 
 308      84C47127 
 308      4444811B 
 308      8068
 309 0b62 4ADC97D1 		.ascii	"J\334\227\321\021Aq\341\313c\314\314\021\013\377\035"
 309      114171E1 
 309      CB63CCCC 
 309      110BFF1D 
 310 0b72 3788768A 		.ascii	"7\210v\212\026\022*\240t3\030B\214\363\371\217\215\252"
 310      16122AA0 
 310      74331842 
 310      8CF3F98F 
 310      8DAA
 311 0b84 C0908546 		.ascii	"\300\220\205F\034h0\252\026\005\206\031\261\301`\304"
 311      1C6830AA 
 311      16058619 
 311      B1C160C4 
 312 0b94 46908546 		.ascii	"F\220\205F#^\026j\300\206\245a*\203!\310H\361\363\350"
 312      235E166A 
 312      C086A561 
 312      2A8321C8 
 312      48F1F3E8 
 313 0ba8 6F000EFA 		.ascii	"o\000\016\372\320\310\207\302\310\340 \243*4\004\320"
 313      D0C887C2 
 313      C8E020A3 
 313      2A3404D0 
 314 0bb8 06E33C90 		.ascii	"\006\343<\220\000@\376\325\370_%\234%1\226dF4q\237\347"
 314      0040FED5 
 314      F85F259C 
 314      25319664 
 314      4634719F 
 315 0bcd B8624A54 		.ascii	"\270bJTED\205'\370\306[\302c\300\243\037\305G|\2618"
 315      45448527 
 315      F8C65BC2 
 315      63C0A31F 
 315      C5477CB1 
 316 0be2 213E3638 		.ascii	"!>68\324\370\026\376$\223\221\201\304\261\244%\376\244"
 316      D4F816FE 
 316      24939181 
ARM GAS  /tmp/ccauBuxG.s 			page 25


 316      C4B1A425 
 316      FEA4
 317 0bf4 8191D1F8 		.ascii	"\201\221\321\370\322\370\307@\207i\005\364\230\242-"
 317      D2F8C740 
 317      876905F4 
 317      98A22D
 318 0c03 091EE35D 		.ascii	"\011\036\343]\336&\223\305\234hZ\26404h\2311\330;<\346"
 318      DE2693C5 
 318      9C685AB4 
 318      30346899 
 318      31D83B3C 
 319 0c18 ABF03516 		.ascii	"\253\3605\026\310\233\030\310\356eo\235&\346\325\211"
 319      C89B18C8 
 319      EE656F9D 
 319      26E6D589 
 320 0c28 24047A43 		.ascii	"$\004zCHhp\250\336\000Y\242\017v\2049\326\022m1}\036"
 320      486870A8 
 320      DE0059A2 
 320      0F768439 
 320      D6126D31 
 321 0c3e 41E23295 		.ascii	"A\3422\225\230\370\261s\322L\023\327\375I\\\214\314"
 321      98F8B173 
 321      D24C13D7 
 321      FD495C8C 
 321      CC
 322 0c4f 64BA06A7 		.ascii	"d\272\006\247\256i\324\344UqN\353\360\224uB\210\015"
 322      AE69D4E4 
 322      55714EEB 
 322      F0947542 
 322      880D
 323 0c61 46F785CB 		.ascii	"F\367\205\313\026\005\004-\245\355<h\325\013\227,\202"
 323      1605042D 
 323      A5ED3C68 
 323      D50B972C 
 323      82
 324 0c72 4643BA8D 		.ascii	"FC\272\215\241a\364f\036\271\301\206`\243\312\260\030"
 324      A161F466 
 324      1EB9C186 
 324      60A3CAB0 
 324      18
 325 0c83 624D221C 		.ascii	"bM\"\034\3726\201\225\25554\214\005wq\300\352\325,\254"
 325      FA368195 
 325      AD35348C 
 325      057771C0 
 325      EAD52CAC 
 326 0c97 2B02E6CE 		.ascii	"+\002\346\316_\275\234\004\326h0\230\302`7\0104\257"
 326      5FBD9C04 
 326      D6683098 
 326      C2603708 
 326      34AF
 327 0ca9 5007071A 		.ascii	"P\007\007\032>\016\014\322\005.\3720\304\360\211\243"
 327      3E0E0CD2 
 327      052EFA30 
 327      C4F089A3 
 328 0cb9 F75FC64F 		.ascii	"\367_\306O\023\324"
 328      13D4
 329              		.text
ARM GAS  /tmp/ccauBuxG.s 			page 26


 330              		.section	.gnu.lto_.symtab.60efbe06a644c29a,"",%progbits
 331 0000 56656374 		.ascii	"VectorB0\000"
 331      6F724230 
 331      00
 332 0009 00       		.ascii	"\000"
 333 000a 00       		.ascii	"\000"
 334 000b 00       		.ascii	"\000"
 335 000c 00000000 		.ascii	"\000\000\000\000\000\000\000\000"
 335      00000000 
 336 0014 C5000000 		.ascii	"\305\000\000\000"
 337 0018 73745F6C 		.ascii	"st_lld_init\000"
 337      6C645F69 
 337      6E697400 
 338 0024 00       		.ascii	"\000"
 339 0025 00       		.ascii	"\000"
 340 0026 00       		.ascii	"\000"
 341 0027 00000000 		.ascii	"\000\000\000\000\000\000\000\000"
 341      00000000 
 342 002f C7000000 		.ascii	"\307\000\000\000"
 343 0033 5F706F72 		.ascii	"_port_irq_epilogue\000"
 343      745F6972 
 343      715F6570 
 343      696C6F67 
 343      756500
 344 0046 00       		.ascii	"\000"
 345 0047 02       		.ascii	"\002"
 346 0048 00       		.ascii	"\000"
 347 0049 00000000 		.ascii	"\000\000\000\000\000\000\000\000"
 347      00000000 
 348 0051 C9000000 		.ascii	"\311\000\000\000"
 349 0055 63685379 		.ascii	"chSysTimerHandlerI\000"
 349      7354696D 
 349      65724861 
 349      6E646C65 
 349      724900
 350 0068 00       		.ascii	"\000"
 351 0069 02       		.ascii	"\002"
 352 006a 00       		.ascii	"\000"
 353 006b 00000000 		.ascii	"\000\000\000\000\000\000\000\000"
 353      00000000 
 354 0073 CB000000 		.ascii	"\313\000\000\000"
 355 0077 6E766963 		.ascii	"nvicEnableVector\000"
 355      456E6162 
 355      6C655665 
 355      63746F72 
 355      00
 356 0088 00       		.ascii	"\000"
 357 0089 02       		.ascii	"\002"
 358 008a 00       		.ascii	"\000"
 359 008b 00000000 		.ascii	"\000\000\000\000\000\000\000\000"
 359      00000000 
 360 0093 D0000000 		.ascii	"\320\000\000\000"
 361              		.text
 362              		.section	.gnu.lto_.opts,"",%progbits
 363 0000 272D666D 		.ascii	"'-fmath-errno' '-fsigned-zeros' '-ftrapping-math' '"
 363      6174682D 
 363      6572726E 
ARM GAS  /tmp/ccauBuxG.s 			page 27


 363      6F272027 
 363      2D667369 
 364 0033 2D666E6F 		.ascii	"-fno-trapv' '-fno-openmp' '-fno-openacc' '-mcpu=cor"
 364      2D747261 
 364      70762720 
 364      272D666E 
 364      6F2D6F70 
 365 0066 7465782D 		.ascii	"tex-m3' '-mno-thumb-interwork' '-mthumb' '-O2' '-fo"
 365      6D332720 
 365      272D6D6E 
 365      6F2D7468 
 365      756D622D 
 366 0099 6D69742D 		.ascii	"mit-frame-pointer' '-falign-functions=16' '-ffuncti"
 366      6672616D 
 366      652D706F 
 366      696E7465 
 366      72272027 
 367 00cc 6F6E2D73 		.ascii	"on-sections' '-fdata-sections' '-fno-common' '-flto"
 367      65637469 
 367      6F6E7327 
 367      20272D66 
 367      64617461 
 368 00ff 2700     		.ascii	"'\000"
 369              		.text
 370              		.comm	__gnu_lto_v1,1,1
 371              		.comm	__gnu_lto_slim,1,1
 372              		.ident	"GCC: (GNU Tools for Arm Embedded Processors 7-2017-q4-major) 7.2.1 20170904 (release) [ARM
ARM GAS  /tmp/ccauBuxG.s 			page 28


DEFINED SYMBOLS
                            *ABS*:0000000000000000 hal_st_lld.c
                            *COM*:0000000000000001 __gnu_lto_v1
                            *COM*:0000000000000001 __gnu_lto_slim

NO UNDEFINED SYMBOLS
