ARM GAS  /tmp/ccXYkOLf.s 			page 1


   1              		.cpu cortex-m3
   2              		.eabi_attribute 20, 1
   3              		.eabi_attribute 21, 1
   4              		.eabi_attribute 23, 3
   5              		.eabi_attribute 24, 1
   6              		.eabi_attribute 25, 1
   7              		.eabi_attribute 26, 1
   8              		.eabi_attribute 30, 2
   9              		.eabi_attribute 34, 1
  10              		.eabi_attribute 18, 4
  11              		.file	"memstreams.c"
  12              		.section	.gnu.lto_.profile.eec4a0c985565223,"",%progbits
  13 0000 789C6363 		.ascii	"x\234cc```\001bF\206\000K\000\001Q\000\225"
  13      60606001 
  13      62468600 
  13      4B000151 
  13      0095
  14              		.text
  15              		.section	.gnu.lto_.icf.eec4a0c985565223,"",%progbits
  16 0000 789C6363 		.ascii	"x\234cc``Pc@\0006\206\331\217\257\236gb|\275\255o?3"
  16      60605063 
  16      40003686 
  16      D98FAF9E 
  16      67627CBD 
  17 0018 D387632F 		.ascii	"\323\207c/~\3610\203I\226\231\217\317\035\345f\375z"
  17      7EF13083 
  17      4996998F 
  17      CF1DE566 
  17      FD7A
  18 002a 63F91B36 		.ascii	"c\371\0336\006\000\210\013\024\037"
  18      0600880B 
  18      141F
  19              		.text
  20              		.section	.gnu.lto_.jmpfuncs.eec4a0c985565223,"",%progbits
  21 0000 789C8D4E 		.ascii	"x\234\215NA\012\2000\014K\332n\036\367^O\373\310^\342"
  21      410A8030 
  21      0C4BDA6E 
  21      1EF75E4F 
  21      FBC85EE2 
  22 0014 C99FB946 		.ascii	"\311\237\271F\004\305\203\030\010M\240\011\251\0006"
  22      04C58318 
  22      084DA009 
  22      A90036
  23 0023 DC2830D2 		.ascii	"\334(0\322\373p$)H\233\344\"\305\341\226\327\253\255"
  23      FB702429 
  23      489BE422 
  23      C5E196D7 
  23      ABAD
  24 0035 24B80791 		.ascii	"$\270\007\221<\022-\323\337\336\237-q\266\274_~\264"
  24      3C122DD3 
  24      DFDE9F2D 
  24      71B6BC5F 
  24      7EB4
  25 0047 466855CB 		.ascii	"FhU\313x\351\327\030\021\023\360\01519"
  25      78E9D718 
  25      1113F00D 
  25      3139
ARM GAS  /tmp/ccXYkOLf.s 			page 2


  26              		.text
  27              		.section	.gnu.lto_.inline.eec4a0c985565223,"",%progbits
  28 0000 789C6363 		.ascii	"x\234cc``hdd\200\003V\006\006^\036Ff\006\005F\006f\007"
  28      60606864 
  28      64800356 
  28      06065E1E 
  28      46660605 
  29 0018 30990026 		.ascii	"0\231\000&\025\270\330\326\3511p\334\322cb`|\301\316"
  29      15B8D8D6 
  29      E93170DC 
  29      D2636260 
  29      7CC1CE
  30 002b 02214104 		.ascii	"\002!A\004\007\230\311\301\300\262@\236\207\201\361"
  30      0798C9C1 
  30      C0B2409E 
  30      8781F1
  31 003a 2EBB0013 		.ascii	".\273\000\023\230d`\332\305/\0012\220\221\201\207\033"
  31      986460DA 
  31      C52F0132 
  31      90918187 
  31      1B
  32 004b 6A1EC4A4 		.ascii	"j\036\304\244\006F\250\201\314\323\305\031\330\377\252"
  32      0646A881 
  32      CCD3C519 
  32      D8FFAA
  33 005a 61319079 		.ascii	"a1\220y\2218n\003\231\030\004%\031YP\014dR\000\371\000"
  33      91386E03 
  33      99180425 
  33      1959500C 
  33      645200F9 
  34 006f 6C2A3750 		.ascii	"l*7P\033\003\307\007\234\316d\272\300\317\0032Z\006"
  34      1B03C707 
  34      9CCE64BA 
  34      C0CF0332 
  34      5A06
  35 0081 C455000B 		.ascii	"\304U\000\013*\200\0045@F\263\360200O\360\003Af\204"
  35      2A800435 
  35      4046B3F0 
  35      3230304F 
  35      F0034166 
  36 0096 2DD060A0 		.ascii	"-\320`\240\201%,\014\034\354\214\014L\254\035\352\014"
  36      81252C0C 
  36      1CEC8C0C 
  36      4CAC1DEA 
  36      0C
  37 00a7 DC2BDC98 		.ascii	"\334+\334\230\300\021\000\000I\0135\372"
  37      C0110000 
  37      490B35FA 
  38              		.text
  39              		.section	.gnu.lto_.pureconst.eec4a0c985565223,"",%progbits
  40 0000 789C6363 		.ascii	"x\234cc``\340\006bV\006)F)&)f)\026)\000\004\023\000"
  40      6060E006 
  40      62560629 
  40      46292629 
  40      66291629 
  41 0018 A3       		.ascii	"\243"
  42              		.text
ARM GAS  /tmp/ccXYkOLf.s 			page 3


  43              		.section	.gnu.lto__put.eec4a0c985565223,"",%progbits
  44 0000 789C9552 		.ascii	"x\234\225R\317K\025Q\024\276\337\234\371\341S3j\325"
  44      CF4B1551 
  44      14BEDF9C 
  44      F9E15333 
  44      6AD5
  45 0012 E22D5C24 		.ascii	"\342-\\$\342\"'\250\226\021DQ\264h\323_\340\217\001"
  45      E22227A8 
  45      96114451 
  45      B468D35F 
  45      E08F01
  46 0025 251F4A4F 		.ascii	"%\037JOh\227W\237\371\262\214\204\324\3541\310#\221"
  46      6897579F 
  46      F9B28C84 
  46      D4EC31C8 
  46      2391
  47 0037 A208939E 		.ascii	"\242\010\223\236V\2465\251\231\277^YiH\013\027\205\322"
  47      56A635A9 
  47      99BF5E59 
  47      69480B17 
  47      85D2
  48 0049 EF88C8A5 		.ascii	"\357\210\310\245u\356\314\013\2156:0g\316\275s\276\357"
  48      75EECC0B 
  48      8D363A30 
  48      67CEBD73 
  48      BEEF
  49 005b 3BE7BBD7 		.ascii	";\347\273\327\024B|%!\216\361w\037\2770\004\264\326"
  49      14427C25 
  49      218EF177 
  49      1FBF3004 
  49      B4D6
  50 006d E742D467 		.ascii	"\347B\324gi\232\376A\010\231M7\322\374\311%\350\301"
  50      699AFE41 
  50      08994D37 
  50      D2FCC925 
  50      E8C1
  51 007f BE0EA844 		.ascii	"\276\016\250DfA\324i\244\243\016-\324Fx\331x\307\245"
  51      6641D469 
  51      A4A30E2D 
  51      D44678D9 
  51      78C7A5
  52 0092 0BE49280 		.ascii	"\013\344\222\200\316\313\037\351\304\373<\265\004\362"
  52      CECB1FE9 
  52      C4FB3CB5 
  52      04F2
  53 00a0 79D9331C 		.ascii	"y\3313\034\033B\321u\311\217w\245\315\354J\315\312\220"
  53      1B42D175 
  53      C98F77A5 
  53      CDEC4ACD 
  53      CA90
  54 00b2 4B9AE8E0 		.ascii	"K\232\350\340\362\024\302\270\213\260R\357G\021\027"
  54      F214C2B8 
  54      8BB052EF 
  54      471117
  55 00c1 BF4ECFB7 		.ascii	"\277N\317\267Zt\020\202\363\313\277>{Za\217\224\015"
  55      5A741082 
  55      F3CBBF3E 
ARM GAS  /tmp/ccXYkOLf.s 			page 4


  55      7B5A618F 
  55      940D
  56 00d3 D29BE926 		.ascii	"\322\233\351&\271\323%\302\000h=\220\267\004\356\241"
  56      B9D325C2 
  56      00683D90 
  56      B704EEA1 
  57 00e3 90CBDDA6 		.ascii	"\220\313\335\246\233KD\207}\350\364\312\304\330_\350"
  57      9B4B4487 
  57      7DE8F4CA 
  57      C4D85FE8 
  58 00f3 974692B9 		.ascii	"\227F\222\271.w{?\200\356\011c\267\002\352\002\017P"
  58      2E777B3F 
  58      80EE0963 
  58      B702EA02 
  58      0F50
  59 0105 A8AA7F7E 		.ascii	"\250\252\177~\237\237\016\321\021\037yk 5\225[\320\355"
  59      9F9F0ED1 
  59      111F796B 
  59      2035955B 
  59      D0ED
  60 0117 23173BB7 		.ascii	"#\027;\267_\213\311\011\251\273d`\360_a\365p\371\273"
  60      5F8BC909 
  60      A9BB6460 
  60      F05F61F5 
  60      70F9BB
  61 012a BED5F62D 		.ascii	"\276\325\366-\246\216\207(P\003\361\034C0\0058\351}"
  61      A68E8728 
  61      5003F11C 
  61      43300538 
  61      E97D
  62 013c 657872F5 		.ascii	"exr\365w\\zov,\244\322\333\362\300\232\246\246\002q"
  62      775C7A6F 
  62      762CA4D2 
  62      DBF2C09A 
  62      A6A60271 
  63 0150 B074150C 		.ascii	"\260t\025\014\2654U\2608h!\250Yr\3407&\3161\037\333"
  63      B53455B0 
  63      386821A8 
  63      5972E037 
  63      26CE311F 
  64 0165 2D3DD1CC 		.ascii	"-=\321\314vq\026\363\3042\032\222\275-EJEi&($>\241a"
  64      767116F3 
  64      C4321A92 
  64      BD2D454A 
  64      45692628 
  65 017d F0E3C551 		.ascii	"\360\343\305QS\355%\010\334T\307\331\221\027\226:\000"
  65      53ED2508 
  65      DC54C7D9 
  65      9117963A 
  65      00
  66 018e C31F6968 		.ascii	"\303\037ih$=n&\321U\317'\220\357R\026\2030\254F\340"
  66      243D6E26 
  66      D155CF27 
  66      90EF5216 
  66      8330AC46 
  67 01a3 7F73F185 		.ascii	"\177s\361\205\305\034\373\266\014~\205\360\010I\264"
  67      C51CFBB6 
ARM GAS  /tmp/ccXYkOLf.s 			page 5


  67      0C7E85F0 
  67      0849B4
  68 01b2 AB39041E 		.ascii	"\2539\004\036\303\366\271'\213\003fm\223T\236O\245\254"
  68      C3F6B927 
  68      8B03666D 
  68      93549E4F 
  68      A5AC
  69 01c4 C013A65A 		.ascii	"\300\023\246ZB\343\333\321\275\231&\231\315w\260\231"
  69      42E3DBD1 
  69      BD992699 
  69      CD77B099 
  70 01d4 8F8FEF18 		.ascii	"\217\217\357\030\017\346Oq)\226\231\2026\245ea\304\327"
  70      0FE64F71 
  70      29969982 
  70      36A56561 
  70      C4D7
  71 01e6 529C18F5 		.ascii	"R\234\030\365\333\216\271MW\215\200Kg:\245\307\012\211"
  71      DB8EB94D 
  71      578D804B 
  71      673AA5C7 
  71      0A89
  72 01f8 C9FD6A6F 		.ascii	"\311\375jo\275E\326\177\026%\363\\\205\3211\246\304"
  72      BD45D67F 
  72      1625F35C 
  72      85D131A6 
  72      C4
  73 0209 F094A913 		.ascii	"\360\224\251\023\224\0234\330\031\263\002RcC\015\356"
  73      941334D8 
  73      19B30252 
  73      63430DEE 
  74 0219 523E8CAF 		.ascii	"R>\214\257\371\360,\350\255\243\011\001K\206\250?>\323"
  74      F9F02CE8 
  74      ADA30901 
  74      4B86A83F 
  74      3ED3
  75 022b 97AD9AE1 		.ascii	"\227\255\232\341\363\307\0043\260\326\334ydZ\335\240"
  75      F3C70433 
  75      B0D6DC79 
  75      645ADDA0 
  76 023b CCE49ACC 		.ascii	"\314\344\232\314\024l\346\366\355\3253\367\346\0334"
  76      146CE6F6 
  76      EDD533F7 
  76      E61B34
  77 024a 91208BF7 		.ascii	"\221 \213\367V`1p\331M\215oU\222\032\316`\032am\252"
  77      56603170 
  77      D94D8D6F 
  77      55921ACE 
  77      601A616D 
  78 025f 6CBD2B1A 		.ascii	"l\275+\032\004f\020\246\301\345Y\360=\204baw\017\330"
  78      046610A6 
  78      C1E559F0 
  78      3D846261 
  78      770FD8
  79 0272 15D511C7 		.ascii	"\025\325\021\307.);m\037r\242'k\253k\354\243\307O\330"
  79      2E293B6D 
  79      1F72A227 
  79      6BAB6BEC 
ARM GAS  /tmp/ccXYkOLf.s 			page 6


  79      A3C74FD8 
  80 0286 4EA4D429 		.ascii	"N\244\324)/w\312\355\352\250]QReWU\226\332\321\332S"
  80      2F77CAED 
  80      EAA85D51 
  80      52655755 
  80      96DAD1DA 
  81 029b 4E49246A 		.ascii	"NI$jG\234H&-.\023Ze\015J)\022\255\371\003\027\012U\226"
  81      479C4826 
  81      2D2E135A 
  81      650D4A29 
  81      12ADF903 
  82              		.text
  83              		.section	.gnu.lto__get.eec4a0c985565223,"",%progbits
  84 0000 789C9552 		.ascii	"x\234\225RMHTQ\024\276\337\273o\336\3744\026\265\020"
  84      4D485451 
  84      14BEDFBB 
  84      6FDEFC34 
  84      16B510
  85 0013 82215C24 		.ascii	"\202!\\$\342\302^P\255\203(\250\026mZ\265\364g@\311"
  85      E2C25E50 
  85      AD8328A8 
  85      166D5AB5 
  85      F46740C9 
  86 0027 41698436 		.ascii	"Ai\2046\221O\307\2344\027\202i9<dH$1\242\244\0313u\364"
  86      914FC79C 
  86      34178269 
  86      393C6448 
  86      2431A2A4 
  87 003f 35A66939 		.ascii	"5\246i9e\245Q-\"\012\245\024\214\376\334\024\3269\357"
  87      65A5512D 
  87      220AA514 
  87      8CFEDC14 
  87      D639EF
  88 0052 0D65B4C9 		.ascii	"\015e\264\311\013\357\376\234w\276\357;\347\273W\023"
  88      0BEFFE9C 
  88      77BEEF3B 
  88      E7BB5713 
  89 0062 424C4821 		.ascii	"BLH!\216\322\272\217>\270\004\224\326GB\324y\024E}/"
  89      8ED2BA8F 
  89      3EB80494 
  89      D64742D4 
  89      7914457D 
  90 0077 84E193BD 		.ascii	"\204\341\223\275\031Z\374\022\252\023W\001\336\030\036"
  90      195AFC12 
  90      AA135701 
  90      DE181E
  91 0086 885A45AA 		.ascii	"\210ZE\252\250E\213\274(\361\244\341\246)/HS\012\250"
  91      A8458BBC 
  91      28F1A4E1 
  91      A6292F48 
  91      530AA8
  92 0099 74FC9489 		.ascii	"t\374\224\211\275\333\314G \217\216=\251\310\010\012"
  92      BDDBCC47 
  92      208F8E3D 
  92      A9C8080A 
  93 00a9 AF1A34AC 		.ascii	"\257\0324\254K\203ZWb\326\360\232R\021\035\224\236@"
  93      4B835A57 
ARM GAS  /tmp/ccXYkOLf.s 			page 7


  93      62D6F09A 
  93      52111D94 
  93      9E40
  94 00bb 00B71060 		.ascii	"\000\267\020`\365$\012)\371Yf\276\325-\017@\320\276"
  94      F5240A29 
  94      F95966BE 
  94      D52D0F40 
  94      D0BE
  95 00cd EDDBB2A5 		.ascii	"\355\333\262\245\024\364\030F\275a\315tKc\247)%\006"
  95      14F41846 
  95      BD61CD74 
  95      4B63A729 
  95      2506
  96 00df 20D70329 		.ascii	" \327\003)$p\033\005\234\377\345\343\374C\257<dc\257"
  96      24701B05 
  96      9CFFE5E3 
  96      FC43AF3C 
  96      6463AF
  97 00f2 0D241EF8 		.ascii	"\015$\036\370\363\273m\354j\347\266+\021c\312PM*y\360"
  97      F3BB6DEC 
  97      6AE7B62B 
  97      1163CA50 
  97      4D2A79F0 
  98 0106 6F3C0F4A 		.ascii	"o<\017J7\033\373\026\244<bCG\333\342cj\026\272\322\231"
  98      371BFB16 
  98      A43C6243 
  98      47DBE263 
  98      6A16BAD2 
  99 011b 5B17312E 		.ascii	"[\0271.3\324\205!\007\272'\200\335\277\201o\373\327"
  99      33D48521 
  99      07BA2780 
  99      DDBF816F 
  99      FBD7
 100 012d DA733415 		.ascii	"\332s4\025\303\310\307\035\344sS\324\313\0104\001Z9"
 100      C3C8C71D 
 100      E47353D4 
 100      CB083401 
 100      5A39
 101 013f 7CE3A9CB 		.ascii	"|\343\251\3132\326~F\015kq{\352\353\363\2559\240\242"
 101      32D67E46 
 101      0D6B717B 
 101      EAEBF3AD 
 101      39A0A2
 102 0152 35852749 		.ascii	"5\205'I\223[\345\311\305G\215&\305\003n\307'\030\352"
 102      935BE5C9 
 102      C5478D26 
 102      C5036EC7 
 102      2718EA
 103 0165 E78010E7 		.ascii	"\347\200\020\347\211\223l7,\321DG\332E,\261\210\372"
 103      89936C37 
 103      2CD14447 
 103      DA452CB1 
 103      88FA
 104 0177 F8F79642 		.ascii	"\370\367\226BVb\335\230\364\210%\324\017}\350\035\327"
 104      5662DD98 
 104      F48825D4 
 104      0F7DE81D 
ARM GAS  /tmp/ccXYkOLf.s 			page 8


 104      D7
 105 0188 381693A0 		.ascii	"8\026\223\240\342:\316\245\037\273\371\"T\273\261\221"
 105      E23ACEA5 
 105      1FBBF922 
 105      54BBB191 
 106 0198 7466528B 		.ascii	"tfR\213\243\253\216n\"\317\224\036\002!\305\036\320"
 106      A3AB8E6E 
 106      22CF941E 
 106      0221C51E 
 106      D0
 107 01a9 BFB9E88B 		.ascii	"\277\271\350\213\327\233\364\353\206\363\313\213Q\304"
 107      D79BF4EB 
 107      86F3CB8B 
 107      51C4
 108 01b7 D1CEBD08 		.ascii	"\321\316\275\010\214A\267\271\247\213\034fe\203T\226"
 108      8C41B7B9 
 108      A78B1C66 
 108      65835496 
 109 01c7 4D05A6BA 		.ascii	"M\005\246\272KT\013hx5\2767[d\214\373\243\321D\327H"
 109      4B540B68 
 109      7835BE37 
 109      5B648CFB 
 109      A3D144D7 
 110 01dc 6F8D1AB3 		.ascii	"o\215\032\263\273\350\213\270\235\004\271!-7\322\266"
 110      BBE88BB8 
 110      9D04B921 
 110      2D37D2B6 
 111 01ec 167362DC 		.ascii	"\026sb\334.;b6\276t9\\*\321\261\036)\374h>\341\304|"
 111      2E3B6236 
 111      BE74395C 
 111      2AD1B11E 
 111      29FC683E 
 112 0203 EB5D72FF 		.ascii	"\353]r\377\343R|\007\335;!q\217\3650A\354\266\363\271"
 112      E3527C07 
 112      DD3B2171 
 112      8FF53041 
 112      ECB6F3B9 
 113 0217 B6EFC3EC 		.ascii	"\266\357\303\354\273\217E:\032S\3113\016\243\3131(\031"
 113      BB8F453A 
 113      1A53C933 
 113      0EA3CB31 
 113      2819
 114 0229 9DE9F731 		.ascii	"\235\351\3671\251\027\300$\241Iu\256\031\234\363_-\025"
 114      A917C024 
 114      A14975AE 
 114      199CF35F 
 114      2D15
 115 023b 31F2FE1F 		.ascii	"1\362\376\037\347\246\240\0237\263|\216f\222\345\216"
 115      E7A6A013 
 115      37B37C8E 
 115      6692E58E 
 116 024b 969FE5D9 		.ascii	"\226\237\345\331<5\373*V\240\210\230\324(\266j\353,"
 116      3C35FB2A 
 116      56A08898 
 116      D428B66A 
 116      EB2C
 117 025d 9A89C92D 		.ascii	"\232\211\311-\\\205\202\263\230F@\031ZzC\236\373ely"
ARM GAS  /tmp/ccXYkOLf.s 			page 9


 117      5C8582B3 
 117      98464019 
 117      5A7A439E 
 117      FB656C79 
 118 0271 16F4AEC0 		.ascii	"\026\364\256\3008rk\277^^\025\012\352\305\245\247\365"
 118      38726BBF 
 118      5E5E150A 
 118      EAC5A5A7 
 118      F5
 119 0282 83C1F0C9 		.ascii	"\203\301\360\311\232\252j\375\360\261\343z0T\022,+\013"
 119      9AAA6AFD 
 119      F0B1E37A 
 119      3054122C 
 119      2B0B
 120 0294 96E95561 		.ascii	"\226\351Ua\275\274\270R\257\254(\321\3035\247\202\305"
 120      BDBCB852 
 120      AFAC28D1 
 120      C335A782 
 120      C5
 121 02a5 A1B01E0A 		.ascii	"\241\260\036\012\206\262\333]\245B\251\250\226\241p"
 121      86B2DB5D 
 121      A542A9A8 
 121      96A170
 122 02b4 354A7E01 		.ascii	"5J~\001\247\216K\375"
 122      A78E4BFD 
 123              		.text
 124              		.section	.gnu.lto__reads.eec4a0c985565223,"",%progbits
 125 0000 789C9552 		.ascii	"x\234\225R]KTQ\024=\353\234{\357\314\344d\177\300\007"
 125      5D4B5451 
 125      143DEB9C 
 125      7BEFCCE4 
 125      647FC007 
 126 0014 A14414EC 		.ascii	"\241D\024\354\276\370\026\025D\201\004\365P\277\300"
 126      BEF81615 
 126      448104F5 
 126      50BFC0
 127 0023 8F012527 		.ascii	"\217\001%'\207F\350q\216_c\246\017F:\3120\2041\250D"
 127      8746E871 
 127      8E5F63A6 
 127      0F463ACA 
 127      308431A8 
 128 0038 44456669 		.ascii	"DEfiV7\255)5\215R!\010\012\312\222J\254\220>@\034\333"
 128      5637AD29 
 128      358D5221 
 128      080ACA92 
 128      4AAC903E 
 129 004f E7DC29CB 		.ascii	"\347\334)\313'\275p\317\335g\237\275\326Y{\355k1\306"
 129      27BD70CF 
 129      DD679FBD 
 129      D6597BED 
 129      6B31C6
 130 0062 0A0DC68E 		.ascii	"\012\015\306\216\320\267\230^\230\014\274}\232\261:"
 130      D0B7985E 
 130      980CBC7D 
 130      9AB13A
 131 0071 2FE7A2BB 		.ascii	"/\347\242\273\220\311m\306\257\235L\372\005\0147m\000"
 131      90C96DC6 
ARM GAS  /tmp/ccXYkOLf.s 			page 10


 131      AF9D4CFA 
 131      050C376D 
 131      00
 132 0082 2A905EB0 		.ascii	"*\220^\260\010\027\006\"h\023\035\002\317\033\257%D"
 132      08170622 
 132      68131D02 
 132      CF1BAF25 
 132      44
 133 0093 AB480806 		.ascii	"\253H\010\006\203\266\337\246\342\357\262\325\026\310"
 133      83B6DFA6 
 133      E2EFB2D5 
 133      16C8
 134 00a1 A5EDE252 		.ascii	"\245\355\342Rj\300_\320/e\275t\272\276\356\275\330\320"
 134      6AC05FD0 
 134      2F65BD74 
 134      BABEEEBD 
 134      D8D0
 135 00b3 5492109C 		.ascii	"T\222\020\234\305\250z\0009\270\201\034u\367M\024P\355"
 135      C5A87A00 
 135      39B8811C 
 135      75F74D14 
 135      50ED
 136 00c5 CCD45CBB 		.ascii	"\314\324\\\273G\034\000\243\370\374\367\317\016\317"
 136      471C00A3 
 136      F8FCF7CF 
 136      0ECF
 137 00d3 EFD5B8F9 		.ascii	"\357\325\270\371\244\220\273\022B`\020\342_ \245\030"
 137      A490BB12 
 137      426010E2 
 137      5F20A518 
 138 00e3 6E219FCA 		.ascii	"n!\237\312WZ\347b>qHC\317-\364\247\221\201>\355\325"
 138      575AE762 
 138      3E714843 
 138      CF2DF4A7 
 138      91813EED 
 139 00f8 5003B737 		.ascii	"P\003\2677B\015\206!\015]\225\035\261lQ\242\241\363"
 139      420D8621 
 139      0D5D951D 
 139      B16C51A2 
 139      A1F3
 140 010a 93C976CF 		.ascii	"\223\311v\317\237[\3734\224cx#\2243\334A\276\252_\376"
 140      9F5BFB34 
 140      94637823 
 140      9433DC41 
 140      BEAA5FFE 
 141 011e 3237E913 		.ascii	"27\351\023\2075\366\362\340\300\204?/\251\261\323]f"
 141      8735F6F2 
 141      E0C0843F 
 141      2FA9B1D3 
 141      5D66
 142 0130 5C3A8DB9 		.ascii	"\\:\215\271\011ab\344\177\270z\250\372\355\365t\347"
 142      096162E4 
 142      7FB87AA8 
 142      FAEDF574 
 142      E7
 143 0141 76CBC05D 		.ascii	"v\313\300]\344)3\310\203{\260\030(\270\372\302tdz\255"
 143      E42933C8 
ARM GAS  /tmp/ccXYkOLf.s 			page 11


 143      837BB018 
 143      28B8FAC2 
 143      74647AAD 
 144 0155 593AA99F 		.ascii	"Y:\251\237\350K\266a\007\350N\213\253E\250\305P\352"
 144      E84BB661 
 144      07E84E8B 
 144      AB45A8C5 
 144      50EA
 145 0167 4DB5586A 		.ascii	"M\265Xj\353Q\213WK\362A\331\221\005\025\373\241\372"
 145      EB518B57 
 145      4BF241D9 
 145      910515FB 
 145      A1FA
 146 0179 63EC0C91 		.ascii	"c\354\014\221\323\330\244\303ZH8E\015\016\373\200\372"
 146      D3D8A4C3 
 146      5A483845 
 146      0D0EFB80 
 146      FA
 147 018a 9E8549AE 		.ascii	"\236\205I\256\256T\002\342\302\307>\241~\370\343J\261"
 147      AE5402E2 
 147      C2C73EA1 
 147      7EF8E34A 
 147      B1
 148 019b 4AC50548 		.ascii	"J\305\005H`\254i\364\231G\315\321\324\335\215\214N\245"
 148      60AC69F4 
 148      9947CDD1 
 148      D4DD8D8C 
 148      4EA5
 149 01ad AC1E5CA8 		.ascii	"\254\036\\\250\223RR[\036\302\340\276j\207\316f\233"
 149      9352525B 
 149      1EC2E0BE 
 149      6A87CE66 
 149      9B
 150 01be 5FBECEB2 		.ascii	"_\276\316\262\257H\367\210\303A\017:UO\014\017`k\352"
 150      AF48F788 
 150      C3410F3A 
 150      554F0C0F 
 150      606BEA
 151 01d1 F1229799 		.ascii	"\361\"\227\231o\221jTS)[0\246\251\032\272\243-\246\313"
 151      6F916A54 
 151      53295B30 
 151      A6A91ABA 
 151      A32DA6CB 
 152 01e5 25482831 		.ascii	"%H(1\262\367h\234\036+\376\233\313\322\026\267\320\277"
 152      B2F7689C 
 152      1E2BFE9B 
 152      CBD216B7 
 152      D0BF
 153 01f7 D15D98E9 		.ascii	"\321]\230\351uy\217n\225\\\241\012}h\374u\302\035f\\"
 153      75798F6E 
 153      955CA10A 
 153      7D68FC75 
 153      C21D665C 
 154 020b 785D0B56 		.ascii	"x]\013V\217\271D\306\226\204\032x\250\205r%\364\221"
 154      8FB944C6 
 154      96841A78 
 154      A8857225 
ARM GAS  /tmp/ccXYkOLf.s 			page 12


 154      F491
 155 021d 2B3411BD 		.ascii	"+4\021\275\344q\271L\242SB\027\021\355\311\326s&\202"
 155      E471B94C 
 155      A2534217 
 155      11EDC9D6 
 155      732682
 156 0230 A1A1C557 		.ascii	"\241\241\305W\236\310\252\364&\2047\246:D\012\021\026"
 156      9EC8AAF4 
 156      268437A6 
 156      3A440A11 
 156      16
 157 0241 177E5D4F 		.ascii	"\027~]O\331\314L\322\373\\\022kS\202\212\224i\217\327"
 157      D9CC4CD2 
 157      FB5C126B 
 157      53828A94 
 157      698FD7
 158 0254 4D7BE26A 		.ascii	"M{\342j\211E\341\262\020\304\312\364:{V\3476O;\276N"
 158      8945E1B2 
 158      10C4CAF4 
 158      3A7B56E7 
 158      364F3BBE 
 159 0269 3B019BB8 		.ascii	";\001\233\270\330\022y\2736\223\241\366\322\301\017"
 159      D81279BB 
 159      3693A1F6 
 159      D2C10F
 160 0278 7869009C 		.ascii	"xi\000\234\332\240I\274\021\364\363A\031M\266\354\267"
 160      DAA049BC 
 160      11F4F341 
 160      194DB6EC 
 160      B7
 161 0289 2B6B8201 		.ascii	"+k\202\001\273\264\374\264}0\020>Q[\023\262K\216\036"
 161      BBB4FCB4 
 161      7D30103E 
 161      515B13B2 
 161      4B8E1E
 162 029c B703C1B2 		.ascii	"\267\003\301\262@EE\240\302\256\011\333\225\245\325"
 162      404545A0 
 162      C2AE09DB 
 162      95A5D5
 163 02ab 76755599 		.ascii	"vuU\231\035\256=\025(\015\206\355` \230\011w\2273^\025"
 163      1DAE3D15 
 163      280D86ED 
 163      60209809 
 163      7797335E 
 164 02c0 E265219C 		.ascii	"\342e!\234\024\301p\3507\261=dh"
 164      14C170E8 
 164      37B13D64 
 164      68
 165              		.text
 166              		.section	.gnu.lto__writes.eec4a0c985565223,"",%progbits
 167 0000 789C9552 		.ascii	"x\234\225R\337K\024Q\024\276\347\236\231\235Yw\263\177"
 167      DF4B1451 
 167      14BEE79E 
 167      999D5977 
 167      B37F
 168 0012 C007A144 		.ascii	"\300\007\241D\024r^|\210\"\202(\220\240^\372\013\374"
 168      14725E7C 
ARM GAS  /tmp/ccXYkOLf.s 			page 13


 168      88228228 
 168      90A05EFA 
 168      0BFC
 169 0024 B1A0E4E6 		.ascii	"\261\240\344\346\322\012=\356\365\327\232\331\203\221"
 169      D20A3DEE 
 169      F5D79AD9 
 169      8391
 170 0032 6EB60CB1 		.ascii	"n\266\014\261!\265\017\022\025\231\346\217jR\263T4J"
 170      21B50F12 
 170      1599E68F 
 170      6A52B354 
 170      344A
 171 0044 85B0E8A1 		.ascii	"\205\260\350\241\2620\027#\"\011\302\265s\357\014Z>"
 171      B2301723 
 171      2209C2B5 
 171      73EF0C5A 
 171      3E
 172 0055 E9C09C39 		.ascii	"\351\300\2349\367\334\363}\367;\337\035\037c\254Hc\354"
 172      F7DCF37D 
 172      F73BDF1D 
 172      1F63AC48 
 172      63EC
 173 0067 147D4BE9 		.ascii	"\024}K\351\005\235\001\357\230e\254\301\344\034\273"
 173      059D01EF 
 173      9865ACC1 
 173      E41CBB
 174 0076 8B99C8D1 		.ascii	"\213\231\310\321~\357c\"\210\240\271e\015@&\302\004"
 174      7EEF6322 
 174      88A0B965 
 174      0D4026C2 
 174      04
 175 0087 16E3A841 		.ascii	"\026\343\250A\014.c'\302\353\346{6\266\243\215\0144"
 175      0C2E6327 
 175      C2EBE67B 
 175      36B6A38D 
 175      0C34
 176 0099 5AFE9849 		.ascii	"Z\376\230I~\312\225K\200|ZfV'\372\202Ei!\032\205sm\344"
 176      7ECA954B 
 176      807C5A66 
 176      5627FA82 
 176      4569211A 
 177 00b1 C8CDA696 		.ascii	"\310\315\246\2262\0339KPw\037\344\301\003\310\223g?"
 177      321B394B 
 177      50771FE4 
 177      C103C893 
 177      673F
 178 00c3 8422EA9D 		.ascii	"\204\"\352\235\233Y\3500\360\0300\312\257\376Zqx\341"
 178      9B59E830 
 178      F01830CA 
 178      AFFE5A71 
 178      78E1
 179 00d5 2D85CBF4 		.ascii	"-\205\313\364\240\330o#B?\340\277@*1\030\200Bj\377\323"
 179      A0D86F23 
 179      423FE0BF 
 179      402A3118 
 179      80426AFF 
 180 00ea BE90F0E3 		.ascii	"\276\220\360\343\011\005\275\3625\235\005\017:~[A5x"
ARM GAS  /tmp/ccXYkOLf.s 			page 14


 180      0905BDF2 
 180      359D050F 
 180      3A7E5B41 
 180      3578
 181 00fc B41DAA31 		.ascii	"\264\035\2521\030T\320u\321\231\310\3052\005\375<\335"
 181      1854D075 
 181      D199C8C5 
 181      3205FD3C 
 181      DD
 182 010d D36178D0 		.ascii	"\323ax\320\367i\005\3450\264\035\312\031\014C\241\354"
 182      F76905E5 
 182      30B41DCA 
 182      190C43A1 
 182      EC
 183 011e FFF97D61 		.ascii	"\377\371}a\332\217'\025\266\267\277o*X\320\243\260\331"
 183      DA8F2715 
 183      B6B7BF6F 
 183      2A58D0A3 
 183      B0D9
 184 0130 2E3D299C 		.ascii	".=)\234\346|\033u\030\371\037.\037\352\376x?\333\265"
 184      E67C1B75 
 184      18F91F2E 
 184      1FEAFE78 
 184      3FDBB5
 185 0143 C7A7C163 		.ascii	"\307\247\301c(\220f\220\007O\300\307\200\222\273otG"
 185      28906690 
 185      074FC0C7 
 185      8092BB6F 
 185      7447
 186 0155 64375A85 		.ascii	"d7Z\205\263\266\004\351\341\300^\240#}\\\006\224A\243"
 186      B3B604E9 
 186      E1C05EA0 
 186      237D5C06 
 186      9441A3
 187 0168 60E832F8 		.ascii	"`\3502\370\344\322\220\301T\212\374 \335\010\200\314"
 187      E4D290C1 
 187      548AFC20 
 187      DD0880CC 
 188 0178 8320C763 		.ascii	"\203 \307c\354\"q\323\255\011\207\265\221n\312\232\034"
 188      EC2271D3 
 188      AD0987B5 
 188      916ECA9A 
 188      1C
 189 0189 F6051A53 		.ascii	"\366\005\032S\033S\\\236(\317O\242\237}\203\306\241"
 189      1B535C9E 
 189      28CF4FA2 
 189      9F7D83C6 
 189      A1
 190 019a E5E55259 		.ascii	"\345\345RYJ\"\220\276D\313\350+C^\243\256\206\033\031"
 190      4A2290BE 
 190      44CBE82B 
 190      435EA3AE 
 190      861B19
 191 01ad 9D99F0A5 		.ascii	"\235\231\360\245\340F\203\020\202\2462\011\003O\345"
 191      E0468310 
 191      82A63209 
 191      034FE5
ARM GAS  /tmp/ccXYkOLf.s 			page 15


 192 01bc 34B437DF 		.ascii	"4\2647\337\372\366C\300\272#\334-\016\016\244\240K\216"
 192      FAF643C0 
 192      BA23DC2D 
 192      0E0EA4A0 
 192      4B8E
 193 01ce C4E01958 		.ascii	"\304\340\031X\212z\262\304e\346\273\244\032UT\322\025"
 193      8A7AB2C4 
 193      65E6BBA4 
 193      1A5554D2 
 193      15
 194 01df 1853544D 		.ascii	"\030STM\335\361\353\272\313\205$\224\030\331\0224\317"
 194      DDF1EBBA 
 194      CB852494 
 194      18D91234 
 194      CF
 195 01f0 8E956ED6 		.ascii	"\216\225n\326\002\312\3416\3725\272\213\275Y{\017\253"
 195      02CAE136 
 195      FA35BA8B 
 195      BD597B0F 
 195      AB
 196 0201 51C915EA 		.ascii	"Q\311\025\352P\233\332\246\023\356]&\321t-X9\344\022"
 196      509BDAA6 
 196      13EE5D26 
 196      D1742D58 
 196      39E412
 197 0214 69BB126A 		.ascii	"i\273\022j\300\270\022\312\245\320\347\256P;\276\354"
 197      C0B812CA 
 197      A5D0E7AE 
 197      503BBEEC 
 198 0224 09D5894E 		.ascii	"\011\325\211N\012\315@<\225\253\256\231\010\006\007"
 198      0ACD403C 
 198      95ABAE99 
 198      080607
 199 0233 33EF8CD8 		.ascii	"3\357\214\330\2720m\364'\344\2040\0011\246\232\203\244"
 199      BA306DF4 
 199      27E48430 
 199      0131A69A 
 199      83A4
 200 0245 C6C61C57 		.ascii	"\306\306\034WP\346\240K\342\333\221\240\003\322\264"
 200      50E6A04B 
 200      E2DB91A0 
 200      03D2B4
 201 0254 175BA6BD 		.ascii	"\027[\246\275t\265$\342\340\262\030D\344\315:\177I\325"
 201      74B524E2 
 201      E0B21844 
 201      E4CD3A7F 
 201      49D5
 202 0266 764E3BB9 		.ascii	"vN;\271E;\005\026q\261U\362v`\316\2436ic\015\010\034"
 202      453B0516 
 202      71B155F2 
 202      7660CEA3 
 202      3669630D 
 203 027c E03406E2 		.ascii	"\3404\006\342\342\"\322\317\007\322h\262\345\250U]\027"
 203      E222D2CF 
 203      07D268B2 
 203      E5A8555D 
 203      17
ARM GAS  /tmp/ccXYkOLf.s 			page 16


 204 028d 0E59E595 		.ascii	"\016Y\345\225\027\254\343\241\350\331\372\272\210Uv"
 204      17ACE3A1 
 204      E8D9FABA 
 204      885576
 205 029c FA8C150A 		.ascii	"\372\214\025\012W\204\252\252BUV]\324\252.\257\265j"
 205      5784AAAA 
 205      4255565D 
 205      D4AA2EAF 
 205      B56A
 206 02ae 6B2AAC68 		.ascii	"k*\254h\375\371Py8j\205Ca/-\251d\274&\302+\"p\016\303"
 206      FDF95079 
 206      386A8543 
 206      612F2DA9 
 206      64BC26C2 
 207 02c7 D1C85FAA 		.ascii	"\321\310_\252\237c\335"
 207      9F63DD
 208              		.text
 209              		.section	.gnu.lto_msObjectInit.eec4a0c985565223,"",%progbits
 210 0000 789C9D92 		.ascii	"x\234\235\222\337K\024Q\024\307\357w\356\314\354\212"
 210      DF4B1451 
 210      14C7EF77 
 210      EECCEC8A 
 211 0010 283DF410 		.ascii	"(=\364\020\345\203\017\301\346K\367O\010\"\312\227z"
 211      E5830FC1 
 211      E64BF74F 
 211      0822CA97 
 211      7A
 212 0021 28FA03D4 		.ascii	"(\372\003\324\035QrYq\214 \202\035]mW\372A\017i\261"
 212      1D517259 
 212      718C2082 
 212      1D5D6D57 
 212      FA410F69 
 213 0036 4CB2989B 		.ascii	"L\262\230\233O\222aY\376\250\235\266\264r\3250\022\022"
 213      4F926159 
 213      FEA89DB6 
 213      B472D530 
 213      1212
 214 0048 CB22234A 		.ascii	"\313\"#J\250\010\205LJ;\367\356\006%\275\344\205\313"
 214      A808854C 
 214      4A3BF7EE 
 214      0625BDE4 
 214      85CB
 215 005a 9C3B73BE 		.ascii	"\234;s\276\237s\346|\257\311\030\353\342\214\035\245"
 215      9F73E67C 
 215      AFC918EB 
 215      E28C1DA5 
 216 006a E70EDAE0 		.ascii	"\347\016\332\340\014\332\205)\306\232\374\032 \003\307"
 216      0CDA8529 
 216      C69AFC1A 
 216      2003C7
 217 0079 0F16D110 		.ascii	"\017\026\321\020\301Y~\221#\023{?\250\225\3658\264\274"
 217      C1597E91 
 217      23137B3F 
 217      A895F538 
 217      B4BC
 218 008b 4B9DBED3 		.ascii	"K\235\276\323N\3536\227\344\035\264\345B?\312(k\272"
 218      4EEB3697 
ARM GAS  /tmp/ccXYkOLf.s 			page 17


 218      E41DB4E5 
 218      423FCA28 
 218      6BBA
 219 009d A5CFE567 		.ascii	"\245\317\345g\270\313\001\235\216_'\023\013\305\362"
 219      B8CB019D 
 219      8E5F2713 
 219      0BC5F2
 220 00ac A8A1948E 		.ascii	"\250\241\224\216K_f\262\005|/\030\305+\263\003\273\002"
 220      4B5F66B2 
 220      057C2F18 
 220      C52BB303 
 220      BB02
 221 00be 29C76976 		.ascii	")\307iv\274\211n\356\354t9\307\0008\361p\013%\270\211"
 221      BC896EEE 
 221      EC7439C7 
 221      0038F170 
 221      0B25B889 
 222 00d2 1246AF18 		.ascii	"\022F\257\030n#@\331=-\303\263\005|\277R\366\275^^\361"
 222      6E2340D9 
 222      3D2DC3B3 
 222      057CBF52 
 222      F6BD5E5E 
 223 00e7 E7A53F52 		.ascii	"\347\245?RJ\252\343\316F\251\3160\250\244]M3\331\"~"
 223      4AAAE3CE 
 223      46A9CE30 
 223      A8A45D4D 
 223      33D9227E 
 224 00fb 5049DFB4 		.ascii	"PI\337\264\365\236\323\363\322\261+[\257F\235r\227\033"
 224      F59ED3F3 
 224      D2B12B5B 
 224      AF469D72 
 224      971B
 225 010d 18DA2836 		.ascii	"\030\332(6\030\206\225\370[OfT\347\207\225x\261c|\310"
 225      188695F8 
 225      5B4F6654 
 225      E7879578 
 225      B1637CC8 
 226 0121 F85D37D7 		.ascii	"\370]7\327\262\201\221\177H\357\" \363\337\336Xk/2\365"
 226      B281917F 
 226      48EF2220 
 226      F3DFDE58 
 226      6B2F32F5 
 227 0135 DC88700F 		.ascii	"\334\210p\017&\003\005\327\237\031\236\263\266\036s"
 227      260305D7 
 227      9F199EB3 
 227      B61E73
 228 0144 BC7729A4 		.ascii	"\274w)\244\017\024\322\260\351\027u\310nM\310\262~("
 228      0F14D2B0 
 228      E91775C8 
 228      6E4DC8B2 
 228      7E28
 229 0156 028B938E 		.ascii	"\002\213\223\216|p<\326\3065\031E=\266\210\346\325X"
 229      7C703CD6 
 229      C6351945 
 229      3DB688E6 
 229      D558
 230 0168 EFF02989 		.ascii	"\357\360)\211\243\022\035\255\231\247>9_\256:\034\311"
ARM GAS  /tmp/ccXYkOLf.s 			page 18


 230      A3121DAD 
 230      99A73E39 
 230      5FAE3A1C 
 230      C9
 231 0179 4C8E9949 		.ascii	"L\216\231It6\221I\311\355.7\0234\3704\265%?>\217\275"
 231      74369149 
 231      C9ED2E37 
 231      1334F834 
 231      B5253F3E 
 232 018f 982F14BD 		.ascii	"\230/\024\275\322\300R\227\373\340!\211v\345\036\356"
 232      D2C05297 
 232      FBE02189 
 232      76E51EEE 
 233 019f 43FC09F3 		.ascii	"C\374\011\363)Xt5\275T\034\371\351\220\315\276\244\314"
 233      29587435 
 233      BD541CF9 
 233      E990CDBE 
 233      A4CC
 234 01b1 A377DFA7 		.ascii	"\243w\337\247?\305\013e\201-.\367\343\001\335\215L\236"
 234      3FC50B65 
 234      812D2EF7 
 234      E301DD8D 
 234      4C9E
 235 01c3 1EEDEE6F 		.ascii	"\036\355\356o\005e_\246\312\327 \031\017\211O\354QD"
 235      05655FA6 
 235      CAD72019 
 235      0F894FEC 
 235      5144
 236 01d5 64D7898F 		.ascii	"d\327\211\217s\013\276|\327\377\321\246\2161\325\246"
 236      730BBE7C 
 236      D7FFD1A6 
 236      8E31D5A6 
 237 01e5 9C1C1E41 		.ascii	"\234\034\036A$\310WE{\271\031\232\201\307\212\246I\332"
 237      24C85745 
 237      7BB9199A 
 237      81C78AA6 
 237      49DA
 238 01f7 13493373 		.ascii	"\023I3s\264W\233\243\215+\232\2627+i~I[\3760\2779\332"
 238      B4579BA3 
 238      8D2B9AB2 
 238      372B697E 
 238      495BFE30 
 239 020e 84A2E992 		.ascii	"\204\242\351\2226\371\267!\006\030\246H\365\031\315"
 239      36F9B721 
 239      0618A648 
 239      F519CD
 240 021d C9F5F350 		.ascii	"\311\365\363PwI\2568\315\205\356\005\375\316\036Q\023"
 240      7749AE38 
 240      CD85EE05 
 240      FDCE1E51 
 240      13
 241 022e 0E59A2A2 		.ascii	"\016Y\242\242\352\204\330g\331\307\032\303\365\242\374"
 241      EA84D867 
 241      D9C71AC3 
 241      F5A2FC
 242 023d D0116185 		.ascii	"\320\021a\205*\255`\320\012\212\260-j*\352D]m\245\260"
 242      2AAD60D0 
ARM GAS  /tmp/ccXYkOLf.s 			page 19


 242      0A8AB02D 
 242      6A2AEA44 
 242      5D6DA5B0 
 243 0251 1B1BAC8A 		.ascii	"\033\033\254\212\220-BV(\037\356\256b<d\327\233\225"
 243      902D4256 
 243      281FEEAE 
 243      623C64D7 
 243      9B95
 244 0263 C7ABABAD 		.ascii	"\307\253\253\255\006\335\256=iq+l\377\002\345\344OP"
 244      06DDAE3D 
 244      69712B6C 
 244      FF02E5E4 
 244      4F50
 245              		.text
 246              		.section	.gnu.lto_vmt.eec4a0c985565223,"",%progbits
 247 0000 789C6363 		.ascii	"x\234cc``\230\005\304\216\014\0200\205\231q\347\316"
 247      60609805 
 247      C48E0C10 
 247      30859971 
 247      E7CE
 248 0012 37B7D9EB 		.ascii	"7\267\331\353\3776t44<\350^\317\334\301<\207\231a\032"
 248      FF367434 
 248      343CE85E 
 248      CFDCC13C 
 248      8799611A 
 249 0026 3386DC82 		.ascii	"3\206\334\202W@\011\306i\314\214\030\022\253\200\022"
 249      574009C6 
 249      69CC8C18 
 249      12AB8012 
 250 0036 4CD39899 		.ascii	"L\323\230\2310$\2361\315af\236\306\314\014\226\370\372"
 250      30249E31 
 250      CD61669E 
 250      C6CC0C96 
 250      F8FA
 251 0048 ECC97E0E 		.ascii	"\354\311~\016\213m\015\035\013\032\034\3460\263Lef`"
 251      8B6D0D1D 
 251      0B1A1CE6 
 251      30B34C65 
 251      6660
 252 005a DCC6583F 		.ascii	"\334\306X?\225\231\221q+\210bb\334\002\242\230\0317"
 252      95999171 
 252      2B886262 
 252      DC02A298 
 252      1937
 253 006c 33D63330 		.ascii	"3\32630ng\264`\260\327\317\310\317M\325OL.\327wI-\316"
 253      6E67B460 
 253      B0D7CFC8 
 253      CF4DD54F 
 253      4C2ED777 
 254 0083 2EC92FD0 		.ascii	".\311/\320\367\360\013\326O\315MJMIIM\321\317/\326\317"
 254      F7F00BD6 
 254      4FCD4D4A 
 254      4D49494D 
 254      D1CF2FD6 
 255 0098 48CCD1CF 		.ascii	"H\314\321\317\311L\322/.)JM\314-\326\317M\315\2052\365"
 255      C94CD22F 
 255      2E294A4D 
ARM GAS  /tmp/ccXYkOLf.s 			page 20


 255      CC2DD6CF 
 255      4DCD8532 
 256 00ad 92190055 		.ascii	"\222\031\000U\017Q\216"
 256      0F518E
 257              		.text
 258              		.section	.gnu.lto_.symbol_nodes.eec4a0c985565223,"",%progbits
 259 0000 789C6363 		.ascii	"x\234cc``\350\003b\006\246\037\214\365\014\014\023\316"
 259      6060E803 
 259      6206A61F 
 259      8CF50C0C 
 259      13CE
 260 0012 313000A9 		.ascii	"10\000\251\035\013\0166\260\001\305~2\3263\242\213}"
 260      1D0B0E36 
 260      B001C57E 
 260      32D633A2 
 260      8B7D
 261 0024 67AC6742 		.ascii	"g\254gB\027\373\306X\317\214.\366\233\261\236\005&\266"
 261      17FBC658 
 261      CF8C2EF6 
 261      9BB19E05 
 261      26B6
 262 0036 ABC19181 		.ascii	"\253\301\221\201\201\365\027#C\203\022\003\0033\343"
 262      81F51723 
 262      43831203 
 262      0333E3
 263 0045 1FC67A56 		.ascii	"\037\306zV\260\024\003CC\203\003P\204\211\215\341I\333"
 263      B0140343 
 263      43830350 
 263      84898DE1 
 263      49DB
 264 0057 1B796666 		.ascii	"\033yff\010\315\000\000\263m(\020"
 264      08CD0000 
 264      B36D2810 
 265              		.text
 266              		.section	.gnu.lto_.refs.eec4a0c985565223,"",%progbits
 267 0000 789C6363 		.ascii	"x\234cc``\020\000bF\026&VF\026V&f&&&\006&F\006\000\003"
 267      60601000 
 267      62461626 
 267      56461656 
 267      26662626 
 268 001b 51003B   		.ascii	"Q\000;"
 269              		.text
 270              		.section	.gnu.lto_.decls.eec4a0c985565223,"",%progbits
 271 0000 789CA557 		.ascii	"x\234\245WkP\024\331\025\356\333\267\231\027\303@\251"
 271      6B5014D9 
 271      15EEDBB7 
 271      9917C340 
 271      A9
 272 0011 59B58A54 		.ascii	"Y\265\212T\251\231\255e\177,\255n*\331\037\251\244R"
 272      A999AD65 
 272      7F2CAD6E 
 272      2AD91FA9 
 272      A452
 273 0023 A66A37A9 		.ascii	"\246j7\251\322T\262\233T\231\037\031ah\204\0153C1C\324"
 273      D254B29B 
 273      54991F19 
 273      6168840D 
ARM GAS  /tmp/ccXYkOLf.s 			page 21


 273      33433143 
 274 0038 FC6A1414 		.ascii	"\374j\024\024\004|,\256\002\212\017|\002\242\030\300"
 274      047C2CAE 
 274      028A0F7C 
 274      02A218C0 
 275 0048 170F5114 		.ascii	"\027\017Q\024|\342\210+\276x\005\361\201q\035T\204E"
 275      7CE2882B 
 275      BE7805F1 
 275      81711D54 
 275      8445
 276 005a 0572EEBD 		.ascii	"\005r\356\275=3\3158\243\251\332.\316t\337s\317\371"
 276      3D33CD38 
 276      A3A9DA2E 
 276      CE74DF73 
 276      CFF9
 277 006c CE77CE3D 		.ascii	"\316w\316=}o\243\3418nC$\307m\3429n9\310\004\\Z\320"
 277      7D6FA3E1 
 277      386E4324 
 277      C76DE239 
 277      6E39C804 
 278 0083 9D06D180 		.ascii	"\235\006\321\200X@\352AN\2014\203\264\020=\342\350E"
 278      5840EA41 
 278      4E813483 
 278      B4103DE2 
 278      E845
 279 0095 E60DF06C 		.ascii	"\346\015\360l\0041\201D\201L\007\371\010\204\230\304"
 279      04318144 
 279      814C07F9 
 279      088498C4 
 280 00a5 2876DEEB 		.ascii	"(v\336\353'\200o\200\373\024\220i \235*|\202\271X\211"
 280      27806F80 
 280      FB149069 
 280      209D2A7C 
 280      82B95889 
 281 00b9 1386582C 		.ascii	"\023\206X,\014\362\006d\002\204W0\015\001\230\344\232"
 281      0CF20664 
 281      02845730 
 281      0D0198E4 
 281      9A
 282 00ca 19029760 		.ascii	"\031\002\227`\022\354`\270\004sL\205k\014\202\373\323"
 282      12EC60B8 
 282      04734C85 
 282      6B0C82FB 
 282      D3
 283 00db 00DC6605 		.ascii	"\000\334f\005\367\224\212/\301\374\030DDo\343\202;\255"
 283      F7948A2F 
 283      C1FC1844 
 283      446FE382 
 283      3BAD
 284 00ed CB4741B0 		.ascii	"\313GA\260g\303dx\020\354\026\356\355Z\250\361\325\365"
 284      67C36478 
 284      10EC16EE 
 284      ED5AA8F1 
 284      D5F5
 285 00ff 20F85121 		.ascii	" \370Q!\360E\230\324\303}\211*\006\301\365\256#\301"
 285      F04598D4 
 285      C37D892A 
ARM GAS  /tmp/ccXYkOLf.s 			page 22


 285      06C1F5AE 
 285      23C1
 286 0111 FD01EE23 		.ascii	"\375\001\356#\344\031\004!\206\351\305'9\020\330\351"
 286      E4190421 
 286      86E9C527 
 286      3910D8E9 
 287 0121 21D6F24F 		.ascii	"!\326\362O<\363\033\004\351\006\351\007y\254\340\011"
 287      3CF31B04 
 287      E906E907 
 287      79ACE009 
 288 0131 20CF415E 		.ascii	" \317A^\202<\003\031Rt\244\306\006U\257\004^\2330:\234"
 288      823C0319 
 288      5274A4C6 
 288      0655AF04 
 288      5E9B303A 
 289 0146 D55FA6CB 		.ascii	"\325_\246\313\305(\332\200&\020\031?91\032\301\306d"
 289      C528DA80 
 289      2610193F 
 289      39311AC1 
 289      C664
 290 0158 7A97BB55 		.ascii	"z\227\273U6a\236>w\034\036\2535\305\036\224\331\245"
 290      36619E3E 
 290      771C1EAB 
 290      35C51E94 
 290      D9A5
 291 016a CBC11CAA 		.ascii	"\313\301\034\252E\330\013T\323\364\242R\300\177 \226"
 291      45D80B54 
 291      D3F4A252 
 291      C07F2096 
 292 017a FC91CAFE 		.ascii	"\374\221\312\376\257Q\214a\037\261kzX\034\233\265F\226"
 292      AF518C61 
 292      1FB16B7A 
 292      581C9BB5 
 292      4696
 293 018c 79740219 		.ascii	"yt\002\031\3201\204\321Q\024Kr\215&+\235-\313+ey\267"
 293      D03184D1 
 293      51144B72 
 293      8D262B9D 
 293      2DCB2B65 
 294 01a2 8C6770E8 		.ascii	"\214gp\350\323h47\232C\307Q\014\211N\254P\015\212F\325"
 294      D3683437 
 294      9A43C751 
 294      0C894EAC 
 294      500D8A46 
 295 01b7 289AE097 		.ascii	"(\232\340\227\3558p6\002\347 \032\240\273\322\323\206"
 295      ED387036 
 295      02E7201A 
 295      A0BBD2D3 
 295      86
 296 01c8 7D11AE96 		.ascii	"}\021\256\226\317\251\316\"\021\352!\302I\177\004\010"
 296      CFA9CE22 
 296      11EA21C2 
 296      497F0408 
 297 01d8 183C445D 		.ascii	"\030<D]\220\020\304\031\302\\\313\254\332\206!\377)"
 297      9010C419 
 297      C25CCBAC 
 297      DA8621FF 
ARM GAS  /tmp/ccXYkOLf.s 			page 23


 297      29
 298 01e9 0624C0F0 		.ascii	"\006$\300\360\331\225\342{&\030N3\240Y0,\2579\270/\322"
 298      D995E27B 
 298      26184E33 
 298      A059302C 
 298      AF39B82F 
 299 01fe B89620EE 		.ascii	"\270\226 \356\\%\353\277\240\021\033\001\241\001\020"
 299      5C25EBBF 
 299      A0111B01 
 299      A10110
 300 020d 38740A19 		.ascii	"8t\012\031I5\310\035\214\273\316\227U\020\250\305PZ"
 300      4935C81D 
 300      8CBBCE97 
 300      5510A8C5 
 300      505A
 301 021f B82255D5 		.ascii	"\270\"U\325]\314\252\273g\324s\314\210\353XNW\334#'"
 301      5DCCAABB 
 301      67D473CC 
 301      88EB584E 
 301      57DC2327 
 302 0233 75C81093 		.ascii	"u\310\020\223\355C\347|\320\350,0^\2540>\015\312&P\262"
 302      ED43E77C 
 302      D0E82C30 
 302      5EAC303E 
 302      0DCA2650 
 303 0248 E46F1E9F 		.ascii	"\344o\036\237S\327-\313\263P3P9\343O~1\311\235(!\316"
 303      53D72DCB 
 303      B3503350 
 303      39E34F7E 
 303      31C99D28 
 304 025e E8C333B2 		.ascii	"\350\3033\262`P\012\221\375\236B\200\275\373j\245\207"
 304      60500A91 
 304      FD9E4280 
 304      BDFB6AA5 
 304      87
 305 026f 57A7796E 		.ascii	"W\247ynR\232-J\232-4\315\366\301\313%\341\254bQ0,\256"
 305      529A2D4A 
 305      9A2D34CD 
 305      F6C1CB25 
 305      E1AC6251 
 306 0286 1BBA18C6 		.ascii	"\033\272\030\306\206:\030\216\354?sN\300/i\212\2504"
 306      863A188E 
 306      EC3F734E 
 306      C02F698A 
 306      A834
 307 0298 E3C6A508 		.ascii	"\343\306\245\010<\312\006\3733\353n\353\3618\033l\234"
 307      3CCA06FB 
 307      33EB6EEB 
 307      F1381B6C 
 307      9C
 308 02a9 D8F39D1E 		.ascii	"\330\363\235\036g\261F\233\360\274\3506\342\0346\250"
 308      67B1469B 
 308      F0BCE836 
 308      E21C36A8 
 309 02b9 E969DF1F 		.ascii	"\351i\337\037.@\363\323Z\333\005\242;\2736\367K\252"
 309      2E40F3D3 
 309      5ADB05A2 
ARM GAS  /tmp/ccXYkOLf.s 			page 24


 309      3BBB36F7 
 309      4BAA
 310 02cb B218511B 		.ascii	"\262\030Q\033\242\252s\023#M\221,,\257\"5\215\221\312"
 310      A2AA7313 
 310      234D912C 
 310      2CAF2235 
 310      8D91CA
 311 02de CAAFDC62 		.ascii	"\312\257\334b\200\241\206-\205\026T\375\203\257\216"
 311      80A1862D 
 311      851654FD 
 311      83AF8E
 312 02ed 0A4C45EA 		.ascii	"\012LE\352\270\034T%E\235GL8\237\306\345\033\257\037"
 312      B81C5425 
 312      459D474C 
 312      389FC6E5 
 312      1BAF1F
 313 0300 CF8C5035 		.ascii	"\317\214P5\361/\212\006I\225;\200\304w\376*k\224\016"
 313      F12F8A06 
 313      49953B80 
 313      C477FE2A 
 313      6B940E
 314 0313 93DF5AB1 		.ascii	"\223\337Z\261\033PZ\215R\332\353\240lg\245}>:X#\340"
 314      1B505A8D 
 314      52DAEBA0 
 314      6C67A57D 
 314      3E3A5823 
 315 0328 2D2C4675 		.ascii	"-,Fu\301\233B\223\252\215\347\327\3226\276\0151n\372"
 315      C19B4293 
 315      AA8DE7D7 
 315      D236BE0D 
 315      316EFA
 316 033b 6374A090 		.ascii	"ct\240\220An\005\017r3\357\372]\015\336\301\202\034"
 316      416E050F 
 316      7233EFFA 
 316      5D0DDEC1 
 316      821C
 317 034d BBD4F9DA 		.ascii	"\273\324\371\332\377\256x.\233\013_\221D:!\310\035\177"
 317      FFAE782E 
 317      9B0B5F91 
 317      443A21C8 
 317      1D7F
 318 035f 90DBA183 		.ascii	"\220\333\241\203\334\015\036\344U\307\300J\335\214\315"
 318      DC0D1EE4 
 318      55C7C04A 
 318      DD8CCD
 319 036e C463C32A 		.ascii	"\304c\303*9\212\247\210\327`\336M\233\244\013\315\200"
 319      398AA788 
 319      D760DE4D 
 319      9BA40BCD 
 319      80
 320 037f DFAB4860 		.ascii	"\337\253H`\333\303\310\255\006\367\244\226\202yUKu\263"
 320      DBC3C8AD 
 320      06F7A496 
 320      8279554B 
 320      75B3
 321 0391 9602C3A7 		.ascii	"\226\002\303\247\253Ov\231\360\020[\374m\375\371\353"
 321      AB4F7699 
ARM GAS  /tmp/ccXYkOLf.s 			page 25


 321      F0105BFC 
 321      6DFDF9EB 
 322 03a1 C2E84A37 		.ascii	"\302\350J7\373\026\277\276\375\310}\246\203\327\014"
 322      FB16BFBE 
 322      FDC87DA6 
 322      83D70C
 323 03b0 F5B2E51F 		.ascii	"\365\262\345\037k<}\020{[\342?L\367\264fe\016\257&\330"
 323      6B3C7D10 
 323      7B5BE23F 
 323      4CF7B466 
 323      650EAF26 
 324 03c5 3C89E03D 		.ascii	"<\211\340=J\260\317K\260\261\266\254\007\251\011\336"
 324      4AB0CF4B 
 324      B0B1B6AC 
 324      07A909DE 
 325 03d5 9B44B0DF 		.ascii	"\233D\260\337G\360\306\303\023\303\341x44\301\316\202"
 325      47F0C6C3 
 325      13C3E178 
 325      3434C1CE 
 325      82
 326 03e6 BE3AD6B1 		.ascii	"\276:\326\261\360\202\240\007\214L\376\220|5\322K\360"
 326      F082A007 
 326      8C4CFE90 
 326      7C35D24B 
 326      F0
 327 03f7 21D39575 		.ascii	"!\323\225u\255_\027\031\232\340\000%\370\310K\360\300"
 327      AD5F1719 
 327      9AE00025 
 327      F8C84BF0 
 327      C0
 328 0408 DEB14ABD 		.ascii	"\336\261J\275\232\340\300$\202\217}\004\333\353+\332"
 328      9AE0C024 
 328      828F7D04 
 328      DBEB2BDA 
 329 0418 4C788211 		.ascii	"Lx\202\021<\372\340B\213\201\275\0102\335\337\273J\263"
 329      3CFAE042 
 329      8B81BD08 
 329      32DDDFBB 
 329      4AB3
 330 042a 23701EA6 		.ascii	"#p\036\246\223\207\016\276\2562xI1\362\367\345\276J"
 330      93870EBE 
 330      AE327849 
 330      31F2F7E5 
 330      BE4A
 331 043c 53E855F5 		.ascii	"S\350U\365PNO\275\234*\326WLWS\362L\2424\350\245\244"
 331      504E4FBD 
 331      9C2AD657 
 331      4C5753F2 
 331      4CA234E8 
 332 0452 F17C7F77 		.ascii	"\361|\177w\014#\263y\252\331\034SJ\314\233Z\037\177"
 332      0C23B379 
 332      AAD91C53 
 332      4ACC9B5A 
 332      1F7F
 333 0464 76AC4696 		.ascii	"v\254F\226s4d\351\321\025h\304\027h\252\277\347\316"
 333      733464E9 
 333      D11568C4 
ARM GAS  /tmp/ccXYkOLf.s 			page 26


 333      1768AABF 
 333      E7CE
 334 0476 538079F0 		.ascii	"S\200y\360\3031{7:?\227\344\210\356\007\232\212>\313"
 334      C3317B37 
 334      3A3F97E4 
 334      88EE079A 
 334      8A3ECB
 335 0489 8D943508 		.ascii	"\215\2245\010\320CO`\276\225\314\377Wq\200\376E\303"
 335      D0434F60 
 335      BE95CCFF 
 335      577180FE 
 335      45C3
 336 049b D0CACF91 		.ascii	"\320\312\317\221\031\275\004y\0062\204\314\364\374R"
 336      19BD0479 
 336      063284CC 
 336      F4FC52
 337 04aa C500D2E8 		.ascii	"\305\000\322\350\373\340t\032Q\000\037h\012\324\023"
 337      FBE0741A 
 337      51001F68 
 337      0AD413
 338 04b9 940F3365 		.ascii	"\224\0173e\257\334\3235\030\216Kb\304)o\233\262P\265"
 338      AFDCD335 
 338      188E4B62 
 338      C4296F9B 
 338      B250B5
 339 04cc 19B5B5FA 		.ascii	"\031\265\265\372\251\012\353\354\220\254\271\240\224"
 339      A90AEBEC 
 339      90ACB9A0 
 339      94
 340 04d9 C99ED759 		.ascii	"\311\236\327Yw\333\250.\377\210\212\007\207~\360u\304"
 340      77DBA82E 
 340      FF888A07 
 340      877EF075 
 340      C4
 341 04ea B33725C7 		.ascii	"\2637%\307\364ls\234F^\226\236\015\033\264\254'v\222"
 341      F46C739C 
 341      465E969E 
 341      0D1BB4AC 
 341      277692
 342 04fd 9E182AB8 		.ascii	"\236\030*\270\323c\302n\332\023\332\274Rw\235\201.U"
 342      D363C26E 
 342      DA13DABC 
 342      52779D81 
 342      2E55
 343 050f 8CD9CC72 		.ascii	"\214\331\314rm+\322\024\313M\231\230\366\347E 6\376"
 343      6D2BD214 
 343      CB4D9998 
 343      F6E74520 
 343      36FE
 344 0521 FEA522A6 		.ascii	"\376\245\"\246\257\003M[Q\360\265z\005\006\243tn\\Y"
 344      AF034D5B 
 344      51F0B57A 
 344      0506A374 
 344      6E5C59
 345 0534 28998F41 		.ascii	"(\231\217A\031\274\031\255\004y\003YO\200\214\275\275"
 345      19BC19AD 
 345      04790359 
ARM GAS  /tmp/ccXYkOLf.s 			page 27


 345      4F808CBD 
 345      BD
 346 0545 5824CA85 		.ascii	"X$\312\205\340\204\324+0\\8%\003\"\0213\365\0220\240"
 346      E084D42B 
 346      305C3825 
 346      03221133 
 346      F51230A0 
 347 0559 96A2E8DD 		.ascii	"\226\242\350\335\253d\000\203z\241\313\201`b@r\276Z"
 347      AB640083 
 347      7AA1CB81 
 347      60624072 
 347      BE5A
 348 056b 90CDE752 		.ascii	"\220\315\347RPk\026\031\352\372my\307M\035\276I\353"
 348      506B1619 
 348      EAFA6D79 
 348      C74D1DBE 
 348      49EB
 349 057d CABB8F54 		.ascii	"\312\273\217T\355\216D1S\031\243\366\231\244%\262\370"
 349      ED8E4431 
 349      5319A3F6 
 349      99A425B2 
 349      F8
 350 058e A96815EF 		.ascii	"\251h\025\357\333\203\011\275\020\225A\231P\220\377"
 350      DB8309BD 
 350      10954199 
 350      5090FF
 351 059d A7386479 		.ascii	"\2478dy\357m\331\025\241n\013\022\306\337\026\253yv"
 351      EF6DD915 
 351      A16E0B12 
 351      C6DF16AB 
 351      7976
 352 05af 7AC31D8C 		.ascii	"z\303\035\214O\236n8\025\336\003\2731\331\005\242(\004"
 352      4F9E6E38 
 352      15DE03BB 
 352      31D905A2 
 352      2804
 353 05c1 42EC17EE 		.ascii	"B\354\027\356D\350x\302{!\246\007-\317n\212)\031x]\220"
 353      44E878C2 
 353      7B21A607 
 353      2DCF6E8A 
 353      2919785D 
 354 05d6 4FC32B18 		.ascii	"O\303+\030\274\027\227\376)\000H\215\312\346Y8\357\305"
 354      BC1797FE 
 354      2900488D 
 354      CAE65938 
 354      EFC5
 355 05e8 BE88D983 		.ascii	"\276\210\331\203\312\217\251x\1770\225\313[\\9\337\264"
 355      CA8FA978 
 355      7F3095CB 
 355      5B5C39DF 
 355      B4
 356 05f9 8F943F49 		.ascii	"\217\224?I\244T\354L{\306#C/\354D\034\372\033\374w\246"
 356      A454EC4C 
 356      7BC62343 
 356      2FEC441C 
 356      FA1BFC77 
 357 060e B3D1DDB1 		.ascii	"\263\321\335\261\265a\333\331H\334\317\266\312\355k"
ARM GAS  /tmp/ccXYkOLf.s 			page 28


 357      B561DBD9 
 357      48DCCFB6 
 357      CAED6B
 358 061d EA2BC2E6 		.ascii	"\352+\302\346\354\224\233z\341\240\036\213)\254\177"
 358      EC949B7A 
 358      E1A01E8B 
 358      29AC7F
 359 062c 24CB0681 		.ascii	"$\313\006\201\236b9\376\025\204G\370\315\346{\021Z\303"
 359      9E6239FE 
 359      158447F8 
 359      CDE67B11 
 359      5AC3
 360 063e F700DC5A 		.ascii	"\367\000\334Z~\0168g\366Ud\351p\231@\221nt\345\216x"
 360      7E0E3867 
 360      F65564E9 
 360      70994091 
 360      6E74E58E 
 361 0653 91FA6642 		.ascii	"\221\372fB3\301G\031\034\372d\353\314\365#\345\006\""
 361      33C14719 
 361      1CFA64EB 
 361      CCF523E5 
 361      0622
 362 0665 E551A496 		.ascii	"\345Q\244\226\273\017G5\370\020C\232h9\364oAAj\031\301"
 362      BB0F4735 
 362      F810439A 
 362      6839F46F 
 362      41416A19 
 363 067a 3E287272 		.ascii	">(rr\345\373\241\362\003\241\326Q\250\353\345\365I\270"
 363      E5FBA1F2 
 363      03A1D651 
 363      A8EBE5F5 
 363      49B8
 364 068c 96211D7A 		.ascii	"\226!\035zr\3770\257 =\337\213\345M\200\023E\017\230"
 364      72FF30AF 
 364      203DDF8B 
 364      E54D8013 
 364      450F98
 365 069f F57E9CF5 		.ascii	"\365~\234\365\2018\033(\316\366\315\337\214\207\343"
 365      81381B28 
 365      CEF6CDDF 
 365      8C87E3
 366 06ae 0621E479 		.ascii	"\006!\344yXUu\241\002\371t\337\360T\231WX\326\246\363"
 366      585575A1 
 366      02F974DF 
 366      F0549957 
 366      58D6A6F3 
 367 06c2 9DE2054C 		.ascii	"\235\342\005L9p\267\376\022O\225\320\234h\023S\236\361"
 367      3970B7FE 
 367      124F95D0 
 367      9C681353 
 367      9EF1
 368 06d4 3C3F32E9 		.ascii	"<?2\351\224\\\362\201\352@\332\314\223\003\351[^9\220"
 368      945CF281 
 368      EA40DACC 
 368      9303E95B 
 368      5E3990
 369 06e7 1ACEBDBA 		.ascii	"\032\316\275\272\257\203DvB\"\343\333\214\276\222\200"
ARM GAS  /tmp/ccXYkOLf.s 			page 29


 369      AF834476 
 369      4222E3DB 
 369      8CBE9280 
 370 06f7 19DAE84F 		.ascii	"\031\332\350Oec`*[h*[\313\353\2525\370\"K\345\312\341"
 370      6563602A 
 370      5B682A5B 
 370      CBEBAA35 
 370      F8224BE5 
 371 070d 815C0DBE 		.ascii	"\201\\\015\276\306\006U[\037\\\324\0023TD<\251&\243"
 371      C606555B 
 371      1F5CD402 
 371      3354443C 
 371      A926A3
 372 0720 697F04EE 		.ascii	"i\177\004\356`\323\245{\267\267\353\311\364V\230F\305"
 372      60D3A57B 
 372      B7B7EBC9 
 372      F4569846 
 372      C5
 373 0731 8C78B05A 		.ascii	"\214x\260Z4W\276nb\337)qFT\302\354JN\364\227\350\275"
 373      3457BE6E 
 373      62DF2971 
 373      4654C2EC 
 373      4A4EF497 
 374 0747 A7F076A6 		.ascii	"\247\360v\246\353X\2257l\232\335-\354\220u,\257\242"
 374      EB589537 
 374      6C9ADD2D 
 374      EC90752C 
 374      AFA2
 375 0759 816A81DA 		.ascii	"\201j\201\332\354\344gS\315p_~\201\026\367\262\370\317"
 375      ECE46753 
 375      CD705F7E 
 375      8116F7B2 
 375      F8CF
 376 076b 76BCD8A7 		.ascii	"v\274\330\247!\361K!\307]\244\030d[\357,\252\017\303"
 376      21F14B21 
 376      C75DA418 
 376      645BEF2C 
 376      AA0FC3
 377 077e 8F9845C5 		.ascii	"\217\230E\305\226=n\232\300\036\302p7\213\262z|s5V\227"
 377      963D6E9A 
 377      C01EC270 
 377      378BB27A 
 377      7C733556 
 378 0793 160828A5 		.ascii	"\026\010(\245E{\301\004\355\243\325\335\341\255n[y\355"
 378      457BC104 
 378      EDA3D5DD 
 378      E1AD6E5B 
 378      79ED
 379 07a5 392D54B7 		.ascii	"9-T\267\027:\245u\373\317NU=\222\263\327\312s\345,L"
 379      173AA575 
 379      FBCF4E55 
 379      3D92B3D7 
 379      CA73E52C 
 380 07ba 2C51A1B7 		.ascii	",Q\241\267\300h\033/\220\021{\323\366\323\332\336\276"
 380      C0681B2F 
 380      90117BD3 
 380      F6D3DADE 
ARM GAS  /tmp/ccXYkOLf.s 			page 30


 380      BE
 381 07cb F3F886FE 		.ascii	"\363\370\206\376\303"
 381      C3
 382 07d0 DDB2BB89 		.ascii	"\335\262\273\211\274@\277*\336\004\237\272S\350\211"
 382      BC40BF2A 
 382      DE049FBA 
 382      53E889
 383 07df 75997D85 		.ascii	"u\231}\205\372\316>\216j\376\016\\\017\360\037\202g"
 383      FACE3E8E 
 383      6AFE0E5C 
 383      0FF01F82 
 383      67
 384 07f0 8EC7D36C 		.ascii	"\216\307\323lP\357g$\226\177?+S\366\2632\272\237\005"
 384      50EF6724 
 384      967F3F2B 
 384      53F6B332 
 384      BA9F05
 385 0803 2BFAF0D5 		.ascii	"+\372\360\325\247S\274\376+\301?\376\003\225{\234\367"
 385      A753BCFE 
 385      2BC13FFE 
 385      03957B9C 
 385      F7
 386 0814 902C6B6C 		.ascii	"\220,kl(g_h\025\320|\345|P\327%jW\250\026\353'0\274"
 386      28675F68 
 386      15D07CE5 
 386      7C50D725 
 386      6A57A816 
 387 082c F5FAF84B 		.ascii	"\365\372\370K\346]\011\336\007\231\367\326\215\005\321"
 387      E65D09DE 
 387      0799F7D6 
 387      8D05D1
 388 083b EF2AEF61 		.ascii	"\357*\357aZ\336C\264\274t\360k1\311a\223\3048\3532\361"
 388      5ADE43B4 
 388      BC74F06B 
 388      31C96193 
 388      C438EB32 
 389 0850 7792F31F 		.ascii	"w\222\363\037.G\252\370\305\242/E\311\026/%$H\011\242"
 389      2E47AAF8 
 389      C5A22F45 
 389      C9162F25 
 389      244809A2 
 390 0864 C32926C5 		.ascii	"\303)&\305\245\210)\311\361\242\323\225&\305\331\234"
 390      A58829C9 
 390      F1A2D395 
 390      26C5D99C 
 391 0874 A24DB229 		.ascii	"\242M\262)\217\261V\335\347\213\3762k\301\274y\234\336"
 391      8FB156DD 
 391      E78BFE32 
 391      6BC1BC79 
 391      9CDE
 392 0886 62494FB6 		.ascii	"bIO\266\273>\263\270~.\246;\323\304\2704\333'v\207]"
 392      BB3EB3B8 
 392      7E2EA63B 
 392      D3C4B834 
 392      DB277687 
 393 089b FA448A8B 		.ascii	"\372D\212\213O\026\223\355\326\224\364\004I\264\305"
 393      4F1693ED 
ARM GAS  /tmp/ccXYkOLf.s 			page 31


 393      D694F404 
 393      49B4C5
 394 08aa 599392ED 		.ascii	"Y\223\222\355\222hI\220\022\343\322S\\\026\327\212T"
 394      92684990 
 394      12E3D253 
 394      5C16D78A 
 394      54
 395 08bb C9199BC4 		.ascii	"\311\031\233\304i\025\347\217\337\341\354\\\341\024"
 395      6915E78F 
 395      DFE1EC5C 
 395      E114
 396 08c9 2D4E5702 		.ascii	"-NW\002X\202\207\306\231\374/\311\342\232O\035\010\275"
 396      588287C6 
 396      99FC2FC9 
 396      E29A4F1D 
 396      08BD
 397 08db A5566B80 		.ascii	"\245Vk\200\343/c\347\307\316\363\273\273 \241D\360\304"
 397      E32F63E7 
 397      C7CEF3BB 
 397      BB20A144 
 397      F0C4
 398 08ed 92C32910 		.ascii	"\222\303)\020oM|zb\242\224\206\377is\341\324t\027\244"
 398      6F4D7C7A 
 398      62A29486 
 398      FF6973E1 
 398      D47417A4 
 399 0901 00D09FCE 		.ascii	"\000\320\237\316\267\270\264\312=\314\346\\jq-z\177"
 399      B7B8B4CA 
 399      3DCCE65C 
 399      6A712D7A 
 399      7F
 400 0912 89AC0E9B 		.ascii	"\211\254\016\233\315a\027S\035i.\247\370\333?/\\\260"
 400      CD611753 
 400      1D692EA7 
 400      F8DB3F2F 
 400      5CB0
 401 0924 7039D1A5 		.ascii	"p9\321\245&\247HiN\361\363\005\013Dk\2227U\001J\227"
 401      26A74869 
 401      4EF1F305 
 401      0B446B92 
 401      3755014A 
 402 0939 10B62C2D 		.ascii	"\020\266,-\331%\031\027J\266/i)\377\272\360+\274Tr\375"
 402      D9251917 
 402      4AB62F69 
 402      29FFBAF0 
 402      2BBC5472 
 403 094e E647AD06 		.ascii	"\346G\255\006\024\305\221\230\350\224\\\004\327\221"
 403      14C59198 
 403      E8945C04 
 403      D791
 404 095c B682410B 		.ascii	"\266\202A\013\026\310\355\307\001[9\301\002\3544\026"
 404      16C8EDC7 
 404      015B39C1 
 404      02EC3416 
 405 096c 42DDA9B5 		.ascii	"B\335\251\265P\362N\243\315\371\307\370\257%\253\353"
 405      50F24EA3 
 405      CDF9C7F8 
ARM GAS  /tmp/ccXYkOLf.s 			page 32


 405      AF25ABEB 
 406 097c F7F66497 		.ascii	"\367\366d\227\006\314\255\251+\204\024).Qkw\270\222"
 406      06CCADA9 
 406      2B841429 
 406      2E516B77 
 406      B892
 407 098e D21CCBD0 		.ascii	"\322\034\313\320<m\242}\2263U\262\202\306nOOI1\277k"
 407      3C6DA27D 
 407      963355B2 
 407      82C66E4F 
 407      4F4931BF 
 408 09a3 795D69C9 		.ascii	"y]i\311\366\245\220\304\377\000q\370ZK"
 408      F6A590C4 
 408      FF0071F8 
 408      5A4B
 409              		.text
 410              		.section	.gnu.lto_.symtab.eec4a0c985565223,"",%progbits
 411 0000 6D734F62 		.ascii	"msObjectInit\000"
 411      6A656374 
 411      496E6974 
 411      00
 412 000d 00       		.ascii	"\000"
 413 000e 00       		.ascii	"\000"
 414 000f 00       		.ascii	"\000"
 415 0010 00000000 		.ascii	"\000\000\000\000\000\000\000\000"
 415      00000000 
 416 0018 17010000 		.ascii	"\027\001\000\000"
 417              		.text
 418              		.section	.gnu.lto_.opts,"",%progbits
 419 0000 272D666D 		.ascii	"'-fmath-errno' '-fsigned-zeros' '-ftrapping-math' '"
 419      6174682D 
 419      6572726E 
 419      6F272027 
 419      2D667369 
 420 0033 2D666E6F 		.ascii	"-fno-trapv' '-fno-openmp' '-fno-openacc' '-mcpu=cor"
 420      2D747261 
 420      70762720 
 420      272D666E 
 420      6F2D6F70 
 421 0066 7465782D 		.ascii	"tex-m3' '-mno-thumb-interwork' '-mthumb' '-O2' '-fo"
 421      6D332720 
 421      272D6D6E 
 421      6F2D7468 
 421      756D622D 
 422 0099 6D69742D 		.ascii	"mit-frame-pointer' '-falign-functions=16' '-ffuncti"
 422      6672616D 
 422      652D706F 
 422      696E7465 
 422      72272027 
 423 00cc 6F6E2D73 		.ascii	"on-sections' '-fdata-sections' '-fno-common' '-flto"
 423      65637469 
 423      6F6E7327 
 423      20272D66 
 423      64617461 
 424 00ff 2700     		.ascii	"'\000"
 425              		.text
 426              		.comm	__gnu_lto_v1,1,1
ARM GAS  /tmp/ccXYkOLf.s 			page 33


 427              		.comm	__gnu_lto_slim,1,1
 428              		.ident	"GCC: (GNU Tools for Arm Embedded Processors 7-2017-q4-major) 7.2.1 20170904 (release) [ARM
ARM GAS  /tmp/ccXYkOLf.s 			page 34


DEFINED SYMBOLS
                            *ABS*:0000000000000000 memstreams.c
                            *COM*:0000000000000001 __gnu_lto_v1
                            *COM*:0000000000000001 __gnu_lto_slim

NO UNDEFINED SYMBOLS
