ARM GAS  /tmp/ccNgWImg.s 			page 1


   1              		.cpu cortex-m3
   2              		.eabi_attribute 20, 1
   3              		.eabi_attribute 21, 1
   4              		.eabi_attribute 23, 3
   5              		.eabi_attribute 24, 1
   6              		.eabi_attribute 25, 1
   7              		.eabi_attribute 26, 1
   8              		.eabi_attribute 30, 2
   9              		.eabi_attribute 34, 1
  10              		.eabi_attribute 18, 4
  11              		.file	"nullstreams.c"
  12              		.section	.gnu.lto_.profile.51e3a2bf8d102246,"",%progbits
  13 0000 789C6363 		.ascii	"x\234cc```\001bF\006n6\000\000\224\000\035"
  13      60606001 
  13      6246066E 
  13      36000094 
  13      001D
  14              		.text
  15              		.section	.gnu.lto_.icf.51e3a2bf8d102246,"",%progbits
  16 0000 789C6363 		.ascii	"x\234cc``Pc@\0006\206\017\375\217\017\3621n::c\002\017"
  16      60605063 
  16      40003686 
  16      0FFD8F0F 
  16      F2316E3A 
  17 0018 D3D4BBAF 		.ascii	"\323\324\273\257\246s2\267.\272\275\202\231eC\327\271"
  17      A67332B7 
  17      2EBABD82 
  17      996543D7 
  17      B9
  18 0029 BDDCAC5F 		.ascii	"\275\334\254_o,\177\303\306\000\000`p\021\375"
  18      6F2C7FC3 
  18      C6000060 
  18      7011FD
  19              		.text
  20              		.section	.gnu.lto_.jmpfuncs.51e3a2bf8d102246,"",%progbits
  21 0000 789C458A 		.ascii	"x\234E\212\201\011\000 \014\303\322u\372\230\207\371"
  21      81090020 
  21      0CC3D275 
  21      FA9887F9 
  22 0010 C88E7582 		.ascii	"\310\216u\202`!PB&\260\370\033XRR\246\321.\207\256\341"
  22      60215042 
  22      26B0F81B 
  22      585252A6 
  22      D12E87AE 
  23 0025 193711F1 		.ascii	"\0317\021\361E\372\375\354\252\363\301\001\013\251\007"
  23      45FAFDEC 
  23      AAF3C101 
  23      0BA907
  24 0034 B7       		.ascii	"\267"
  25              		.text
  26              		.section	.gnu.lto_.inline.51e3a2bf8d102246,"",%progbits
  27 0000 789C6363 		.ascii	"x\234cc``\210e@\000V\006\006f&F\006& \223m\201<\210"
  27      60608865 
  27      40005606 
  27      06662646 
  27      06262093 
  28 0018 6260C410 		.ascii	"b`\304\020a\302\020a\306\020aa`a\006\2120\276`g`\357"
ARM GAS  /tmp/ccNgWImg.s 			page 2


  28      61C21061 
  28      C6106161 
  28      6061068A 
  28      30BE6067 
  29 002e 50070B31 		.ascii	"P\007\0131\000\000\355\016\005a"
  29      0000ED0E 
  29      0561
  30              		.text
  31              		.section	.gnu.lto_.pureconst.51e3a2bf8d102246,"",%progbits
  32 0000 789C6363 		.ascii	"x\234cc``\340\006bV\006\006F\006&\006f\006\026)\000"
  32      6060E006 
  32      62560606 
  32      46062606 
  32      66061629 
  33 0015 01A3003B 		.ascii	"\001\243\000;"
  34              		.text
  35              		.section	.gnu.lto_writes.51e3a2bf8d102246,"",%progbits
  36 0000 789C5D90 		.ascii	"x\234]\220KKBA\024\307\317\231\361\025\224_\240\026"
  36      4B4B4241 
  36      14C7CF99 
  36      F115945F 
  36      A016
  37 0012 2D0271D3 		.ascii	"-\002q\323|\202 (\302Z\264i\037\370\270\240t}\3205Z"
  37      7C822028 
  37      C25AB469 
  37      1FF8B8A0 
  37      747DD035 
  38 0027 3A695161 		.ascii	":iQa\013#3\020\027\205\310]Vde\217\305]\265\011\203"
  38      0B233310 
  38      1785C85D 
  38      5664658F 
  38      C55DB509 
  39 003c 32BF4009 		.ascii	"2\277@\011-\022\241E\253\312:\367\342\"\\\014\363?3"
  39      2D12A145 
  39      ABCA3AF7 
  39      E2225C0C 
  39      F33F33
  40 004f BFDF0CE7 		.ascii	"\277\337\014\3478\000`\021\001\346h\037\246\205\034"
  40      38006011 
  40      01E6681F 
  40      A6851C
  41 005e 90E51E00 		.ascii	"\220\345\036\000\326\\\014\321\014\322\205\220b\230"
  41      D65C0CD1 
  41      0CD28590 
  41      6298
  42 006c C21D9EE7 		.ascii	"\302\035\236\347\370\270~R\342Y^\"\314F\345G\275\370"
  42      F8B87E52 
  42      E2595E22 
  42      CC46E547 
  42      BDF8
  43 007e EA364BC4 		.ascii	"\3526K\304Q*\333\235\273\352\240W\2272-\215\203\332"
  43      512ADB9D 
  43      BBEAA057 
  43      97322D8D 
  43      83DA
  44 0090 C45166C3 		.ascii	"\304Qf\303W\342\014\012DWq\004\317p\304\374\342\034"
  44      57E20C0A 
ARM GAS  /tmp/ccNgWImg.s 			page 3


  44      44577104 
  44      CF70C4FC 
  44      E21C
  45 00a2 BDC436EA 		.ascii	"\275\3046\352\315\234\223O!P\336\373|7\230\247by\255"
  45      CD9C934F 
  45      2150DEFB 
  45      7C3798A7 
  45      6279AD
  46 00b5 32976325 		.ascii	"2\227c%\316\361\002\371\177\221\216\000/\321C\370W\266"
  46      CEF102F9 
  46      7F918E00 
  46      2FD143F8 
  46      57B6
  47 00c7 5918E033 		.ascii	"Y\030\3403\226\272\373\246w\261\247~W,\325\206\265~"
  47      96BAFBA6 
  47      77B1A77E 
  47      572CD586 
  47      B57E
  48 00d9 D5067865 		.ascii	"\325\006xe\251?2_p\363YKm\335\227s\316\236\372\254["
  48      A93F325F 
  48      70F3594B 
  48      6DDD9773 
  48      CE9EFAAC 
  49 00ee 2AC3EB7E 		.ascii	"*\303\353~\225\001\336\240\307\344_N\273\373C\016\233"
  49      9501DEA0 
  49      C7E45F4E 
  49      BBFB430E 
  49      9B
  50 00ff D90E7571 		.ascii	"\331\016uq\213\016\240\301\301\361\223\335\220\335\337"
  50      8B0EA0C1 
  50      C1F193DD 
  50      90DDDF
  51 010e 4D69B475 		.ascii	"Mi\264ul\332i\022\026\017[D\321\374\244\001\333\364"
  51      6CDA6912 
  51      160F5B44 
  51      D1FCA401 
  51      DBF4
  52 0120 06A58C01 		.ascii	"\006\245\214\001\035L\037\352\0154\335\"7e\242\320\274"
  52      1D4C1FEA 
  52      0D34DD22 
  52      3765A2D0 
  52      BC
  53 0131 63009322 		.ascii	"c\000\223\"\034\217*\302\037\\\025\323\212\266\224\214"
  53      1C8F2AC2 
  53      1F5C15D3 
  53      8AB6948C 
  54 0141 27846F7E 		.ascii	"'\204o~A(\321\200\022\012)!\021\327D\330\257\0125\022"
  54      4128D180 
  54      120A2921 
  54      11D744D8 
  54      AF0A3512 
  55 0155 105A7259 		.ascii	"\020ZrY\361G5\021[Q\325^\036\017\002\213$X \201\261"
  55      F1473511 
  55      5B51D55E 
  55      1E0F028B 
  55      24582081 
  56 016a 3F561D8B 		.ascii	"?V\035\213~"
ARM GAS  /tmp/ccNgWImg.s 			page 4


  56      7E
  57              		.text
  58              		.section	.gnu.lto_reads.51e3a2bf8d102246,"",%progbits
  59 0000 789C5D90 		.ascii	"x\234]\220\315+\204Q\024\306\317s\357\230\241\230\177"
  59      CD2B8451 
  59      14C6CF73 
  59      EF98A198 
  59      7F
  60 0011 C02C2CD4 		.ascii	"\300,,\324d\343\376\005J\221\206\205\215\277`\306\274"
  60      64E3FE05 
  60      4A918685 
  60      8DBF60C6 
  60      BC
  61 0022 3593F9CA 		.ascii	"5\223\371\312\220\245\353+\304bd\214\322,H\314\022\031"
  61      90A5EB2B 
  61      C462648C 
  61      D22C48CC 
  61      1219
  62 0034 DFD49B64 		.ascii	"\337\324\233d#\204\224\205\025\312b4\245\310B\206\363"
  62      23849485 
  62      15CA6234 
  62      A5C84286 
  62      F3
  63 0045 BE8D92C5 		.ascii	"\276\215\222\305\355>\347\336\347wN\347q\022Q\010D\035"
  63      ED3EE7DE 
  63      E7774EE7 
  63      71125108 
  63      441D
  64 0057 7CD7F281 		.ascii	"|\327\362\201$\210\324\005\321P\245\000,\241+A\203\002"
  64      2488D405 
  64      D150A500 
  64      2CA12B41 
  64      8302
  65 0069 83989669 		.ascii	"\203\230\226i\211\253\321\365\254\234\222Y\2669\270"
  65      89ABD1F5 
  65      AC9C9259 
  65      B639B8
  66 0078 7C3D5F78 		.ascii	"|=_xt[%P\307\345K\3614_\335\220\323zX\233\363wMK#c\276"
  66      745B2550 
  66      C7E54BF1 
  66      345FDD90 
  66      D37A589B 
  67 0093 AC149461 		.ascii	"\254\024\224aw\036\036l\302c\215\330B\003{o\316oS.\331"
  67      771E1E6C 
  67      C2638DD8 
  67      42037B6F 
  67      CE6F532E 
  68 00a8 02623DFB 		.ascii	"\002b=\373^0\205w\305\346\356\227\245\256\317J\211m"
  68      5E308577 
  68      C5E6EE97 
  68      A5AECF4A 
  68      896D
  69 00ba C8BF203F 		.ascii	"\310\277 ?\021v\340e\373\347\324m\246J\266\331\350\314"
  69      1176E065 
  69      FBE7D46D 
  69      A64AB6D9 
  69      E8CC
ARM GAS  /tmp/ccNgWImg.s 			page 5


  70 00cc 73AE8432 		.ascii	"s\256\2042z\262b\243\016\354\376G\035\204=\033\375\322"
  70      7AB262A3 
  70      0EECFE47 
  70      1D843D1B 
  70      FDD2
  71 00de E98C5BB6 		.ascii	"\351\214[\266\333\350\323\331r\312\365;u\325F\005\366"
  71      DBE8D3D9 
  71      72CAF53B 
  71      75D54605 
  71      F6
  72 00ef FFA38270 		.ascii	"\377\243\202p\000\257\345\177\330(\315\3258\035\326"
  72      00AFE57F 
  72      D828CDD5 
  72      381DD6
  73 00fe 3ABCC521 		.ascii	":\274\305!\234\304\301\321\332u\205\251K\337\343\332"
  73      9CC4C1D1 
  73      DA7585A9 
  73      4BDFE3DA 
  74 010e 7C5BC547 		.ascii	"|[\305G\205 \232\340\177NN\2334\3114\253\021\223\212"
  74      85209AE0 
  74      7F4E4E9B 
  74      34C934AB 
  74      11938A
  75 0121 185E2CDC 		.ascii	"\030^,\334\300\242\270Sf\354\370\322e\305&@8\262Sa\012"
  75      C0A2B853 
  75      66ECF8D2 
  75      65C52640 
  75      38B25361 
  76 0136 9697F966 		.ascii	"\226\227\371f\025\212G\015\345\357\036P\255F\262\247"
  76      158A470D 
  76      E5EF1E50 
  76      AD46B2A7 
  77 0146 2F9E50BE 		.ascii	"/\236P\276\316.eD\003F0h\004U<\251B\376\210\212\204"
  77      CE2E6544 
  77      03463068 
  77      04553CA9 
  77      42FE888A 
  78 015b 032AD9D7 		.ascii	"\003*\331\327k\370\243I\025\353\217D\312\272\261\233"
  78      6BF8A349 
  78      15EB8F44 
  78      CABAB19B 
  79 016b 44382102 		.ascii	"D8!\002\011\304~\000\205\224\217\255"
  79      09C47E00 
  79      85948FAD 
  80              		.text
  81              		.section	.gnu.lto_put.51e3a2bf8d102246,"",%progbits
  82 0000 789C4D8F 		.ascii	"x\234M\217\271JCA\024\206\317\231\271&)\324\007\320"
  82      B94A4341 
  82      1486CF99 
  82      B92629D4 
  82      07D0
  83 0012 14164208 		.ascii	"\024\026B\010\202#X\331\011J\264\262\361\011\262\\H"
  83      822358D9 
  83      094AB4B2 
  83      F109B25C 
  83      48
  84 0023 F0C6046F 		.ascii	"\360\306\004o\3042c\026\027L\021P\023\220[(\032\004"
ARM GAS  /tmp/ccNgWImg.s 			page 6


  84      C4326316 
  84      174C1150 
  84      13905B28 
  84      1A04
  85 0035 2D54DC37 		.ascii	"-T\3347\270H\012A\242\250\370\002.\225 Xh!\022=\023"
  85      B8480A41 
  85      A2A8F802 
  85      2E952058 
  85      6821123D 
  86 004a 151C18E6 		.ascii	"\025\034\030\346?3\377w\346\374\016\000hC\200>:\233"
  86      3F33FF77 
  86      E6FC0E00 
  86      6843803E 
  86      3A9B
  87 005c 69230764 		.ascii	"i#\007d\371K\200q\027CTB\272\020\222\014\223\230\343"
  87      F94B8071 
  87      17435442 
  87      BA10920C 
  87      9398E3
  88 006f 731CAF33 		.ascii	"s\034\2573\233\026\237\341\026\3314*_+\013\017\215\252"
  88      9B169FE1 
  88      16D9342A 
  88      5F2B0B0F 
  88      8DAA
  89 0081 446CA1B2 		.ascii	"Dl\241\262t\232>A\357\252\244e\027?\272\226\322\331"
  89      749A3E41 
  89      EFAAA465 
  89      173FBA96 
  89      D2D9
  90 0093 7E8B3328 		.ascii	"~\2133(\220{\007\335\270\215n\365\305.z\311{[\271\313"
  90      907B07DD 
  90      B88D6EF5 
  90      C52E7AC9 
  90      7B5BB9CB 
  91 00a7 3B790F02 		.ascii	";y\017\002\351\331\267g\233yJR\246\244]^\346\262\325"
  91      E9D9B767 
  91      9B794A52 
  91      A6A45D5E 
  91      E6B2D5
  92 00ba E21CF790 		.ascii	"\342\034\367\220\377\007\351\012p\037=d\267&\326\236"
  92      FF07E90A 
  92      701F3D64 
  92      B726D69E 
  93 00ca 38F7D5D0 		.ascii	"8\367\325\320\213\367\363\362\037\372\230\341\262\336"
  93      8BF7F3F2 
  93      1FFA98E1 
  93      B2DE
  94 00d8 E21A1EFC 		.ascii	"\342\032\036\374\240\235n\354P\240\006x\210\036\345"
  94      A09D6EEC 
  94      50A00678 
  94      881EE5
  95 00e7 BEDFAACE 		.ascii	"\276\337\252\3167845\021\015r\204\016\240\354\260qS"
  95      37383435 
  95      110D7284 
  95      0EA0ECB0 
  95      7153
  96 00f9 67CBEAD7 		.ascii	"g\313\352\327\244\264?W\260\350c\000S\364N\341\245\015"
ARM GAS  /tmp/ccNgWImg.s 			page 7


  96      A4B43F57 
  96      B0E86300 
  96      53F44EE1 
  96      A50D
  97 010b D3343FA9 		.ascii	"\3234?\251\264\015/\230Z\\\3175)\212:\025\262gWN\225"
  97      B40D2F98 
  97      5A5CCF35 
  97      298A3A15 
  97      B267574E 
  98 0120 9C21E071 		.ascii	"\234!\340q-\030Q\250\274\304w\213p,\252\013\177pL\364"
  98      2D1851A8 
  98      BCC4778B 
  98      702CAA0B 
  98      7F704CF4 
  99 0134 EAE65022 		.ascii	"\352\346P\"\026\027\375\003\203B\217\006\364PH\017\211"
  99      1617FD03 
  99      83428F06 
  99      F450480F 
  99      89
 100 0145 9829C27E 		.ascii	"\230)\302~C\030\221\2000\023#\272?j\212\341Q\303\370"
 100      43189180 
 100      301323BA 
 100      3F6A8AE1 
 100      51C3F8
 101 0158 D5ED4160 		.ascii	"\325\355A`\2218\006\276\001Xjz\037"
 101      913806BE 
 101      01586A7A 
 101      1F
 102              		.text
 103              		.section	.gnu.lto_get.51e3a2bf8d102246,"",%progbits
 104 0000 789C4D4F 		.ascii	"x\234MO\273JCA\024<\263\033\257\021\321\017\320\024"
 104      BB4A4341 
 104      143CB31B 
 104      AF11D10F 
 104      D014
 105 0012 164248E3 		.ascii	"\026BH\343\376\202\340\003+\033\277 \217\013\011\336"
 105      FE82E003 
 105      2B1BBF20 
 105      8F0B09DE 
 106 0022 98E08D58 		.ascii	"\230\340\215XfM\004\025S\004\324\010\341\"B\010\226"
 106      664D0415 
 106      5304D408 
 106      E1224208 
 106      96
 107 0033 BE121FA0 		.ascii	"\276\022\037\240p\005\333\210\017\354E\005\013A\010"
 107      7005DB88 
 107      0FEC4505 
 107      0B4108
 108 0042 621B3D2B 		.ascii	"b\033=+\026.\014\314\354\316\314\236c\021\321'c\202"
 108      162E0CCC 
 108      ECCECC9E 
 108      6311D127 
 108      6382
 109 0054 31C88024 		.ascii	"1\310\200$\210\362\015\321RP\000\206\350 (/\220GInJ"
 109      88F20DD1 
 109      52500086 
 109      E820282F 
ARM GAS  /tmp/ccNgWImg.s 			page 8


 109      9047496E 
 110 0069 DC2D1F78 		.ascii	"\334-\037xr]zl\013\260l\267\252/\375F\002C,\353\227"
 110      725D7A6C 
 110      0BB06CB7 
 110      AA2FFD46 
 110      02432CEB 
 111 007e C50B44F6 		.ascii	"\305\013D\3664\037\177\273j\3554nu\217'\005U\330\336"
 111      341F7FBB 
 111      6AED346E 
 111      758F2705 
 111      55D8DE
 112 0091 4008C708 		.ascii	"@\010\307\010\231?\232\210\260\371\241\365X\356\226"
 112      993F9A88 
 112      B0F9A1F5 
 112      58EE96
 113 00a0 6320E61B 		.ascii	"c \346\033_\357\276\010\327\265.h\377\272&\365\260'"
 113      5FEFBE08 
 113      D7B52E68 
 113      FFBA26F5 
 113      B027
 114 00b2 254E20FF 		.ascii	"%N \377\007\371\212p\212\260\361?\037v\266\372\254\200"
 114      07F98A70 
 114      8AB0F13F 
 114      1F76B6FA 
 114      AC80
 115 00c4 29E6BE33 		.ascii	")\346\2763X\004&\373\367]\276\356|\257h\377\265\206"
 115      580426FB 
 115      F75DBEEE 
 115      7CAF68FF 
 115      B586
 116 00d6 E6A4205A 		.ascii	"\346\244 Z\345w^B\373\264\306c0+\372\364\201\302\356"
 116      E5775E42 
 116      FBB4C663 
 116      302BFAF4 
 116      81C2EE
 117 00e9 5B69C0A4 		.ascii	"[i\300\244\270\351\352\351\250\335k6\020\010\340\374"
 117      B8E9EAE9 
 117      A8DD6B36 
 117      1008E0FC 
 118 00f9 773E4EC1 		.ascii	"w>N\301x9?\252\222\231\264\255\242\361E5n\273\263\271"
 118      78393FAA 
 118      9299B4AD 
 118      A2F14535 
 118      6EBBB3B9 
 119 010d 4C564D4D 		.ascii	"LVMM\317(;\035\263\023\011;\2412\256JF\035\345\244b"
 119      CF283B1D 
 119      B313093B 
 119      A132AE4A 
 119      461DE5A4 
 120 0122 CACDCDDB 		.ascii	"\312\315\315\333\321\264\253\346\026\034\347\217\217"
 120      D1B4ABE6 
 120      161CE78F 
 120      8F
 121 012f C449A4B2 		.ascii	"\304I\244\262?9\362jf"
 121      3F39F26A 
 121      66
 122              		.text
ARM GAS  /tmp/ccNgWImg.s 			page 9


 123              		.section	.gnu.lto_nullObjectInit.51e3a2bf8d102246,"",%progbits
 124 0000 789C4D50 		.ascii	"x\234MPMk\023Q\024\275g\356d\014-\026\227\242Yd!\224"
 124      4D6B1351 
 124      14BD67EE 
 124      640C2D16 
 124      97A25964 
 125 0016 6C7C7F41 		.ascii	"l|\177AP\212+7\376\202\244\031\250\230/\234\210\340"
 125      508A2B37 
 125      FE82A419 
 125      A8982F9C 
 125      88E0
 126 0028 26AF8931 		.ascii	"&\257\2111\021-t\321\264R\2472BD7b?\324X\215f\310\302"
 126      112D74D1 
 126      B452A732 
 126      42443762 
 126      3FD4588D 
 127 003f 9551222E 		.ascii	"\225Q\".\\u\321\202\202_ \352\302\202\265\367\215]\364"
 127      5C75D182 
 127      825F20EA 
 127      C282B5F7 
 127      8D5DF4
 128 0052 C2E5DD7B 		.ascii	"\302\345\335{\337y\347\236\363\034\"j\201hB\316\243"
 128      DF79E79E 
 128      F31C226A 
 128      816842CE 
 128      A3
 129 0063 92608235 		.ascii	"\222`\2025\373\206h:n\001\246\320qP\305B\0057x\216\321"
 129      FB86683A 
 129      6E01A6D0 
 129      7150C542 
 129      0537788E 
 130 0078 6F7C5CB7 		.ascii	"o|\\\267R\367\264D\270\260\341\\\325\365\303>\023\315"
 130      52F7B444 
 130      B8B0E15C 
 130      D5F5C33E 
 130      13CD
 131 008a 4B9AC01A 		.ascii	"K\232\300\032R\202\032^Y\366\371:\373\014\330\322\376"
 131      52821A5E 
 131      59F6F93A 
 131      FB0CD8D2 
 131      FE
 132 009b 182C6E8D 		.ascii	"\030,n\215\231\326BR\332OwV\277\332|\022$\365\322\375"
 132      99D64252 
 132      DA4F7756 
 132      BFDA7C12 
 132      24F5D2FD 
 133 00af E1AD91F1 		.ascii	"\341\255\221\361\273ZWu\370\272\315\372\230\317\214"
 133      BB5A5775 
 133      F8BACDFA 
 133      98CF8C
 134 00be 276021C4 		.ascii	"'`!\304c$\360\010\011\222\021\241\203q\203\337\\\331"
 134      6324F008 
 134      099211A1 
 134      837183DF 
 134      5CD9
 135 00d0 691D74EC 		.ascii	"i\035t\354\377\013\361\024\016\211xz\370.\026\352\235"
 135      FF0BF114 
ARM GAS  /tmp/ccNgWImg.s 			page 10


 135      0E89787A 
 135      F82E16EA 
 135      9D
 136 00e1 7F0D1DFE 		.ascii	"\177\015\035\376j\343\367\204-\322\015\236\232\202\022"
 136      6AE3F784 
 136      2DD20D9E 
 136      9A8212
 137 00f0 0F3AA46B 		.ascii	"\017:\244kl\231\252\026\322gT\267\033K\235\222y,\204"
 137      6C99AA16 
 137      D26754B7 
 137      1B4B9D92 
 137      792C84
 138 0103 F3F5FEDB 		.ascii	"\363\365\376\333\003F\033Gz\272\375\301+'\300\355i1"
 138      03461B47 
 138      7ABAFDC1 
 138      2B27C0ED 
 138      6931
 139 0115 181CF1D9 		.ascii	"\030\034\361\331^\024\321\353\"\302\\\276o|\330\030"
 139      5E14D1EB 
 139      22C25CBE 
 139      6F7CD818 
 140 0125 550F8CF9 		.ascii	"U\017\214\371\244\3171<C\200V\344\034\317\241\366\223"
 140      A4CF313C 
 140      438056E4 
 140      1CCFA1F6 
 140      93
 141 0136 C522B2DA 		.ascii	"\305\"\262\332v\357\347X\345\257\226/\212\005\006'\263"
 141      76EFE758 
 141      E5AF962F 
 141      8A050627 
 141      B3
 142 0147 3FC36FCD 		.ascii	"?\303o\315Q\263\340\220\317\016^\310\277v\367\330k\355"
 142      51B3E090 
 142      CF0E5EC8 
 142      BF76F7D8 
 142      6BED
 143 0159 B53A047D 		.ascii	"\265:\004}S6_6\024/\205^\250{\250\320wT\203/3\210\014"
 143      53365F36 
 143      142F855E 
 143      A87BA8D0 
 143      7754832F 
 144 0170 9B688A5A 		.ascii	"\233h\212Z\261c\021\235PS\305\274\253\322\223\227\324"
 144      B163119D 
 144      5053C5BC 
 144      ABD29397 
 144      D4
 145 0181 29D73B5F 		.ascii	")\327;_.\226\324\3513g\225\233\317\270\331\254\233U"
 145      2E96D4E9 
 145      3367959B 
 145      CFB8D9AC 
 145      9B55
 146 0193 454F4DA5 		.ascii	"EOM\245s*w.\243\274\362\0057\235\367T\341b.\267W\037"
 146      732A772E 
 146      A3BCF205 
 146      379DF754 
 146      E1622EB7 
 147 01a9 9F242E78 		.ascii	"\237$.x\245]\030V\240."
ARM GAS  /tmp/ccNgWImg.s 			page 11


 147      A55D1856 
 147      A02E
 148              		.text
 149              		.section	.gnu.lto_vmt.51e3a2bf8d102246,"",%progbits
 150 0000 789C6363 		.ascii	"x\234cc``\230\011\304N\014\0200\205\231q\347\3167\267"
 150      60609809 
 150      C44E0C10 
 150      30859971 
 150      E7CE37B7 
 151 0014 D9EBFF36 		.ascii	"\331\353\3776t44<\350\236\303\\7\207\231a\0323\206\324"
 151      7434343C 
 151      E89EC35C 
 151      37879961 
 151      1A3386D4 
 152 0028 8267CC73 		.ascii	"\202g\314s\230\031\24713bH\254\002J0Mcf\302\220x\305"
 152      9819A731 
 152      336248AC 
 152      024A304D 
 152      6366C290 
 153 003e 34879979 		.ascii	"4\207\231y\03233X\342\353\263'\3739,\2665t,hp\230\303"
 153      1A333358 
 153      E2EBB327 
 153      FB392CB6 
 153      35742C68 
 154 0055 CC329599 		.ascii	"\3142\225\231\201q\033c\375TfF\306\255 \212\211q\013"
 154      81711B63 
 154      FD546646 
 154      C6AD208A 
 154      89710B
 155 0068 886266DC 		.ascii	"\210bf\334\314X\317\300\270\235\321\202\301A?#?7U?1"
 155      CC58CFC0 
 155      B89DD182 
 155      C1413F23 
 155      3F37553F 
 156 007d B95CDF25 		.ascii	"\271\\\337%\2658\273$\277@\337\303/X?57)5%%5E?\277X"
 156      B538BB24 
 156      BF40DFC3 
 156      2F583F35 
 156      37293525 
 157 0097 3F233147 		.ascii	"?#1G?'3I\277\270\244(51\267X?\2574'\007\312\326Kf\000"
 157      3F273349 
 157      BFB8A428 
 157      3531B758 
 157      3FAF3427 
 158 00b1 0083CF51 		.ascii	"\000\203\317Q\353"
 158      EB
 159              		.text
 160              		.section	.gnu.lto_.symbol_nodes.51e3a2bf8d102246,"",%progbits
 161 0000 789C6363 		.ascii	"x\234cc``\310\005b\006\246o\214\365\014\014\023\316"
 161      6060C805 
 161      6206A66F 
 161      8CF50C0C 
 161      13CE
 162 0012 313000A9 		.ascii	"10\000\251\035\013\0166\260\001\305\2763\3263\242\213"
 162      1D0B0E36 
 162      B001C5BE 
 162      33D633A2 
ARM GAS  /tmp/ccNgWImg.s 			page 12


 162      8B
 163 0023 FD60AC67 		.ascii	"\375`\254gB\027\373\311X\317\214.\366\233\261\236\005"
 163      4217FBC9 
 163      58CF8C2E 
 163      F69BB19E 
 163      05
 164 0034 26B6ABC1 		.ascii	"&\266\253\301\221\201\201\365\027#C\203\022\003\003"
 164      918181F5 
 164      17234383 
 164      120303
 165 0043 3303000E 		.ascii	"3\003\000\016\240\036\316"
 165      A01ECE
 166              		.text
 167              		.section	.gnu.lto_.refs.51e3a2bf8d102246,"",%progbits
 168 0000 789C6363 		.ascii	"x\234cc``\020\000bF\026&VF\026V&\006&F&&&f\006\000\003"
 168      60601000 
 168      62461626 
 168      56461656 
 168      26062646 
 169 001b 3F003B   		.ascii	"?\000;"
 170              		.text
 171              		.section	.gnu.lto_.decls.51e3a2bf8d102246,"",%progbits
 172 0000 789CA556 		.ascii	"x\234\245VkP\024W\026\276\247\357\3140\014\003\270\222"
 172      6B501457 
 172      16BEA7EF 
 172      CC300C03 
 172      B892
 173 0012 4AFC41A5 		.ascii	"J\374A\245,\313T\271[\025Z\315\326&\3776)S\225\244R"
 173      2CCB54B9 
 173      5B155ACD 
 173      D626FF36 
 173      295395A4 
 174 0027 BA556B92 		.ascii	"\272Uk\222*\367\307Np\350\310d\231\201b\232M\262\277"
 174      2AF7C74E 
 174      70E8C864 
 174      9981629A 
 174      4DB2BF
 175 003a 3A208824 		.ascii	": \210$\276V\327\007\321\304\015Y\027\"d\343:\342\033"
 175      BE56D707 
 175      D1C40D59 
 175      172264E3 
 175      3AE21B
 176 004d 0725447C 		.ascii	"\007%D|N0>bx\305\200\0121\200\312#\200\312\236\373\350"
 176      4E303E62 
 176      78C5800A 
 176      3180CA23 
 176      80CA9EFB 
 177 0062 991E1C36 		.ascii	"\231\036\0346?rkN\367\334\323\347;\347\273\347\236{"
 177      3F726B4E 
 177      F7DCD3E7 
 177      3BE7BBE7 
 177      9E7B
 178 0074 BA1D8490 		.ascii	"\272\035\204\220p\012!\277Q\0109\003\204L\342HB]#\212"
 178      700A21BF 
 178      51083903 
 178      844CE248 
 178      425D238A 
ARM GAS  /tmp/ccNgWImg.s 			page 13


 179 0088 03C5C39E 		.ascii	"\003\305\303\236\2434\2414\2434\240\334#b\330\331\005"
 179      A334A134 
 179      A334A0DC 
 179      2362D8D9 
 179      05
 180 0099 310A0A45 		.ascii	"1\012\012E\261\2418\201\253H2\220\270\001\212\260\237"
 180      B1A13881 
 180      AB483290 
 180      B8018AB0 
 180      9F
 181 00aa 89F288F4 		.ascii	"\211\362\210\364g\372\226n\344%~\330\247\3015[pJ\002"
 181      67FA966E 
 181      E4257ED8 
 181      A7C1355B 
 181      704A02
 182 00bd 5CD214DC 		.ascii	"\\\322\024\334\025\211k\260\340h\002\\2\342l\011p&\306"
 182      15896BB0 
 182      E068025C 
 182      32E26C09 
 182      7026C6
 183 00d0 9600F32B 		.ascii	"\226\000\363+\304\260\234\275n\301\261\034M\240\014"
 183      C4B09CBD 
 183      6EC1B11C 
 183      4DA00C
 184 00df A30C49EC 		.ascii	"\243\014I\354\250\274O\227\243\014\311\371G\224\253"
 184      A8BC4F97 
 184      A30CC9F9 
 184      4794AB
 185 00ee 285D28D7 		.ascii	"(](\327%\236q\032D\271\2032\200r[\352l2\367<\007\011"
 185      259E711A 
 185      44B98332 
 185      80725BEA 
 185      6C32F73C 
 186 0104 B86DA2F0 		.ascii	"\270m\242\360\325\312\317\267\323\367(\314t\201\015"
 186      D5CACFB7 
 186      D3F728CC 
 186      74810D
 187 0113 A7B7CF56 		.ascii	"\247\267\317V~\237\206\323G\\0\033\247\377)\355\256"
 187      7E9F86D3 
 187      475C301B 
 187      A7FF29ED 
 187      AE
 188 0124 71E234D3 		.ascii	"q\3424\323\005\223\300\346\267\016\216\245\2129\003"
 188      0593C0E6 
 188      B70E8EA5 
 188      8A3903
 189 0133 F736766D 		.ascii	"\3676vmL\242\012\377_\372\317\352\012\310\2525\304p"
 189      4CA20AFF 
 189      5FFACFEA 
 189      0AC8AA35 
 189      C470
 190 0145 565002FB 		.ascii	"VP\002\373\201\232aB\341\273u6\3722\263T\366\324u\277"
 190      819A6142 
 190      E1BB7536 
 190      FA32B354 
 190      F6D475BF 
 191 0159 09F35CBB 		.ascii	"\011\363\\\273\230]x\2402\253t\225a(p\030\\p\020(\034"
ARM GAS  /tmp/ccNgWImg.s 			page 14


 191      985D78A0 
 191      32AB7495 
 191      61287018 
 191      5C701028 
 192 016e 802C4636 		.ascii	"\200,F6\323\205\327r\303(6\214*\203\316\"\360T&\314"
 192      D385D772 
 192      C328368C 
 192      2A83CE22 
 192      F05426CC 
 193 0182 CF247008 		.ascii	"\317$p\010\346\261\350\314\012\352!\023\366A&\363_\363"
 193      E6B1E8CC 
 193      0AEA2113 
 193      F64126F3 
 193      5FF3
 194 0194 5175532A 		.ascii	"QuS*\255\000\036\240\243n\340\034\215F\270\374\351\234"
 194      AD001EA0 
 194      A36EE01C 
 194      8D46B8FC 
 194      E99C
 195 01a6 BDA52C42 		.ascii	"\275\245,B\003F8\022\213\200\001\023\2078\2328\304\330"
 195      03463812 
 195      8B800113 
 195      87389A38 
 195      C4D8
 196 01b8 8DE386CD 		.ascii	"\215\343\206\315%\355\313\177\336>r\276n@qW0\373\235"
 196      25EDCB7F 
 196      DE3E72BE 
 196      6E407157 
 196      30FB9D
 197 01cb 2546F28B 		.ascii	"%F\362\213p\014\343\207\360\371^|N \014n^6xG\343\366"
 197      700CE387 
 197      F0F95E7C 
 197      4E200C6E 
 197      5E367847 
 198 01e1 9335BBD9 		.ascii	"\2235\273\3316,\303D\343H\267\344z\231\310\365'c\003"
 198      362CC344 
 198      E348B7E4 
 198      7A99C8F5 
 198      276303
 199 01f4 FBDDF488 		.ascii	"\373\335\364\210X\341\331\310\350!'\270\346\225G\275"
 199      58E1D9C8 
 199      E82127B8 
 199      E69547BD 
 200 0204 93A86BF8 		.ascii	"\223\250k\370\002\371,\223|\216\243\262\021\225\"\025"
 200      02F92C93 
 200      7C8EA3B2 
 200      11952215 
 201 0214 9D07E61C 		.ascii	"\235\007\346\034\3560\214\331\320\204TN\304R\261\214"
 201      EE308CD9 
 201      D084544E 
 201      C452B18C 
 202 0224 65822931 		.ascii	"e\202)1\316\247\241\332]\351V\332\015q\264\233%\355"
 202      CEA7A1DA 
 202      5DE956DA 
 202      0D71B49B 
 202      25ED
 203 0236 664E7BC3 		.ascii	"fN{\303\344'_'\323\021N\012*\017\017\235\262\213Rr\342"
ARM GAS  /tmp/ccNgWImg.s 			page 15


 203      E4275F27 
 203      D3114E0A 
 203      2A0F0F9D 
 203      B28B5272 
 204 024b 7472E06E 		.ascii	"tr\340n\207\233\216\213g\241\316\326\177\247\330\260"
 204      879B8E8B 
 204      67A1CED6 
 204      7FA7D8B0 
 205 025b 84B9BB80 		.ascii	"\204\271\273\200\215\351\232*\336[\312U\0367\234\002"
 205      8DE99A2A 
 205      DE5BCA55 
 205      1E379C02 
 206 026b AEFA6272 		.ascii	"\256\372br4\234.\\(8m\035<\263#ET\343\014Vbk\352\266"
 206      349C2E5C 
 206      28386D1D 
 206      3CB32345 
 206      54E30C56 
 207 0283 B870EA10 		.ascii	"\270p\352\020IJBU\367\340x\275M\250\330\012\337F\325"
 207      494A4255 
 207      F7E078BD 
 207      4DA8D80A 
 207      DF46D5
 208 0296 8E6D6D7B 		.ascii	"\216mm{\322\350\003\221\250\206\013\007V\246Z\212\355"
 208      D2E80391 
 208      A8860B07 
 208      56A65A8A 
 208      ED
 209 02a7 77DB06D9 		.ascii	"w\333\006\331\372[\221D$\266~\207\254\004\343\241\\"
 209      FA5B9144 
 209      24B67E87 
 209      AC04E3A1 
 209      5C
 210 02b8 7E85B974 		.ascii	"~\205\271t\310\\\236G\3459\261\267w\306\006C6Z\316+"
 210      C85C9E47 
 210      E539B1B7 
 210      77C60643 
 210      365ACE2B 
 211 02cc 5FD9BBF1 		.ascii	"_\331\273\361\336\3264K\271-\334\307\313\355\"\306\270"
 211      DED6344B 
 211      B92DDCC7 
 211      CBED22C6 
 211      B8
 212 02dd 108BD10A 		.ascii	"\020\213\321\012\323\006\371:q\220\313\357_\370\326"
 212      D306F93A 
 212      7190CBEF 
 212      5FF8D6
 213 02ec 41D78B20 		.ascii	"A\327\213 \373O\267M\304jz\364\324\334\255\343l!W0\310"
 213      FB4FB74D 
 213      C46A7AF4 
 213      D4DCADE3 
 213      6C215730 
 214 0301 A558908B 		.ascii	"\245X\220\213\323\007\271\2348\310\370\245\336b\347"
 214      D307B99C 
 214      38C8F8A5 
 214      DE62E7
 215 0310 ACCD0CB1 		.ascii	"\254\315\014\261\276\304\230\241p\217g\361\371\031\276"
 215      BEC498A1 
ARM GAS  /tmp/ccNgWImg.s 			page 16


 215      708F67F1 
 215      F919BE
 216 031f DDDFC02C 		.ascii	"\335\337\300,\274\236\006\2338\306\243W\216F\342j\032"
 216      BC9E069B 
 216      38C6A357 
 216      8E46E26A 
 216      1A
 217 0330 9F5B8AE3 		.ascii	"\237[\212\343\252(\0164\354/;\324\236F{Dk\330\336\275"
 217      AA280E34 
 217      EC2F3BD4 
 217      9E467B44 
 217      6BD8DEBD 
 218 0344 66AD9DEF 		.ascii	"f\255\235\357tSt\363\217\264\356\351\021:\254$h\023"
 218      745374F3 
 218      8FB4EEE9 
 218      113AAC24 
 218      6813
 219 0356 DB7FBFA1 		.ascii	"\333\177\277\241\261\226\232%\321.t\375\241\342\325"
 219      B1969A25 
 219      D12E74FD 
 219      A1E2D5
 220 0365 8A956053 		.ascii	"\212\225`S\034\301NN\260\303$\330\260\257\246\023\254"
 220      1CC14E4E 
 220      B0C324D8 
 220      B0AFA613 
 220      AC
 221 0376 043BE308 		.ascii	"\004;\343\010vE\011^\274qp$\205\366MO\260m\343\265\303"
 221      7645095E 
 221      BC717024 
 221      85F64D4F 
 221      B06DE3B5 
 222 038b A262F184 		.ascii	"\242b\361\204\3025Af\315\220q>\335$\370\275\320\325"
 222      C2354166 
 222      CD90713E 
 222      DD24F8BD 
 222      D0D5
 223 039d B4AF5B9B 		.ascii	"\264\257[\233>=\301\036N\260\333$X\375\257\373u\311"
 223      3E3DC11E 
 223      4EB0DB24 
 223      58FDAFFB 
 223      75C9
 224 03af 56823D71 		.ascii	"V\202=q\004\257G\011\026\1776t&\215\016\012\202\346"
 224      04AF4709 
 224      167F3674 
 224      268D0E0A 
 224      82E6
 225 03c1 4198290E 		.ascii	"A\230)\016B\375\365\226f\2278\027\006o\313\355\037\227"
 225      42FDF596 
 225      66973817 
 225      066FCBED 
 225      1F97
 226 03d3 A7D207C2 		.ascii	"\247\322\007\302\366\263\332\211\317]&G\261\226\036"
 226      F6B3DA89 
 226      CF5D2647 
 226      B1961E
 227 03e2 E35A5DDA 		.ascii	"\343Z]\332\364\233|\213S\374\301\244\270{\335\356\307"
 227      F49B7C8B 
ARM GAS  /tmp/ccNgWImg.s 			page 17


 227      53FCC1A4 
 227      B87BDDEE 
 227      C7
 228 03f3 AC0C6FC5 		.ascii	"\254\014o\3051\374\321d\350Xs\267\353\010\205\214\271"
 228      31FCD164 
 228      E85873B7 
 228      EB08858C 
 228      B9
 229 0404 38E66DE0 		.ascii	"8\346m\340\276Q\320\011\364\242\361MVs7\2602\373!\203"
 229      BE51D009 
 229      F4A2F14D 
 229      567337B0 
 229      32FB2183 
 230 0418 151DDCC5 		.ascii	"\025\035\334\305\372\033\204\271p\007e\000\3456\314"
 230      FA1B84B9 
 230      70076500 
 230      E536CC
 231 0427 E52F878F 		.ascii	"\345/\207\217Y\240\360\345\233\317\324\207\014c\265"
 231      59A0F0E5 
 231      9BCFD487 
 231      0C63B5
 232 0436 83D510B4 		.ascii	"\203\325\020\264H\\\264xO\362\320\0132\243\366\0218"
 232      485CB478 
 232      4FF2D00B 
 232      32A3F611 
 232      38
 233 0447 399F250B 		.ascii	"9\237%\013\276\233j\252&\262D\322\320\227\330i\010\246"
 233      BE9B6AAA 
 233      26B244D2 
 233      D097D869 
 233      08A6
 234 0459 D8628DC0 		.ascii	"\330b\215\300\267\011\275\012Sq\002\373\313(\276\345"
 234      B709BD0A 
 234      537102FB 
 234      CB28BEE5 
 235 0469 98119187 		.ascii	"\230\021\221\207O\356[\307?.\036K\317\220\371(\2376"
 235      4FEE5BC7 
 235      3F2E1E4B 
 235      CF90F928 
 235      9F36
 236 047b 1F246132 		.ascii	"\037$a2X\247\354\031\350u[\323?d\341A`\330L?]U\265\251"
 236      58A7EC19 
 236      E8755BD3 
 236      3F64E141 
 236      60D84C3F 
 237 0493 361DD32F 		.ascii	"6\035\323/r\217\266<V\314rD&\376'L\374h\\\262\233\267"
 237      728FB63C 
 237      56CC7244 
 237      26FE274C 
 237      FC685CB2 
 238 04a9 3E5E5562 		.ascii	">^Ub\340R\321\031|\211\234F\022'P\254td\013_\351\310"
 238      E052D119 
 238      7C899C46 
 238      122750AC 
 238      74640B5F 
 239 04bf 432BDDBE 		.ascii	"C+\335\276\266\255\336MOP\336\237v\3760\336\213\375"
 239      B6ADDE4D 
ARM GAS  /tmp/ccNgWImg.s 			page 18


 239      4F50DE9F 
 239      76FE30DE 
 239      8BFD
 240 04d1 2943602E 		.ascii	")C`.mu0\314\004\372\035\213u'\346\202\220\204ta\034"
 240      6D7530CC 
 240      04FA1D8B 
 240      7527E682 
 240      90847461 
 241 04e6 592662CC 		.ascii	"Y&b\314^\244\347\376~)\256\351L\304e\344\236|#\335\343"
 241      5EA4E7FE 
 241      7E29AEE9 
 241      4CC465E4 
 241      9E7C23DD 
 242 04fb 6FA4438D 		.ascii	"o\244C\215G\217\245tb\363`\007`\006w\001\342\363\021"
 242      478FA574 
 242      62F36007 
 242      60067701 
 242      E2F311
 243 050e 07BB88F9 		.ascii	"\007\273\210\371\2449@\350\3317\250\270IS61!\020\325"
 243      A43940E8 
 243      D937A8B8 
 243      49533631 
 243      2110D5
 244 0521 28D28762 		.ascii	"(\322\207b\372\345?\351\000\254^\305s\021\316\034\342"
 244      FAE53FE9 
 244      00AC5EC5 
 244      7311CE1C 
 244      E2
 245 0532 234CFCB1 		.ascii	"#L\374\261\340\204J\211\005\263@\036\342J\242\217\243"
 245      E0844A89 
 245      05B3401E 
 245      E24AA28F 
 245      A3
 246 0543 A4628B04 		.ascii	"\244b\213\004\231\261\343\255\357\336tuaW$\360'B\326"
 246      99B1E3AD 
 246      EFDE7475 
 246      615724F0 
 246      2742D6
 247 0556 3BFDBC31 		.ascii	";\375\2741\234\376`\307\006\240\347\370~A\325\325[\007"
 247      9CFE60C7 
 247      06A0E7F8 
 247      7E41D5D5 
 247      5B07
 248 0568 92E7EC34 		.ascii	"\222\347\3544\"]\370Z\034\237?|\242\314\210\340\276"
 248      225DF85A 
 248      1C9F3F7C 
 248      A2CC88E0 
 248      BE
 249 0579 3CCB1B16 		.ascii	"<\313\033\026~\354E7m\222}\304\301\003<\026p\037\273"
 249      7EEC4537 
 249      6D927DC4 
 249      C1033C16 
 249      701FBB
 250 058c 29014399 		.ascii	")\001C\231\303\276\2066\234\015\331\351f\033w\266\356"
 250      C3BE8636 
 250      9C0DD9E9 
 250      661B77B6 
ARM GAS  /tmp/ccNgWImg.s 			page 19


 250      EE
 251 059d BBE1CD6E 		.ascii	"\273\341\315n\351\354\332.jlBO3x\353}W\211:\302\277"
 251      E9ECDA2E 
 251      6A6C424F 
 251      3378EB7D 
 251      57893AC2 
 252 05b2 F18E8AB9 		.ascii	"\361\216\212\271\243\373\325\007\267$Il\377\015Zi\204"
 252      A3FBD507 
 252      B724496C 
 252      FF0D5A69 
 252      84
 253 05c3 F1FB0A5F 		.ascii	"\361\373\012_\237\354\315\322\022\243\3212\225F\011"
 253      9FECCDD2 
 253      12A3D132 
 253      954609
 254 05d2 47EF1F6C 		.ascii	"G\357\037l,K\225\350\276YQ0kY}1p\337T\360J\016^\277"
 254      2C4B95E8 
 254      BE595130 
 254      6B597D31 
 254      70DF54F0 
 255 05ea 767CC249 		.ascii	"v|\302I\267\2135\264\014\377\367j2o\233XH\262oV\217"
 255      B78B35B4 
 255      0CFFF76A 
 255      326F9B58 
 255      48B26F56 
 256 05ff D5F4DAAD 		.ascii	"\325\364\332\255}\363\365G-ms\225\302\332f\231\"\333"
 256      7DF3F547 
 256      2D6D7395 
 256      C2DA6699 
 256      22DB
 257 0611 6649C987 		.ascii	"fI\311\207\265N\244\262\023\251<\250tG\271\240\031\224"
 257      B54EA4B2 
 257      13A93CA8 
 257      7447B9A0 
 257      1994
 258 0623 C6D2503A 		.ascii	"\306\322P:5\015\345\234\313\251\336\256H\372\023UF$"
 258      350DE59C 
 258      CBA9DEAE 
 258      48FA1355 
 258      4624
 259 0635 6C84AF6F 		.ascii	"l\204\257o{\0243(N\376\227b\025\321\036B\270\346\317"
 259      7B143328 
 259      4EFE9762 
 259      15D11E42 
 259      B8E6CF
 260 0648 0A81D5CA 		.ascii	"\012\201\325\312\023\344\367jn\276_S\263\275o\251\317"
 260      13E4F76A 
 260      6EBE5F53 
 260      B3BD6FA9 
 260      CF
 261 0659 6BC1BFE8 		.ascii	"k\301\277\350\371\005\352\213K\226\252\232\177\271\226"
 261      F905EA8B 
 261      4B96AA9A 
 261      7FB996
 262 0668 93A3E5A8 		.ascii	"\223\243\345\250\371A57;O\315\363-W\203z\241\226\355"
 262      F9413537 
 262      3B4FCDF3 
ARM GAS  /tmp/ccNgWImg.s 			page 20


 262      2D57837A 
 262      A196ED
 263 067b 0FAA81A2 		.ascii	"\017\252\201\242\274<\371?\313\353|a\311\253\263\027"
 263      BC3CF93F 
 263      CBEB7C61 
 263      C9ABB317 
 264 068b 2D584092 		.ascii	"-X@\222=\236\"_@\177\306\243\377V-\012\026\252\331\205"
 264      3D9E225F 
 264      407FC6A3 
 264      FF562D0A 
 264      16AAD985 
 265 069f FE2703F9 		.ascii	"\376'\003\371\001\355I-{\271O\365\005\274yE9\232\352"
 265      01ED492D 
 265      7BB94FF5 
 265      05BC7945 
 265      399AEA
 266 06b2 CFF6E6FA 		.ascii	"\317\366\346\372\002\232\352\311\321\336\310.\312\323"
 266      029AEAC9 
 266      D1DEC82E 
 266      CAD3
 267 06c0 3DFA3B05 		.ascii	"=\372;\005Z0+\227$I\360\257\377\0178\370NP\365\004\365"
 267      5A302B97 
 267      2449F0AF 
 267      FF0F38F8 
 267      4E50F504 
 268 06d5 1CB44484 		.ascii	"\034\264D\204#\350\373\233\346\321\027r\000\343\267"
 268      23E8FB9B 
 268      E6D11772 
 268      00E3B7
 269 06e4 C2EB9D02 		.ascii	"\302\353\235\002|:ka\326\202\030\\\307\025\275\201H"
 269      7C3A6B61 
 269      D682185C 
 269      C715BD81 
 269      48
 270 06f5 FA57BF4E 		.ascii	"\372W\277N\013\212t\244\214\256\236Z\350\321\223\344"
 270      0B8A74A4 
 270      8CAE9E5A 
 270      E8D193E4 
 271 0705 DDEE0FAE 		.ascii	"\335\356\017\256\360\350K~>'\336|\277??\240\026\344"
 271      F0E84B7E 
 271      3E27DE7C 
 271      BF3F3FA0 
 271      16E4
 272 0717 17EA41F5 		.ascii	"\027\352A\365\271?.^\264\370m\246+\360\345i\205A\365"
 272      B93F2E5E 
 272      B4F86DA6 
 272      2BF0E569 
 272      8541F5
 273 072a 85458B54 		.ascii	"\205E\213To\256\2714\033\246*\307\376V\241O\327R\227"
 273      6FAEB934 
 273      1BA62AC7 
 273      FE56A14F 
 273      D75297
 274 073d 60EE96F2 		.ascii	"`\356\226\362\334\275\266\370\025\272B\323\237\375e"
 274      DCBDB6F8 
 274      15BA42D3 
 274      9FFD65
ARM GAS  /tmp/ccNgWImg.s 			page 21


 275 074c F9CF25AE 		.ascii	"\371\317%\256\230K\007\217\021\374\205.\275\304\316"
 275      984B078F 
 275      11FC852E 
 275      BDC4CE
 276 075b 0807D398 		.ascii	"\010\007\323\230\362\017\313\337\324\274\372K\001\237"
 276      F20FCBDF 
 276      D4BCFA4B 
 276      019F
 277 0769 FE3F9BDC 		.ascii	"\376?\233\334#\355"
 277      23ED
 278              		.text
 279              		.section	.gnu.lto_.symtab.51e3a2bf8d102246,"",%progbits
 280 0000 6E756C6C 		.ascii	"nullObjectInit\000"
 280      4F626A65 
 280      6374496E 
 280      697400
 281 000f 00       		.ascii	"\000"
 282 0010 00       		.ascii	"\000"
 283 0011 00       		.ascii	"\000"
 284 0012 00000000 		.ascii	"\000\000\000\000\000\000\000\000"
 284      00000000 
 285 001a 08010000 		.ascii	"\010\001\000\000"
 286              		.text
 287              		.section	.gnu.lto_.opts,"",%progbits
 288 0000 272D666D 		.ascii	"'-fmath-errno' '-fsigned-zeros' '-ftrapping-math' '"
 288      6174682D 
 288      6572726E 
 288      6F272027 
 288      2D667369 
 289 0033 2D666E6F 		.ascii	"-fno-trapv' '-fno-openmp' '-fno-openacc' '-mcpu=cor"
 289      2D747261 
 289      70762720 
 289      272D666E 
 289      6F2D6F70 
 290 0066 7465782D 		.ascii	"tex-m3' '-mno-thumb-interwork' '-mthumb' '-O2' '-fo"
 290      6D332720 
 290      272D6D6E 
 290      6F2D7468 
 290      756D622D 
 291 0099 6D69742D 		.ascii	"mit-frame-pointer' '-falign-functions=16' '-ffuncti"
 291      6672616D 
 291      652D706F 
 291      696E7465 
 291      72272027 
 292 00cc 6F6E2D73 		.ascii	"on-sections' '-fdata-sections' '-fno-common' '-flto"
 292      65637469 
 292      6F6E7327 
 292      20272D66 
 292      64617461 
 293 00ff 2700     		.ascii	"'\000"
 294              		.text
 295              		.comm	__gnu_lto_v1,1,1
 296              		.comm	__gnu_lto_slim,1,1
 297              		.ident	"GCC: (GNU Tools for Arm Embedded Processors 7-2017-q4-major) 7.2.1 20170904 (release) [ARM
ARM GAS  /tmp/ccNgWImg.s 			page 22


DEFINED SYMBOLS
                            *ABS*:0000000000000000 nullstreams.c
                            *COM*:0000000000000001 __gnu_lto_v1
                            *COM*:0000000000000001 __gnu_lto_slim

NO UNDEFINED SYMBOLS
