ARM GAS  /tmp/cc6dH3a1.s 			page 1


   1              		.cpu cortex-m3
   2              		.eabi_attribute 20, 1
   3              		.eabi_attribute 21, 1
   4              		.eabi_attribute 23, 3
   5              		.eabi_attribute 24, 1
   6              		.eabi_attribute 25, 1
   7              		.eabi_attribute 26, 1
   8              		.eabi_attribute 30, 2
   9              		.eabi_attribute 34, 1
  10              		.eabi_attribute 18, 4
  11              		.file	"nvic.c"
  12              		.section	.gnu.lto_.profile.6385ffac35a55f9b,"",%progbits
  13 0000 789C6363 		.ascii	"x\234cc```\001bF\006)1\000\000\302\000<"
  13      60606001 
  13      62460629 
  13      310000C2 
  13      003C
  14              		.text
  15              		.section	.gnu.lto_.icf.6385ffac35a55f9b,"",%progbits
  16 0000 789C6363 		.ascii	"x\234cc``\220d@\000\026\206\243\207\346\2261\036\352"
  16      60609064 
  16      40001686 
  16      A387E696 
  16      311EEA
  17 0013 3F789393 		.ascii	"?x\223\223\251\343\354\275nn\346\235\3476\337ab\000"
  17      A9E3ECBD 
  17      6E6EE69D 
  17      E736DF61 
  17      6200
  18 0025 0099180B 		.ascii	"\000\231\030\013\231"
  18      99
  19              		.text
  20              		.section	.gnu.lto_.jmpfuncs.6385ffac35a55f9b,"",%progbits
  21 0000 789C6363 		.ascii	"x\234cc``\320a@\000\026\006&FF\346\3729\314\014 \314"
  21      6060D061 
  21      40001606 
  21      264646E6 
  21      FA39CC0C 
  22 0016 0804209A 		.ascii	"\010\004 \232\011Y\220\031*\310\000\000\237-\007\005"
  22      09599019 
  22      2AC80000 
  22      9F2D0705 
  23              		.text
  24              		.section	.gnu.lto_.inline.6385ffac35a55f9b,"",%progbits
  25 0000 789C4D8C 		.ascii	"x\234M\214\321\021\2000\014B!\215i\364\307\021\352\004"
  25      D1118030 
  25      0C42218D 
  25      69F4C711 
  25      EA04
  26 0012 2ED9453A 		.ascii	".\331E:\222\2438\202\261\236U>\270\343\036`\000*>)\260"
  26      92A33882 
  26      B19E553E 
  26      B8E31E60 
  26      002A3E29 
  27 0027 CC146E8C 		.ascii	"\314\024n\214p\233\332\271\303Z\021\310\261*\"y\020"
  27      709BDAB9 
  27      C35A11C8 
ARM GAS  /tmp/cc6dH3a1.s 			page 2


  27      B12A2279 
  27      10
  28 0038 07E199EC 		.ascii	"\007\341\231\354\225\244\255<\225\240\332O\004\223\222"
  28      95A4AD3C 
  28      95A0DA4F 
  28      049392
  29 0047 FD25C5EE 		.ascii	"\375%\305\356w\020J\310\366N\007\034S\\\2260\015\244"
  29      77104AC8 
  29      F64E071C 
  29      535C9630 
  29      0DA4
  30              		.text
  31              		.section	.gnu.lto_.pureconst.6385ffac35a55f9b,"",%progbits
  32 0000 789C6363 		.ascii	"x\234cc``\340\004b\026\006)F)&)f)\000\002\304\000\202"
  32      6060E004 
  32      62160629 
  32      46292629 
  32      66290002 
  33              		.text
  34              		.section	.gnu.lto_nvicEnableVector.6385ffac35a55f9b,"",%progbits
  35 0000 789C9D53 		.ascii	"x\234\235S\337K\024Q\024\276\337\334\231\331m[\367="
  35      DF4B1451 
  35      14BEDFDC 
  35      99D96D5B 
  35      F73D
  36 0012 92F22110 		.ascii	"\222\362!\020_\272\370'H\"\021\330C\375\005\266\273"
  36      5FBAF827 
  36      482211D8 
  36      43FD05B6 
  36      BB
  37 0023 A0D4EE88 		.ascii	"\240\324\356\210\212\365\346\335][\265|\020\374\005"
  37      8AF5E6DD 
  37      5D5BB57C 
  37      10FC05
  38 0032 CB142BAD 		.ascii	"\313\024+\255%\204m\313j\265f5m\232JT$\322{)\005Fb>"
  38      25846DCB 
  38      6AB56635 
  38      6D9A4A54 
  38      24D27B29 
  39 004a 15A875EE 		.ascii	"\025\250u\356\314BA\365P\027\356\235\363\343;\347|\337"
  39      CC4241F5 
  39      5017EE9D 
  39      F3E33BE7 
  39      7CDF
  40 005c DC199331 		.ascii	"\334\031\2231v\212\323\246\347a\332\340\014\332\320"
  40      768AD3A6 
  40      E761DAE0 
  40      0CDAD0
  41 006b 2BC6127E 		.ascii	"+\306\022~\015P\206\364\203\365h\350\301 \037\341(\367"
  41      0D5086F4 
  41      83F568E8 
  41      C1201FE1 
  41      28F7
  42 007d 7D286975 		.ascii	"}(iu\267$-g|\347\220\234r`S\371\030m\265PD\035\241\336"
  42      B7242D67 
  42      7CE7909C 
  42      726053F9 
ARM GAS  /tmp/cc6dH3a1.s 			page 3


  42      186DB550 
  43 0095 F4DEB5F9 		.ascii	"\364\336\265\371Uns@'\367\313\313\314zH\271\032j\310"
  43      556E7340 
  43      27F7CBCB 
  43      CC7A48B9 
  43      1A6AC8
  44 00a8 DD932363 		.ascii	"\335\223#c!\336\010F\366\306\213\033C\276\332I)\223"
  44      21DE0846 
  44      F6C68B1B 
  44      43BEDA49 
  44      2993
  45 00ba D259C871 		.ascii	"\322Y\310qy\314\346\034\367\300\251!fQ\215\031T3\012"
  45      79CCE61C 
  45      F7C0A921 
  45      66518D19 
  45      54330A
  46 00cd 31DC472D 		.ascii	"1\334G-\301o'?~\346\274\311-}\277\374n\304\250\224n"
  46      C16F273F 
  46      7EE6BCC9 
  46      2D7DBFFC 
  46      6EC4A894 
  47 00e2 4C564A1F 		.ascii	"LVJ\037\374\241\264\204Z\027_\330\037\2552u\217+\346"
  47      FCA1B484 
  47      5A175FD8 
  47      1FAD3275 
  47      8F2BE6
  48 00f5 60329091 		.ascii	"`2\220\221_5\034\271\377\275O:k71\336\024\004\325\350"
  48      5F351CB9 
  48      FFBD4F3A 
  48      6B3731DE 
  48      1404D5E8 
  49 0109 9A3A381D 		.ascii	"\232:8\035\206\256\016\203\016\323\204j\344\207b\302"
  49      86AE0E83 
  49      0ED3846A 
  49      E48762C2 
  50 0119 583F35A1 		.ascii	"X?5\241\267#\0356\3005e\245\034\266\211\344N\337^>\240"
  50      B7231D36 
  50      C03565A5 
  50      1CB689E4 
  50      4EDF5E3E 
  51 012e 7A673832 		.ascii	"zg82\334\244Pj;\015/\240Q\354\327wcB\307C\342\270\211"
  51      DCA4506A 
  51      3B0D2FA0 
  51      51ECD777 
  51      6342C743 
  52 0145 F2DA956F 		.ascii	"\362\332\225o\\\201(=v\271\374\332\247\322>W\344\314"
  52      5C81283D 
  52      76B9FCDA 
  52      A7D23E57 
  52      E4CC
  53 0157 C4D6D7A0 		.ascii	"\304\326\327\240\347\312rJ\206(T\3744\274\356\313\342"
  53      E7CA724A 
  53      862854FC 
  53      34BCEECB 
  53      E2
  54 0168 7A82EE20 		.ascii	"z\202\356 {\304\346~<\"\265\363\324I\025,\016&&\002"
  54      7BC4E67E 
ARM GAS  /tmp/cc6dH3a1.s 			page 4


  54      3C22B5F3 
  54      D449152C 
  54      0E262602 
  55 017c 625AF626 		.ascii	"bZ\366&d\215\315\017\3401\262\030uo\207\222oWg\213\241"
  55      648DCD0F 
  55      E031B218 
  55      756F8792 
  55      6F57678B 
  56 0191 FABC4A66 		.ascii	"\372\274Jf\3436\017\340\011D\206\373\335\233sPO\034"
  56      E3360FE0 
  56      094486FB 
  56      DD9B7350 
  56      4F1C
  57 01a3 15E3DDF4 		.ascii	"\025\343\335\364\265\302\224\346\221\346\224\246\302"
  57      B5C294E6 
  57      91E694A6 
  57      C2
  58 01b0 E1DC9D52 		.ascii	"\341\334\235R\225\242a\340(\236\272\244S;\351\001\303"
  58      95A261E0 
  58      289EBAA4 
  58      533BE901 
  58      C3
  59 01c1 03E91E68 		.ascii	"\003\351\036h%7\267\033\364\224\031({\240\355\364\212"
  59      2537B71B 
  59      F4941928 
  59      7BA0EDF4 
  59      8A
  60 01d2 CF03194A 		.ascii	"\317\003\031J\315\302R\332\357!\200g\250\246\376\025"
  60      CDC252DA 
  60      EF218067 
  60      A8A6FE15 
  61 01e2 F94645FE 		.ascii	"\371FE\376\277\210;\210\005W\034~\027\327m\363 \026"
  61      BF883B88 
  61      05571C7E 
  61      17D76DF3 
  61      2016
  62 01f4 9538DD15 		.ascii	"\2258\335\025\367\\\2113\274Y\323\205y\374\327\264%"
  62      F75C8933 
  62      BC59D385 
  62      79FCD7B4 
  62      25
  63 0205 779AF697 		.ascii	"w\232\366\227i\313?\247\255x\323\266\220\314\346\007"
  63      69CB3FA7 
  63      AD78D3B6 
  63      90CCE607 
  64 0215 DD59EECF 		.ascii	"\335Y\356\317\321OL\351K\241\006\015\242\325\212EEK"
  64      D14F4CE9 
  64      4BA1060D 
  64      A2D58A45 
  64      454B
  65 0227 F8A2688C 		.ascii	"\370\242h\214v\236\357\262\332\305\311\323gE4v.\032"
  65      769EEFB2 
  65      DAC5C9D3 
  65      67453476 
  65      2E1A
  66 0239 894423C2 		.ascii	"\211D#\302\352\024\255-\027D\273\325\321\325)\302V,"
  66      EA14AD2D 
ARM GAS  /tmp/cc6dH3a1.s 			page 5


  66      1744BBD5 
  66      D1D529C2 
  66      562C
  67 024b 66C545C3 		.ascii	"f\305E\303\231\346\023\315\227D\274\273-|<\314\020\327"
  67      99E613CD 
  67      9744BCBB 
  67      2D7C3CCC 
  67      10D7
  68 025d DB3BDAAC 		.ascii	"\333;\332\254\037\332\225#\303"
  68      1FDA9523 
  68      C3
  69              		.text
  70              		.section	.gnu.lto_nvicDisableVector.6385ffac35a55f9b,"",%progbits
  71 0000 789C9551 		.ascii	"x\234\225Q]k\023A\024\235\263w\263\033\373\221g\301"
  71      5D6B1341 
  71      149DB377 
  71      B31BFB91 
  71      67C1
  72 0012 A07D104A 		.ascii	"\240}\020J_\034\362\023\212U|\251\017\372\013j\022\250"
  72      5F1CF213 
  72      8A557CA9 
  72      0FFA0B6A 
  72      12A8
  73 0024 D4648B29 		.ascii	"\324d\213)\325\267N\2326\375\260B\241m\204\260H\212"
  73      D5B74E9A 
  73      36FDB042 
  73      A16D84B0 
  73      488A
  74 0036 110BA255 		.ascii	"\021\013\242U\222\252\251_k\254H\321*\026\365\007\230"
  74      92AAA95F 
  74      6BAC48D1 
  74      2A16F507 
  74      98
  75 0047 2245A1A8 		.ascii	"\"E\241\250\370`\241V\357\354\372 \370\344\205\231\271"
  75      F860A156 
  75      EFECFA20 
  75      F8E48599 
  75      B9
  76 0058 77E6DC7B 		.ascii	"w\346\334{\316\334k\011!\372\014!\216\360\271\217\027"
  76      CEDC6B09 
  76      21FA0C21 
  76      8EF0B98F 
  76      17
  77 0069 48C0987E 		.ascii	"H\300\230~%D6l\000\332Qa\210!\003C\230\242YB}\354c\315"
  77      2544366C 
  77      00DA5161 
  77      88210343 
  77      98A25942 
  78 0081 E8B8A6D8 		.ascii	"\350\270\246\330\274KU+\257F\367\272$D\201\2276T\320"
  78      BC4B552B 
  78      AF46F7BA 
  78      24448197 
  78      3654D0
  79 0094 C1A83723 		.ascii	"\301\2507#\267\\\272@.\001&\207_\327\212\215\210\016"
  79      B75CBA40 
  79      2E012687 
  79      5FD78A8D 
ARM GAS  /tmp/cc6dH3a1.s 			page 6


  79      880E
  80 00a6 0DB471F8 		.ascii	"\015\264q\370S\315\026\"\324\005\301\376\306\213+\323"
  80      53CD1622 
  80      D405C1FE 
  80      C68B2BD3 
  81 00b6 76FB55A5 		.ascii	"v\373U\245\206\225\367\262L\352\240K\204; .\210%DQE"
  81      8695F7B2 
  81      4CEAA04B 
  81      843B202E 
  81      88254451 
  82 00cb 54F095C0 		.ascii	"T\360\225\300]\264k\374\207\333\273s\255\226\031\020"
  82      5DB46BFC 
  82      87DBBB73 
  82      AD961910 
  83 00db E21E2C01 		.ascii	"\342\036,\001v\026\327C\236\332\3755\246\274\2152\336"
  83      7616D743 
  83      9EDAFD35 
  83      A6BC8D32 
  83      DE
  84 00ec 1D65C52E 		.ascii	"\035e\305.\231\206\336\210\267\220\011?]\214s\022\177"
  84      9986DE88 
  84      B790093F 
  84      5D8C7312 
  84      7F
  85 00fd 49796282 		.ascii	"Iyb\202\014\355\345<\361\011\271\235\374Ze\301\320\305"
  85      0CEDE53C 
  85      F109B99D 
  85      FC5A65C1 
  85      D0C5
  86 010f 8A842269 		.ascii	"\212\204\"i\3053\345\233\265V\255\330\304\001\324X\003"
  86      C533E59B 
  86      B556ADD8 
  86      C401D458 
  86      03
  87 0120 C3BEE527 		.ascii	"\303\276\345'B\001\310\010@\253\345\345\235\026\015"
  87      4201C808 
  87      40ABE5E5 
  87      9D160D
  88 012f 0A2184E5 		.ascii	"\012!\204\345\000\364%\277j\007 \335\255\352\312\363"
  88      00F425BF 
  88      6A0720DD 
  88      ADEACAF3 
  89 013f 7C384000 		.ascii	"|8@\000\367\021\345\372\014\252\277\235\334\366+1\242"
  89      F711E5FA 
  89      0CAABF9D 
  89      DCF62B31 
  89      A2
  90 0150 305A7F6D 		.ascii	"0Z\177mk\204\345\267\243:\277\365\243%\010U=\247\"|"
  90      6B84E5B7 
  90      A33ABFF5 
  90      A3250855 
  90      3DA7227C 
  91 0164 55F93CD3 		.ascii	"U\371<\323\260K\270\234\345\226\227\366\273d\343!\367"
  91      B04BB89C 
  91      E59697F6 
  91      BB64E321 
  91      F7
ARM GAS  /tmp/cc6dH3a1.s 			page 7


  92 0175 E501D3E9 		.ascii	"\345\001\323\351\204gS\331\371&yC\215dU\233Ka<B\011"
  92      846753D9 
  92      F9267943 
  92      8D64559B 
  92      4B613C42 
  93 018a 73FE30F8 		.ascii	"s\3760\370\361\375\372R%\022[\324\217\245A\227\366\340"
  93      F1FDFA52 
  93      25125BD4 
  93      8FA54197 
  93      F6E0
  94 019c 3124ABF7 		.ascii	"1$\253\367\007\345!\306\032\265\232\357\233\013\015"
  94      07E521C6 
  94      1AB59AEF 
  94      9B0B0D
  95 01ab FB8F9CFF 		.ascii	"\373\217\234\377!k\302\023\237\014\377\222\245]jF]\223"
  95      216BC213 
  95      9F0CFF92 
  95      A55D6A46 
  95      5D93
  96 01bd 993ED953 		.ascii	"\231>\331S\304\376\376k3\004V\270\346\026\206K\327/"
  96      C4FEFE6B 
  96      330456B8 
  96      E616864B 
  96      D72F
  97 01cf C21FA3B6 		.ascii	"\302\037\243\266q\256\305Sa\201\235\262\327I%eO\374"
  97      71AEC553 
  97      61819DB2 
  97      D7492565 
  97      4FFC
  98 01e1 9CEC4A66 		.ascii	"\234\354Jf\372\006\234~y\354\370I\231L\235J&\022\311"
  98      FA069C7E 
  98      79ECF849 
  98      994C9D4A 
  98      2612C9
  99 01f4 847432B2 		.ascii	"\204t2\262\267\347\214\354w\316\016dd\334I\245\234\264"
  99      B7E78CEC 
  99      77CE0E64 
  99      64DC49A5 
  99      9CB4
 100 0206 EC3CD17D 		.ascii	"\354<\321}\270\373\274L\017\236\216\037\212\013\244"
 100      B8FBBC4C 
 100      0F9E8E1F 
 100      8A0BA4
 101 0215 7F038C8E 		.ascii	"\177\003\214\216\335\245"
 101      DDA5
 102              		.text
 103              		.section	.gnu.lto_nvicSetSystemHandlerPriority.6385ffac35a55f9b,"",%progbits
 104 0000 789C6D51 		.ascii	"x\234mQKkSQ\020\236\357Nn\022\005\353\266h\027]\010"
 104      4B6B5351 
 104      109EEF4E 
 104      6E1205EB 
 104      B668175D 
 105 0015 A11B0FFD 		.ascii	"\241\033\017\375\011\305.\272\260\"\372\013br!\305&"
 105      09C52EBA 
 105      B022FA0B 
 105      627221C5 
 105      26
ARM GAS  /tmp/cc6dH3a1.s 			page 8


 106 0026 372445DD 		.ascii	"7$E\335\365$i\233ZED\323V\302E\356\246\324\"R\245\276"
 106      F524699B 
 106      5A4544D3 
 106      56C245EE 
 106      A6D42252 
 107 003c 6263BD64 		.ascii	"bc\275d\345\246j\213\010v\347\003\205\200\2426\013W"
 107      E5A66A8B 
 107      0876E703 
 107      8580A236 
 107      0B57
 108 004e D539D708 		.ascii	"\3259\327\010.<0\347\314\353\233\363\315L\224\210vA"
 108      2E3C30E7 
 108      CCEB9BF3 
 108      CD4C9488 
 108      7641
 109 0060 7452DEC3 		.ascii	"tR\336\303\"`\202u\365\005Q)n\001F\321q\320\244\205"
 109      22608275 
 109      F5055129 
 109      6E0146D1 
 109      71D0A485 
 110 0074 495CE61A 		.ascii	"I\\\346\032\243U\375\324\260\006\226\265\234`\261\023"
 110      A355FDD4 
 110      B00696B5 
 110      9C60B113 
 111 0084 9DD1D3BD 		.ascii	"\235\321\323\275\036\023-\210\230\2035\014H\326\326"
 111      1E132D88 
 111      9883350C 
 111      48D6D6
 112 0093 D45D8F2F 		.ascii	"\324]\217/\261\307@D\314\357\233\365\017=\306\264\320"
 112      B1C74044 
 112      CCEF9BF5 
 112      0F3DC6B4 
 112      D0
 113 00a4 2F66E5FA 		.ascii	"/f\345\372F3\316\303 \321\267\327n\214$\226\264.\353"
 113      4633CEC3 
 113      20D1B7D7 
 113      6E8C2496 
 113      B42EEB
 114 00b7 E0E312EB 		.ascii	"\340\343\022\353#\0363\036\202\245\036\036\240\017\367"
 114      231E331E 
 114      82A51E1E 
 114      A00FF7
 115 00c6 D147E222 		.ascii	"\321G\342\"<BB\262o\227?\177a>\036\"\337?\177W\263\273"
 115      3C4242B2 
 115      6F973F7F 
 115      613E1E22 
 115      DF3F7F57 
 116 00dc D0CE7217 		.ascii	"\320\316r\027\372\370?\320\006\022a\376\275\275\371"
 116      FAF83FD0 
 116      061261FE 
 116      BDBDF9
 117 00eb 03D188FF 		.ascii	"\003\321\210\377\227-\236 J\3229\255n\333\201\336\373"
 117      972D9E20 
 117      4AD239AD 
 117      6EDB81DE 
 117      FB
 118 00fc 551506BD 		.ascii	"U\025\006\275;\273\361\030\004\026\261\314%\364\005"
ARM GAS  /tmp/cc6dH3a1.s 			page 9


 118      3BBBF118 
 118      0416B1CC 
 118      25F405
 119 010b 6CC3FC4E 		.ascii	"l\303\374N4+(\031\210\016\350\"[F\253\004\324F\371G"
 119      342B2819 
 119      880EE822 
 119      5B46AB04 
 119      D446F947 
 120 011f 75B3D184 		.ascii	"u\263\321\204\251Vg\324\345\3036*\337f\272\016K|\377"
 120      A95667D4 
 120      E5C3362A 
 120      DF66BA0E 
 120      4B7CFF
 121 0132 CEC34604 		.ascii	"\316\303F\004\353B\254\215\326\353\271\267\266I\222"
 121      EB42AC8D 
 121      D6EBB9B7 
 121      B64992
 122 0141 F0C274EB 		.ascii	"\360\302t\353e\314\204\243ag\245F\263f\3771\365NE\367"
 122      65CC84A3 
 122      6167A546 
 122      B366FF31 
 122      F54E45F7 
 123 0155 88ABBDD5 		.ascii	"\210\253\275\325ye\373\270Y\222\271\373\207<\216\341"
 123      7965FBB8 
 123      5992B9FB 
 123      873C8EE1 
 124 0165 A9B4D894 		.ascii	"\251\264\330\224J\006pmnee\277\272\243\247J\272\337"
 124      4A06706D 
 124      6E6565BF 
 124      BAA3A74A 
 124      BADF
 125 0177 E33836E0 		.ascii	"\34386\340c>\334\210\004\337\334\372\271xpp\325\004"
 125      633EDC88 
 125      04DFDCFA 
 125      B9787070 
 125      D504
 126 0189 FD9CC7FB 		.ascii	"\375\234\307\373\360\014\252\316v\270\255\000\203\302"
 126      F00CAACE 
 126      76B8AD00 
 126      83C2
 127 0197 91BEA2EC 		.ascii	"\221\276\242\354\257_\011)\207[\234e\230\376,\242!\225"
 127      AF5F0929 
 127      875B9C65 
 127      98FE2CA2 
 127      2195
 128 01a9 71B38E4A 		.ascii	"q\263\216J\246\316\253a\247xv\302\315\253\221\023\247"
 128      A6CEAB61 
 128      A77876C2 
 128      CDAB9113 
 128      A7
 129 01ba 95933DE3 		.ascii	"\225\223=\343\244\323NZ\271E\225I\216\253\274[\230("
 129      A4D34E5A 
 129      B9459549 
 129      8EABBC5B 
 129      9828
 130 01cc AA949BCD 		.ascii	"\252\224\233\315\27295tj\364\330\350\005\225;7\226:"
 130      BA393574 
ARM GAS  /tmp/cc6dH3a1.s 			page 10


 130      6AF4D8E8 
 130      05953B37 
 130      963A
 131 01de 9AA25826 		.ascii	"\232\242X&\231K\217;\205H\2760\346\376\006\001z\272"
 131      994B8F3B 
 131      8548BE30 
 131      E6FE0601 
 131      7ABA
 132 01f0 FA       		.ascii	"\372"
 133              		.text
 134              		.section	.gnu.lto_nvicClearPending.6385ffac35a55f9b,"",%progbits
 135 0000 789C3551 		.ascii	"x\2345Q\317kSA\020\236\357\315{yQ\332\234\005\203\366"
 135      CF6B5341 
 135      109EEFCD 
 135      7B7951DA 
 135      9C0583F6 
 136 0014 209422B8 		.ascii	" \224\"\270\364O(V\364R\017\372\027\324$P\321\344\025"
 136      F44F2856 
 136      F4520FFA 
 136      17D42450 
 136      D1E415
 137 0027 5BAAB76E 		.ascii	"[\252\267n\2226i\265`\241m\204\360\220W\032\021\017"
 137      923669B5 
 137      60A16D84 
 137      F090571A 
 137      110F
 138 0039 5A25AD9A 		.ascii	"Z%\255\232\324\037\217\240\007\021\225\026\361\344\311"
 138      D41F8FA0 
 138      07119516 
 138      F1E4C9
 139 0048 8AA042B1 		.ascii	"\212\240B\261\005\301C[\235}\301\201\335\235\371v\276"
 139      05C1435B 
 139      9D7DC181 
 139      DD9DF976 
 139      BE
 140 0059 D96F6762 		.ascii	"\331ogbD\364\033D\247\344<,\013L\260f\337\023\345\343"
 140      44F41B44 
 140      A7E43C2C 
 140      0B4CB066 
 140      DF13E5E3 
 141 006d 16601C1D 		.ascii	"\026`\034\035\007\215[\030\307\014\3173Z\345o\015\253"
 141      078D5B18 
 141      C70CCF33 
 141      5AE56F0D 
 141      AB
 142 007e E7AE160B 		.ascii	"\347\256\026\013o5\335\222\236<\3443QE\2261\324\321"
 142      6F35DD92 
 142      9E3CE433 
 142      51459631 
 142      D4D1
 143 0090 2359EB13 		.ascii	"#Y\353\023\017}\276\301>\003\266\204\333\357\252\233"
 143      0F7DBEC1 
 143      3E03B684 
 143      DBEFAA9B 
 144 00a0 09135AE8 		.ascii	"\011\023Z\350\222pO\317W\022\334\017\022\377\353\333"
 144      92704FCF 
 144      5712DC0F 
ARM GAS  /tmp/cc6dH3a1.s 			page 11


 144      12FFEBDB 
 145 00b0 A559B7FB 		.ascii	"\245Y\267\373\216\326\005\035\276\252\261>\3463\343"
 145      8ED6051D 
 145      BEAAB13E 
 145      E633E3
 146 00bf 31580A62 		.ascii	"1X\012b\025I\254 I\002\021\236\240\333\344\177y\264"
 146      1549AC20 
 146      4902119E 
 146      A0DBE47F 
 146      79B4
 147 00d1 BFD019B3 		.ascii	"\277\320\031\263\333\017\342)b$\342iy\303\011\365\376"
 147      DB0FE229 
 147      6224E269 
 147      79C309F5 
 147      FE
 148 00e2 DFB20E3F 		.ascii	"\337\262\016?\327\260~Z\024\373l[\2629l<\333l\016\242"
 148      D7B07E5A 
 148      14FB6C5B 
 148      B2396C3C 
 148      DB6C0EA2 
 149 00f6 1A34254C 		.ascii	"\0324%L\371\227\016i\232-\343\025C\372\201\342nio-\260"
 149      F9970E69 
 149      9A2DE315 
 149      43FA81E2 
 149      6E696F2D 
 150 010b 4CC52AA3 		.ascii	"L\305*\243\312\216\2745W{\320\3504\262m\034EC\204H\332"
 150      CA8EBC35 
 150      577BD0E8 
 150      34B26D1C 
 150      45438448 
 151 0120 AFD23DB7 		.ascii	"\257\322=\267\235d\341xRR\015\270S\232v\332 \267\231"
 151      9D64E178 
 151      52520DB8 
 151      539A76DA 
 151      20B799
 152 0133 6F6ACDDD 		.ascii	"oj\315\335\016\303t\340\240\0311\013;\345\377L[\310"
 152      0EC374E0 
 152      A019310B 
 152      3BE5FF4C 
 152      5BC8
 153 0145 82B43E5E 		.ascii	"\202\264>^\377\036\321\204P\231l}p\015!\026ueeq\353"
 153      FF1ED184 
 153      50996C7D 
 153      700D2116 
 153      75656571 
 154 015a 4F473BD4 		.ascii	"OG;\324\255\242N\010T\3779\267\351\006\270\235\227\316"
 154      ADA24E08 
 154      54FF39B7 
 154      E906B89D 
 154      97CE
 155 016c 07477C76 		.ascii	"\007G|v\361L\332\263&\265\015\341\365L~\361\240\272"
 155      F14CDAB3 
 155      26B50DE1 
 155      F54C7EF1 
 155      A0BA
 156 017e AF27F2BA 		.ascii	"\257'\362\272\313\3478\236#\300B4\023\271\374\264\261"
 156      CBE7389E 
ARM GAS  /tmp/cc6dH3a1.s 			page 12


 156      23C04234 
 156      13B9FCB4 
 156      B1
 157 018f 5A4FF42E 		.ascii	"ZO\364.\233\313`\314\347\003x\001%R\243y\275D\257\010"
 157      9BCB60CC 
 157      E7037801 
 157      2552A379 
 157      BD44AF08 
 158 01a3 A22D1482 		.ascii	"\242-\024\202\245\233\210\032jlJ>&\255\261\210\372\324"
 158      A59B881A 
 158      6A6C4A3E 
 158      26ADB188 
 158      FAD4
 159 01b5 9097CDA8 		.ascii	"\220\227\315\250\301\324U\325\237\031\2714\352\015\253"
 159      C1D455D5 
 159      9F19B934 
 159      EA0DAB
 160 01c4 3367CFAB 		.ascii	"3g\317\253L\366B&\235\316\244\2257\242\206\006/\253"
 160      4CF64226 
 160      9DCEA495 
 160      37A28606 
 160      2FAB
 161 01d6 61EFCAE8 		.ascii	"a\357\312\350\210Jy\331\254\227S}\347\006N\016\\S\271"
 161      884A79D9 
 161      AC97537D 
 161      E7064E0E 
 161      5C53B9
 162 01e9 B18BA913 		.ascii	"\261\213\251\023)B\356\037\354\200\266I"
 162      2942EE1F 
 162      EC80B649 
 163              		.text
 164              		.section	.gnu.lto_.symbol_nodes.6385ffac35a55f9b,"",%progbits
 165 0000 789C6363 		.ascii	"x\234cc``\360\002b\006\246o\214\365\014\014\023\316"
 165      6060F002 
 165      6206A66F 
 165      8CF50C0C 
 165      13CE
 166 0012 313000A9 		.ascii	"10\000\251]\015\216@\221\357\214\365\214\250\"?\030"
 166      5D0D8E40 
 166      91EF8CF5 
 166      8CA8223F 
 166      18
 167 0023 EB995045 		.ascii	"\353\231PE~2\3263\243\2100\000\000\375\006\023\235"
 167      7E32D633 
 167      A3883000 
 167      00FD0613 
 167      9D
 168              		.text
 169              		.section	.gnu.lto_.refs.6385ffac35a55f9b,"",%progbits
 170 0000 789C6363 		.ascii	"x\234cc```\004b\006\000\000D\000\010"
 170      60606004 
 170      62060000 
 170      440008
 171              		.text
 172              		.section	.gnu.lto_.decls.6385ffac35a55f9b,"",%progbits
 173 0000 789CBD59 		.ascii	"x\234\275YkPTG\026\236\276=\300\360v\221\332\230]R\233"
 173      6B505447 
ARM GAS  /tmp/cc6dH3a1.s 			page 13


 173      169EBE3D 
 173      C0F07691 
 173      DA985D52 
 174 0015 58A6C256 		.ascii	"X\246\302Vm\034\037\331\212\277v%\243F\252VC\015\211"
 174      6D1C1FD9 
 174      8ABF7625 
 174      A346AA56 
 174      430D89
 175 0028 55C9A676 		.ascii	"U\311\246vBp\262\220\025\260\000w\343\257\275\274\""
 175      4270B290 
 175      15B00077 
 175      E3AFBDBC 
 175      22
 176 0039 8A515082 		.ascii	"\212QP\202\012(\010\030TP!\012(\004\345!\017A\320\240"
 176      0A280818 
 176      5450210A 
 176      2804E521 
 176      0F41D0A0 
 177 004d 6090C720 		.ascii	"`\220\307 \002\002\"O\225\207({\372q\231\313\2051\251"
 177      0202224F 
 177      9587287B 
 177      FA7199CB 
 177      8531A9
 178 0060 DAADBDE5 		.ascii	"\332\255\275\345\231;\247\373\353\323_\237\323}\372"
 178      993BA7FB 
 178      EBD35F9F 
 178      D37DFA
 179 006f 0C5AAB54 		.ascii	"\014Z\253T*\237WU\252\343\202J\225\214T\252\031x\254"
 179      2A9F5755 
 179      AAE3824A 
 179      958C54AA 
 179      1978AC
 180 0082 A0AD1404 		.ascii	"\240\255\024\004TU\261\212=j\220*\220Z\220:\220\033"
 180      5455B18A 
 180      3D6A902A 
 180      905A903A 
 180      901B
 181 0094 AAF9CF7E 		.ascii	"\252\371\317~\030\340\010\357\317@\\@\\\371x7\220\267"
 181      18E008EF 
 181      CF405C40 
 181      5CF97837 
 181      90B7
 182 00a6 403E0679 		.ascii	"@>\006y\0030\277\003\351\205\357\017@&@\306A0\310\""
 182      0330BF03 
 182      E985EF0F 
 182      402640C6 
 182      4130C822 
 183 00ba 68770371 		.ascii	"hw\003qFl\356\252\005\3468\004\035\016\013\314\241\264"
 183      466CEEAA 
 183      05E63804 
 183      1D0E0BCC 
 183      A1B4
 184 00cc 2FD995E6 		.ascii	"/\331\225\346\201\345\251\026#6\007\342\353P>I\320a"
 184      81E5A916 
 184      233607E2 
 184      EB503E49 
 184      D061
ARM GAS  /tmp/cc6dH3a1.s 			page 14


 185 00de 67813FB1 		.ascii	"g\201?\261\035\014\375\333A6#f\223\330\371\230\333\253"
 185      1D0CFDDB 
 185      41362366 
 185      93D8F998 
 185      DBAB
 186 00f0 E37A189A 		.ascii	"\343z\030\232k3\305\202M\302\367\223\005\370\222\341"
 186      6B33C582 
 186      4DC2F793 
 186      05F892E1 
 187 0100 6EDCE642 		.ascii	"n\334\346B>\216\307\250\255\372T\026\216\301\350-;D"
 187      3E8EC7A8 
 187      ADFA5416 
 187      8EC1E82D 
 187      3B44
 188 0112 A2E50C4D 		.ascii	"\242\345\014M\347\006.M:\262&\202\210>}2\334\036\013"
 188      E7062E4D 
 188      3AB22682 
 188      883E7D32 
 188      DC1E0B
 189 0125 F47B54D9 		.ascii	"\364{T\331\301D\253\345\331\"{41X\205\362\020\226l5"
 189      C144ABE5 
 189      D9227B34 
 189      315885F2 
 189      10966C35 
 190 0139 EC1FCDB0 		.ascii	"\354\037\315\260\301\177\241\310\037#s\222\211]\027"
 190      C17FA1C8 
 190      1F237392 
 190      895D17
 191 0148 3BA40675 		.ascii	";\244\006u\244.\361\276\023\250\256v\350\365x,\230\232"
 191      A42EF1BE 
 191      13A8AE76 
 191      E8F5782C 
 191      989A
 192 015a 9FB53A21 		.ascii	"\237\265:!;\367hQ\014\027S#D\333\215*t\011\271\241\213"
 192      3BF76851 
 192      0C175323 
 192      44DB8D2A 
 192      7409B9A1 
 193 016f C84D858A 		.ascii	"\310M\205\212\220;\231;\037-W\241\013\320x\036\032\277"
 193      903B993B 
 193      1F2D57A1 
 193      0BD0781E 
 193      1ABF
 194 0181 23F395CC 		.ascii	"#\363\225\314$\376\351\310\250(\276\216\012\221\035"
 194      24FEE9C8 
 194      A828BE8E 
 194      0A911D
 195 0190 2A409862 		.ascii	"*@\230b`yo\3311\002\2472\342\322\254\361^D\030\010E"
 195      60796FD9 
 195      3102A732 
 195      E2D2ACF1 
 195      5E441808 
 196 01a5 49DD1582 		.ascii	"I\335\025\202\2459.[\234c\350\364\322\312(Q\024P1\314"
 196      A5392E5B 
 196      9C63E8F4 
 196      D2CA2851 
 196      145031CC 
ARM GAS  /tmp/cc6dH3a1.s 			page 15


 197 01b9 F183790E 		.ascii	"\361\203y\016\230\222\274\240\025&*,-\276boBm\010v\002"
 197      9892BCA0 
 197      15262A2C 
 197      2DBE626F 
 197      426D0876 
 198 01ce 5A44D78F 		.ascii	"ZD\327\217\020\373\2047\021\252\317H\017b\355\320*\260"
 198      10FB8437 
 198      11AACF48 
 198      0F62EDD0 
 198      2AB0
 199 01e0 17871245 		.ascii	"\027\207\022E\032\202f[\004nC\220\354\322\177\334\000"
 199      1A82665B 
 199      046E4390 
 199      ECD27FDC 
 199      00
 200 01f1 925B65FD 		.ascii	"\222[e\375l:\351aqg_d\343X\223`\236L6d\036W\325l\367"
 200      6C3AE961 
 200      71675F64 
 200      E3589360 
 200      9E4C3664 
 201 020a 2C29F322 		.ascii	",)\363\"\021\017wYCX\257]\007j\207^\330|\261\232\000"
 201      110F7759 
 201      4358AF5D 
 201      076A875E 
 201      D87CB19A 
 202 021f 1AF8A4DB 		.ascii	"\032\370\244\333\235\351\002\276Bc\200\252N\346\225"
 202      9DE902BE 
 202      426380AA 
 202      4EE695
 203 022e 22B5C0FC 		.ascii	"\"\265\300\374\206\002\325\244\255v<\363\212z\266\255"
 203      8602D5A4 
 203      AD763CF3 
 203      8A7AB6AD 
 204 023e 0CD1C68A 		.ascii	"\014\321\306\212\231\361\022g\266]\004\262\223\206\257"
 204      99F11267 
 204      B65D04B2 
 204      9386AF
 205 024d 1FB567DB 		.ascii	"\037\265g\333e\021\331=\227\333\023\204%\011$>\261\021"
 205      6511D93D 
 205      97DB1384 
 205      2509243E 
 205      B111
 206 025f E222017D 		.ascii	"\342\"\001}\366kT\001Q\273\012QS\241J\264\004>\313\221"
 206      F66B5401 
 206      51BB0A51 
 206      53A14AB4 
 206      043ECB91 
 207 0273 9AD13A16 		.ascii	"\232\321:\026\325y\036-M\025S;\304\222\252\302e\017"
 207      D5791E2D 
 207      4D15533B 
 207      C492AAC2 
 207      650F
 208 0285 2E8822C4 		.ascii	".\210\"\304ST\023\034*5\007\264\224l\\T\202:\020\272"
 208      5354131C 
 208      2A3507B4 
 208      946C5C54 
 208      823A10BA 
ARM GAS  /tmp/cc6dH3a1.s 			page 16


 209 0299 824CB088 		.ascii	"\202L\260\210*\264\024\2067\266\027\017c|@\260\310\377"
 209      2AB41486 
 209      37B6170F 
 209      637C40B0 
 209      C8FF
 210 02ab D0ADB442 		.ascii	"\320\255\264BG\213dj(\231k\022\231\373\025/\336\347"
 210      478B646A 
 210      28996B12 
 210      99FB152F 
 210      DEE7
 211 02bd 5C1A5E4D 		.ascii	"\\\032^M\024K\302E\262\265\000\204\252\315L\252\225"
 211      144BC245 
 211      B2B50084 
 211      AACD4CAA 
 211      95
 212 02ce 4C6A2993 		.ascii	"Lj)\223\334\211\207\021\030g0&\203E\035_J\206~;k\210"
 212      DC898711 
 212      18673026 
 212      83451D5F 
 212      4A867E3B 
 213 02e4 2CE9BAD9 		.ascii	",\351\272\331\320u\245\241:j\2508\363\220'.evR\312R"
 213      D075A5A1 
 213      3A6AA838 
 213      F390272E 
 213      657652CA 
 214 02f9 C2ECB9A1 		.ascii	"\302\354\271\241\376\327\3460\2527\033\252W\032\272"
 214      FED7E630 
 214      AA371BAA 
 214      571ABA
 215 0308 410D6537 		.ascii	"A\015e7\246\0249\260(\211n$.\245\273.p}\330\006\364"
 215      A61439B0 
 215      28896E24 
 215      2EA5BB2E 
 215      707DD806 
 216 031d F833F70B 		.ascii	"\3703\367\013\020\323c]A\357m\314Ltda\024\217#h8:=\035"
 216      10D3635D 
 216      41EF6DCC 
 216      4C746461 
 216      148F2368 
 217 0335 A9C60D8C 		.ascii	"\251\306\015\214\312\275\246\027\265<EDX\221\215\321"
 217      CABDA617 
 217      B53C4544 
 217      58918DD1 
 218 0345 DDFAADA3 		.ascii	"\335\372\255\243]4q,=\256\244C:\260*\324D\316\037\322"
 218      5D34712C 
 218      3DAEA443 
 218      3AB02AD4 
 218      44CE1FD2 
 219 0359 BAA14650 		.ascii	"\272\241FP\001\235\225\220\226\207]bi\030Dq\255\232"
 219      019D9590 
 219      96875D62 
 219      69184471 
 219      AD9A
 220 036b 46E816C0 		.ascii	"F\350\026\300\033(\374\016r\221\006\021t\327\211\256"
 220      1B28FC0E 
 220      72910611 
 220      74D789AE 
ARM GAS  /tmp/cc6dH3a1.s 			page 17


 221 037b 545BCEDC 		.ascii	"T[\316\334\032\364\257\343:\323\2358sB\354f\334\336"
 221      1AF4AFE3 
 221      3AD39D38 
 221      7342EC66 
 221      DCDE
 222 038d 836ACE94 		.ascii	"\203j\316\224\344\300}w\342\376\214[\031\317\237r\017"
 222      E4C07D77 
 222      E2FE8C5B 
 222      19CF9F72 
 222      0F
 223 039e E65831EC 		.ascii	"\346X1\354\020\301\026&6%\332[\344\331&\361le<\317E"
 223      10C11626 
 223      3625DA5B 
 223      E4D926F1 
 223      6C653CCF 
 224 03b3 759D8244 		.ascii	"u\235\202D\211\334 \301\"Yvuc\331\365B\311\330\0315"
 224      89DC20C1 
 224      22597675 
 224      63D9F542 
 224      C9D81935 
 225 03c7 36D19984 		.ascii	"6\321\231\204\3343]_\"w;)\331-\217\332Eb\323\011\013"
 225      DC335D5F 
 225      22773B29 
 225      D92D8FDA 
 225      4562D309 
 226 03dc EB30C7C6 		.ascii	"\3530\307\306\215,\211&51]\304KTh\265\033Z\001)\355"
 226      8D2C8926 
 226      35315DC4 
 226      4B5468B5 
 226      1B5A0129 
 227 03f1 1EA43437 		.ascii	"\036\24447\236\322L@\247\235\315\177*\345\344UG\334"
 227      9ED24C40 
 227      A79DCD7F 
 227      2AE5E455 
 227      47DC
 228 0403 C726683F 		.ascii	"\307&h?3T\217gg\200Tw\236\246\272n\230\341\276y\206"
 228      33548F67 
 228      67805477 
 228      9EA6BA6E 
 228      98E1BE79 
 229 0418 4E64618A 		.ascii	"Nda\212\256\205\247h4%\264\330\233C\201\250\275\273"
 229      AE85A768 
 229      3425B4D8 
 229      9B4381A8 
 229      BDBB
 230 042a D0DF4C3D 		.ascii	"\320\337L=\322CC\321&\205\"\374\352\356\207\210\270"
 230      D24343D1 
 230      268522FC 
 230      EAEE8788 
 230      B8
 231 043b 2FE29759 		.ascii	"/\342\227Y?\\19\244\226[\177\3602\353\371\246\370\335"
 231      3F5C3139 
 231      A4965B7F 
 231      F032EBF9 
 231      A6F8DD
 232 044e 7C4BA692 		.ascii	"|K\246\222\213\247\260m\244\304\236\351\035\304\375"
 232      8BA7B06D 
ARM GAS  /tmp/cc6dH3a1.s 			page 18


 232      A4C49EE9 
 232      1DC4FD
 233 045d 9303871B 		.ascii	"\223\003\207\0335<\320N\240\227\217%\2178\340\021\026"
 233      353CD04E 
 233      A0978F25 
 233      8F38E011 
 233      16
 234 046e E9B296E2 		.ascii	"\351\262\226\342h\036\351wA\275\276\357R\267\345\015"
 234      681EE977 
 234      41BDBEEF 
 234      52B7E50D 
 235 047e 392805FA 		.ascii	"9(\005\372\021\343\371\"5\271IPn\310\207\000\357\247"
 235      11E3F922 
 235      35B94950 
 235      6EC88700 
 235      EFA7
 236 0490 F021CA73 		.ascii	"\360!\312sP\342y\350\321\344o\370~\224\337\217.\364"
 236      50E279E8 
 236      D1E46FF8 
 236      7E94DF8F 
 236      2EF4
 237 04a2 7E44677B 		.ascii	"~Dg{\257$\333q\226$\037\226\337J\312\262\301\317\030"
 237      AF24DB71 
 237      96241F96 
 237      DF4ACAB2 
 237      C1CF18
 238 04b5 CBC77BA2 		.ascii	"\313\307{\242\306\371\271!\207\256\253f\364{'\213,\237"
 238      C6F9B921 
 238      87AEAB66 
 238      F47B278B 
 238      2C9F
 239 04c7 482C1F33 		.ascii	"H,\0373\226\311\375c3NJ\226\243\000\037\241\360\247"
 239      96C9FD63 
 239      334E4A96 
 239      A3001FA1 
 239      F0A7
 240 04d9 94E51389 		.ascii	"\224\345\023\211\345\341\206\334\365,T\277\344\002\205"
 240      E5E186DC 
 240      F52C54BF 
 240      E40285
 241 04e8 01B72E4F 		.ascii	"\001\267.O\335p\226\233\037\177\231\371\361\374g-|\325"
 241      DD70969B 
 241      1F7F99F9 
 241      F1FC672D 
 241      7CD5
 242 04fa A9986C8D 		.ascii	"\251\230l\215\242\3468~\013t\310O\255+?\265a\2759\273"
 242      A2E6387E 
 242      0B74C84F 
 242      AD2B3FB5 
 242      61BD39BB 
 243 050e 30163175 		.ascii	"0\0261u\303\330\241\250\335\032\006~\005\324\343\347"
 243      C3D8A1A8 
 243      DD1A067E 
 243      05D4E3E7 
 244 051e 06073416 		.ascii	"\006\0074\026\335\360Br\303s\306\363y\231)\315Y\351"
 244      DDF04272 
 244      C373C6F3 
ARM GAS  /tmp/cc6dH3a1.s 			page 19


 244      799929CD 
 244      59E9
 245 0530 8667009F 		.ascii	"\206g\000\237\242\360\031\312\363\205\304\363B\361\310"
 245      A2F019CA 
 245      F385C4F3 
 245      42F1C8
 246 053f 09297B10 		.ascii	"\011){\020\236\335Y\235\351vx\017\343q\272$\246\232"
 246      9EDD599D 
 246      E976780F 
 246      E371BA24 
 246      A69A
 247 0551 872395C4 		.ascii	"\207#\225\304j&i\370\250\003\336\317:\245@\272\360@"
 247      6A2669F8 
 247      A803DECF 
 247      3AA540BA 
 247      F040
 248 0563 DEE8CBCF 		.ascii	"\336\350\313\317\025\360\021\326\371\334\024\033k\303"
 248      15F011D6 
 248      F9DC141B 
 248      6BC3
 249 0571 4792BD69 		.ascii	"G\222\275ijn\314u\300\307Xg~\317\265Ji$\351\334}\256"
 249      6A6ECC75 
 249      C0C75867 
 249      7ECFB54A 
 249      6924E9DC 
 250 0587 33C60A67 		.ascii	"3\306\012g\262\316{m\017\3668\341l\246TU\206\177\211"
 250      B2CE7B6D 
 250      0FF638E1 
 250      6CA65455 
 250      867F89
 251 059a F3D9F7DA 		.ascii	"\363\331\367\332\373\221\177`\203\"I\202\256\310\310"
 251      FB917F60 
 251      83224982 
 251      AEC8C8
 252 05a9 4DC1CC81 		.ascii	"M\301\314\201\251t\373\237/\335\023\341\214\213(\330"
 252      A974FB9F 
 252      2FDD13E1 
 252      8C8B28D8 
 253 05b9 D9341561 		.ascii	"\3314\025ar@\313\330\263x\231;}\247\211\221apqN\254"
 253      7240CBD8 
 253      B378993B 
 253      7DA78991 
 253      6170714E 
 254 05ce B97B3B52 		.ascii	"\271{;R\024\0178\240\011\344\202b\004\214\022\204\305"
 254      140F38A0 
 254      09E48262 
 254      048C1284 
 254      C5
 255 05df B391044F 		.ascii	"\263\221\004O\202\177V\222Z\226\341\313>\205\2170\310"
 255      827F5692 
 255      5A96E1CB 
 255      3E858F30 
 255      C8
 256 05f0 F8006E41 		.ascii	"\370\000nA\014,\235Q\364\023\222\241I\342\351\377+\240"
 256      0C2C9D51 
 256      F41392A1 
 256      49E2E9FF 
ARM GAS  /tmp/cc6dH3a1.s 			page 20


 256      2BA0
 257 0602 23317133 		.ascii	"#1q3\232\346h\311\371h\022)l\217r4!2\206\024D\206\225"
 257      9AE668C9 
 257      F9681229 
 257      6C8F7234 
 257      21328614 
 258 0619 E832197A 		.ascii	"\3502\031z\267\222v\264\240`rW\306$BP0\011\227\243#"
 258      B79276B4 
 258      A0607257 
 258      C6244250 
 258      300997A3 
 259 062e 23E0E6FD 		.ascii	"#\340\346\3754\221\242\311\246\336\307\321\263'\342"
 259      3491A2C9 
 259      A6DEC7D1 
 259      B327E2
 260 063d A699491C 		.ascii	"\246\231I\034\337W\"\224\001\350\033\301\015\355\245"
 260      DF572294 
 260      01E81BC1 
 260      0DEDA5
 261 064c 96081C0E 		.ascii	"\226\010\034\016\014:,\270\243\375\3022\224\010r\020"
 261      0C3A2CB8 
 261      A3FDC232 
 261      94087210 
 262 065c E410C851 		.ascii	"\344\020\310Q\220x\220d\2208\220\003 I \261 G@\276\025"
 262      90789064 
 262      90389003 
 262      204920B1 
 262      204740BE 
 263 0671 96D10A8C 		.ascii	"\226\321\012\214\321\256\221\321\336\245\244\375\265"
 263      D1AE91D1 
 263      DEA5A4FD 
 263      B5
 264 067e 9936CBF3 		.ascii	"\2316\313\363=w]\302\200\013A\251x\2167\233\252ou= "
 264      3D775DC2 
 264      800B41A9 
 264      788E379B 
 264      AA6F753D 
 265 0693 8AD52BC8 		.ascii	"\212\325+\310\215\211ns\367J\367(\372Q\031\272\251O"
 265      8D896E73 
 265      F74AF728 
 265      FA5119BA 
 265      A94F
 266 06a5 CC33EF51 		.ascii	"\3143\357Q\316<2\017\315yB\362C\003\334\266\224\022"
 266      CE3C320F 
 266      CD7942F2 
 266      4303DCB6 
 266      9412
 267 06b7 519F3274 		.ascii	"Q\2372t\235\262\320\205)C'\012\012t\203\014\035\245"
 267      9DB2D085 
 267      2943270A 
 267      0A74830C 
 267      1DA5
 268 06c9 44479AD1 		.ascii	"DG\232\321$57\231\256\"\034\253\246w`\370Tn\276\025"
 268      24353799 
 268      AE221CAB 
 268      A67760F8 
 268      546EBE15 
ARM GAS  /tmp/cc6dH3a1.s 			page 21


 269 06dd 5AECBE60 		.ascii	"Z\354\276`\220\340\010\273\377O\342\304<\337\336\252"
 269      90E008BB 
 269      FF4FE2C4 
 269      3CDFDEAA 
 270 06ed 819F4928 		.ascii	"\201\237I(\005\014\036\023f\357W\022\007\312k\367\203"
 270      050C1E13 
 270      66EF5712 
 270      07CA6BF7 
 270      83
 271 06fe A95AECB0 		.ascii	"\251Z\354\260g\366\007\012\005\232\223\326q\301\201"
 271      67F6070A 
 271      059A93D6 
 271      71C181
 272 070d 16DDF026 		.ascii	"\026\335\360&\305W]U+\3173\321\344(\317\3645\247\363"
 272      C5575D55 
 272      2BCF33D1 
 272      E428CFF4 
 272      35A7F3
 273 0720 A4344C8C 		.ascii	"\2444L\214\215L\037-\340\272\253,\271\270\362\3442p"
 273      8D4C1F2D 
 273      E0BAAB2C 
 273      B9B8F2E4 
 273      3270
 274 0732 3826C2D9 		.ascii	"8&\302\331b~\374N\340\371\361\"\313\217\267\333\272"
 274      627EFC4E 
 274      E0F9F122 
 274      CB8FB7DB 
 274      BA
 275 0743 131C94F9 		.ascii	"\023\034\224\371\361\0048)\203:6Sp\221\006\021t^\303"
 275      F1043829 
 275      833A3653 
 275      70910611 
 275      745EC3
 276 0756 9DA7B638 		.ascii	"\235\247\2668\221\372\0275'\354\031\260\222.\215\350"
 276      91FA1735 
 276      27EC19B0 
 276      922E8DE8 
 277 0766 5F726964 		.ascii	"_rid\364\344\016\331\312';%\274d\262[=\307#\371\015"
 277      F4E40ED9 
 277      CA273B25 
 277      BC64B25B 
 277      3DC723F9 
 278 077b 7F5325FB 		.ascii	"\177S%\373\255\340\302~+Hy\323\225\347\315\242\312\206"
 278      ADE0C27E 
 278      2B4879D3 
 278      95E7CDA2 
 278      CA86
 279 078d 6B08A730 		.ascii	"k\010\2470ne\2439\231|,\311\343\035\261\3453\226}\222"
 279      6E65A339 
 279      997C2CC9 
 279      E31DB1E5 
 279      33967D92 
 280 07a1 23F9E49C 		.ascii	"#\371\344\234@i>\211\315\331\240t\311\031`\231MY\346"
 280      40693E89 
 280      CDD9A074 
 280      C9196099 
 280      4D59E6
ARM GAS  /tmp/cc6dH3a1.s 			page 22


 281 07b4 52963912 		.ascii	"R\2269\022\313#G\373\317\012\3125YD\307T\344U\362\330"
 281      CB2347FB 
 281      CF0ACA35 
 281      5944C754 
 281      E455F2D8 
 282 07c8 5613BDE7 		.ascii	"V\023\275\347\305\371\032\033"
 282      C5F91A1B 
 283 07d0 9CC1481F 		.ascii	"\234\301H\037<0Q\243\301'\231R0\230U\340\310\220%DO"
 283      3C3051A3 
 283      C1279952 
 283      309855E0 
 283      C8902544 
 284 07e5 2C7A5CC3 		.ascii	",z\\\303K\026\215\254\333\225w\217e\015\237\260\306"
 284      4B168DAC 
 284      DB95778F 
 284      650D9FB0 
 284      C6
 285 07f6 D96C6CDC 		.ascii	"\331ll\334\360\350Ak\213\313-\224\226\273\202\256\266"
 285      F0E8416B 
 285      8BCB2D94 
 285      96BB82AE 
 285      B6
 286 0807 202F7D48 		.ascii	" /}H\243\\\356EX@\001]@\021]@\241\264\200\242\260\214"
 286      A35CEE45 
 286      5840015D 
 286      40115D40 
 286      A1B480A2 
 287 081d 46AC5CAE 		.ascii	"F\254\\\256E\364\311\236\344}<\014kH\2251y\274\337\021"
 287      45F4C99E 
 287      E47D3C0C 
 287      6B489531 
 287      79BCDF11 
 288 0831 E730928F 		.ascii	"\3470\222\217\006\247\3179\341<\246\024\025\374P\311"
 288      06A7CF39 
 288      E13CA614 
 288      15FC50C9 
 289 0841 57B782D4 		.ascii	"W\267\202\324\374\331\245\365\366\270\220\365M\307\246"
 289      FCD9A5F5 
 289      F6B890F5 
 289      4DC7A6
 290 0850 9CB7C525 		.ascii	"\234\267\305%LI\032k\353\343\233\337\235\3049\375\330"
 290      4C491A6B 
 290      EBE39BDF 
 290      9DC439FD 
 290      D8
 291 0861 015B5CC1 		.ascii	"\001[\\\301\372fb\243\217\330\340\032\246\304\327\307"
 291      FA6662A3 
 291      8FD8E01A 
 291      A6C4D7C7 
 292 0871 A7DBE31B 		.ascii	"\247\333\343\033L\031\214\354\356\340[g\011\250\317"
 292      4C198CEC 
 292      EEE05B67 
 292      09A8CF
 293 0880 7AE39BF9 		.ascii	"z\343\233\371\317\027\007Y5\342\312\253\221\263O\367"
 293      CF170759 
 293      35E2CAAB 
 293      91B34FF7 
ARM GAS  /tmp/cc6dH3a1.s 			page 23


 294 0890 1DB2C78D 		.ascii	"\035\262\307\215l\350\235\346\310K\034k\017jD\366\345"
 294      6CE89DE6 
 294      C84B1C6B 
 294      0F6A44F6 
 294      E5
 295 08a1 7C2B8BAE 		.ascii	"|+\213\256\275.\271\266\226\355\244o\316f\\\261V\026"
 295      BD2EB9B6 
 295      96EDA46F 
 295      CE665CB1 
 295      5616
 296 08b3 CCD7C05B 		.ascii	"\314\327\300[\325\324[u\324[\327%o\325\367\304\334\260"
 296      D5D45B75 
 296      D45BD725 
 296      6FD5F7C4 
 296      DCB0
 297 08c5 5716C016 		.ascii	"W\026\300\026\321\305\015\255kq3#\371\244\276\365\036"
 297      D1C50DAD 
 297      6B713323 
 297      F9A4BEF5 
 297      1E
 298 08d6 C26D4C89 		.ascii	"\302mL\211\254\275\226i\203\3571e\340T]\2655~\300\224"
 298      ACBD9669 
 298      83EF3165 
 298      E0545DB5 
 298      357EC094 
 299 08ea AE9EA98B 		.ascii	"\256\236\251\213\030\0170\345\273\201\264ol\361\010"
 299      180F30E5 
 299      BB81B46F 
 299      6CF108
 300 08f9 1FD33558 		.ascii	"\037\3235X\317\035\264\227\034\246g\303\371\267%\227"
 300      CF1DB497 
 300      1CA667C3 
 300      F9B72597 
 301 0909 90EDD6FF 		.ascii	"\220\355\326\377\244{F\203\307)\370\225\334\206\353"
 301      A47B4683 
 301      C729F895 
 301      DC86EB
 302 0918 A9B68896 		.ascii	"\251\266\210\226\022\346\307\235\277\323\304xH\327\365"
 302      12E6C79D 
 302      BFD3C478 
 302      48D7F5
 303 0927 7DFCB2F9 		.ascii	"}\374\262\371^pAg!#\266@\302\223N\005\312R\246\370Q"
 303      5E704167 
 303      2123B640 
 303      C2934E05 
 303      CA52A6F8 
 304 093c 03AB2AEA 		.ascii	"\003\253*\352\001]\303\321\322\302Q\225\034\035\017"
 304      015DC3D1 
 304      D2C25195 
 304      1C1D0F
 305 094b B773993F 		.ascii	"\267s\231?\273\235\311\326\273\300\321\263\251\347<"
 305      BB9DC9D6 
 305      BBC0D1B3 
 305      A9E73C
 306 095a 455F42F3 		.ascii	"E_B\363\256\347&\260\327H;[x\332\177\000i\277\037Ry"
 306      AEE726B0 
 306      D7483B5B 
ARM GAS  /tmp/cc6dH3a1.s 			page 24


 306      78DA7F00 
 306      69BF1F52 
 307 096f 3B482FC8 		.ascii	";H/\310#\220\016\220{ \315 } \017A\272@z@\272AZA\006"
 307      23900E90 
 307      7B20CD20 
 307      7D200F41 
 307      BA407A40 
 308 0988 4006414C 		.ascii	"@\006AL wA~\002i\003\271\017\3229{}\223:\242\323\317"
 308      2077417E 
 308      026903B9 
 308      0FD2397B 
 308      7D933AA2 
 309 099e 5C475C51 		.ascii	"\\G\\Q2-\236\263.r\321\371\263\213\3564x\341$GK\331"
 309      322D9EB3 
 309      2E72D1F9 
 309      B38BEE34 
 309      78E12447 
 310 09b4 91D7ABB2 		.ascii	"\221\327\253\262\032\245\306`\266}Ki[kv\002\363\331"
 310      1AA5C660 
 310      B67D4B69 
 310      5B6B7602 
 310      F3D9
 311 09c6 949FD967 		.ascii	"\224\237\331gy\013\373Lf\273Sf\373\246\022\235\255D"
 311      790BFB4C 
 311      66BB5366 
 311      FBA6129D 
 311      AD44
 312 09d8 F7CBD037 		.ascii	"\367\313\3207\026FKT\250q\1773\374\216\022\2366\257"
 312      16464B54 
 312      A8717F33 
 312      FC8E129E 
 312      36AF
 313 09ea 70E34E81 		.ascii	"p\343N\201\313\201\326!s\234\222>\317x\215\314\343W"
 313      CB81D621 
 313      739C923E 
 313      CF788DCC 
 313      E357
 314 09fc 95C6CBE7 		.ascii	"\225\306\313\347\301\357\312\340\245Jx\311<x\203\014"
 314      C1EFCAE0 
 314      A54A78C9 
 314      3C78830C 
 315 0a0c 5EB6305C 		.ascii	"^\2660\\V\216=mg\345X\213\262\034#\246\232L\256i\021"
 315      568E3D6D 
 315      67E5588B 
 315      B21C23A6 
 315      9A4CAE69 
 316 0a21 E484105B 		.ascii	"\344\204\020[\015J[\005J\037O\311|\\\251D\263rL\036"
 316      0D4A5B05 
 316      4A1F4FC9 
 316      7C5CA944 
 316      B3724C1E 
 317 0a35 EE328339 		.ascii	"\3562\2039\334\267\027\334\0342\333e\262UU,\3543y\264"
 317      DCB717DC 
 317      1C32DB65 
 317      B255552C 
 317      EC3379B4 
 318 0a49 65E8CB0B 		.ascii	"e\350\313\013\357\3519\036\226\021\377q\341e\316\022"
ARM GAS  /tmp/cc6dH3a1.s 			page 25


 318      EFE9391E 
 318      9611FF71 
 318      E165CE12 
 319 0a59 2799C08F 		.ascii	"'\231\300\217\205\373\007\010\367%\016\227\256\027\224"
 319      85FB0708 
 319      F7250E97 
 319      AE1794
 320 0a68 3FA7D8AB 		.ascii	"?\247\330\2537}[\257\306\317Y\261\327\326w!\306^Y\354"
 320      377D5BAF 
 320      C6CF59B1 
 320      D7D67721 
 320      C65E59EC 
 321 0a7c 49471E8D 		.ascii	"IG\036\215\300I\377\177\234z\026\367\301>kR\014\016"
 321      C049FF7F 
 321      9C7A16F7 
 321      C13E6B52 
 321      0C0E
 322 0a8e C38443E6 		.ascii	"\303\204C\346b\260E*\006\323{:\313\325\362bpxN18\312"
 322      62B0452A 
 322      06D37B3A 
 322      CBD5F262 
 322      70784E31 
 323 0aa4 8BC1515A 		.ascii	"\213\301QZ\014\326g\266A\315\373\265\025\315\322i\275"
 323      0CD667B6 
 323      41CDFBB5 
 323      15CDD269 
 323      BD
 324 0ab5 75D7F82D 		.ascii	"u\327\370-\371\032\371s\314\301\201}\210%\351^\222\264"
 324      F91AF973 
 324      CCC1817D 
 324      8825E95E 
 324      92B4
 325 0ac7 8FD78D25 		.ascii	"\217\327\215%\330\341x\206\275X\374h\025\203\222\337"
 325      D8E17886 
 325      BD58FC68 
 325      158392DF 
 326 0ad7 876D31AD 		.ascii	"\207m1\255-\310\342\2655!][\343\354\332j\234(\236r\300"
 326      2DC8E2B5 
 326      35215D5B 
 326      E3ECDA6A 
 326      9C289E72 
 327 0aec 47A92175 		.ascii	"G\251!uv\304\351a5rwC\000G\354\017J\344\277\004T\350"
 327      76C4E961 
 327      35727743 
 327      0047EC0F 
 327      4AE4BF04 
 328 0b02 39ECAD49 		.ascii	"9\354\255I\001K\377\307\220(\202\371\341\177\223f\370"
 328      014BFFC7 
 328      902882F9 
 328      E17F9366 
 328      F8
 329 0b13 AEA1EF05 		.ascii	"\256\241\357\005\376\2644\005\356\177N\347\233\206\350"
 329      FEB43405 
 329      EE7F4EE7 
 329      9B86E8
 330 0b22 3C6313A6 		.ascii	"<c\023\246\244\\nB\362\233\217\330~\002\375\217i\304"
 330      A45C6E42 
ARM GAS  /tmp/cc6dH3a1.s 			page 26


 330      F29B8FD8 
 330      7E02FD8F 
 330      69C4
 331 0b34 5FD09B6F 		.ascii	"_\320\233oB\272\371r\223\253'm\355\270\355\350\237\263"
 331      42BAF972 
 331      93AB276D 
 331      EDB8EDE8 
 331      9FB3
 332 0b46 9D359A31 		.ascii	"\2355\2321=\347V\235y\231\355\362\307q\011\266o\246"
 332      3DE7569D 
 332      7999EDF2 
 332      C77109B6 
 332      6FA6
 333 0b58 8B374BC4 		.ascii	"\2137K\304\222\362\302\025I\341%b\304Z$b\027\364\024"
 333      92F2C215 
 333      49E12562 
 333      C45A2462 
 333      17F414
 334 0b6b 42598796 		.ascii	"BY\207\226\312\206\216A\313\337\004\025\012\303o\252"
 334      CA868E41 
 334      CBDF0415 
 334      0AC36FAA 
 335 0b7b D66AFD82 		.ascii	"\326j\375\202\002\214Z\037\337\177i\327\031C\376\021"
 335      028C5A1F 
 335      DF7F69D7 
 335      1943FE11 
 336 0b8b 1AB45DBB 		.ascii	"\032\264]\273q\263\267\326\030\360\271q\353V\343VmP"
 336      71B3B7D6 
 336      18F0B971 
 336      EB56E356 
 336      6D50
 337 0b9d 88D6CF67 		.ascii	"\210\326\317g\233v{Pph\210\3267(  (P\353\241\337\244"
 337      9B767B50 
 337      706888D6 
 337      37282020 
 337      2850EBA1 
 338 0bb3 DBF49536 		.ascii	"\333\364\2256\360\237\376\276\313}5\357o\376\350u\335"
 338      F09FFEBE 
 338      CB7D35EF 
 338      6FFEE875 
 338      DD
 339 0bc4 CA952A3B 		.ascii	"\312\225*;\203a\207\177`\350\352U\206\320w\264;B\202"
 339      8361877F 
 339      60E8EA55 
 339      86D077B4 
 339      3B4282
 340 0bd7 B53EC101 		.ascii	"\265>\301\001o\007\006\005\032\3376\372|\356\257\365"
 340      6F070605 
 340      1ADF36FA 
 340      7CEEAFF5 
 341 0be7 0FF4DDB6 		.ascii	"\017\364\335\266c\253Q\033\340\343\353\347\037h\324"
 341      63AB511B 
 341      E0E3EBE7 
 341      1F68D4
 342 0bf6 1AB61ABF 		.ascii	"\032\266\032\277\360\331\261-\324\020\272s\2731d\271"
 342      F0D9B12D 
 342      D410BA73 
ARM GAS  /tmp/cc6dH3a1.s 			page 27


 342      BB3164B9 
 343 0c06 9F4A238D 		.ascii	"\237J#\215\376\375KF\207\354\014\321\032BB\267\002\024"
 343      FEFD4B46 
 343      87EC0CD1 
 343      1A4242B7 
 343      0214
 344 0c18 862C2214 		.ascii	"\206,\"\024\326\007\372|\276\315\270\305\350\033\032"
 344      D607FA7C 
 344      BECDB8C5 
 344      E81B1A
 345 0c27 14ECF1DF 		.ascii	"\024\354\361\337\256F\365+\362^\347\037b\266\351FZ\274"
 345      AE46F52B 
 345      F25EE71F 
 345      62B6E946 
 345      5ABC
 346 0c39 8DA1DE3B 		.ascii	"\215\241\336;CB\215\001\033}\002\267n3\006{\005\373"
 346      43428D01 
 346      1B7D02B7 
 346      6E33067B 
 346      05FB
 347 0c4b 0705FB87 		.ascii	"\007\005\373\207\356\244\014t\333\214>\301^\306@`\365"
 347      EEA40C74 
 347      DB8C3EC1 
 347      5EC64060 
 347      F5
 348 0c5c 775BFD7A 		.ascii	"w[\375z\357\365\372-\353\327\375Q\360\364\262e.Yc\010"
 348      EFF5FA2D 
 348      EBD7FD51 
 348      F0F4B265 
 348      2E596308 
 349 0c70 B5E1EFD9 		.ascii	"\265\341\357\331\356w\324\236\036\357\351g\325\325j"
 349      EE77D49E 
 349      1EEFE967 
 349      D5D56A
 350 0c7f 4F9D9759 		.ascii	"O\235\227Y]\245\366\364\366\322k\364L[\011\235\353\315"
 350      5DA5F6F4 
 350      F6D26BF4 
 350      4C5B099D 
 350      EBCD
 351 0c91 9D2BA073 		.ascii	"\235+\240s\275^\355\375\241\247\376\203\237_/_\245\361"
 351      BD5EEDFD 
 351      A1A7FE83 
 351      9F5F2F5F 
 351      A5F1
 352 0ca3 AB50B252 		.ascii	"\253P\262R\255n\223\267\247\267V\027\024l\324zr\237"
 352      AD6E93B7 
 352      A7B75617 
 352      146CD47A 
 352      729F
 353 0cb5 FA8262F0 		.ascii	"\372\202b\360\015X\015\016\265\335\274\305Sg\370\020"
 353      0D580D0E 
 353      B5DDBCC5 
 353      5367F810 
 354 0cc5 22027378 		.ascii	"\"\002sx\350\325\2336m\320c\217uz\274\016\336^\033\364"
 354      E8D59B36 
 354      6DD0638F 
 354      757ABC0E 
ARM GAS  /tmp/cc6dH3a1.s 			page 28


 354      DE5E1BF4 
 355 0cd9 6A8F0DDE 		.ascii	"j\217\015\336z\365{\033<\364V\320\005\200uD\337H>t\360"
 355      7AF57B1B 
 355      3CF456D0 
 355      05807544 
 355      DF483E74 
 356 0cee 61E5BD51 		.ascii	"a\345\275Q\347\255\307\336\033\275\260N\007o\235\336"
 356      E7ADC7DE 
 356      1BBDB04E 
 356      076F9DDE 
 357 0cfe CAC353AF 		.ascii	"\312\303S\257\323\253\267|\370\201\036\026\001\010\235"
 357      D3ABB77C 
 357      F8811E16 
 357      01089D
 358 0d0d D7479EEB 		.ascii	"\327G\236\353\340\323C\247\327x\353\336\243s9\032\014"
 358      E0D343A7 
 358      D778EBDE 
 358      A373391A 
 358      0C
 359 0d1e 5FEC08F4 		.ascii	"_\354\010\3645\030\226\277\273j\315\032\215\244\251"
 359      351896BF 
 359      BB6ACD1A 
 359      8DA4A9
 360 0d2d 7DFD7C82 		.ascii	"}\375|\202\377\003p\001\013*"
 360      FF037001 
 360      0B2A
 361              		.text
 362              		.section	.gnu.lto_.symtab.6385ffac35a55f9b,"",%progbits
 363 0000 6E766963 		.ascii	"nvicEnableVector\000"
 363      456E6162 
 363      6C655665 
 363      63746F72 
 363      00
 364 0011 00       		.ascii	"\000"
 365 0012 00       		.ascii	"\000"
 366 0013 00       		.ascii	"\000"
 367 0014 00000000 		.ascii	"\000\000\000\000\000\000\000\000"
 367      00000000 
 368 001c C7000000 		.ascii	"\307\000\000\000"
 369 0020 6E766963 		.ascii	"nvicDisableVector\000"
 369      44697361 
 369      626C6556 
 369      6563746F 
 369      7200
 370 0032 00       		.ascii	"\000"
 371 0033 00       		.ascii	"\000"
 372 0034 00       		.ascii	"\000"
 373 0035 00000000 		.ascii	"\000\000\000\000\000\000\000\000"
 373      00000000 
 374 003d CB000000 		.ascii	"\313\000\000\000"
 375 0041 6E766963 		.ascii	"nvicSetSystemHandlerPriority\000"
 375      53657453 
 375      79737465 
 375      6D48616E 
 375      646C6572 
 376 005e 00       		.ascii	"\000"
 377 005f 00       		.ascii	"\000"
ARM GAS  /tmp/cc6dH3a1.s 			page 29


 378 0060 00       		.ascii	"\000"
 379 0061 00000000 		.ascii	"\000\000\000\000\000\000\000\000"
 379      00000000 
 380 0069 CD000000 		.ascii	"\315\000\000\000"
 381 006d 6E766963 		.ascii	"nvicClearPending\000"
 381      436C6561 
 381      7250656E 
 381      64696E67 
 381      00
 382 007e 00       		.ascii	"\000"
 383 007f 00       		.ascii	"\000"
 384 0080 00       		.ascii	"\000"
 385 0081 00000000 		.ascii	"\000\000\000\000\000\000\000\000"
 385      00000000 
 386 0089 CF000000 		.ascii	"\317\000\000\000"
 387              		.text
 388              		.section	.gnu.lto_.opts,"",%progbits
 389 0000 272D666D 		.ascii	"'-fmath-errno' '-fsigned-zeros' '-ftrapping-math' '"
 389      6174682D 
 389      6572726E 
 389      6F272027 
 389      2D667369 
 390 0033 2D666E6F 		.ascii	"-fno-trapv' '-fno-openmp' '-fno-openacc' '-mcpu=cor"
 390      2D747261 
 390      70762720 
 390      272D666E 
 390      6F2D6F70 
 391 0066 7465782D 		.ascii	"tex-m3' '-mno-thumb-interwork' '-mthumb' '-O2' '-fo"
 391      6D332720 
 391      272D6D6E 
 391      6F2D7468 
 391      756D622D 
 392 0099 6D69742D 		.ascii	"mit-frame-pointer' '-falign-functions=16' '-ffuncti"
 392      6672616D 
 392      652D706F 
 392      696E7465 
 392      72272027 
 393 00cc 6F6E2D73 		.ascii	"on-sections' '-fdata-sections' '-fno-common' '-flto"
 393      65637469 
 393      6F6E7327 
 393      20272D66 
 393      64617461 
 394 00ff 2700     		.ascii	"'\000"
 395              		.text
 396              		.comm	__gnu_lto_v1,1,1
 397              		.comm	__gnu_lto_slim,1,1
 398              		.ident	"GCC: (GNU Tools for Arm Embedded Processors 7-2017-q4-major) 7.2.1 20170904 (release) [ARM
ARM GAS  /tmp/cc6dH3a1.s 			page 30


DEFINED SYMBOLS
                            *ABS*:0000000000000000 nvic.c
                            *COM*:0000000000000001 __gnu_lto_v1
                            *COM*:0000000000000001 __gnu_lto_slim

NO UNDEFINED SYMBOLS
