ARM GAS  /tmp/ccCNI98f.s 			page 1


   1              		.cpu cortex-m3
   2              		.eabi_attribute 20, 1
   3              		.eabi_attribute 21, 1
   4              		.eabi_attribute 23, 3
   5              		.eabi_attribute 24, 1
   6              		.eabi_attribute 25, 1
   7              		.eabi_attribute 26, 1
   8              		.eabi_attribute 30, 2
   9              		.eabi_attribute 34, 1
  10              		.eabi_attribute 18, 4
  11              		.file	"UartHandler.cpp"
  12              		.section	.gnu.lto_.profile.4288b33f0a848370,"",%progbits
  13 0000 789C6363 		.ascii	"x\234cc```\001bF\206\034E\000\001q\000\231"
  13      60606001 
  13      6246861C 
  13      45000171 
  13      0099
  14              		.text
  15              		.section	.gnu.lto_.icf.4288b33f0a848370,"",%progbits
  16 0000 789C6363 		.ascii	"x\234cc``P`@\000V\206\263_\367\335\344f\352\332:\373"
  16      60605060 
  16      40005686 
  16      B35FF7DD 
  16      E466EADA 
  17 0016 3333F399 		.ascii	"33\363\231\235g\256\260\262L\332\271\376\014\013\353"
  17      9D67AEB0 
  17      B24CDAB9 
  17      FE0C0BEB 
  18 0026 D9BF93A7 		.ascii	"\331\277\223\247\2603\000\000\006V\017Z"
  18      B0330000 
  18      06560F5A 
  19              		.text
  20              		.section	.gnu.lto_.jmpfuncs.4288b33f0a848370,"",%progbits
  21 0000 789C9D91 		.ascii	"x\234\235\221K\012\302@\014\206\363O\372\0207^\240\207"
  21      4B0AC240 
  21      0C86F34F 
  21      FA10375E 
  21      A087
  22 0012 F15A5DD5 		.ascii	"\361Z]\325\215\270p+\305\305,z\005\321\252\365\001\342"
  22      8DB8702B 
  22      C5C52C7A 
  22      05D1AAF5 
  22      01E2
  23 0024 5AF0005E 		.ascii	"Z\360\000^\301#(\232\014X\264\017\021\003YL\362\363"
  23      C123289A 
  23      0C58B40F 
  23      1103594C 
  23      F2F3
  24 0036 FD992420 		.ascii	"\375\231$ \242\251\2412\230 a\231\002\023\313\023\007"
  24      A2A9A132 
  24      98206199 
  24      0213CB13 
  24      07
  25 0047 0F24F990 		.ascii	"\017$\371\220\350\021&\214|t\232u\307lYusDN\342d\256"
  25      E811268C 
  25      7C749A75 
  25      C76C5975 
ARM GAS  /tmp/ccCNI98f.s 			page 2


  25      73444EE2 
  26 005d 5D14D74B 		.ascii	"]\024\327K\230\334\007\035\313&c%,\220\224\230\233b"
  26      98DC071D 
  26      CB266325 
  26      2C909498 
  26      9B62
  27 006f 6044970E 		.ascii	"`D\227\016\217\347P1\006\204\034\221fP\001P\306J]~\007"
  27      8FE75031 
  27      06841C91 
  27      66500150 
  27      C64A5D7E 
  28 0084 90005602 		.ascii	"\220\000V\002\320\374i\240u\235\367\232@\246\001+3\261"
  28      D0FC69A0 
  28      759DF79A 
  28      40A6012B 
  28      33B1
  29 0096 CC8D1BF8 		.ascii	"\314\215\033\370\311\241hw\360Z\326\372\006\3612\226"
  29      C9A16877 
  29      F05AD6FA 
  29      06F13296 
  30 00a6 83608304 		.ascii	"\203`\203\004\350\177\266\374\324\361\267\322j_\210"
  30      E87FB6FC 
  30      D4F1B7D2 
  30      6A5F88
  31 00b5 34B01337 		.ascii	"4\260\0237I#n\250\270\371z\271\320-N\217h9\370\377\243"
  31      49236EA8 
  31      B8F97AB9 
  31      D02D4E8F 
  31      6839F8FF 
  32 00ca FBF68F36 		.ascii	"\373\366\2176AM\214z\311\324J\015C\323\023a\243\275"
  32      414D8C7A 
  32      C9D44A0D 
  32      43D31361 
  32      A3BD
  33 00dc 79       		.ascii	"y"
  34              		.text
  35              		.section	.gnu.lto_.inline.4288b33f0a848370,"",%progbits
  36 0000 789C6363 		.ascii	"x\234cc``\250e@\000f\006\006n\031F\006& \223m\201<\210"
  36      6060A865 
  36      40006606 
  36      066E1946 
  36      06262093 
  37 0018 6260E105 		.ascii	"b`\341\005\012O\360\2032\300j\3705\201JX;\324\031\330"
  37      0A4FF083 
  37      32C06AF8 
  37      35814A58 
  37      3BD419D8 
  38 002c 3BD451D5 		.ascii	";\324Q\3250\363000\001\031L\334\014\014\214\023\374"
  38      30F33030 
  38      3001194C 
  38      DC0C0C8C 
  38      13FC
  39 003e 581978D5 		.ascii	"X\031x\325\361\2316\301\017\004\241\212\031\000\232"
  39      F19936C1 
  39      0F04A18A 
  39      19009A
  40 004d F70C84   		.ascii	"\367\014\204"
ARM GAS  /tmp/ccCNI98f.s 			page 3


  41              		.text
  42              		.section	.gnu.lto_.pureconst.4288b33f0a848370,"",%progbits
  43 0000 789C6363 		.ascii	"x\234cc```\007bf\006\011fIV\011\000\001\274\000b"
  43      60606007 
  43      62660609 
  43      66495609 
  43      0001BC00 
  44              		.text
  45              		.section	.gnu.lto__Z4rxCBP10UARTDriver.4288b33f0a848370,"",%progbits
  46 0000 789C8591 		.ascii	"x\234\205\221MK\033a\020\307\347\277\223dc\304 \365"
  46      4D4B1B61 
  46      10C7E7BF 
  46      936463C4 
  46      20F5
  47 0012 5230871C 		.ascii	"R0\207\034\012\342E\3721\332\017\340\271H\342A\220\""
  47      0AE245FA 
  47      31DA0FE0 
  47      B948E241 
  47      9022
  48 0024 6BF4BA8F 		.ascii	"k\364\272\21716)\225R\212\215 KY\012E\360\022\203\257"
  48      31362995 
  48      528A8D20 
  48      4B590A45 
  48      F01283AF 
  49 0038 D136AEA9 		.ascii	"\3216\256\251z(UQ\212\010\336\024\012\005)\344^mg\022"
  49      7A285551 
  49      8A08DE14 
  49      0A0529E4 
  49      5E6D6712 
  50 004c 9036280E 		.ascii	"\2206(\016<\354\274\374\237\371\315<\033!\242\247\026"
  50      3CECBCFC 
  50      9FF9CD3C 
  50      1B21A2A7 
  50      16
  51 005d 5152BEDD 		.ascii	"QR\276\335r\300\004\353\315\001\321D\324\002\3241Q\220"
  51      72C004EB 
  51      CD01D144 
  51      D402D431 
  51      5190
  52 006f 6BC1C534 		.ascii	"k\301\3054\3170j\371\037\025\253w\336\210\005\263\307"
  52      CF306AF9 
  52      1F15AB77 
  52      DE8805B3 
  52      C7
  53 0080 8F7366EA 		.ascii	"\217sf\352\241\307DE9jXB\257\250\216r\213\036\277b\217"
  53      A1C74445 
  53      396A5842 
  53      AFA88E72 
  53      8B1EBF62 
  54 0095 819084F5 		.ascii	"\201\220\204\365\375\271\213\270\206\026\222\022\236"
  54      FDB98BB8 
  54      86169212 
  54      9E
  55 00a2 9E1CBEB6 		.ascii	"\236\034\276\266\271\013\244\376\367\240j\367|4&k\202"
  55      B90BA4FE 
  55      F7A06AF7 
  55      7C34266B 
ARM GAS  /tmp/ccCNI98f.s 			page 4


  55      82
  56 00b3 DF1FD83C 		.ascii	"\337\037\330<\362\230\261\012\226\206XA\002\313H\220"
  56      F298B10A 
  56      96865841 
  56      02CB4890 
  57 00c3 A4086BE8 		.ascii	"\244\010k\350Q\375y\371\372]G$\324\004b\035\021\202"
  57      51FD79F9 
  57      FA5D4724 
  57      D404621D 
  57      1182
  58 00d5 38A5E370 		.ascii	"8\245\343p`\256\377\344Mp\362`\241=,X\225SAD\262\202"
  58      60AEFFE4 
  58      4D70F260 
  58      A13D2C58 
  58      95534144 
  59 00eb 09E8255B 		.ascii	"\011\350%[\352M\006t\211\027~\351\310j\\\225~\225\312"
  59      EA4D0674 
  59      89177EE9 
  59      C86A5C95 
  59      7E95CA
  60 00fe E599ED5E 		.ascii	"\345\231\355^\231\250\307\241\"K/T\340j\2418U;\264u"
  60      99A8C7A1 
  60      224B2F54 
  60      E06AA138 
  60      553BB475 
  61 0112 66468B8E 		.ascii	"fF\213\216}eKny\262\3766\356\343=<\016cS^hC\206\325"
  61      7D654B6E 
  61      79B2FE36 
  61      EEE33D3C 
  61      0E63535E 
  62 012a 42B5FEF5 		.ascii	"B\265\376\365\".\342\2021Im\360\011>\232\263~\206+\365"
  62      222EE282 
  62      31496DF0 
  62      093E9AB3 
  62      7E862BF5 
  63 013e 95FCB772 		.ascii	"\225\374\267rL{G\000T\221\370\027g\267\342l_\307\372"
  63      4C7B4700 
  63      5491F817 
  63      67B7E26C 
  63      5FC7FA
  64 0151 1F174520 		.ascii	"\037\027E \270\255\026\234\212\261}\303\252\301\365"
  64      B8AD169C 
  64      8AB17DC3 
  64      AAC1F5
  65 0160 B8ADB1F0 		.ascii	"\270\255\261\360\322\317\333\026\216\025\345U\010_d"
  65      D2CFDB16 
  65      8E15E555 
  65      085F64
  66 016f E13999B2 		.ascii	"\3419\231\2629\310\275\344\235\273\310\2737\344=%\267"
  66      39C8BDE4 
  66      9DBBC8BB 
  66      37E43D25 
  66      B7
  67 0180 D32F64FD 		.ascii	"\323/d\375\265\266FJ\255 \335\344\037\010\262\263\177"
  67      B5B6464A 
  67      AD20DDE4 
  67      1F08B2B3 
ARM GAS  /tmp/ccCNI98f.s 			page 5


  67      7F
  68 0191 C0C93C19 		.ascii	"\300\311<\031x\236\036\036t\372R##\324\221v\206\306"
  68      789E1E1E 
  68      74FA5223 
  68      23D49176 
  68      86C6
  69 01a3 079D67A3 		.ascii	"\007\235g\243\031g,\225\371\013\203 \312\030"
  69      19672C95 
  69      F90B8320 
  69      CA18
  70              		.text
  71              		.section	.gnu.lto__Z15initUartHandlerP10UARTDriverRKm.4288b33f0a848370,"",%progbits
  72 0000 789C8D53 		.ascii	"x\234\215S\317k\023A\030\235\267\263\311n\243Y\033{"
  72      CF6B1341 
  72      189DB7B3 
  72      C96EA359 
  72      1B7B
  73 0012 11CCA142 		.ascii	"\021\314\241B!\344b\376\015\317\202g\211M\016\202H\211"
  73      21E462FE 
  73      0DCF8267 
  73      894D0E82 
  73      4889
  74 0024 A9D74CD2 		.ascii	"\251\327L\322\326\364\207H\021\0331,\262\007E\020\304"
  74      D6F48748 
  74      111B312C 
  74      B2074510 
  74      C4
  75 0035 16DB6A6C 		.ascii	"\026\333jl\023\327T[\255\371\241\022\244\240'\003\""
  75      13D7545B 
  75      ADF9A112 
  75      A4A02703 
  75      22
  76 0046 3548E345 		.ascii	"5H\343Ehm\3537\033)1\026u`\330of\276\367\2767\357\233"
  76      686DEB37 
  76      1B293116 
  76      7560D86F 
  76      66BEF7BE 
  77 005d 7533C646 		.ascii	"u3\306F9cA\372\036\245\011\316\240LV\030K\352\012 \003"
  77      396341FA 
  77      1EA509CE 
  77      A04C5618 
  77      4BEA0A20 
  78 0072 A1832514 		.ascii	"\241\203%\024$p\231_\343(\246?\345\224\340\035A\303"
  78      2470995F 
  78      E328A63F 
  78      E594E01D 
  78      41C3
  79 0084 BE3EDD77 		.ascii	"\276>\335wC\274\026\334$|\206\246\034x\200 \245\275"
  79      43BC16DC 
  79      247C86A6 
  79      1C788020 
  79      A5BD
  80 0096 199E36F9 		.ascii	"\031\2366\371\004\235\000*-\233\345l\335\220K\005\275"
  80      049D002A 
  80      2D9BE56C 
  80      DD904B05 
  80      BD
ARM GAS  /tmp/ccCNI98f.s 			page 6


  81 00a7 B45C7B57 		.ascii	"\264\\{W\275\242\361\0360\031\327\354\202\026\270-D"
  81      BDA2F11E 
  81      3019D7EC 
  81      8216B82D 
  81      44
  82 00b8 4AD8B55B 		.ascii	"J\330\265[\\\364\231\234c\036\234\0101\007?f\341g\264"
  82      5CF4999C 
  82      631E9C08 
  82      31073F66 
  82      E167B4
  83 00cb C5F01001 		.ascii	"\305\360\020\001JO.\344'4~\314\201~\334\376VP\010:I"
  83      4A4F2EE4 
  83      27347ECC 
  83      817EDCFE 
  83      5650083A 
  84 00e0 D0D291AC 		.ascii	"\320\322\221\254\260U\223\253x\324\211U\031r\0108\200"
  84      B05593AB 
  84      78D48955 
  84      19720838 
  84      80
  85 00f1 999D29AF 		.ascii	"\231\235)\257[m\211\305c\270\031(\270\377\326e\213\235"
  85      5B6D89C5 
  85      63B81928 
  85      B8FFD665 
  85      8B9D
  86 0103 DDB4B02B 		.ascii	"\335\264\260+\276u\315\003\202\270H7\325s\301A:\006"
  86      BE75CD03 
  86      82B84837 
  86      D573C141 
  86      3A06
  87 0115 9115C266 		.ascii	"\221\025\302fc\\\221\321\220\315\032\030\266\276\254"
  87      635C91D1 
  87      90CD1A18 
  87      B6BEAC
  88 0124 290E0B51 		.ascii	")\016\013Q\347r\215\367Zb[\350&wg8\321b\001\011\226"
  88      E7728DF7 
  88      5A625BE8 
  88      26776738 
  88      D1620109 
  89 0139 E574678D 		.ascii	"\345tg\215\255#\365c<\277d\310\344,\007\245gF\212UM"
  89      AD23F563 
  89      3CBF64C8 
  89      E42C07A5 
  89      67468A55 
  90 014e 1AA23A37 		.ascii	"\032\242:7Y,\226\227\335\026n&\311\326^\223\353Y\356"
  90      592C9697 
  90      DD166E26 
  90      C9D65E93 
  90      EB59EE
  91 0161 C2228967 		.ascii	"\302\"\211g\310\303\202\304\327\306\3074\011o\307v\241"
  91      C8C382C4 
  91      D7C6C734 
  91      096FC776 
  91      A1
  92 0172 A3729725 		.ascii	"\243r\227%/F{\263C\315\253\006\361\301\344\036<\241"
  92      2F467BB3 
  92      43CDAB06 
ARM GAS  /tmp/ccCNI98f.s 			page 7


  92      F1C1E41E 
  92      3CA1
  93 0184 DE152419 		.ascii	"\336\025$\031\035\314\257|\330\322C\367d\373\254\273"
  93      1DCCAF7C 
  93      D8D243F7 
  93      64FBACBB 
  94 0194 747A0036 		.ascii	"tz\0006\025\230r\232\207\247\010\221:Ym3]\256\033\277"
  94      1598729A 
  94      87A70891 
  94      3A596D33 
  94      5DAE1BBF 
  95 01a8 CAFD93BF 		.ascii	"\312\375\223\277\370\027\376\203Xr\370\245\317x\206"
  95      F817FE83 
  95      5872F8A5 
  95      CF7886
  96 01b7 D01F4E29 		.ascii	"\320\037N)\264\377\234\234j`\304\372\276\201}\354\364"
  96      B4FF9C9C 
  96      6A60C4FA 
  96      BE817DEC 
  96      F4
  97 01c8 66A8FB0C 		.ascii	"f\250\373\014\313-;\377G\320J\233\240Bs\265nP\362(\011"
  97      CB2D3BFF 
  97      47D04A9B 
  97      A04273B5 
  97      6E50F228 
  98 01dd DA84F4EC 		.ascii	"\332\204\364\354\005\011j\365\376%\022&7\250\364%k\353"
  98      05096AF5 
  98      FE251226 
  98      37A8F425 
  98      6BEB
  99 01ef F37E9D3C 		.ascii	"\363~\235<\224\241\307\303\260\272Wz.]\232\361H\353"
  99      94A1C7C3 
  99      B0BA577A 
  99      2E5D9AF1 
  99      48EB
 100 0201 BB01BC82 		.ascii	"\273\001\274\202\277\275\033\276\316n\370,y\355\337"
 100      BFBD1BBE 
 100      CE6EF82C 
 100      79EDDF
 101 0210 C51D4699 		.ascii	"\305\035F\231\304\225:\304\311dT\366tU\245\256\036\366"
 101      C4953AC4 
 101      C96454F6 
 101      7455A5AE 
 101      1EF6
 102 0222 15296B57 		.ascii	"\025)kWw\266\230\363\227B>=2\254\373T8\026?\021>\037"
 102      77B698F3 
 102      97423E3D 
 102      32ACFB54 
 102      38163F11 
 103 0238 39178D1D 		.ascii	"9\027\215\035\357\037\030`\336H\354\354\305h\354\364"
 103      EF1F1860 
 103      DE48ECEC 
 103      C568ECF4 
 104 0248 85786CB0 		.ascii	"\205xl\260?\256\237\011\017FN\206\343\321\237\307\264"
 104      3FAE9F09 
 104      0F464E86 
 104      E3D19FC7 
ARM GAS  /tmp/ccCNI98f.s 			page 8


 104      B4
 105 0259 3780     		.ascii	"7\200"
 106              		.text
 107              		.section	.gnu.lto__Z10myUartSendP10UARTDriverjPKv.4288b33f0a848370,"",%progbits
 108 0000 789C6D92 		.ascii	"x\234m\222\317k\023Q\020\307\347\273\3636\233\266&\025"
 108      CF6B1351 
 108      10C7E7BB 
 108      F3369BB6 
 108      2615
 109 0012 7A11CC41 		.ascii	"z\021\314A\241\030\352\301\277\303\177@\360&\241\311"
 109      A118EAC1 
 109      BFC37F40 
 109      F026A1C9 
 110 0022 A12052B6 		.ascii	"\241 R\266\321\203\227}\375\241i\375\205\210\256\270"
 110      D183977D 
 110      FDA169FD 
 110      8588AEB8 
 111 0032 2CB228EA 		.ascii	",\262(\352AD\213\215\032\255qME\301\037\215\025\025"
 111      41448B8D 
 111      1AAD714D 
 111      45C11F8D 
 111      1515
 112 0044 4111B5A0 		.ascii	"A\021\265\240\210A\011\2027[\347m\352%t\340\2613\363"
 112      88410982 
 112      375BE76D 
 112      EA2574E0 
 112      B133F3
 113 0057 E633EFCD 		.ascii	"\3463\357\315w_\212\210v[D\333\345\273Y\026\230`\235"
 113      775F8A88 
 113      765B44DB 
 113      E5BB5916 
 113      98609D
 114 006a 5C241A4F 		.ascii	"\\$\032O[\200qt\032\344Y\360p\214O3\032\225\2575k\350"
 114      5B807174 
 114      1AE459F0 
 114      708C4F33 
 114      1A95AF35 
 115 0080 8A168BCF 		.ascii	"\212\026\213\317~\034<\247_j\016\231\310\227e\01471"
 115      7E1C3CA7 
 115      5F6A0E99 
 115      C897650C 
 115      3731
 116 0092 24654B53 		.ascii	"$eKS7B>*;\200\222\260\375\"X\316\232\320\302\026\011"
 116      37423E2A 
 116      3B8092B0 
 116      FD2258CE 
 116      9AD0C216 
 117 00a7 DFBD6D9E 		.ascii	"\337\275m\236px\000d\374\327q\335\311_\322zB\307\255"
 117      70780064 
 117      FCD771DD 
 117      C95FD27A 
 117      42C7AD
 118 00ba 8BAC0743 		.ascii	"\213\254\007Cf\334\002KCT\221\303\034r$)\302m\344\245"
 118      66DC024B 
 118      435491C3 
 118      1C722429 
 118      C26DE4A5 
ARM GAS  /tmp/ccCNI98f.s 			page 9


 119 00ce FCC2F89B 		.ascii	"\374\302\370\233g\031\336\232\240\237f\256\035Wk\350"
 119      6719DE9A 
 119      A09F66AE 
 119      1D576BE8 
 120 00de 87CB09AA 		.ascii	"\207\313\011\252p\247\033U\204Z\202^\375\363d\036\274"
 120      70A71B55 
 120      845A825E 
 120      FDF3641E 
 120      BC
 121 00ef 2D411716 		.ascii	"-A\027\026\233U\373\377\251\233\002\035\253\220m\334"
 121      9B55FBFF 
 121      A99B021D 
 121      AB906DDC 
 122 00ff ED666DC2 		.ascii	"\355fm\302=\344\015\360ev\345L&\245:sb\036)\2028\327"
 122      3DE40DF0 
 122      6576E54C 
 122      26A53A73 
 122      621E2982 
 123 0115 5FD9B15E 		.ascii	"_\331\261^Y\255\350\370\361\300\221~\243\230\334R\301"
 123      59ADE8F8 
 123      F1C0917E 
 123      A398DC52 
 123      C1
 124 0126 1C682341 		.ascii	"\034h#AiZ\000\221Q\3074\303\226\361&cja*\372\366\331"
 124      695A0091 
 124      51C734C3 
 124      96F12663 
 124      6A612AFA 
 125 013c 4ADA48EF 		.ascii	"J\332H\357Z\255\365\336\361\376\352t\310)\237\245/\356"
 125      5AADF5DE 
 125      F1FEEA74 
 125      C8299FA5 
 125      2FEE
 126 014e C3A380AD 		.ascii	"\303\243\200\255\220\035\251=\034\375XZ\2576\355KCB"
 126      901DA93D 
 126      1CFD585A 
 126      AF36ED4B 
 126      4342
 127 0160 BD531BB0 		.ascii	"\275S\033\260\012\330\016\271'!~}_\217\350\365EH\302"
 127      0AD80EB9 
 127      27217E7D 
 127      5F8FE8F5 
 127      4548C2
 128 0173 830E217B 		.ascii	"\203\016!{\325\312\363\331^\363_\344\316\210\221\223"
 128      D5CAF3D9 
 128      5EF35FE4 
 128      CE889193 
 129 0183 947FA8D1 		.ascii	"\224\177\250\321tL\252\017]t_df\227\334\334d\373T6\302"
 129      744CAA0F 
 129      5D745F64 
 129      6697DCDC 
 129      64FB5436 
 130 0198 7984BC01 		.ascii	"y\204\274\001\015y\031\017E,\263Qo?]\316\256\025c\001"
 130      0D79190F 
 130      452CB351 
 130      6F3F5DCE 
 130      AE156301 
ARM GAS  /tmp/ccCNI98f.s 			page 10


 131 01ac 113A423D 		.ascii	"\021:B=\202\027r\206~b\"\372\335\223\244\214M\313\244"
 131      82177286 
 131      7E6222FA 
 131      DD93A48C 
 131      4DCBA4
 132 01bf 22878CB0 		.ascii	"\"\207\214\260qW\301-\357,\354+\356-\271;\206GG)StG"
 132      7157C12D 
 132      EF2CEC2B 
 132      EE2DB93B 
 132      86474729 
 133 01d6 0E94DC3D 		.ascii	"\016\224\334=cew\377pY\215\215\034,\251b\241\\\370\007"
 133      636577FF 
 133      70598D8D 
 133      1C2CA962 
 133      A15CF807 
 134 01ea 8DF9CDB0 		.ascii	"\215\371\315\260"
 135              		.text
 136              		.section	.gnu.lto_.symbol_nodes.4288b33f0a848370,"",%progbits
 137 0000 789C558A 		.ascii	"x\234U\212\313\015\3020\020\005\337\263\3318@\023\210"
 137      CB0DC230 
 137      1005DFB3 
 137      D9384013 
 137      88
 138 0011 4AA0B2B5 		.ascii	"J\240\262\265\221\270S\002\207T\301\23135\200D\017$"
 138      91B85302 
 138      8754C199 
 138      33358044 
 138      0F24
 139 0023 7C02B6B1 		.ascii	"|\002\266\261\020>\254\366if\032\000}<\230\007\025\330"
 139      103EACF6 
 139      69661A00 
 139      7D3C9807 
 139      15D8
 140 0035 9D80F80E 		.ascii	"\235\200\370\016\3735 \301p\021\215\364DX\246\344N\345"
 140      FB3520C1 
 140      70118DF4 
 140      4458A6E4 
 140      4EE5
 141 0047 2FF12919 		.ascii	"/\361)\031h\276\352I5\265\272\321n\223\342\233j\263"
 141      68BEEA49 
 141      35B5BAD1 
 141      6E93E29B 
 141      6AB3
 142 0059 02BC5F45 		.ascii	"\002\274_E\340\215N*0R\245\002/jS\201\215Q\367\017,"
 142      E08D4E2A 
 142      3052A502 
 142      2F6A5381 
 142      8D51F70F 
 143 006e 5A74E731 		.ascii	"Zt\3471\320\302\341\230\207\235\025b\247\350.yD\225"
 143      D0C2E198 
 143      879D1562 
 143      A7E82E79 
 143      4495
 144 0080 87CC8B92 		.ascii	"\207\314\213\222\266\304\342pM\003\037\251\265B\035"
 144      B6C4E270 
 144      4D031FA9 
 144      B5421D
ARM GAS  /tmp/ccCNI98f.s 			page 11


 145              		.text
 146              		.section	.gnu.lto_.refs.4288b33f0a848370,"",%progbits
 147 0000 789C0DC4 		.ascii	"x\234\015\304\201\015\0000\014\3020Hi\017\331\377G\016"
 147      810D0030 
 147      0CC23048 
 147      690FD9FF 
 147      470E
 148 0012 C9C9497A 		.ascii	"\311\311Izm\204\015\305\216SA!\013\347n\364\001\013"
 148      6D840DC5 
 148      8E534121 
 148      0BE76EF4 
 148      010B
 149 0024 68007C   		.ascii	"h\000|"
 150              		.text
 151              		.section	.gnu.lto_.decls.4288b33f0a848370,"",%progbits
 152 0000 789CA55A 		.ascii	"x\234\245Z\013TT\327z\236}\366\001\206ax,\265Y6\227"
 152      0B5454D7 
 152      7A9E7DF6 
 152      01866178 
 152      2CB55936 
 153 0015 B6B9A921 		.ascii	"\266\271\251!\323\246qDs\333\334\265\332\325x\321{\343"
 153      D3A67144 
 153      73DBDCB5 
 153      DAD578D1 
 153      7BE3
 154 0027 BA897121 		.ascii	"\272\211q!\351j\322\256r\021\306H\256\200\013\306\224"
 154      E96AD2AE 
 154      7211C648 
 154      AE800BC6 
 154      94
 155 0038 B4ABEDE1 		.ascii	"\264\253\355\341\241\"F\344\245\"\010\"\340\003y(\212"
 155      A12246E4 
 155      A5220822 
 155      E0037928 
 155      8A
 156 0049 8A0A3AA2 		.ascii	"\212\012:\242\"\"\017EE|\200\274A\020\220\207  \322"
 156      22220F45 
 156      457C80BC 
 156      41109087 
 156      2020D2
 157 005c 7FEF7DCE 		.ascii	"\177\357}\316\2343\303\220\270nf\361\317\331\377\336"
 157      9C33C390 
 157      B86E66F1 
 157      CFD9FFDE 
 158 006c DFFEF7FF 		.ascii	"\337\376\367\377\332\2573\330\253T\252\367<T\2524;\225"
 158      DAAF33D8 
 158      AB54AAF7 
 158      3C54AA34 
 158      3B95
 159 007e EA2E52A9 		.ascii	"\352.R\251f\340\303C\335e \007\240t\250+\0012\001\225"
 159      66E0C343 
 159      DD652007 
 159      A074A82B 
 159      01320195 
 160 0092 035D01CA 		.ascii	"\003]\001\312\007\362S\261\217\032\250\022\370Z\240"
 160      07F253B1 
 160      8F1AA812 
ARM GAS  /tmp/ccCNI98f.s 			page 12


 160      F85AA0
 161 00a1 7B408F80 		.ascii	"{@\217\200\232\200\332\200:\200z\200\210\274^x>\003"
 161      9A80DA80 
 161      3A807A80 
 161      88BC5E78 
 161      3E03
 162 00b3 1A007A8E 		.ascii	"\032\000z\216T\026\237\004\254Ri\341\371\007\240y@\013"
 162      54169F04 
 162      AC5269E1 
 162      F907A079 
 162      400B
 163 00c5 C4718780 		.ascii	"\304q\207\2002\024\343_BL\307a\240\207\242\014,\216"
 163      3214E35F 
 163      424CC761 
 163      A087A20C 
 163      2C8E
 164 00d7 DF248ECD 		.ascii	"\337$\216\315\251\3308\275Vc\244c&\327z\014b\323\373"
 164      A9D838BD 
 164      5663A463 
 164      26D77A0C 
 164      62D3FB
 165 00ea 2A665301 		.ascii	"*fS\001\320e\321\306$\240:\250\317\203\347\010P\253"
 165      D065D1C6 
 165      24A03AA8 
 165      CF83E708 
 165      50AB
 166 00fc 38AE5297 		.ascii	"8\256R\227\207\342x{\341y\014\010\\H\375@\354\256\024"
 166      87E2787B 
 166      E1790C08 
 166      5C48FD40 
 166      ECAE14
 167 010f 7D20E934 		.ascii	"} \3514`C\247<\320\311\305\206N%\242\177G\341\331-\372"
 167      6043A73C 
 167      D0C9C586 
 167      4E25A27F 
 167      47E1D92D 
 168 0124 41B25B39 		.ascii	"A\262[96\371\020\337\336\023\375,\371\000\251f\217\225"
 168      36F910DF 
 168      DE13FD2C 
 168      F900A966 
 168      8F95
 169 0136 8CD1EDE8 		.ascii	"\214\321\355\350\023\373\361\016\214\346i\020\017\354"
 169      13FBF10E 
 169      8CE66910 
 169      0FEC
 170 0144 504D6ABB 		.ascii	"PMj\273\013\260\0134\350\035`\007\242;[\234X\353B`\257"
 170      0BB00B34 
 170      E81D6007 
 170      A23B5B9C 
 170      58EB4260 
 171 0159 CD8C9B5C 		.ascii	"\315\214\233\\\031\313\001[\377\274:\335\211\201\335"
 171      19CB015B 
 171      FFBC3ADD 
 171      8981DD
 172 0168 14EC3CC6 		.ascii	"\024\354<\306\226D=\332\2170\207\310(\245\215#\223\216"
 172      96443DDA 
 172      8F3087C8 
ARM GAS  /tmp/ccCNI98f.s 			page 13


 172      28A58D23 
 172      938E
 173 017a 584DCBC7 		.ascii	"XM\313\307\267t\344\252\001\346\256A3\210\360\317\316"
 173      B774E4AA 
 173      01E6AE41 
 173      3388F0CF 
 173      CE
 174 018b 4D38339E 		.ascii	"M83\2364\267n\353ns\302\256\264\234\234\277\267\223"
 174      34B76EEB 
 174      6E73C2AE 
 174      B49C9CBF 
 174      B793
 175 019d 5F9C2FB0 		.ascii	"_\234/\260\217\372\237U\250\014aI\363b\323H\001\217"
 175      8FFA9F55 
 175      A80C6149 
 175      F362D348 
 175      018F
 176 01af FF9600B9 		.ascii	"\377\226\000\271\242\202\216o\221Ns\230\300L\335co\225"
 176      A2828E6F 
 176      914E7398 
 176      C04CDD63 
 176      6F95
 177 01c1 08821BBA 		.ascii	"\010\202\033\272\2144\350\022\302\350\"Z\014=@>|\307"
 177      8C34E812 
 177      C2E8225A 
 177      0C3D403E 
 177      7CC7
 178 01d3 0842A420 		.ascii	"\010B\244 d\013x\241\012-sGK\334U\310\204t\264\015\225"
 178      640B78A1 
 178      0A2D7347 
 178      4BDC55C8 
 178      8474B40D 
 179 01e8 22777401 		.ascii	"\"wt\001\271\023\331\271\007\216^u\306\201Tvs\301`-"
 179      B913D9B9 
 179      078E5E75 
 179      C6815476 
 179      73C1602D 
 180 01fc 360BAFCB 		.ascii	"6\013\257\313x\367\324\026A\340\320U\220^.K\207\301"
 180      78F7D416 
 180      41E0D055 
 180      905E2E4B 
 180      87C1
 181 020e 6C8BBF62 		.ascii	"l\213\277bC|\326\236\311\007N8\015Q#K\246^uk\361!\306"
 181      437CD69E 
 181      C9074E38 
 181      0D51234B 
 181      A65E756B 
 182 0225 A45E18AD 		.ascii	"\244^\030\255\262c>T\003;|\377\300\250\035\316cmM\225"
 182      B2633E54 
 182      033B7CFF 
 182      C0A81DCE 
 182      636D4D95 
 183 0239 B9792454 		.ascii	"\271y$T\357\203\343\340\343\252\360\335\373\314w\365"
 183      EF83E3E0 
 183      E3AAF0DD 
 183      FBCC77F5 
 184 0249 BB86731C 		.ascii	"\273\206s\034p\021\205sO\036L=vA\032\035\325)3Jp\374"
ARM GAS  /tmp/ccCNI98f.s 			page 14


 184      70118573 
 184      4F1E4C3D 
 184      76411A1D 
 184      D529334A 
 185 025f 54858A41 		.ascii	"T\205\212A\207S\240\003\252\001\255\336'ZUA\315\015"
 185      8753A003 
 185      AA01ADDE 
 185      275A5541 
 185      CD0D
 186 0271 A8915CF7 		.ascii	"\250\221\\\367~\3026b]5XwS\266\216@\251_r\022\262\354"
 186      7EC23662 
 186      5D355877 
 186      53B68E40 
 186      A95F7212 
 187 0287 71291BE0 		.ascii	"q)\033\340BZ\3475n\256\001n\331\036\000\334WA\335W\007"
 187      425AE735 
 187      6EAE016E 
 187      D91E00DC 
 187      5741DD57 
 188 029c 03D4CA03 		.ascii	"\003\324\312\003T#q\204\224\372\242\225\032\220\030"
 188      54237184 
 188      94FAA295 
 188      1A9018
 189 02ab F5D31201 		.ascii	"\365\323\022\001]\335\263\255\325^\033kV\000\335\006"
 189      5DDDB3AD 
 189      D55E1B6B 
 189      5600DD06 
 190 02bb B1520F15 		.ascii	"\261R\017\025\252GZ1Y:\367=\333\356\200\2571G\346?\276"
 190      AA475A31 
 190      593AF73D 
 190      DBEE80AF 
 190      3147E63F 
 191 02d0 D26C8F6F 		.ascii	"\322l\217o2\346D\342\231SN\370\016c\242\257M%:\342F"
 191      32E644E2 
 191      99534EF8 
 191      0E63A2AF 
 191      4D253AE2 
 192 02e5 C65CB91F 		.ascii	"\306\\\271\037\021\341\200\233\030SV\377\370\023\334"
 192      11E1809B 
 192      185356FF 
 192      F813DC
 193 02f4 CECAA387 		.ascii	"\316\312\243\207\0365\333\341n\306t\354\035iu\301\323"
 193      1E35DBE1 
 193      6EC674EC 
 193      1D6975C1 
 193      D3
 194 0305 8C39D375 		.ascii	"\2149\323u\243B\303f\204\000\271\355xa\252u\267\003"
 194      A342C366 
 194      8400B9ED 
 194      7861AA75 
 194      B703
 195 0317 D2CDD7CD 		.ascii	"\322\315\327\315_\004\037\235\350\203\252\277\253\333"
 195      5F041F9D 
 195      E883AABF 
 195      ABDB
 196 0325 4A7CD084 		.ascii	"J|\320\204\346\243\207f\037\250\320\003\222\334\011"
 196      E6A38766 
ARM GAS  /tmp/ccCNI98f.s 			page 15


 196      1FA8D003 
 196      92DC09
 197 0334 04130F84 		.ascii	"\004\023\017\204x\025z\004\246\224\020\343\037\203\361"
 197      78157A04 
 197      A69410E3 
 197      1F83F1
 198 0343 040E50D4 		.ascii	"\004\016P\324\001\345v\264\010\265\001\265\002\265\000"
 198      01E576B4 
 198      08B501B5 
 198      02B500
 199 0352 35231D9D 		.ascii	"5#\035\235\027l\204\261ZN\310R\243'h\276\212\364\"\262"
 199      176C84B1 
 199      5A4EC852 
 199      A32768BE 
 199      8AF422B2 
 200 0366 D9E3E709 		.ascii	"\331\343\347\011\317\022\242\243\004SC\335\274\254l"
 200      CF12A2A3 
 200      045343DD 
 200      BCAC6C
 201 0375 A17209F5 		.ascii	"\241r\011\365\365=P\237t5G\351:u|1\371\026\361U_\244"
 201      F53D509F 
 201      743547E9 
 201      3A757C31 
 201      F916F155 
 202 038b 469AA231 		.ascii	"F\232\2421\2057\330\206{\312\350r\005\372\2765Zo-{r"
 202      8537D886 
 202      7BCAE872 
 202      05FABE35 
 202      5A6F2D7B 
 203 03a0 B58C6EB4 		.ascii	"\265\214n\264\211\246\242\017\013\231\242W2M\210\272"
 203      89A6A20F 
 203      0B99A257 
 203      324D88BA 
 204 03b0 42F239CB 		.ascii	"B\3629\313\216\376\037\372\"\265\3124R\312Q\241Ns\032"
 204      8EFE1FFA 
 204      22B5CA34 
 204      52CA51A1 
 204      4E731A
 205 03c3 B53C3DB9 		.ascii	"\265<=\271\225\307\017\331\242v\"\346\326#\01673\346"
 205      95C70FD9 
 205      A27622E6 
 205      D6230E37 
 205      33E6
 206 03d5 B670A0DF 		.ascii	"\266p\240\337\005\2673&\371p\3434\306\335\214\2119\323"
 206      05B73326 
 206      F970E334 
 206      C6DD8C89 
 206      39D3
 207 03e7 93E08A5F 		.ascii	"\223\340\212_0\346\354@\336Yg\226 &\340\035\262\257"
 207      30E6EC40 
 207      DE596796 
 207      2026E01D 
 207      B2AF
 208 03f9 ED3BE48C 		.ascii	"\355;\344\214\026\221\004\321\351\230M\025\215\012\377"
 208      169104D1 
 208      E9984D15 
 208      8D0AFF
ARM GAS  /tmp/ccCNI98f.s 			page 16


 209 0408 768351FD 		.ascii	"v\203Q\375s\270\300\"\230}\000 \316D\303\020\300~1\230"
 209      73B8C022 
 209      987D0020 
 209      CE44C310 
 209      C07E3198 
 210 041c 43507E0E 		.ascii	"CP~\016\001|\0064`\231!u4C\006\211+\372Y\206\364\317"
 210      017C0634 
 210      60992175 
 210      34430689 
 210      2BFA5986 
 211 0432 CE903716 		.ascii	"\316\2207\026\3124\177\255\314\214\036\233\232+\303"
 211      CA347FAD 
 211      CC8C1E9B 
 211      9A2BC3
 212 0441 51C7C2D1 		.ascii	"Q\307\302\321o\031\016\246_m\243=,\370T@\257b\206<%"
 212      6F190EA6 
 212      5F6DA33D 
 212      2CF85440 
 212      AF62863C 
 213 0456 3304DC78 		.ascii	"3\004\334xo2'C\243\014X\277E\300F\314\001K\353\230\356"
 213      6F322743 
 213      A30C58BF 
 213      45C046CC 
 213      014BEB98 
 214 046b 73C11198 		.ascii	"s\301\021\230:\2773\357i\272\023\336\303\230\241W\351"
 214      3ABF33EF 
 214      69BA13DE 
 214      C398A157 
 214      E9
 215 047c 671DD94A 		.ascii	"g\035\331J\273\000\330\351'\361\361\016,0\2310s\265"
 215      BB00D8E9 
 215      27F1F10E 
 215      2C309930 
 215      73B5
 216 048e 2F527636 		.ascii	"/Rv6`\026\030\372!\321\201\321Lu\375\213\312F{b\204"
 216      601618FA 
 216      21D181D1 
 216      4C75FD8B 
 216      CA467B62 
 217 04a3 442D595D 		.ascii	"D-Y]P%(71W\376[\370r\034\020c\004\021\305\351h\027\342"
 217      50252837 
 217      3157FE5B 
 217      F8721C10 
 217      630411C5 
 218 04bb CB482847 		.ascii	"\313H(Gp\213\220\0004\003\376|\011\364\032h\032\350"
 218      708B9000 
 218      3403FE7C 
 218      09F41A68 
 218      1AE8
 219 04cd 15D0A445 		.ascii	"\025\320\244E\320\272J\335\"3\243\021\232\"\036\233"
 219      D0BA4ADD 
 219      2233A311 
 219      9A221E9B 
 220 04dd 60519B98 		.ascii	"`Q\233\230\035\265\2375\022\263r\240l^T\266\220\262"
 220      1DB59F35 
 220      12B372A0 
 220      6C5E54B6 
ARM GAS  /tmp/ccCNI98f.s 			page 17


 220      90B2
 221 04ef 84EE72E7 		.ascii	"\204\356r\347E\033\305\015\255\204ZxV\234\205\004\335"
 221      451BC50D 
 221      AD845A78 
 221      569C8504 
 221      DD
 222 0500 F64F2991 		.ascii	"\366O)\221&\3601\001_\263\005^&c\353\025\330\012[XO"
 222      26F03101 
 222      5FB3055E 
 222      2663EB15 
 222      D80A5B58 
 223 0515 193BF98F 		.ascii	"\031;\371\217lv\223\275\342\216mG+\320c\245\013\262"
 223      6C7693BD 
 223      E28E6D47 
 223      2BD063A5 
 223      0BB2
 224 0527 69F6C174 		.ascii	"i\366\301tEw\255\341\026K\007\201\367\212\302!WP\227"
 224      4577ADE1 
 224      164B0781 
 224      F78AC221 
 224      575097
 225 053a 4DB42257 		.ascii	"M\264\"W\211\347\205\350\205\324\333\263ru\254\214\346"
 225      89E785E8 
 225      85D4DBB3 
 225      7275AC8C 
 225      E6
 226 054b 2A11F042 		.ascii	"*\021\360B\221\253\243b\256\346'm\333\351<_\214P\314"
 226      91ABA362 
 226      AEE6276D 
 226      DBE93C5F 
 226      8C50CC
 227 055e 9C1152BD 		.ascii	"\234\021R\275Qx\310\001\251v\034,T\344~4\247\314\375"
 227      5178C801 
 227      A9761C2C 
 227      54E47E34 
 227      A7CCFD
 228 0571 2D9C94FB 		.ascii	"-\234\224\373Y\271\333\323\325x\230\245{\353x]\224+"
 228      59B9DBD3 
 228      D57898A5 
 228      7BEB785D 
 228      942B
 229 0583 7EC998FC 		.ascii	"~\311\230\374\261\002\230U\002O\231\206\247\021\021"
 229      B1029855 
 229      024F9986 
 229      A71111
 230 0592 6ABC9531 		.ascii	"j\274\2251-\211\211\027\235\360\016\306\334=w/\306\011"
 230      2D898917 
 230      9DF00EC6 
 230      DC3D772F 
 230      C609
 231 05a4 EF624C4C 		.ascii	"\357bLLQQ\212\023Nb\314\311\206\243\027\324x/c\006^"
 231      51518A13 
 231      4E62CCC9 
 231      86A317D4 
 231      782F6306 
 232 05b9 C4B6F138 		.ascii	"\304\266\3618\2151\303\251\025}\032\234\301\230\352"
 232      8D31C3A9 
ARM GAS  /tmp/ccCNI98f.s 			page 18


 232      157D1A9C 
 232      C198EA
 233 05c8 C2864C1E 		.ascii	"\302\206L\036\037dLeSQ2\306E\214))\353_\312&\237;p\347"
 233      1F644C65 
 233      535132C6 
 233      458C2929 
 233      EB5FCA26 
 234 05e0 9B864CE2 		.ascii	"\233\206L\342A\262\205L\276\235G\273.9!i\352\301\334"
 234      41B2854C 
 234      BE9D47BB 
 234      2E392169 
 234      EAC1DC
 235 05f3 9B2FED9C 		.ascii	"\233/\355\234\272\235\331B\314/\321\001\016\342\260"
 235      BA9DD942 
 235      CC2FD101 
 235      0EE2B0
 236 0602 9BA33380 		.ascii	"\233\2433\200=,f@\022\347\216\0229\360o\006\370\027"
 236      3D2C6640 
 236      12E78E12 
 236      39F06F06 
 236      F817
 237 0614 DAE90C48 		.ascii	"\332\351\014H\207\362~po\032P*\320>\240\024\240\275"
 237      87F27E70 
 237      6F1A502A 
 237      D03EA014 
 237      A0BD
 238 0626 407B8092 		.ascii	"@{\200\2229\345ZV\033\207s\213\243\205\355\366t1\333"
 238      39E55A56 
 238      1B87738B 
 238      A385EDF6 
 238      7431DB
 239 0639 CE612AC7 		.ascii	"\316a*\307\234 \247g\355[qX\336\212b\255\341%\263v\305"
 239      9C20A767 
 239      ED5B7158 
 239      DE8A62AD 
 239      E125B376 
 240 064e C99D0AFC 		.ascii	"\311\235\012\374\016\333x\205\370a%\374\007k\370\354"
 240      0EDB7885 
 240      F86125FC 
 240      076BF8EC 
 241 065e 4DB75789 		.ascii	"M\267W\211\337i\033\257\020\337\246\204\307Y\303gm\273"
 241      DF691BAF 
 241      10DFA684 
 241      C759C367 
 241      6DBB
 242 0670 0F95F05D 		.ascii	"\017\225\360]6\341\212\311\323\260\023G\220\311C\002"
 242      36E18AC9 
 242      D3B01347 
 242      90C94302 
 243 0680 356BF234 		.ascii	"5k\3624\304\341(\010\032\225\220\300\311\263'\236\263"
 243      C4E12808 
 243      1A9590C0 
 243      C9B3279E 
 243      B3
 244 0691 3E0BFDAC 		.ascii	">\013\375\254\240B\222=\257z\321\246V\316\233\335\026"
 244      A042923D 
 244      AF7AD1A6 
ARM GAS  /tmp/ccCNI98f.s 			page 19


 244      56CE9BDD 
 244      16
 245 06a2 F326D33C 		.ascii	"\363&\323<o\236\276>\336\315\343K,Q\307\217\234\336"
 245      6F9EBE3E 
 245      DECDE34B 
 245      2C51C78F 
 245      9CDE
 246 06b4 CAE10AC6 		.ascii	"\312\341\012\306\034\232\234zNN\340\036\344\004\216"
 246      1C9A9C7A 
 246      4E4EE01E 
 246      E4048E
 247 06c3 15E76F0F 		.ascii	"\025\347o\017v\376\276t\363\306a-\256\242`\2560\365"
 247      76FEBE74 
 247      F3C6612D 
 247      AEA260AE 
 247      30F5
 248 06d5 D52B57E9 		.ascii	"\325+W\351x\034\037%\330\351\350\252\211\316\020\037"
 248      781C1F25 
 248      D8E9E8AA 
 248      89CE101F 
 249 06e5 1D01BD3D 		.ascii	"\035\001\275=\310a6\007\254\312\346\314\347\3573\177"
 249      C8613607 
 249      ACCAE6CC 
 249      E7EF337F 
 250 06f5 798E5C5D 		.ascii	"y\216\\]\016s\032t\310\354\015\212$\362/&<\352\322\340"
 250      0E731A74 
 250      C8EC0D8A 
 250      24F22F26 
 250      3CEAD2E0 
 251 0709 7B4C7EE4 		.ascii	"{L~\344\255\335#s\312?f[~]\306\322\253\364\370\235\013"
 251      ADDD2373 
 251      CA3F665B 
 251      7E5DC6D2 
 251      ABF4F89D 
 252 071e 031C9507 		.ascii	"\003\034\225\007\200\361\330\010[\316\356\232\301\270"
 252      80F1D808 
 252      5BCEEE9A 
 252      C1B8
 253 072c 99995BB6 		.ascii	"\231\231[\266\373\341\024\217\333\030sgd\370\025\306"
 253      FBE1148F 
 253      DB187367 
 253      64F815C6 
 254 073c 5D8C29AC 		.ascii	"]\214)\254\215\277\256\305\317\030\323\321\\\276M\203"
 254      8DBFAEC5 
 254      CF18D3D1 
 254      5CBE4D83 
 255 074c 5F30AD7A 		.ascii	"_0\255z\237\247u\252\347\272\024\024q\266/\005Gq_\015"
 255      9FA775AA 
 255      E7BA1414 
 255      71B62F05 
 255      47715F0D 
 256 0760 04864727 		.ascii	"\004\206G'@\255\343\262Zu\322\255\340\330\345\256\\"
 256      40ADE3B2 
 256      5A75D2AD 
 256      E0D8E5AE 
 256      5C
 257 0771 7B1EAECC 		.ascii	"{\036\256\314\024\021\314\223\272\355#7\0235\270\316"
ARM GAS  /tmp/ccCNI98f.s 			page 20


 257      1411CC93 
 257      BAED2337 
 257      1335B8CE 
 258 0781 8EEA3012 		.ascii	"\216\3520\022\233z\231\307\017\030\023\325\2763CM\321"
 258      9B7A99C7 
 258      0F1813D5 
 258      BE33434D 
 258      D1
 259 0792 B966F48D 		.ascii	"\271f\364\215\241\314\375j\334\316\000q\323\375m\030"
 259      A1CCFD6A 
 259      DCCE0071 
 259      D3FD6D18 
 260 07a2 F733E6F5 		.ascii	"\3673\346\365\343\335\311NxL\354\272'+\321\005\3170"
 260      E3DDC94E 
 260      784CECBA 
 260      272BD105 
 260      CF30
 261 07b4 A62DEAE5 		.ascii	"\246-\352\3458\217a\011 \214\251\270\246\330\021'1\246"
 261      388F6109 
 261      208CA9B8 
 261      A6D81127 
 261      31A6
 262 07c6 FCCE9649 		.ascii	"\374\316\226I\016g2F\2723"
 262      0E673246 
 262      BA33
 263 07d0 CF6377E6 		.ascii	"\317cw\346\302\236K\373\245;\000\271%\267\214\036K\322"
 263      C29E4BFB 
 263      A53B00B9 
 263      25B78C1E 
 263      4BD2
 264 07e2 E03C86AD 		.ascii	"\340<\206\255=r(Y\203O1\346\336\313\262I->M\031>;.n"
 264      3D722859 
 264      834F31E6 
 264      DECBB249 
 264      2D3E4D19 
 265 07fa 08564344 		.ascii	"\010VCD\3764\272T\330)\204\347\377\207\256B`Ras!O\033"
 265      FE34BA54 
 265      D82984E7 
 265      FF87AE42 
 265      60526173 
 266 0811 97CB6BE0 		.ascii	"\227\313k\340P\322\004\327L\210s\271\024\347L!S\255"
 266      50D204D7 
 266      4C8873B9 
 266      14E74C21 
 266      53AD
 267 0823 220DE832 		.ascii	"\"\015\3502\307\356\313\310\304\261\335(\373\354\216"
 267      C7EECBC8 
 267      C4B1DD28 
 267      FBEC8E
 268 0832 FD3C3ECF 		.ascii	"\375<>\317\024\030l:P\312\343\233\214)\270\231\322\011"
 268      14186C3A 
 268      50CAE39B 
 268      8C29B899 
 268      D209
 269 0844 675BC664 		.ascii	"g[\306d\334\310\354Q\343n\306\344dE\375\002\217\323"
 269      DCC8EC51 
 269      E36EC6E4 
ARM GAS  /tmp/ccCNI98f.s 			page 21


 269      6445FD02 
 269      8FD3
 270 0856 32EE791A 		.ascii	"2\356y\032\377+\244aj\212\012e\272!\013\205nR\205j@"
 270      FF2BA461 
 270      6A8A0A65 
 270      BA210B85 
 270      6E52856A 
 271 086b A16A5088 		.ascii	"\241jP\210Z\262\204V\022C\310\023V\370\223wj\3669\""
 271      5AB28456 
 271      1243C813 
 271      56F89377 
 271      6AF63922 
 272 087f 9EF76092 		.ascii	"\236\367`\222\340O\247\326y\360\036\234\012U@\374\037"
 272      E04FA7D6 
 272      79F01E9C 
 272      0A5540FC 
 272      1F
 273 0890 701EE40D 		.ascii	"p\036\344\015\011\252\204\362}\316\0035r\274*GH\201"
 273      09AA84F2 
 273      7DCE0335 
 273      72BC2A47 
 273      4881
 274 08a2 5C19ECC1 		.ascii	"\\\031\354\301\265\355\202\360\016\272\307\251\321u"
 274      B5ED82F0 
 274      0EBAC7A9 
 274      D175
 275 08b0 688627B1 		.ascii	"h\206'\261\357\016\035JMY:\344;r\321\215\026Y\256\225"
 275      EF0E1D4A 
 275      4D593AE4 
 275      3B72D18D 
 275      1659AE95 
 276 08c4 FF85C050 		.ascii	"\377\205\300P\250J\261\332\334 \336\331J\315\211\002"
 276      A84AB1DA 
 276      DC20DED9 
 276      4ACD8902 
 277 08d4 FF122D25 		.ascii	"\377\022-%\213\356\202E\004NV\233\006(\327q\274\302"
 277      8BEE8245 
 277      044E569B 
 277      0628D771 
 277      BCC2
 278 08e6 D9F470B0 		.ascii	"\331\364p\260\337\035\3267D\007Q\254oL\337\201\375\366"
 278      DF1DD637 
 278      440751AC 
 278      6F4CDF81 
 278      FDF6
 279 08f8 D28095B2 		.ascii	"\322\200\225\262\266\267\2413\230G\364\277\005\346\325"
 279      B6B7A133 
 279      9847F4BF 
 279      05E6D5
 280 0907 9ACD9B74 		.ascii	"\232\315\233t\227\320\0252\272\236\243\227\335\322\312"
 280      97D01532 
 280      BA9EA397 
 280      DDD2CA
 281 0916 89463B7C 		.ascii	"\211F;|\311\201\306\244/\366L\021\306\327\031\023;\260"
 281      C981C6A4 
 281      2FF64C11 
 281      C6D71913 
ARM GAS  /tmp/ccCNI98f.s 			page 22


 281      3BB0
 282 0928 174E1E8D 		.ascii	"\027N\036\215\214IL:\220\317\343n\3064\035\257\357t"
 282      8C494C3A 
 282      90CFE36E 
 282      C6341DAF 
 282      EF74
 283 093a C0A38C89 		.ascii	"\300\243\214\211KK\275\353\210\243\325o\032\310\026"
 283      4B4BBDEB 
 283      88A3D56F 
 283      1AC816
 284 0949 1AC83630 		.ascii	"\032\31060\266U\016d\213\030\310\026\026\310m\007\243"
 284      B6550E64 
 284      8B18C816 
 284      16C86D07 
 284      A3
 285 095a 1AEC9187 		.ascii	"\032\354\221\207\007\017bx&M\355\301\353t\314\234\341"
 285      070F6278 
 285      264DEDC1 
 285      EB74CC9C 
 285      E1
 286 096b 5F10737A 		.ascii	"_\020sz\301\034\270)\221'1\247\007\204\261\3466ss\223"
 286      C11CB829 
 286      912731A7 
 286      0784B1E6 
 286      36737393 
 287 097f DCDCC57C 		.ascii	"\334\334\305|\363\030j\372\3007\335\340\233T\206\"\325"
 287      F3186AFA 
 287      C037DDE0 
 287      9B548622 
 287      D5
 288 0990 444E3BC9 		.ascii	"DN;\311\0161\310\275r\220IQ\021\303\0269\206\003`L\257"
 288      0E31C8BD 
 288      72904951 
 288      11C31639 
 288      8603604C 
 289 09a5 18C37E28 		.ascii	"\030\303~(?S\304\220i\322k\326\344\261\254\311S\246"
 289      3F53C490 
 289      69D26BD6 
 289      E4B1ACC9 
 289      53A6
 290 09b7 09D1AD03 		.ascii	"\011\321\255\0034\351\004MX\304\233\323X\304{-#\316"
 290      34E9044D 
 290      58C49BD3 
 290      58C47B2D 
 290      23CE
 291 09c9 32EC759A 		.ascii	"2\354u\232\275$\353\211\"\305\232\305\011\330\224>8"
 291      BD24EB89 
 291      22C59AC5 
 291      09D8943E 
 291      38
 292 09da C2E344F6 		.ascii	"\302\343D\366.\354\320Pe\233\032\2470\246\252w\357\017"
 292      2EECD050 
 292      659B1AA7 
 292      30A6AA77 
 292      EF0F
 293 09ec 76389B31 		.ascii	"v8\2331\255;\322_b\\\300\230\342g\261o\343s\254|\267"
 293      AD3BD25F 
ARM GAS  /tmp/ccCNI98f.s 			page 23


 293      625CC098 
 293      E267B16F 
 293      E373AC7C 
 294 0a01 23B6DC09 		.ascii	"#\266\334\011_\177\343 \276\240A\034\007k\307\344 \276"
 294      5F7FE320 
 294      BEA0411C 
 294      076BC7E4 
 294      20BE
 295 0a13 1083F882 		.ascii	"\020\203\370\202\0051i\264\261\300\021\221\271\250\223"
 295      053169B4 
 295      B1C01191 
 295      B9A893
 296 0a22 42E8A1E3 		.ascii	"B\350\241\343y^\214\322\333\304\236i\260g\010\354\231"
 296      795E8CD2 
 296      DBC49E69 
 296      B06708EC 
 296      99
 297 0a33 66BE7925 		.ascii	"f\276y%\316\267i\363\314\0326\303F\025f\217\020\263"
 297      CEB769F3 
 297      CC1A36C3 
 297      4615668F 
 297      10B3
 298 0a45 C5584DCB 		.ascii	"\305XM\313\261\232\266\214\325\0139V\223\240\363\264"
 298      B19AB68C 
 298      D50B3956 
 298      93A0F3B4 
 299 0a55 182B01EB 		.ascii	"\030+\001\353P\024\236\025+\363@\317e}\246\314\315\017"
 299      50149E15 
 299      2BF340CF 
 299      657DA6CC 
 299      CD0F
 300 0a67 CDCDC372 		.ascii	"\315\315\303r\363\204y\2666\244\262\330M[\306\016\342"
 300      F38479B6 
 300      36A4B2D8 
 300      4D5BC60E 
 300      E2
 301 0a78 4CAC7B09 		.ascii	"L\254{\011q\216\304<a\211\360\327\342:D$\315@S\004\246"
 301      718EC43C 
 301      6189F0D7 
 301      E23A4424 
 301      CD405304 
 302 0a8d 9B49C5D3 		.ascii	"\233I\305\323\207a\370\016\213G}[N.\207[\030s\351\326"
 302      8761F80E 
 302      8B477D5B 
 302      4E2E875B 
 302      1873E9D6 
 303 0aa1 AE2D6ADC 		.ascii	"\256-j\334\307\230\336\241\232<G\366.\353'\267\347d"
 303      C798DEA1 
 303      9A3C47F6 
 303      2EEB27B7 
 303      E764
 304 0ab3 FC61FDE1 		.ascii	"\374a\375\341\222\007\032\270q\2623\257V\272yj\265\013"
 304      92071AB8 
 304      71B233AF 
 304      56BA796A 
 304      B50B
 305 0ac5 79ED7C72 		.ascii	"y\355|r\010\326\321\262\364MN\305\342\225\364(N)\032"
ARM GAS  /tmp/ccCNI98f.s 			page 24


 305      08D6D1B2 
 305      F44D4EC5 
 305      E295F428 
 305      4E291A
 306 0ad8 BD9C20FC 		.ascii	"\275\234 \374\260\220f\335CPv;6_\253\364\346\033\230"
 306      B09066DD 
 306      4350763B 
 306      365FABF4 
 306      E61B98
 307 0aeb EDE3D441 		.ascii	"\355\343\324Ap2\201\023\207\223r&^\204b\200\016\000"
 307      70328113 
 307      87937226 
 307      5E846280 
 307      0E00
 308 0afd ED028A03 		.ascii	"\355\002\212\003\332\011\364\003\320\016\240X\274Hq"
 308      DA09F403 
 308      D00EA058 
 308      BC4871
 309 0b0c 4E6EDB85 		.ascii	"Nn\333\205\367E\232\"1\332\2065h+f#\233\355<m}I\253"
 309      F7459A22 
 309      31DA8635 
 309      682B6623 
 309      9BED3C6D 
 310 0b23 D8852FB2 		.ascii	"\330\205/\262c5\334S\3209\304\360s\234\223\351\335R"
 310      6335DC53 
 310      D039C4F0 
 310      739C93E9 
 310      DD52
 311 0b35 3A5713FC 		.ascii	":W\023\374V\316&^)?\016\2271\371\344\322\270\315\032"
 311      56CE265E 
 311      293F0E97 
 311      31F9E4D2 
 311      B8CD1A
 312 0b48 7F7D96FC 		.ascii	"\177}\226\374\256\235\222Bp\000D1\266;(\006(\217\025"
 312      AE9D9242 
 312      70004431 
 312      B63B2806 
 312      288F15
 313 0b5b F589C75A 		.ascii	"\365\211\307Zt\320\032\2568)+\016\232\011Xy\320\204"
 313      74D01AAE 
 313      38292B0E 
 313      9A095879 
 313      D084
 314 0b6d 8E2A3918 		.ascii	"\216*9\030\354Bx\021\202QF\202q\012\002\220\204\305"
 314      EC427811 
 314      82514682 
 314      710A0290 
 314      84C5
 315 0b7f 0B611178 		.ascii	"\013a\021x\373\004\3201\240\034\240\024\240\275@{\200"
 315      FB04D031 
 315      A01CA014 
 315      A0BD407B 
 315      80
 316 0b90 76032503 		.ascii	"v\003%\003%b\345\033\202\201I\366\206\240\030\303Q\033"
 316      2562E51B 
 316      828149F6 
 316      86A018C3 
ARM GAS  /tmp/ccCNI98f.s 			page 25


 316      511B
 317 0ba2 E490D467 		.ascii	"\344\220\324g\017\213\330\333\032\016\235\204\362\033"
 317      0F8BD8DB 
 317      1A0E9D84 
 317      F21B
 318 0bb0 8F88FE83 		.ascii	"\217\210\376\203\223<\3220\363vR\266pt\011=le\201G\222"
 318      933CD230 
 318      F37652B6 
 318      7074093D 
 318      6C658147 
 319 0bc5 666780D2 		.ascii	"fg\200\322\343\303\377\313\022\206\300\363l\303\225"
 319      E3C3FFCB 
 319      1286C0F3 
 319      6CC395
 320 0bd4 2F17EA15 		.ascii	"/\027\352\025\360|\333pEx\206\377G~eP \242\177$\273"
 320      F07CDB70 
 320      457886FF 
 320      477E6550 
 320      20A27F24 
 321 0be9 AA44F83E 		.ascii	"\252D\370>\010f\241m\270\247U0\323`\2712C\262\301g\251"
 321      0866A16D 
 321      B8A75530 
 321      D360B932 
 321      43B2C167 
 322 0bfe 2C9E7340 		.ascii	",\236s@TR\373\036\032\200(\301\215C\177x\313l\201\212"
 322      5452FB1E 
 322      1A8028C1 
 322      8D437F78 
 322      CB6C818A 
 323 0c12 80E17B3F 		.ascii	"\200\341{?\346\351\"\244B\351\240\312I\330i\024\362"
 323      E6E922A4 
 323      42E9A0CA 
 323      49D86914 
 323      F2
 324 0c23 322CF227 		.ascii	"2,\362'\335\"\177\254&s\326\237<\231\351d\333\216\331"
 324      DD227FAC 
 324      2673D69F 
 324      3C99E964 
 324      DB8ED9
 325 0c36 DB197200 		.ascii	"\333\031r\000\271dc\031\261x\353\023#\202\311R;h\003"
 325      B9646319 
 325      B178EB13 
 325      2382C952 
 325      3B6803
 326 0c49 ACB80256 		.ascii	"\254\270\002V\000V0\011\014\263\005\313\333C4\306R\356"
 326      00563009 
 326      0CB305CB 
 326      DB4334C6 
 326      52EE
 327 0c5b 560CBE45 		.ascii	"V\014\276Eo\202\031\026\020\322C\336Z'\334\"\011\204"
 327      6F821916 
 327      10D243DE 
 327      5A27DC22 
 327      0984
 328 0c6d 84EB947C 		.ascii	"\204\353\224|M`\036\026\337\\\275z\233\275\005:\004"
 328      4D601E16 
 328      DF5CBD7A 
ARM GAS  /tmp/ccCNI98f.s 			page 26


 328      9BBD053A 
 328      04
 329 0c7e 9862EB90 		.ascii	"\230b\353\220*\347\277\302\301G\2241\315\005\267\035"
 329      2AE7BFC2 
 329      C1479431 
 329      CD05B71D 
 330 0c8e 9E15D323 		.ascii	"\236\025\323#\0261=\374\3431=Bcz\324\"\246\247\351\351"
 330      16313DFC 
 330      E3313D42 
 330      637AD422 
 330      A6A7E9E9 
 331 0ca2 815AF192 		.ascii	"\201Z\361\222YA4<\243\270\203)\254\250\225\254\310\003"
 331      5941343C 
 331      A3B88329 
 331      ACA895AC 
 331      C803
 332 0cb4 CC59DB56 		.ascii	"\314Y\333VX'f\201\322\210\343`D\376,#\012,\214\310\377"
 332      58276681 
 332      D288E360 
 332      44FE2C23 
 332      0A2C8CC8 
 333 0cc9 71230AA8 		.ascii	"q#\012\250\021\205\026F\004\233m\030d6\020\375Jd\033"
 333      11851646 
 333      049B6D18 
 333      643610FD 
 333      4A641B
 334 0cdc F2959198 		.ascii	"\362\225\221\230R\330p\316\332\206Y\357\343\252\376"
 334      52D870CE 
 334      DA8659EF 
 334      E3AAFE
 335 0ceb 9B4D4582 		.ascii	"\233ME\202>o\023\255\310'\262\316\221W\012dm\233u\000"
 335      3E6F13AD 
 335      C827B2CE 
 335      91570A64 
 335      6D9B7500 
 336 0cff 6B9EA107 		.ascii	"k\236\241\0070\"\240Tq\022\2710\353\215\302\317_\006"
 336      3022A054 
 336      7112B930 
 336      EB8DC2CF 
 336      5F06
 337 0d11 55CC2F8A 		.ascii	"U\314/\212\037\347\276\232\375\343\334W\354\345@\316"
 337      1FE7BE9A 
 337      FDE3DC57 
 337      ECE540CE 
 338 0d21 C4E0592D 		.ascii	"\304\340Y-\036\242g\003\256\346\326\370\3719\257\311"
 338      1EA26703 
 338      AEE6D6F8 
 338      F939AFC9 
 339 0d31 E74085AF 		.ascii	"\347@\205\257\310\351\340\014vG\247\261tM\276~\340\275"
 339      C8E9E00C 
 339      7647A7B1 
 339      744DBE7E 
 339      E0BD
 340 0d43 92EE1DE4 		.ascii	"\222\356\035\344\232\\\002{\355Yy\212\020\254\212T\302"
 340      9A5C027B 
 340      ED59798A 
 340      10AC8A54 
ARM GAS  /tmp/ccCNI98f.s 			page 27


 340      C2
 341 0d54 28BBF7BE 		.ascii	"(\273\367\276\254A\3542\332NF=<r:\223#\207\020A\314"
 341      AC41EC32 
 341      DA4E463D 
 341      3C723A93 
 341      23871041 
 342 0d69 8179CA1F 		.ascii	"\201y\312\037\310.`2\214\336\035\235\307\354\212Q\264"
 342      C82E6032 
 342      8CDE1D9D 
 342      C7EC8A51 
 342      B4
 343 0d7a EDA496F5 		.ascii	"\355\244\226\365\216'\3577N\224&\334\021\337\212\013"
 343      8E27EF37 
 343      4E9426DC 
 343      11DF8A0B 
 344 0d8a 7F0E7C7A 		.ascii	"\177\016|zu\332\270\253\362\035\012Y\225eq\027\261\364"
 344      75DAB8AB 
 344      F21D0A59 
 344      95657117 
 344      B1F4
 345 0d9c 0E25267F 		.ascii	"\016%&\177\252\330~^\274\350\355Ox\322\204\312\300\234"
 345      AAD87E5E 
 345      BCE8ED4F 
 345      78D284CA 
 345      C09C
 346 0dae 524C8097 		.ascii	"RL\200\227\360<it\372{In\307q\213W\232\320\256\020k"
 346      F03C6974 
 346      FA7B496E 
 346      C7718B57 
 346      9AD0AE10 
 347 0dc3 6262C993 		.ascii	"bb\311\223x\272\354\334V\027\215\350\270\230\237\374"
 347      78BAECDC 
 347      56178DE8 
 347      B8989FFC 
 348 0dd3 8930AAA3 		.ascii	"\2110\252\2436\236w\336!\313\276\214\225*\227cg*\033"
 348      369E77DE 
 348      21CBBE8C 
 348      952A9763 
 348      672A1B
 349 0de6 9E44F6E9 		.ascii	"\236D\366\351\351V\254T$\311b\351\275\"*r\205*2\262"
 349      E956AC54 
 349      24C962E9 
 349      BD222A72 
 349      852A32B2 
 350 0dfa EF549EC3 		.ascii	"\357T\236\303\023\324\204\310\354pc\311\200\3307<\011"
 350      13D484C8 
 350      EC7063C9 
 350      80D8373C 
 350      09
 351 0e0b 517E46FA 		.ascii	"Q~F\372 \366\201Z\016\251\304_\344Y\0152wA\346\032N"
 351      20F6815A 
 351      0EA9C45F 
 351      E4590D32 
 351      7741E61A 
 352 0e20 94C14972 		.ascii	"\224\301Ir\351\037b=\221R*kGfql\020\206c?\370\233\373"
 352      E91F623D 
 352      91522A6B 
ARM GAS  /tmp/ccCNI98f.s 			page 28


 352      4766716C 
 352      1086633F 
 353 0e37 B12A4E1E 		.ascii	"\261*N\036L\356\201f\351\25227\233\225\222\215Db\240"
 353      4CEE8166 
 353      E9AA3237 
 353      9B95928D 
 353      4462A0
 354 0e4a CBEB237A 		.ascii	"\313\353#z4-\250\031Z\277V\251\342\325A4\327\217\034"
 354      342DA819 
 354      5ABF56A9 
 354      E2D54134 
 354      D78F1C
 355 0e5d D9FEC011 		.ascii	"\331\376\300\021\3479Rf2\265\266\311\025\233\030\223"
 355      E7395266 
 355      32B5B6C9 
 355      159B1893 
 356 0e6d 67DAD387 		.ascii	"g\332\323\207\336\315\024ZLp\227/\261\313\255\336*\334"
 356      DECD145A 
 356      4C70972F 
 356      B1CBADDE 
 356      2ADC
 357 0e7f 8224F984 		.ascii	"\202$\371\204\2567\350\272\234\324\025dg@\327p\013B"
 357      AE37E8BA 
 357      9CD41564 
 357      6740D770 
 357      0B42
 358 0e91 57F11310 		.ascii	"W\361\023\020_\211\337%\277\275\366^\275\347\214\033"
 358      5F89DF25 
 358      BFBDF65E 
 358      BDE78C1B 
 359 0ea1 98B033E7 		.ascii	"\230\2603\347k#\264x\2221\347O\024\035\322\320\267>"
 359      6B23B478 
 359      9231E74F 
 359      141DD2D0 
 359      B73E
 360 0eb3 104BF1AD 		.ascii	"\020K\361\255O\341\214\251\017\363\322\352u\223\235"
 360      4FE18CA9 
 360      0FF3D2EA 
 360      75939D
 361 0ec2 DE476EDF 		.ascii	"\336Gn\337\217\342\027\316\265\354\325\320e\257\232"
 361      8FE217CE 
 361      B5ECD5D0 
 361      65AF9A
 362 0ed1 2E7B00BE 		.ascii	".{\000\276\236\322\231\342\014\372f\202\276\345\007"
 362      9ED299E2 
 362      0CFA6682 
 362      BEE507
 363 0ee0 B1902C90 		.ascii	"\261\220,\220\353\013\200P\225\254\353\015k]k\251\256"
 363      EB0B8050 
 363      95ACEB0D 
 363      6B5D6BA9 
 363      AE
 364 0ef1 BD5DA539 		.ascii	"\275]\2459j\034+\376_C\312\353J->\306\230\302\374\251"
 364      6A1C2BFE 
 364      5F43CAEB 
 364      4A2D3EC6 
 364      98C2FCA9 
ARM GAS  /tmp/ccCNI98f.s 			page 29


 365 0f05 134C573F 		.ascii	"\023LW?\255\250\352\375W\343\245\016\264\212\314\356"
 365      ADA8EAFD 
 365      57E3A50E 
 365      B48ACCEE 
 366 0f15 DB4CD5C2 		.ascii	"\333L\325\302\216\234F'\263\376\365\254rl\262v\253\343"
 366      8E9C4627 
 366      B3FEF5AC 
 366      726CB276 
 366      ABE3
 367 0f27 9CFADFA5 		.ascii	"\234\372\337\245\372\337\221\364?\363\344\3613;Q\377"
 367      FADF91F4 
 367      3FF3E4F1 
 367      333B51FF 
 368 0f37 C92C497F 		.ascii	"\311,I\177\000\241[\262\376u\326\372\337\243\372\337"
 368      00A15BB2 
 368      FE75D6FA 
 368      DFA3FADF 
 369 0f47 BEF0A85A 		.ascii	"\276\360\250Z\203O[\253\354k[\345\373\266Tn|\023\225"
 369      834F5BAB 
 369      EC6B5BE5 
 369      FBB6546E 
 369      7C1395
 370 0f5a 1F52951F 		.ascii	"\037R\225\037H*?\230\236y\251%)\302^\367T\357\330\272"
 370      482A3F98 
 370      9E79A925 
 370      29C25EF7 
 370      54EFD8BA 
 371 0f6e 53388828 		.ascii	"S8\210(\0145\310J7`\361\325\326#\252lR\356\376*\204"
 371      0C35C84A 
 371      3760F1D5 
 371      D623AA6C 
 371      52EEFE2A 
 372 0f83 2B98B269 		.ascii	"+\230\262i\373\306\257:\210\"\312\377=U(\347\250\311"
 372      FBC6AF3A 
 372      8822CAFF 
 372      3D5528E7 
 372      A8C9
 373 0f95 8FE5DE8F 		.ascii	"\217\345\336\217\245\336M\264w\271i"
 373      A5DE4DB4 
 373      77B969
 374 0fa0 EA637C97 		.ascii	"\352c|\227u>w\274(\212\243\026\304c\311\324\312\231"
 374      753E77BC 
 374      288AA316 
 374      C463C9D4 
 374      CA99
 375 0fb2 EA41B5D9 		.ascii	"\352A\265\331\252'\314\252}Wo\1777\247Q\255\324\250"
 375      AA27CCAA 
 375      7D576F7F 
 375      37A751AD 
 375      D4A8
 376 0fc4 16C9A89B 		.ascii	"\026\311\250\233\333\012nIF\015\377\033\325\010\020"
 376      DB0A6E49 
 376      460DFF1B 
 376      D50810
 377 0fd3 A859D6A8 		.ascii	"\250Y\326\250Y\322\250\215j46R\033\213q3S\351hNv\216"
 377      59D2A88D 
 377      6A343652 
ARM GAS  /tmp/ccCNI98f.s 			page 30


 377      1B8B7133 
 377      53E9684E 
 378 0fe9 9DD8BB97 		.ascii	"\235\330\273\227\365&\323\245]\356\335.\365\356\240"
 378      F526D3A5 
 378      5DEEDD2E 
 378      F5EEA0
 379 0ff8 BD9FD4DF 		.ascii	"\275\237\324\337x\355\200\373"
 379      78ED80FB 
 380 1000 59EF8EE8 		.ascii	"Y\357\216\350q\236Wl\341P\365\362|\337+\027\245\356"
 380      719E576C 
 380      E150F5F2 
 380      7CDF2B17 
 380      A5EE
 381 1012 744B312B 		.ascii	"tK1+\337M\225\357\222\224\237,*L\340\305\341\307\036"
 381      DF4D95EF 
 381      92949F2C 
 381      2A4CE0C5 
 381      E1C71E
 382 1025 2F381895 		.ascii	"/8\030\225\251#\020\324)\217\337)\215\337\303\306\237"
 382      A92310D4 
 382      298FDF29 
 382      8DDFC3C6 
 382      9F
 383 1036 C82F76C2 		.ascii	"\310/v\302\323\232\010\341\035\"`o\\{\215\343{\331\322"
 383      D39A08E1 
 383      1D22606F 
 383      5C7B8DE3 
 383      7BD9D2
 384 1049 AC2FCE86 		.ascii	"\254/\316\206a\021]\345\2372\021\212\275\341)M\306^"
 384      61115DE5 
 384      9F32118A 
 384      BDE1294D 
 384      C65E
 385 105b FC1EF49B 		.ascii	"\374\036\364\2338r?V\203#\234D1\311O\253\312\020\021"
 385      38723F56 
 385      83239C44 
 385      31C94FAB 
 385      CA1011
 386 106e C35E1AA7 		.ascii	"\303^\032\247\234\312\337.\304/\242'\306>Q\216t\022"
 386      9CCADF2E 
 386      C42FA227 
 386      C63E518E 
 386      7412
 387 1080 56911AF8 		.ascii	"V\221\032\370~F\345\234l\276\275\335\021\307HrF\217"
 387      7E46E59C 
 387      6CBEBDDD 
 387      11C74872 
 387      468F
 388 1092 0DC56159 		.ascii	"\015\305aY\235kL\035\262\326\367\213b\244\243\201\212"
 388      9D6B4C1D 
 388      B2D6F78B 
 388      62A4A381 
 388      8A
 389 10a3 D4C0F700 		.ascii	"\324\300\367\000\025\223tz\002V\262\335\222\230#\327"
 389      1593747A 
 389      0256B2DD 
 389      929823D7 
ARM GAS  /tmp/ccCNI98f.s 			page 31


 390 10b3 EA0E1231 		.ascii	"\352\016\02219W\004S\306\007\251\202\211\247?\210\014"
 390      39570453 
 390      C607A982 
 390      89A73F88 
 390      0C
 391 10c4 8A32E47D 		.ascii	"\2122\344}c\220\312xNeL\025\026\326Zl\241w-\016eC\342"
 391      6390CA78 
 391      4E654C15 
 391      16D65A6C 
 391      A1772D0E 
 392 10db 163344B7 		.ascii	"\0263D\267\230Y\340\207\026\340a\021<L\301\325\011S"
 392      9859E087 
 392      16E06111 
 392      3C4CC1D5 
 392      0953
 393 10ed F9764A70 		.ascii	"\371vJp\253\005xD\004\217P\360\363\350\350\014\213\235"
 393      AB057844 
 393      048F50F0 
 393      F3E8E80C 
 393      8B9D
 394 10ff AEDB023C 		.ascii	"\256\333\002<*\202\311\323. \310\317\030n\377\235\301"
 394      2A82C9D3 
 394      2E20C8CF 
 394      186EFF9D 
 394      C1
 395 1110 DF1812EA 		.ascii	"\337\030\022\352\372\245_\250\361S\277\340\200\215\206"
 395      FAA55FA8 
 395      F153BFE0 
 395      808D86
 396 111f D0C5FE9B 		.ascii	"\320\305\376\2336i~\267\372\313w\274>\370\300\363#\225"
 396      36697EB7 
 396      FACB77BC 
 396      3EF8C0F3 
 396      2395
 397 1131 A3AFEFE6 		.ascii	"\243\257\357\346\300`\343\307\276\306\217\364\233\303"
 397      C060E3C7 
 397      BEC68FF4 
 397      9BC3
 398 113f 42F57EA1 		.ascii	"B\365~\241A\037\006\207\004\033>4\370\255\013\324\007"
 398      411F0687 
 398      041B3E34 
 398      F8AD0BD4 
 398      07
 399 1150 06FB6FDC 		.ascii	"\006\373o\334\034`\320\007\371\371o\010\0146\350}\003"
 399      1C60D007 
 399      F9F96F08 
 399      0C36E87D 
 399      03
 400 1161 0CEBFD36 		.ascii	"\014\353\3756o4\372\032\277\337d\010[\274A\345 v\376"
 400      6F34FA1A 
 400      BFDF6408 
 400      5BBC41E5 
 400      2076FE
 401 1174 9B1FE91C 		.ascii	"\233\037\351\034\366}\230\3367\314\030\000H\350\341"
 401      F67D98DE 
 401      37CC1800 
 401      48E8E1
ARM GAS  /tmp/ccCNI98f.s 			page 32


 402 1183 1866D8B8 		.ascii	"\030f\330\270>08\300\020n\027\266!p\275\321\316\037"
 402      3E3038C0 
 402      106E17B6 
 402      2170BDD1 
 402      CE1F
 403 1195 2A42354C 		.ascii	"*B5L\215eK}\215j\251`\347\037\344\027\366G\007\377\015"
 403      8D654B7D 
 403      8D6AA960 
 403      E71FE417 
 403      F64707FF 
 404 11aa 7EC1C186 		.ascii	"~\301\301\206\215\274\327\347\313\275y\2575\313\275"
 404      8DBCD7E7 
 404      CBBD79AF 
 404      35CBBD
 405 11b9 EDBC56AF 		.ascii	"\355\274V\257\360\361\306^^\336\177\346\371\353\025"
 405      F0F1C65E 
 405      5EDE7FE6 
 405      F9EB15
 406 11c8 9F2FF7F5 		.ascii	"\237/\367\365b\010_\037Pj\205a\375|\033u\237\3527\204"
 406      62085F1F 
 406      506A8561 
 406      FD7C1B75 
 406      9FEA3784 
 407 11dc 0419F47E 		.ascii	"\004\031\364~\376\377\251_a\010\373\2431d\223\376\323"
 407      FEFFA95F 
 407      6108FBA3 
 407      316493FE 
 407      D3
 408 11ed D56BF586 		.ascii	"\325k\365\206\240u\206\200\000C\200>$L\357\037\022\024"
 408      A0758680 
 408      0043803E 
 408      244CEF1F 
 408      1214
 409 11ff 1412AC37 		.ascii	"\024\022\2547\204\033\365k}\340\357\363eK\177\353\031"
 409      841BF56B 
 409      7DE0EFF3 
 409      654B7FEB 
 409      19
 410 1210 1EAE0F33 		.ascii	"\036\256\0173\006-[\272\336s\311\262\360u\240>\006\277"
 410      062D5BBA 
 410      DE73C9B2 
 410      F075A03E 
 410      06BF
 411 1222 F2AB7EEB 		.ascii	"\362\253~\353\345\215W\255\365v\366\364$c\211c8)\312"
 411      E58D57AD 
 411      F576F6F4 
 411      24638963 
 411      3829CA
 412 1235 0B3C3FA6 		.ascii	"\013<?\246\375|\001\016\266\207\032\374\202|\215\363"
 412      FD7C010E 
 412      B6871AFC 
 412      827C8DF3 
 413 1245 6657BD81 		.ascii	"fW\275\201^\033\3746\3527\205\204\032\303\230N\372\317"
 413      5E1BFC36 
 413      EA378584 
 413      1AC3984E 
 413      FACF
ARM GAS  /tmp/ccCNI98f.s 			page 33


 414 1257 3E5BA187 		.ascii	">[\241\207\221\276\363\324\233\305\201^$\336\241\341"
 414      91BEF3D4 
 414      9BC5815E 
 414      24DEA1E1 
 415 1267 0EF01D14 		.ascii	"\016\360\035\024\022`\260\333\034\006\021\347\177\347"
 415      1260B0DB 
 415      1C0611E7 
 415      7FE7
 416 1275 B306FCE4 		.ascii	"\263\006\374\344\275\014h)\220'\376\215\2677\267\302"
 416      BD0C6829 
 416      9027FE8D 
 416      B737B7C2 
 417 1285 9B5BEBED 		.ascii	"\233[\353\355\352\271\354\313\265\313\275}$}\235-8{"
 417      EAB9ECCB 
 417      B5CBBD7D 
 417      247D9D2D 
 417      387B
 418 1297 FF90E0F5 		.ascii	"\377\220\340\365\201\337`\377\320eb`<\377^\014\014)"
 418      81DF60FF 
 418      D0656260 
 418      3CFF5E0C 
 418      0C29
 419 12a9 40FD5220 		.ascii	"@\375R O\273\260M\006C\200:4\334\020\032\352\353\277"
 419      4FBBB04D 
 419      0643803A 
 419      34DC101A 
 419      EAEBBF
 420 12bc CE69338C 		.ascii	"\316i3\214\271~\243\3377a\276\306\317\3774\273\250\026"
 420      B97EA3DF 
 420      3761BEC6 
 420      CFFF34BB 
 420      A816
 421 12ce 6019B4F9 		.ascii	"`\031\264\371\022i\276\0337\006\220\234!e\203\377:_"
 421      1269BE1B 
 421      3706909C 
 421      216583FF 
 421      3A5F
 422 12e0 A3636838 		.ascii	"\243ch8\344\003\031\215\326\371\223:\242@p\000T\251"
 422      E403198D 
 422      D6F9933A 
 422      A2407000 
 422      54A9
 423 12f2 69154119 		.ascii	"i\025A\031I\315R\202\242%O(i=\227|\011\302\275\250e"
 423      49CD5282 
 423      A2254F28 
 423      693D977C 
 423      09C2BDA8 
 424 1307 1AB9E810 		.ascii	"\032\271\350\020\032\036f\3643\032\220?O$\273\221\026"
 424      1A1E66F4 
 424      331A903F 
 424      4F24BB91 
 424      16
 425 1318 5FEF7FF5 		.ascii	"_\357\177\365\365\372\342\3635\237\255\364Y\351\"U,"
 425      F5FAE2F3 
 425      359FADF4 
 425      59E92255 
 425      2C
ARM GAS  /tmp/ccCNI98f.s 			page 34


 426 1329 F7F259F5 		.ascii	"\367\362Y\365/+\265\022\273j\305g+\301\213dHQ\202\257"
 426      2F2BB512 
 426      BB6AC567 
 426      2BC18B64 
 426      485182AF 
 427 133d D1D982FB 		.ascii	"\321\331\202\373\365\233\371@\232&\222\315dV\031\231"
 427      F59BF940 
 427      9A2692CD 
 427      64561999 
 428 134d 0CA68C8F 		.ascii	"\014\246\214\217\2652>\226\312\370X(c\264P\306\314\331"
 428      B5323E96 
 428      CAF85828 
 428      63B450C6 
 428      CCD9
 429 135f D1A78669 		.ascii	"\321\247\206i\277r\371\212\257\034iq\255\317\027k\234"
 429      BF72F98A 
 429      AF1C6971 
 429      ADCF176B 
 429      9C
 430 1370 68E9CBD5 		.ascii	"h\351\313\325\253V\257\362\201\214&\335\304NN\212\262"
 430      AB56AFF2 
 430      818C26DD 
 430      C44E4E8A 
 430      B2
 431 1381 E8BF15A1 		.ascii	"\350\277\025\241\201\337\031B5r\321.4|\335\346\365\366"
 431      81DF1942 
 431      3572D12E 
 431      347CDDE6 
 431      F5F6
 432 1393 6181FF05 		.ascii	"a\201\377\005\240\245t\031\330\030\270N\377\215\277"
 432      A0A57419 
 432      D818B84E 
 432      FF8DBF
 433 13a2 BFD572F0 		.ascii	"\277\325r\360\017\213\227.\366\224\027\005#\370`=\330"
 433      0F8B972E 
 433      F6941705 
 433      23F8603D 
 433      D8
 434 13b3 BAC0F7EB 		.ascii	"\272\300\367\353\217B\303\275~\263F)\237'5nV\253\226"
 434      8F42C3BD 
 434      7EB34629 
 434      9F27356E 
 434      56AB96
 435 13c6 EAAF7DBF 		.ascii	"\352\257}\277\366\374U`p\240Q\321`\321\315\373\367A"
 435      F6FC5560 
 435      70A051D1 
 435      60D1CDFB 
 435      F741
 436 13d8 AE56ED7F 		.ascii	"\256V\355\177\005}\226\004}Oj\326B&X\300\277]\363\373"
 436      057D9604 
 436      7D4F6AD6 
 436      422658C0 
 436      BF5DF3FB 
 437 13ec EF34729B 		.ascii	"\3574r\233\033\261v\255\021\276\274\015\376\006\000"
 437      1BB176AD 
 437      11BEBC0D 
 437      FE0600
ARM GAS  /tmp/ccCNI98f.s 			page 35


 438 13fb 389B2B48 		.ascii	"8\233+H\263\243\231s!\245/\326}\013k\353*\030\315\225"
 438      B3A39973 
 438      21A52FD6 
 438      7D0B6BEB 
 438      2A18CD95 
 439 140f 35846C12 		.ascii	"5\204l\022\273a\342\017:\212\2476\350{\232\2234\323"
 439      BB61E20F 
 439      3A8AA736 
 439      E87B9A93 
 439      34D3
 440 1421 ECA11EE4 		.ascii	"\354\241\036\344\374?\254\224\237\266"
 440      FC3FAC94 
 440      9FB6
 441              		.text
 442              		.section	.gnu.lto_.symtab.4288b33f0a848370,"",%progbits
 443 0000 5F5A3472 		.ascii	"_Z4rxCBP10UARTDriver\000"
 443      78434250 
 443      31305541 
 443      52544472 
 443      69766572 
 444 0015 00       		.ascii	"\000"
 445 0016 00       		.ascii	"\000"
 446 0017 00       		.ascii	"\000"
 447 0018 00000000 		.ascii	"\000\000\000\000\000\000\000\000"
 447      00000000 
 448 0020 C8010000 		.ascii	"\310\001\000\000"
 449 0024 62756600 		.ascii	"buf\000"
 450 0028 00       		.ascii	"\000"
 451 0029 00       		.ascii	"\000"
 452 002a 00       		.ascii	"\000"
 453 002b 00000000 		.ascii	"\000\000\000\000\000\000\000\000"
 453      00000000 
 454 0033 EA010000 		.ascii	"\352\001\000\000"
 455 0037 5F5A3135 		.ascii	"_Z15initUartHandlerP10UARTDriverRKm\000"
 455      696E6974 
 455      55617274 
 455      48616E64 
 455      6C657250 
 456 005b 00       		.ascii	"\000"
 457 005c 00       		.ascii	"\000"
 458 005d 00       		.ascii	"\000"
 459 005e 00000000 		.ascii	"\000\000\000\000\000\000\000\000"
 459      00000000 
 460 0066 CE010000 		.ascii	"\316\001\000\000"
 461 006a 6D797561 		.ascii	"myuartconfig\000"
 461      7274636F 
 461      6E666967 
 461      00
 462 0077 00       		.ascii	"\000"
 463 0078 00       		.ascii	"\000"
 464 0079 00       		.ascii	"\000"
 465 007a 00000000 		.ascii	"\000\000\000\000\000\000\000\000"
 465      00000000 
 466 0082 EE010000 		.ascii	"\356\001\000\000"
 467 0086 5F5A3130 		.ascii	"_Z10myUartSendP10UARTDriverjPKv\000"
 467      6D795561 
 467      72745365 
ARM GAS  /tmp/ccCNI98f.s 			page 36


 467      6E645031 
 467      30554152 
 468 00a6 00       		.ascii	"\000"
 469 00a7 00       		.ascii	"\000"
 470 00a8 00       		.ascii	"\000"
 471 00a9 00000000 		.ascii	"\000\000\000\000\000\000\000\000"
 471      00000000 
 472 00b1 D5010000 		.ascii	"\325\001\000\000"
 473 00b5 62756665 		.ascii	"bufend\000"
 473      6E6400
 474 00bc 00       		.ascii	"\000"
 475 00bd 00       		.ascii	"\000"
 476 00be 00       		.ascii	"\000"
 477 00bf 00000000 		.ascii	"\000\000\000\000\000\000\000\000"
 477      00000000 
 478 00c7 F0010000 		.ascii	"\360\001\000\000"
 479 00cb 55415254 		.ascii	"UARTD1\000"
 479      443100
 480 00d2 00       		.ascii	"\000"
 481 00d3 02       		.ascii	"\002"
 482 00d4 00       		.ascii	"\000"
 483 00d5 00000000 		.ascii	"\000\000\000\000\000\000\000\000"
 483      00000000 
 484 00dd EC010000 		.ascii	"\354\001\000\000"
 485 00e1 75617274 		.ascii	"uartStartReceive\000"
 485      53746172 
 485      74526563 
 485      65697665 
 485      00
 486 00f2 00       		.ascii	"\000"
 487 00f3 02       		.ascii	"\002"
 488 00f4 00       		.ascii	"\000"
 489 00f5 00000000 		.ascii	"\000\000\000\000\000\000\000\000"
 489      00000000 
 490 00fd DB010000 		.ascii	"\333\001\000\000"
 491 0101 75617274 		.ascii	"uartStartSend\000"
 491      53746172 
 491      7453656E 
 491      6400
 492 010f 00       		.ascii	"\000"
 493 0110 02       		.ascii	"\002"
 494 0111 00       		.ascii	"\000"
 495 0112 00000000 		.ascii	"\000\000\000\000\000\000\000\000"
 495      00000000 
 496 011a DD010000 		.ascii	"\335\001\000\000"
 497 011e 75617274 		.ascii	"uartStart\000"
 497      53746172 
 497      7400
 498 0128 00       		.ascii	"\000"
 499 0129 02       		.ascii	"\002"
 500 012a 00       		.ascii	"\000"
 501 012b 00000000 		.ascii	"\000\000\000\000\000\000\000\000"
 501      00000000 
 502 0133 E2010000 		.ascii	"\342\001\000\000"
 503 0137 75617274 		.ascii	"uartObjectInit\000"
 503      4F626A65 
 503      6374496E 
ARM GAS  /tmp/ccCNI98f.s 			page 37


 503      697400
 504 0146 00       		.ascii	"\000"
 505 0147 02       		.ascii	"\002"
 506 0148 00       		.ascii	"\000"
 507 0149 00000000 		.ascii	"\000\000\000\000\000\000\000\000"
 507      00000000 
 508 0151 E4010000 		.ascii	"\344\001\000\000"
 509 0155 75617274 		.ascii	"uartStopReceive\000"
 509      53746F70 
 509      52656365 
 509      69766500 
 510 0165 00       		.ascii	"\000"
 511 0166 02       		.ascii	"\002"
 512 0167 00       		.ascii	"\000"
 513 0168 00000000 		.ascii	"\000\000\000\000\000\000\000\000"
 513      00000000 
 514 0170 E8010000 		.ascii	"\350\001\000\000"
 515              		.text
 516              		.section	.gnu.lto_.opts,"",%progbits
 517 0000 272D6665 		.ascii	"'-fexceptions' '-fmath-errno' '-fsigned-zeros' '-ft"
 517      78636570 
 517      74696F6E 
 517      73272027 
 517      2D666D61 
 518 0033 72617070 		.ascii	"rapping-math' '-fno-trapv' '-fno-openmp' '-fno-open"
 518      696E672D 
 518      6D617468 
 518      2720272D 
 518      666E6F2D 
 519 0066 61636327 		.ascii	"acc' '-mcpu=cortex-m3' '-mno-thumb-interwork' '-mth"
 519      20272D6D 
 519      6370753D 
 519      636F7274 
 519      65782D6D 
 520 0099 756D6227 		.ascii	"umb' '-O2' '-fomit-frame-pointer' '-falign-function"
 520      20272D4F 
 520      32272027 
 520      2D666F6D 
 520      69742D66 
 521 00cc 733D3136 		.ascii	"s=16' '-ffunction-sections' '-fdata-sections' '-fno"
 521      2720272D 
 521      6666756E 
 521      6374696F 
 521      6E2D7365 
 522 00ff 2D636F6D 		.ascii	"-common' '-flto'\000"
 522      6D6F6E27 
 522      20272D66 
 522      6C746F27 
 522      00
 523              		.text
 524              		.comm	__gnu_lto_v1,1,1
 525              		.comm	__gnu_lto_slim,1,1
 526              		.ident	"GCC: (GNU Tools for Arm Embedded Processors 7-2017-q4-major) 7.2.1 20170904 (release) [ARM
ARM GAS  /tmp/ccCNI98f.s 			page 38


DEFINED SYMBOLS
                            *ABS*:0000000000000000 UartHandler.cpp
                            *COM*:0000000000000001 __gnu_lto_v1
                            *COM*:0000000000000001 __gnu_lto_slim

NO UNDEFINED SYMBOLS
